#! /c/Source/iverilog-install/bin/vvp
:ivl_version "12.0 (devel)" "(s20150603-1539-g2693dd32b)";
:ivl_delay_selection "TYPICAL";
:vpi_time_precision + 0;
:vpi_module "D:\DAILYA~1\iverilog\lib\ivl\system.vpi";
:vpi_module "D:\DAILYA~1\iverilog\lib\ivl\vhdl_sys.vpi";
:vpi_module "D:\DAILYA~1\iverilog\lib\ivl\vhdl_textio.vpi";
:vpi_module "D:\DAILYA~1\iverilog\lib\ivl\v2005_math.vpi";
:vpi_module "D:\DAILYA~1\iverilog\lib\ivl\va_math.vpi";
S_0000014212ef8720 .scope module, "tb_three_state" "tb_three_state" 2 3;
 .timescale 0 0;
v0000014212f53940_0 .var "data1", 0 0;
v0000014212f531c0_0 .var "data1_en", 0 0;
v0000014212f53080_0 .var "data2", 0 0;
v0000014212f53b20_0 .var "data2_en", 0 0;
v0000014212f539e0_0 .var "seed", 3 0;
RS_0000014212f0df98 .resolv tri, L_0000014212f53c60, L_0000014212f533a0;
v0000014212f53e40_0 .net8 "tb_IO_data", 0 0, RS_0000014212f0df98;  2 drivers
S_0000014212d4dc50 .scope module, "u1_three_state" "three_state" 2 16, 3 1 0, S_0000014212ef8720;
 .timescale 0 0;
    .port_info 0 /INPUT 1 "data";
    .port_info 1 /INPUT 1 "en_data";
    .port_info 2 /INOUT 1 "IO_data";
L_0000014212f54048 .functor BUFT 1, C4<1>, C4<0>, C4<0>, C4<0>;
L_0000014212d4b620 .functor XNOR 1, v0000014212f531c0_0, L_0000014212f54048, C4<0>, C4<0>;
L_0000014212d4b4d0 .functor BUFZ 1, RS_0000014212f0df98, C4<0>, C4<0>, C4<0>;
v0000014212d4cc70_0 .net8 "IO_data", 0 0, RS_0000014212f0df98;  alias, 2 drivers
v0000014212d4b9e0_0 .net/2u *"_ivl_0", 0 0, L_0000014212f54048;  1 drivers
v0000014212ed2df0_0 .net *"_ivl_2", 0 0, L_0000014212d4b620;  1 drivers
o0000014212f0e028 .functor BUFZ 1, C4<z>; HiZ drive
; Elide local net with no drivers, v0000014212ed2950_0 name=_ivl_4
v0000014212d4dde0_0 .net "data", 0 0, v0000014212f53940_0;  1 drivers
v0000014212d4de80_0 .net "data_in", 0 0, L_0000014212d4b4d0;  1 drivers
v0000014212d4df20_0 .net "en_data", 0 0, v0000014212f531c0_0;  1 drivers
L_0000014212f53c60 .functor MUXZ 1, o0000014212f0e028, v0000014212f53940_0, L_0000014212d4b620, C4<>;
S_0000014212f04370 .scope module, "u2_three_state" "three_state" 2 24, 3 1 0, S_0000014212ef8720;
 .timescale 0 0;
    .port_info 0 /INPUT 1 "data";
    .port_info 1 /INPUT 1 "en_data";
    .port_info 2 /INOUT 1 "IO_data";
L_0000014212f54090 .functor BUFT 1, C4<1>, C4<0>, C4<0>, C4<0>;
L_0000014212d4ad60 .functor XNOR 1, v0000014212f53b20_0, L_0000014212f54090, C4<0>, C4<0>;
L_0000014212d4b150 .functor BUFZ 1, RS_0000014212f0df98, C4<0>, C4<0>, C4<0>;
v0000014212d4dfc0_0 .net8 "IO_data", 0 0, RS_0000014212f0df98;  alias, 2 drivers
v0000014212f04500_0 .net/2u *"_ivl_0", 0 0, L_0000014212f54090;  1 drivers
v0000014212f045a0_0 .net *"_ivl_2", 0 0, L_0000014212d4ad60;  1 drivers
o0000014212f0e1d8 .functor BUFZ 1, C4<z>; HiZ drive
; Elide local net with no drivers, v0000014212f04640_0 name=_ivl_4
v0000014212f53800_0 .net "data", 0 0, v0000014212f53080_0;  1 drivers
v0000014212f53bc0_0 .net "data_in", 0 0, L_0000014212d4b150;  1 drivers
v0000014212f538a0_0 .net "en_data", 0 0, v0000014212f53b20_0;  1 drivers
L_0000014212f533a0 .functor MUXZ 1, o0000014212f0e1d8, v0000014212f53080_0, L_0000014212d4ad60, C4<>;
    .scope S_0000014212ef8720;
T_0 ;
    %pushi/vec4 0, 0, 4;
    %store/vec4 v0000014212f539e0_0, 0, 4;
    %end;
    .thread T_0;
    .scope S_0000014212ef8720;
T_1 ;
    %pushi/vec4 10, 0, 32;
T_1.0 %dup/vec4;
    %pushi/vec4 0, 0, 32;
    %cmp/s;
    %jmp/1xz T_1.1, 5;
    %jmp/1 T_1.1, 4;
    %pushi/vec4 1, 0, 32;
    %sub;
    %vpi_func 2 52 "$random" 32 {0 0 0};
    %pushi/vec4 2, 0, 32;
    %mod;
    %pad/u 1;
    %store/vec4 v0000014212f53940_0, 0, 1;
    %vpi_func 2 53 "$random" 32 {0 0 0};
    %pushi/vec4 2, 0, 32;
    %mod;
    %pad/u 1;
    %store/vec4 v0000014212f53080_0, 0, 1;
    %pushi/vec4 0, 0, 1;
    %store/vec4 v0000014212f531c0_0, 0, 1;
    %pushi/vec4 0, 0, 1;
    %store/vec4 v0000014212f53b20_0, 0, 1;
    %delay 100, 0;
    %jmp T_1.0;
T_1.1 ;
    %pop/vec4 1;
    %pushi/vec4 10, 0, 32;
T_1.2 %dup/vec4;
    %pushi/vec4 0, 0, 32;
    %cmp/s;
    %jmp/1xz T_1.3, 5;
    %jmp/1 T_1.3, 4;
    %pushi/vec4 1, 0, 32;
    %sub;
    %vpi_func 2 60 "$random" 32 {0 0 0};
    %pushi/vec4 2, 0, 32;
    %mod;
    %pad/u 1;
    %store/vec4 v0000014212f53080_0, 0, 1;
    %vpi_func 2 61 "$random" 32 {0 0 0};
    %pushi/vec4 2, 0, 32;
    %mod;
    %pad/u 1;
    %store/vec4 v0000014212f53080_0, 0, 1;
    %pushi/vec4 0, 0, 1;
    %store/vec4 v0000014212f531c0_0, 0, 1;
    %pushi/vec4 1, 0, 1;
    %store/vec4 v0000014212f53b20_0, 0, 1;
    %delay 100, 0;
    %jmp T_1.2;
T_1.3 ;
    %pop/vec4 1;
    %pushi/vec4 10, 0, 32;
T_1.4 %dup/vec4;
    %pushi/vec4 0, 0, 32;
    %cmp/s;
    %jmp/1xz T_1.5, 5;
    %jmp/1 T_1.5, 4;
    %pushi/vec4 1, 0, 32;
    %sub;
    %vpi_func 2 68 "$random" 32 {0 0 0};
    %pushi/vec4 2, 0, 32;
    %mod;
    %pad/u 1;
    %store/vec4 v0000014212f53080_0, 0, 1;
    %vpi_func 2 69 "$random" 32 {0 0 0};
    %pushi/vec4 2, 0, 32;
    %mod;
    %pad/u 1;
    %store/vec4 v0000014212f53080_0, 0, 1;
    %pushi/vec4 1, 0, 1;
    %store/vec4 v0000014212f531c0_0, 0, 1;
    %pushi/vec4 0, 0, 1;
    %store/vec4 v0000014212f53b20_0, 0, 1;
    %delay 100, 0;
    %jmp T_1.4;
T_1.5 ;
    %pop/vec4 1;
    %pushi/vec4 10, 0, 32;
T_1.6 %dup/vec4;
    %pushi/vec4 0, 0, 32;
    %cmp/s;
    %jmp/1xz T_1.7, 5;
    %jmp/1 T_1.7, 4;
    %pushi/vec4 1, 0, 32;
    %sub;
    %vpi_func 2 76 "$random" 32 {0 0 0};
    %pushi/vec4 2, 0, 32;
    %mod;
    %pad/u 1;
    %store/vec4 v0000014212f53080_0, 0, 1;
    %vpi_func 2 77 "$random" 32 {0 0 0};
    %pushi/vec4 2, 0, 32;
    %mod;
    %pad/u 1;
    %store/vec4 v0000014212f53080_0, 0, 1;
    %pushi/vec4 1, 0, 1;
    %store/vec4 v0000014212f531c0_0, 0, 1;
    %pushi/vec4 1, 0, 1;
    %store/vec4 v0000014212f53b20_0, 0, 1;
    %delay 100, 0;
    %jmp T_1.6;
T_1.7 ;
    %pop/vec4 1;
    %vpi_call 2 83 "$finish" {0 0 0};
    %end;
    .thread T_1;
    .scope S_0000014212ef8720;
T_2 ;
T_2.0 ;
    %delay 100, 0;
    %vpi_func 2 93 "$time" 64 {0 0 0};
    %cmpi/u 2000000, 0, 64;
    %flag_inv 5; GE is !LT
    %jmp/0xz  T_2.1, 5;
    %vpi_call 2 93 "$finish" {0 0 0};
T_2.1 ;
    %jmp T_2.0;
    %end;
    .thread T_2;
    .scope S_0000014212ef8720;
T_3 ;
    %vpi_call 2 98 "$dumpfile", "three_state.vcd" {0 0 0};
    %vpi_call 2 99 "$dumpvars", 32'sb00000000000000000000000000000000, S_0000014212d4dc50, S_0000014212f04370 {0 0 0};
    %end;
    .thread T_3;
# The file index is used to find the file name in the following table.
:file_names 4;
    "N/A";
    "<interactive>";
    "tb_three_state.v";
    "./three_state.v";
