#! /c/Source/iverilog-install/bin/vvp
:ivl_version "12.0 (devel)" "(s20150603-1539-g2693dd32b)";
:ivl_delay_selection "TYPICAL";
:vpi_time_precision + 0;
:vpi_module "D:\DAILYA~1\iverilog\lib\ivl\system.vpi";
:vpi_module "D:\DAILYA~1\iverilog\lib\ivl\vhdl_sys.vpi";
:vpi_module "D:\DAILYA~1\iverilog\lib\ivl\vhdl_textio.vpi";
:vpi_module "D:\DAILYA~1\iverilog\lib\ivl\v2005_math.vpi";
:vpi_module "D:\DAILYA~1\iverilog\lib\ivl\va_math.vpi";
S_000001be1efdebf0 .scope module, "three_state" "three_state" 2 1;
 .timescale 0 0;
    .port_info 0 /INPUT 1 "data";
    .port_info 1 /INPUT 1 "en_data";
    .port_info 2 /INOUT 1 "IO_data";
    .port_info 3 /OUTPUT 1 "data_in";
o000001be1eea49d8 .functor BUFZ 1, C4<z>; HiZ drive
L_000001be1ef000b8 .functor BUFT 1, C4<1>, C4<0>, C4<0>, C4<0>;
L_000001be1ee82fd0 .functor XNOR 1, o000001be1eea49d8, L_000001be1ef000b8, C4<0>, C4<0>;
L_000001be1ee82b90 .functor BUFZ 1, L_000001be1ef484d0, C4<0>, C4<0>, C4<0>;
v000001be1ee82db0_0 .net "IO_data", 0 0, L_000001be1ef484d0;  1 drivers
v000001be1ee82910_0 .net/2u *"_ivl_0", 0 0, L_000001be1ef000b8;  1 drivers
v000001be1efdcb50_0 .net *"_ivl_2", 0 0, L_000001be1ee82fd0;  1 drivers
o000001be1eea4948 .functor BUFZ 1, C4<z>; HiZ drive
; Elide local net with no drivers, v000001be1efdcbf0_0 name=_ivl_4
v000001be1efdcc90_0 .net "data", 0 0, L_000001be1ee82b90;  1 drivers
v000001be1efdcd30_0 .var "data_in", 0 0;
v000001be1ef00010_0 .net "en_data", 0 0, o000001be1eea49d8;  0 drivers
L_000001be1ef484d0 .functor MUXZ 1, o000001be1eea4948, L_000001be1ee82b90, L_000001be1ee82fd0, C4<>;
# The file index is used to find the file name in the following table.
:file_names 3;
    "N/A";
    "<interactive>";
    "three_state.v";
