#! /c/Source/iverilog-install/bin/vvp
:ivl_version "12.0 (devel)" "(s20150603-1539-g2693dd32b)";
:ivl_delay_selection "TYPICAL";
:vpi_time_precision + 0;
:vpi_module "D:\DAILYA~1\iverilog\lib\ivl\system.vpi";
:vpi_module "D:\DAILYA~1\iverilog\lib\ivl\vhdl_sys.vpi";
:vpi_module "D:\DAILYA~1\iverilog\lib\ivl\vhdl_textio.vpi";
:vpi_module "D:\DAILYA~1\iverilog\lib\ivl\v2005_math.vpi";
:vpi_module "D:\DAILYA~1\iverilog\lib\ivl\va_math.vpi";
S_000001c8e2ad2490 .scope module, "event_v" "event_v" 2 1;
 .timescale 0 0;
E_000001c8e2b05730 .event "e2";
E_000001c8e2b05bb0 .event "e1";
    .scope S_000001c8e2ad2490;
T_0 ;
    %wait E_000001c8e2b05bb0;
    %vpi_call 2 5 "$display", "event_1 running" {0 0 0};
    %event E_000001c8e2b05730;
    %end;
    .thread T_0;
    .scope S_000001c8e2ad2490;
T_1 ;
    %wait E_000001c8e2b05730;
    %vpi_call 2 10 "$display", "event_2 running" {0 0 0};
    %end;
    .thread T_1;
# The file index is used to find the file name in the following table.
:file_names 3;
    "N/A";
    "<interactive>";
    "event.v";
