#! /c/Source/iverilog-install/bin/vvp
:ivl_version "12.0 (devel)" "(s20150603-1539-g2693dd32b)";
:ivl_delay_selection "TYPICAL";
:vpi_time_precision + 0;
:vpi_module "D:\DAILYA~1\iverilog\lib\ivl\system.vpi";
:vpi_module "D:\DAILYA~1\iverilog\lib\ivl\vhdl_sys.vpi";
:vpi_module "D:\DAILYA~1\iverilog\lib\ivl\vhdl_textio.vpi";
:vpi_module "D:\DAILYA~1\iverilog\lib\ivl\v2005_math.vpi";
:vpi_module "D:\DAILYA~1\iverilog\lib\ivl\va_math.vpi";
S_00000224fe77ed30 .scope module, "test" "test" 2 1;
 .timescale 0 0;
v00000224fe77eec0_0 .var/i "i", 31 0;
v00000224fe77b830_0 .var/i "j", 31 0;
    .scope S_00000224fe77ed30;
T_0 ;
    %pushi/vec4 0, 0, 32;
    %store/vec4 v00000224fe77eec0_0, 0, 32;
T_0.0 ;
    %load/vec4 v00000224fe77eec0_0;
    %cmpi/s 4, 0, 32;
    %jmp/0xz T_0.1, 5;
    %vpi_call 2 6 "$display", "i = %d (%b binary)", v00000224fe77eec0_0, v00000224fe77eec0_0 {0 0 0};
    %load/vec4 v00000224fe77eec0_0;
    %addi 1, 0, 32;
    %store/vec4 v00000224fe77eec0_0, 0, 32;
    %jmp T_0.0;
T_0.1 ;
    %end;
    .thread T_0;
    .scope S_00000224fe77ed30;
T_1 ;
    %pushi/vec4 0, 0, 32;
    %store/vec4 v00000224fe77b830_0, 0, 32;
T_1.0 ;
    %load/vec4 v00000224fe77b830_0;
    %cmpi/s 4, 0, 32;
    %jmp/0xz T_1.1, 5;
    %vpi_call 2 14 "$display", "j= %d (%b binary)", v00000224fe77b830_0, v00000224fe77b830_0 {0 0 0};
    %load/vec4 v00000224fe77b830_0;
    %addi 1, 0, 32;
    %store/vec4 v00000224fe77b830_0, 0, 32;
    %jmp T_1.0;
T_1.1 ;
    %end;
    .thread T_1;
# The file index is used to find the file name in the following table.
:file_names 3;
    "N/A";
    "<interactive>";
    "forwhile.v";
