#! /c/Source/iverilog-install/bin/vvp
:ivl_version "12.0 (devel)" "(s20150603-1539-g2693dd32b)";
:ivl_delay_selection "TYPICAL";
:vpi_time_precision - 9;
:vpi_module "D:\DAILYA~1\iverilog\lib\ivl\system.vpi";
:vpi_module "D:\DAILYA~1\iverilog\lib\ivl\vhdl_sys.vpi";
:vpi_module "D:\DAILYA~1\iverilog\lib\ivl\vhdl_textio.vpi";
:vpi_module "D:\DAILYA~1\iverilog\lib\ivl\v2005_math.vpi";
:vpi_module "D:\DAILYA~1\iverilog\lib\ivl\va_math.vpi";
S_000001d89cb0e430 .scope module, "tb_double_f" "tb_double_f" 2 80;
 .timescale -9 -9;
P_000001d89cb44aa0 .param/l "PERIOD" 0 2 83, +C4<00000000000000000000001111101000>;
v000001d89cb0e750_0 .net "clk_out", 0 0, L_000001d89cb547f0;  1 drivers
v000001d89cb0e7f0_0 .var "sys_clk", 0 0;
v000001d89cb540e0_0 .var "sys_rst_n", 0 0;
S_000001d89cb0e5c0 .scope module, "u_double_f" "double_f" 2 93, 2 3 0, S_000001d89cb0e430;
 .timescale -9 -9;
    .port_info 0 /INPUT 1 "clk";
    .port_info 1 /INPUT 1 "rst";
    .port_info 2 /OUTPUT 1 "clk_out";
L_000001d89cb0a510 .functor XOR 1, v000001d89cb22930_0, v000001d89cb0e7f0_0, C4<0>, C4<0>;
L_000001d89cb547f0 .functor BUFZ 1, L_000001d89cb0a510, C4<0>, C4<0>, C4<0>;
v000001d89cb22dd0_0 .net "NOR_clk", 0 0, L_000001d89cb0a510;  1 drivers
v000001d89cb22930_0 .var "Q", 0 0;
v000001d89cb0cd30_0 .net "clk", 0 0, v000001d89cb0e7f0_0;  1 drivers
v000001d89cb0af90_0 .net "clk_out", 0 0, L_000001d89cb547f0;  alias, 1 drivers
v000001d89cb0a470_0 .net "rst", 0 0, v000001d89cb540e0_0;  1 drivers
E_000001d89cb44a60/0 .event negedge, v000001d89cb0a470_0;
E_000001d89cb44a60/1 .event posedge, v000001d89cb22dd0_0;
E_000001d89cb44a60 .event/or E_000001d89cb44a60/0, E_000001d89cb44a60/1;
    .scope S_000001d89cb0e5c0;
T_0 ;
    %wait E_000001d89cb44a60;
    %load/vec4 v000001d89cb0a470_0;
    %nor/r;
    %flag_set/vec4 8;
    %jmp/0xz  T_0.0, 8;
    %pushi/vec4 0, 0, 1;
    %assign/vec4 v000001d89cb22930_0, 0;
    %jmp T_0.1;
T_0.0 ;
    %load/vec4 v000001d89cb22930_0;
    %inv;
    %assign/vec4 v000001d89cb22930_0, 50;
T_0.1 ;
    %jmp T_0;
    .thread T_0;
    .scope S_000001d89cb0e430;
T_1 ;
    %pushi/vec4 0, 0, 1;
    %store/vec4 v000001d89cb0e7f0_0, 0, 1;
    %pushi/vec4 0, 0, 1;
    %store/vec4 v000001d89cb540e0_0, 0, 1;
    %end;
    .thread T_1;
    .scope S_000001d89cb0e430;
T_2 ;
    %delay 1000, 0;
    %pushi/vec4 1, 0, 1;
    %store/vec4 v000001d89cb540e0_0, 0, 1;
    %delay 1000, 0;
    %pushi/vec4 0, 0, 1;
    %store/vec4 v000001d89cb540e0_0, 0, 1;
    %delay 1000, 0;
    %pushi/vec4 1, 0, 1;
    %store/vec4 v000001d89cb540e0_0, 0, 1;
    %end;
    .thread T_2;
    .scope S_000001d89cb0e430;
T_3 ;
T_3.0 ;
    %delay 500, 0;
    %load/vec4 v000001d89cb0e7f0_0;
    %inv;
    %store/vec4 v000001d89cb0e7f0_0, 0, 1;
    %jmp T_3.0;
    %end;
    .thread T_3;
    .scope S_000001d89cb0e430;
T_4 ;
    %vpi_call 2 115 "$dumpfile", "double_f.vcd" {0 0 0};
    %vpi_call 2 116 "$dumpvars", 32'sb00000000000000000000000000000000, S_000001d89cb0e430 {0 0 0};
    %end;
    .thread T_4;
    .scope S_000001d89cb0e430;
T_5 ;
T_5.0 ;
    %delay 100, 0;
    %vpi_func 2 122 "$time" 64 {0 0 0};
    %cmpi/u 2000000, 0, 64;
    %flag_inv 5; GE is !LT
    %jmp/0xz  T_5.1, 5;
    %vpi_call 2 122 "$finish" {0 0 0};
T_5.1 ;
    %jmp T_5.0;
    %end;
    .thread T_5;
# The file index is used to find the file name in the following table.
:file_names 3;
    "N/A";
    "<interactive>";
    "double_f.v";
