#! /c/Source/iverilog-install/bin/vvp
:ivl_version "12.0 (devel)" "(s20150603-1539-g2693dd32b)";
:ivl_delay_selection "TYPICAL";
:vpi_time_precision - 12;
:vpi_module "D:\DAILYA~1\iverilog\lib\ivl\system.vpi";
:vpi_module "D:\DAILYA~1\iverilog\lib\ivl\vhdl_sys.vpi";
:vpi_module "D:\DAILYA~1\iverilog\lib\ivl\vhdl_textio.vpi";
:vpi_module "D:\DAILYA~1\iverilog\lib\ivl\v2005_math.vpi";
:vpi_module "D:\DAILYA~1\iverilog\lib\ivl\va_math.vpi";
S_0000018541a0bce0 .scope module, "tb_Inv" "tb_Inv" 2 5;
 .timescale -9 -12;
P_00000185418c57e0 .param/l "PERIOD" 0 2 8, +C4<00000000000000000000000000001010>;
v0000018541a0ed30_0 .var "IN", 0 0;
v0000018541a0edd0_0 .net "OUT", 0 0, L_0000018541a0ef10;  1 drivers
v0000018541a0ee70_0 .var "clk", 0 0;
v0000018541a0d800_0 .var "rst_n", 0 0;
S_0000018541a0eb00 .scope module, "u_Inv" "Inv" 2 28, 3 4 0, S_0000018541a0bce0;
 .timescale -9 -12;
    .port_info 0 /INPUT 1 "A";
    .port_info 1 /OUTPUT 1 "Y";
L_0000018541a0ef10 .functor NOT 1, v0000018541a0ed30_0, C4<0>, C4<0>, C4<0>;
v0000018541a033f0_0 .net "A", 0 0, v0000018541a0ed30_0;  1 drivers
v0000018541a0ec90_0 .net "Y", 0 0, L_0000018541a0ef10;  alias, 1 drivers
    .scope S_0000018541a0bce0;
T_0 ;
    %pushi/vec4 0, 0, 1;
    %store/vec4 v0000018541a0ed30_0, 0, 1;
    %end;
    .thread T_0;
    .scope S_0000018541a0bce0;
T_1 ;
T_1.0 ;
    %delay 5000, 0;
    %load/vec4 v0000018541a0ee70_0;
    %inv;
    %store/vec4 v0000018541a0ee70_0, 0, 1;
    %jmp T_1.0;
    %end;
    .thread T_1;
    .scope S_0000018541a0bce0;
T_2 ;
    %delay 20000, 0;
    %pushi/vec4 1, 0, 1;
    %store/vec4 v0000018541a0d800_0, 0, 1;
    %end;
    .thread T_2;
    .scope S_0000018541a0bce0;
T_3 ;
    %pushi/vec4 0, 0, 1;
    %assign/vec4 v0000018541a0ed30_0, 0;
    %delay 10000, 0;
    %pushi/vec4 1, 0, 1;
    %assign/vec4 v0000018541a0ed30_0, 0;
    %delay 10000, 0;
    %pushi/vec4 0, 0, 1;
    %assign/vec4 v0000018541a0ed30_0, 0;
    %delay 10000, 0;
    %pushi/vec4 1, 0, 1;
    %assign/vec4 v0000018541a0ed30_0, 0;
    %delay 10000, 0;
    %pushi/vec4 0, 0, 1;
    %assign/vec4 v0000018541a0ed30_0, 0;
    %delay 10000, 0;
    %pushi/vec4 1, 0, 1;
    %assign/vec4 v0000018541a0ed30_0, 0;
    %delay 10000, 0;
    %vpi_call 2 42 "$finish" {0 0 0};
    %end;
    .thread T_3;
    .scope S_0000018541a0bce0;
T_4 ;
    %vpi_call 2 48 "$dumpfile", "tb_Inv.vcd" {0 0 0};
    %vpi_call 2 49 "$dumpvars", 32'sb00000000000000000000000000000000, S_0000018541a0bce0 {0 0 0};
    %end;
    .thread T_4;
# The file index is used to find the file name in the following table.
:file_names 4;
    "N/A";
    "<interactive>";
    "tb_Inv.v";
    "./Inv.v";
