#! /c/Source/iverilog-install/bin/vvp
:ivl_version "12.0 (devel)" "(s20150603-1539-g2693dd32b)";
:ivl_delay_selection "TYPICAL";
:vpi_time_precision + 0;
:vpi_module "D:\DAILYA~1\iverilog\lib\ivl\system.vpi";
:vpi_module "D:\DAILYA~1\iverilog\lib\ivl\vhdl_sys.vpi";
:vpi_module "D:\DAILYA~1\iverilog\lib\ivl\vhdl_textio.vpi";
:vpi_module "D:\DAILYA~1\iverilog\lib\ivl\v2005_math.vpi";
:vpi_module "D:\DAILYA~1\iverilog\lib\ivl\va_math.vpi";
S_0000029f2089dc80 .scope module, "uart_send" "uart_send" 2 1;
 .timescale 0 0;
    .port_info 0 /INPUT 1 "sys_clk";
    .port_info 1 /INPUT 1 "sys_rst_n";
    .port_info 2 /INPUT 1 "uart_en";
    .port_info 3 /INPUT 8 "uart_din";
    .port_info 4 /OUTPUT 1 "uart_txd";
    .port_info 5 /OUTPUT 1 "uart_tx_busy";
P_0000029f2089cf20 .param/l "BPS_CNT" 1 2 11, +C4<00000000000000000000000110110010>;
P_0000029f2089cf58 .param/l "CLK_FREQ" 0 2 9, +C4<00000010111110101111000010000000>;
P_0000029f2089cf90 .param/l "UART_BPS" 0 2 10, +C4<00000000000000011100001000000000>;
L_0000029f207711c0 .functor NOT 1, v0000029f20764300_0, C4<0>, C4<0>, C4<0>;
L_0000029f207712a0 .functor AND 1, L_0000029f207711c0, v0000029f20764260_0, C4<1>, C4<1>;
v0000029f20757c00_0 .net *"_ivl_0", 0 0, L_0000029f207711c0;  1 drivers
v0000029f208937a0_0 .var "clk_cnt", 15 0;
v0000029f20893520_0 .net "en_flag", 0 0, L_0000029f207712a0;  1 drivers
o0000029f20775028 .functor BUFZ 1, C4<z>; HiZ drive
v0000029f2089de10_0 .net "sys_clk", 0 0, o0000029f20775028;  0 drivers
o0000029f20775058 .functor BUFZ 1, C4<z>; HiZ drive
v0000029f2089deb0_0 .net "sys_rst_n", 0 0, o0000029f20775058;  0 drivers
v0000029f20763f40_0 .var "tx_cnt", 3 0;
v0000029f20763fe0_0 .var "tx_data", 7 0;
v0000029f20764080_0 .var "tx_flag", 0 0;
o0000029f20775118 .functor BUFZ 8, C4<zzzzzzzz>; HiZ drive
v0000029f20764120_0 .net "uart_din", 7 0, o0000029f20775118;  0 drivers
o0000029f20775148 .functor BUFZ 1, C4<z>; HiZ drive
v0000029f207641c0_0 .net "uart_en", 0 0, o0000029f20775148;  0 drivers
v0000029f20764260_0 .var "uart_en_d0", 0 0;
v0000029f20764300_0 .var "uart_en_d1", 0 0;
o0000029f207751d8 .functor BUFZ 1, C4<z>; HiZ drive
v0000029f207643a0_0 .net "uart_tx_busy", 0 0, o0000029f207751d8;  0 drivers
v0000029f207c2f70_0 .var "uart_txd", 0 0;
E_0000029f20755e30/0 .event negedge, v0000029f2089deb0_0;
E_0000029f20755e30/1 .event posedge, v0000029f2089de10_0;
E_0000029f20755e30 .event/or E_0000029f20755e30/0, E_0000029f20755e30/1;
    .scope S_0000029f2089dc80;
T_0 ;
    %wait E_0000029f20755e30;
    %load/vec4 v0000029f2089deb0_0;
    %nor/r;
    %flag_set/vec4 8;
    %jmp/0xz  T_0.0, 8;
    %pushi/vec4 0, 0, 1;
    %assign/vec4 v0000029f20764260_0, 0;
    %pushi/vec4 0, 0, 1;
    %assign/vec4 v0000029f20764300_0, 0;
    %jmp T_0.1;
T_0.0 ;
    %load/vec4 v0000029f207641c0_0;
    %assign/vec4 v0000029f20764260_0, 0;
    %load/vec4 v0000029f20764260_0;
    %assign/vec4 v0000029f20764300_0, 0;
T_0.1 ;
    %jmp T_0;
    .thread T_0;
    .scope S_0000029f2089dc80;
T_1 ;
    %wait E_0000029f20755e30;
    %load/vec4 v0000029f2089deb0_0;
    %nor/r;
    %flag_set/vec4 8;
    %jmp/0xz  T_1.0, 8;
    %pushi/vec4 0, 0, 1;
    %assign/vec4 v0000029f20764080_0, 0;
    %pushi/vec4 0, 0, 8;
    %assign/vec4 v0000029f20763fe0_0, 0;
    %jmp T_1.1;
T_1.0 ;
    %load/vec4 v0000029f20893520_0;
    %flag_set/vec4 8;
    %jmp/0xz  T_1.2, 8;
    %pushi/vec4 1, 0, 1;
    %assign/vec4 v0000029f20764080_0, 0;
    %load/vec4 v0000029f20764120_0;
    %assign/vec4 v0000029f20763fe0_0, 0;
    %jmp T_1.3;
T_1.2 ;
    %load/vec4 v0000029f20763f40_0;
    %cmpi/e 9, 0, 4;
    %flag_get/vec4 4;
    %jmp/0 T_1.6, 4;
    %load/vec4 v0000029f208937a0_0;
    %pad/u 32;
    %pushi/vec4 217, 0, 32;
    %cmp/e;
    %flag_get/vec4 4;
    %and;
T_1.6;
    %flag_set/vec4 8;
    %jmp/0xz  T_1.4, 8;
    %pushi/vec4 0, 0, 1;
    %assign/vec4 v0000029f20764080_0, 0;
    %pushi/vec4 0, 0, 8;
    %assign/vec4 v0000029f20763fe0_0, 0;
    %jmp T_1.5;
T_1.4 ;
    %load/vec4 v0000029f20764080_0;
    %assign/vec4 v0000029f20764080_0, 0;
    %load/vec4 v0000029f20763fe0_0;
    %assign/vec4 v0000029f20763fe0_0, 0;
T_1.5 ;
T_1.3 ;
T_1.1 ;
    %jmp T_1;
    .thread T_1;
    .scope S_0000029f2089dc80;
T_2 ;
    %wait E_0000029f20755e30;
    %load/vec4 v0000029f2089deb0_0;
    %nor/r;
    %flag_set/vec4 8;
    %jmp/0xz  T_2.0, 8;
    %pushi/vec4 0, 0, 16;
    %assign/vec4 v0000029f208937a0_0, 0;
    %jmp T_2.1;
T_2.0 ;
    %load/vec4 v0000029f20764080_0;
    %flag_set/vec4 8;
    %jmp/0xz  T_2.2, 8;
    %load/vec4 v0000029f208937a0_0;
    %pad/u 32;
    %cmpi/u 433, 0, 32;
    %jmp/0xz  T_2.4, 5;
    %load/vec4 v0000029f208937a0_0;
    %addi 1, 0, 16;
    %assign/vec4 v0000029f208937a0_0, 0;
    %jmp T_2.5;
T_2.4 ;
    %pushi/vec4 0, 0, 16;
    %assign/vec4 v0000029f208937a0_0, 0;
T_2.5 ;
    %jmp T_2.3;
T_2.2 ;
    %pushi/vec4 0, 0, 16;
    %assign/vec4 v0000029f208937a0_0, 0;
T_2.3 ;
T_2.1 ;
    %jmp T_2;
    .thread T_2;
    .scope S_0000029f2089dc80;
T_3 ;
    %wait E_0000029f20755e30;
    %load/vec4 v0000029f2089deb0_0;
    %nor/r;
    %flag_set/vec4 8;
    %jmp/0xz  T_3.0, 8;
    %pushi/vec4 0, 0, 4;
    %assign/vec4 v0000029f20763f40_0, 0;
    %jmp T_3.1;
T_3.0 ;
    %load/vec4 v0000029f20764080_0;
    %flag_set/vec4 8;
    %jmp/0xz  T_3.2, 8;
    %load/vec4 v0000029f208937a0_0;
    %pad/u 32;
    %cmpi/e 433, 0, 32;
    %jmp/0xz  T_3.4, 4;
    %load/vec4 v0000029f20763f40_0;
    %addi 1, 0, 4;
    %assign/vec4 v0000029f20763f40_0, 0;
    %jmp T_3.5;
T_3.4 ;
    %load/vec4 v0000029f20763f40_0;
    %assign/vec4 v0000029f20763f40_0, 0;
T_3.5 ;
    %jmp T_3.3;
T_3.2 ;
    %pushi/vec4 0, 0, 4;
    %assign/vec4 v0000029f20763f40_0, 0;
T_3.3 ;
T_3.1 ;
    %jmp T_3;
    .thread T_3;
    .scope S_0000029f2089dc80;
T_4 ;
    %wait E_0000029f20755e30;
    %load/vec4 v0000029f2089deb0_0;
    %nor/r;
    %flag_set/vec4 8;
    %jmp/0xz  T_4.0, 8;
    %pushi/vec4 1, 0, 1;
    %assign/vec4 v0000029f207c2f70_0, 0;
    %jmp T_4.1;
T_4.0 ;
    %load/vec4 v0000029f20764080_0;
    %flag_set/vec4 8;
    %jmp/0xz  T_4.2, 8;
    %load/vec4 v0000029f20763f40_0;
    %dup/vec4;
    %pushi/vec4 0, 0, 4;
    %cmp/u;
    %jmp/1 T_4.4, 6;
    %dup/vec4;
    %pushi/vec4 1, 0, 4;
    %cmp/u;
    %jmp/1 T_4.5, 6;
    %dup/vec4;
    %pushi/vec4 2, 0, 4;
    %cmp/u;
    %jmp/1 T_4.6, 6;
    %dup/vec4;
    %pushi/vec4 3, 0, 4;
    %cmp/u;
    %jmp/1 T_4.7, 6;
    %dup/vec4;
    %pushi/vec4 4, 0, 4;
    %cmp/u;
    %jmp/1 T_4.8, 6;
    %dup/vec4;
    %pushi/vec4 5, 0, 4;
    %cmp/u;
    %jmp/1 T_4.9, 6;
    %dup/vec4;
    %pushi/vec4 6, 0, 4;
    %cmp/u;
    %jmp/1 T_4.10, 6;
    %dup/vec4;
    %pushi/vec4 7, 0, 4;
    %cmp/u;
    %jmp/1 T_4.11, 6;
    %dup/vec4;
    %pushi/vec4 8, 0, 4;
    %cmp/u;
    %jmp/1 T_4.12, 6;
    %dup/vec4;
    %pushi/vec4 9, 0, 4;
    %cmp/u;
    %jmp/1 T_4.13, 6;
    %jmp T_4.15;
T_4.4 ;
    %pushi/vec4 0, 0, 1;
    %assign/vec4 v0000029f207c2f70_0, 0;
    %jmp T_4.15;
T_4.5 ;
    %load/vec4 v0000029f20763fe0_0;
    %parti/s 1, 0, 2;
    %assign/vec4 v0000029f207c2f70_0, 0;
    %jmp T_4.15;
T_4.6 ;
    %load/vec4 v0000029f20763fe0_0;
    %parti/s 1, 1, 2;
    %assign/vec4 v0000029f207c2f70_0, 0;
    %jmp T_4.15;
T_4.7 ;
    %load/vec4 v0000029f20763fe0_0;
    %parti/s 1, 2, 3;
    %assign/vec4 v0000029f207c2f70_0, 0;
    %jmp T_4.15;
T_4.8 ;
    %load/vec4 v0000029f20763fe0_0;
    %parti/s 1, 3, 3;
    %assign/vec4 v0000029f207c2f70_0, 0;
    %jmp T_4.15;
T_4.9 ;
    %load/vec4 v0000029f20763fe0_0;
    %parti/s 1, 4, 4;
    %assign/vec4 v0000029f207c2f70_0, 0;
    %jmp T_4.15;
T_4.10 ;
    %load/vec4 v0000029f20763fe0_0;
    %parti/s 1, 5, 4;
    %assign/vec4 v0000029f207c2f70_0, 0;
    %jmp T_4.15;
T_4.11 ;
    %load/vec4 v0000029f20763fe0_0;
    %parti/s 1, 6, 4;
    %assign/vec4 v0000029f207c2f70_0, 0;
    %jmp T_4.15;
T_4.12 ;
    %load/vec4 v0000029f20763fe0_0;
    %parti/s 1, 7, 4;
    %assign/vec4 v0000029f207c2f70_0, 0;
    %jmp T_4.15;
T_4.13 ;
    %pushi/vec4 1, 0, 1;
    %assign/vec4 v0000029f207c2f70_0, 0;
    %jmp T_4.15;
T_4.15 ;
    %pop/vec4 1;
    %jmp T_4.3;
T_4.2 ;
    %pushi/vec4 1, 0, 1;
    %assign/vec4 v0000029f207c2f70_0, 0;
T_4.3 ;
T_4.1 ;
    %jmp T_4;
    .thread T_4;
# The file index is used to find the file name in the following table.
:file_names 3;
    "N/A";
    "<interactive>";
    "uart_sent.v";
