#! /c/Source/iverilog-install/bin/vvp
:ivl_version "12.0 (devel)" "(s20150603-1539-g2693dd32b)";
:ivl_delay_selection "TYPICAL";
:vpi_time_precision + 0;
:vpi_module "D:\DAILYA~1\iverilog\lib\ivl\system.vpi";
:vpi_module "D:\DAILYA~1\iverilog\lib\ivl\vhdl_sys.vpi";
:vpi_module "D:\DAILYA~1\iverilog\lib\ivl\vhdl_textio.vpi";
:vpi_module "D:\DAILYA~1\iverilog\lib\ivl\v2005_math.vpi";
:vpi_module "D:\DAILYA~1\iverilog\lib\ivl\va_math.vpi";
S_0000014b1d9fde40 .scope module, "uart_recv" "uart_recv" 2 1;
 .timescale 0 0;
    .port_info 0 /INPUT 1 "sys_clk";
    .port_info 1 /INPUT 1 "sys_rst_n";
    .port_info 2 /INPUT 1 "uart_rxd";
    .port_info 3 /OUTPUT 8 "uart_data";
    .port_info 4 /OUTPUT 1 "uart_recv_done";
P_0000014b1d9fd9e0 .param/l "BPS_CNT" 1 2 12, +C4<00000000000000000000000110110010>;
P_0000014b1d9fda18 .param/l "CLK_FREQ" 0 2 10, +C4<00000010111110101111000010000000>;
P_0000014b1d9fda50 .param/l "UART_BPS" 0 2 11, +C4<00000000000000011100001000000000>;
L_0000014b1da4fdc0 .functor NOT 1, v0000014b1da43720_0, C4<0>, C4<0>, C4<0>;
L_0000014b1da4fa40 .functor AND 1, L_0000014b1da4fdc0, v0000014b1da44710_0, C4<1>, C4<1>;
v0000014b1d9f37a0_0 .net *"_ivl_0", 0 0, L_0000014b1da4fdc0;  1 drivers
v0000014b1d9f3520_0 .var "clk_cnt", 16 0;
v0000014b1d9fdbc0_0 .var "rx_cnt", 4 0;
v0000014b1d9fdc60_0 .var "rx_data", 7 0;
v0000014b1d9fd400_0 .var "rx_flag", 0 0;
v0000014b1d9fd4a0_0 .net "start_flag", 0 0, L_0000014b1da4fa40;  1 drivers
o0000014b1da59e98 .functor BUFZ 1, C4<z>; HiZ drive
v0000014b1d9fd540_0 .net "sys_clk", 0 0, o0000014b1da59e98;  0 drivers
o0000014b1da59ec8 .functor BUFZ 1, C4<z>; HiZ drive
v0000014b1da434a0_0 .net "sys_rst_n", 0 0, o0000014b1da59ec8;  0 drivers
v0000014b1da43540_0 .var "uart_data", 7 0;
v0000014b1da435e0_0 .var "uart_recv_done", 0 0;
o0000014b1da59f58 .functor BUFZ 1, C4<z>; HiZ drive
v0000014b1da43680_0 .net "uart_rxd", 0 0, o0000014b1da59f58;  0 drivers
v0000014b1da43720_0 .var "uart_rxd_d0", 0 0;
v0000014b1da44710_0 .var "uart_rxd_d1", 0 0;
E_0000014b1d9fc4f0/0 .event negedge, v0000014b1da434a0_0;
E_0000014b1d9fc4f0/1 .event posedge, v0000014b1d9fd540_0;
E_0000014b1d9fc4f0 .event/or E_0000014b1d9fc4f0/0, E_0000014b1d9fc4f0/1;
    .scope S_0000014b1d9fde40;
T_0 ;
    %wait E_0000014b1d9fc4f0;
    %load/vec4 v0000014b1da434a0_0;
    %nor/r;
    %flag_set/vec4 8;
    %jmp/0xz  T_0.0, 8;
    %pushi/vec4 0, 0, 1;
    %assign/vec4 v0000014b1da43720_0, 0;
    %pushi/vec4 0, 0, 1;
    %assign/vec4 v0000014b1da44710_0, 0;
    %jmp T_0.1;
T_0.0 ;
    %load/vec4 v0000014b1da43680_0;
    %assign/vec4 v0000014b1da43720_0, 0;
    %load/vec4 v0000014b1da43720_0;
    %assign/vec4 v0000014b1da44710_0, 0;
T_0.1 ;
    %jmp T_0;
    .thread T_0;
    .scope S_0000014b1d9fde40;
T_1 ;
    %wait E_0000014b1d9fc4f0;
    %load/vec4 v0000014b1da434a0_0;
    %nor/r;
    %flag_set/vec4 8;
    %jmp/0xz  T_1.0, 8;
    %pushi/vec4 0, 0, 1;
    %assign/vec4 v0000014b1d9fd400_0, 0;
    %jmp T_1.1;
T_1.0 ;
    %load/vec4 v0000014b1d9fd4a0_0;
    %flag_set/vec4 8;
    %jmp/0xz  T_1.2, 8;
    %pushi/vec4 1, 0, 1;
    %assign/vec4 v0000014b1d9fd400_0, 0;
    %jmp T_1.3;
T_1.2 ;
    %load/vec4 v0000014b1d9fdbc0_0;
    %pad/u 32;
    %cmpi/e 9, 0, 32;
    %flag_get/vec4 4;
    %jmp/0 T_1.6, 4;
    %load/vec4 v0000014b1d9f3520_0;
    %pad/u 32;
    %pushi/vec4 108, 0, 32;
    %cmp/e;
    %flag_get/vec4 4;
    %and;
T_1.6;
    %flag_set/vec4 8;
    %jmp/0xz  T_1.4, 8;
    %pushi/vec4 0, 0, 1;
    %assign/vec4 v0000014b1d9fd400_0, 0;
    %jmp T_1.5;
T_1.4 ;
    %load/vec4 v0000014b1d9fd400_0;
    %assign/vec4 v0000014b1d9fd400_0, 0;
T_1.5 ;
T_1.3 ;
T_1.1 ;
    %jmp T_1;
    .thread T_1;
    .scope S_0000014b1d9fde40;
T_2 ;
    %wait E_0000014b1d9fc4f0;
    %load/vec4 v0000014b1da434a0_0;
    %nor/r;
    %flag_set/vec4 8;
    %jmp/0xz  T_2.0, 8;
    %pushi/vec4 0, 0, 17;
    %assign/vec4 v0000014b1d9f3520_0, 0;
    %jmp T_2.1;
T_2.0 ;
    %load/vec4 v0000014b1d9fd400_0;
    %flag_set/vec4 8;
    %jmp/0xz  T_2.2, 8;
    %load/vec4 v0000014b1d9f3520_0;
    %pad/u 32;
    %cmpi/u 433, 0, 32;
    %jmp/0xz  T_2.4, 5;
    %load/vec4 v0000014b1d9f3520_0;
    %addi 1, 0, 17;
    %assign/vec4 v0000014b1d9f3520_0, 0;
    %jmp T_2.5;
T_2.4 ;
    %pushi/vec4 0, 0, 17;
    %assign/vec4 v0000014b1d9f3520_0, 0;
T_2.5 ;
    %jmp T_2.3;
T_2.2 ;
    %pushi/vec4 0, 0, 17;
    %assign/vec4 v0000014b1d9f3520_0, 0;
T_2.3 ;
T_2.1 ;
    %jmp T_2;
    .thread T_2;
    .scope S_0000014b1d9fde40;
T_3 ;
    %wait E_0000014b1d9fc4f0;
    %load/vec4 v0000014b1da434a0_0;
    %nor/r;
    %flag_set/vec4 8;
    %jmp/0xz  T_3.0, 8;
    %pushi/vec4 0, 0, 5;
    %assign/vec4 v0000014b1d9fdbc0_0, 0;
    %jmp T_3.1;
T_3.0 ;
    %load/vec4 v0000014b1d9fd400_0;
    %flag_set/vec4 8;
    %jmp/0xz  T_3.2, 8;
    %load/vec4 v0000014b1d9f3520_0;
    %pad/u 32;
    %cmpi/e 433, 0, 32;
    %jmp/0xz  T_3.4, 4;
    %load/vec4 v0000014b1d9fdbc0_0;
    %addi 1, 0, 5;
    %assign/vec4 v0000014b1d9fdbc0_0, 0;
    %jmp T_3.5;
T_3.4 ;
    %load/vec4 v0000014b1d9fdbc0_0;
    %assign/vec4 v0000014b1d9fdbc0_0, 0;
T_3.5 ;
    %jmp T_3.3;
T_3.2 ;
    %pushi/vec4 0, 0, 5;
    %assign/vec4 v0000014b1d9fdbc0_0, 0;
T_3.3 ;
T_3.1 ;
    %jmp T_3;
    .thread T_3;
    .scope S_0000014b1d9fde40;
T_4 ;
    %wait E_0000014b1d9fc4f0;
    %load/vec4 v0000014b1da434a0_0;
    %nor/r;
    %flag_set/vec4 8;
    %jmp/0xz  T_4.0, 8;
    %pushi/vec4 0, 0, 8;
    %assign/vec4 v0000014b1d9fdc60_0, 0;
    %jmp T_4.1;
T_4.0 ;
    %load/vec4 v0000014b1d9fd400_0;
    %flag_set/vec4 8;
    %jmp/0xz  T_4.2, 8;
    %load/vec4 v0000014b1d9f3520_0;
    %pad/u 32;
    %cmpi/e 108, 0, 32;
    %jmp/0xz  T_4.4, 4;
    %load/vec4 v0000014b1d9fdbc0_0;
    %dup/vec4;
    %pushi/vec4 1, 0, 5;
    %cmp/u;
    %jmp/1 T_4.6, 6;
    %dup/vec4;
    %pushi/vec4 2, 0, 5;
    %cmp/u;
    %jmp/1 T_4.7, 6;
    %dup/vec4;
    %pushi/vec4 3, 0, 5;
    %cmp/u;
    %jmp/1 T_4.8, 6;
    %dup/vec4;
    %pushi/vec4 4, 0, 5;
    %cmp/u;
    %jmp/1 T_4.9, 6;
    %dup/vec4;
    %pushi/vec4 5, 0, 5;
    %cmp/u;
    %jmp/1 T_4.10, 6;
    %dup/vec4;
    %pushi/vec4 6, 0, 5;
    %cmp/u;
    %jmp/1 T_4.11, 6;
    %dup/vec4;
    %pushi/vec4 7, 0, 5;
    %cmp/u;
    %jmp/1 T_4.12, 6;
    %dup/vec4;
    %pushi/vec4 8, 0, 5;
    %cmp/u;
    %jmp/1 T_4.13, 6;
    %jmp T_4.15;
T_4.6 ;
    %load/vec4 v0000014b1da44710_0;
    %ix/load 4, 0, 0;
    %ix/load 5, 0, 0;
    %flag_set/imm 4, 0;
    %assign/vec4/off/d v0000014b1d9fdc60_0, 4, 5;
    %jmp T_4.15;
T_4.7 ;
    %load/vec4 v0000014b1da44710_0;
    %ix/load 4, 1, 0;
    %ix/load 5, 0, 0;
    %flag_set/imm 4, 0;
    %assign/vec4/off/d v0000014b1d9fdc60_0, 4, 5;
    %jmp T_4.15;
T_4.8 ;
    %load/vec4 v0000014b1da44710_0;
    %ix/load 4, 2, 0;
    %ix/load 5, 0, 0;
    %flag_set/imm 4, 0;
    %assign/vec4/off/d v0000014b1d9fdc60_0, 4, 5;
    %jmp T_4.15;
T_4.9 ;
    %load/vec4 v0000014b1da44710_0;
    %ix/load 4, 3, 0;
    %ix/load 5, 0, 0;
    %flag_set/imm 4, 0;
    %assign/vec4/off/d v0000014b1d9fdc60_0, 4, 5;
    %jmp T_4.15;
T_4.10 ;
    %load/vec4 v0000014b1da44710_0;
    %ix/load 4, 4, 0;
    %ix/load 5, 0, 0;
    %flag_set/imm 4, 0;
    %assign/vec4/off/d v0000014b1d9fdc60_0, 4, 5;
    %jmp T_4.15;
T_4.11 ;
    %load/vec4 v0000014b1da44710_0;
    %ix/load 4, 5, 0;
    %ix/load 5, 0, 0;
    %flag_set/imm 4, 0;
    %assign/vec4/off/d v0000014b1d9fdc60_0, 4, 5;
    %jmp T_4.15;
T_4.12 ;
    %load/vec4 v0000014b1da44710_0;
    %ix/load 4, 6, 0;
    %ix/load 5, 0, 0;
    %flag_set/imm 4, 0;
    %assign/vec4/off/d v0000014b1d9fdc60_0, 4, 5;
    %jmp T_4.15;
T_4.13 ;
    %load/vec4 v0000014b1da44710_0;
    %ix/load 4, 7, 0;
    %ix/load 5, 0, 0;
    %flag_set/imm 4, 0;
    %assign/vec4/off/d v0000014b1d9fdc60_0, 4, 5;
    %jmp T_4.15;
T_4.15 ;
    %pop/vec4 1;
    %jmp T_4.5;
T_4.4 ;
    %load/vec4 v0000014b1d9fdc60_0;
    %assign/vec4 v0000014b1d9fdc60_0, 0;
T_4.5 ;
    %jmp T_4.3;
T_4.2 ;
    %pushi/vec4 0, 0, 8;
    %assign/vec4 v0000014b1d9fdc60_0, 0;
T_4.3 ;
T_4.1 ;
    %jmp T_4;
    .thread T_4;
    .scope S_0000014b1d9fde40;
T_5 ;
    %wait E_0000014b1d9fc4f0;
    %load/vec4 v0000014b1da434a0_0;
    %nor/r;
    %flag_set/vec4 8;
    %jmp/0xz  T_5.0, 8;
    %pushi/vec4 0, 0, 1;
    %assign/vec4 v0000014b1da435e0_0, 0;
    %pushi/vec4 0, 0, 8;
    %assign/vec4 v0000014b1da43540_0, 0;
    %jmp T_5.1;
T_5.0 ;
    %load/vec4 v0000014b1d9fdbc0_0;
    %cmpi/e 9, 0, 5;
    %jmp/0xz  T_5.2, 4;
    %pushi/vec4 1, 0, 1;
    %assign/vec4 v0000014b1da435e0_0, 0;
    %load/vec4 v0000014b1d9fdc60_0;
    %assign/vec4 v0000014b1da43540_0, 0;
    %jmp T_5.3;
T_5.2 ;
    %pushi/vec4 0, 0, 1;
    %assign/vec4 v0000014b1da435e0_0, 0;
    %pushi/vec4 0, 0, 8;
    %assign/vec4 v0000014b1da43540_0, 0;
T_5.3 ;
T_5.1 ;
    %jmp T_5;
    .thread T_5;
# The file index is used to find the file name in the following table.
:file_names 3;
    "N/A";
    "<interactive>";
    "uart_recv.v";
