#! /c/Source/iverilog-install/bin/vvp
:ivl_version "12.0 (devel)" "(s20150603-1539-g2693dd32b)";
:ivl_delay_selection "TYPICAL";
:vpi_time_precision - 12;
:vpi_module "D:\DAILYA~1\iverilog\lib\ivl\system.vpi";
:vpi_module "D:\DAILYA~1\iverilog\lib\ivl\vhdl_sys.vpi";
:vpi_module "D:\DAILYA~1\iverilog\lib\ivl\vhdl_textio.vpi";
:vpi_module "D:\DAILYA~1\iverilog\lib\ivl\v2005_math.vpi";
:vpi_module "D:\DAILYA~1\iverilog\lib\ivl\va_math.vpi";
S_0000016d73234420 .scope module, "tb_mux2_1" "tb_mux2_1" 2 5;
 .timescale -9 -12;
P_0000016d7317b870 .param/l "PERIOD" 0 2 8, +C4<00000000000000000000000000001010>;
v0000016d73233540_0 .var "in_1", 0 0;
v0000016d732335e0_0 .var "in_2", 0 0;
v0000016d73233680_0 .var "in_sel_3", 0 0;
v0000016d73233720_0 .net "out_4", 0 0, v0000016d732347e0_0;  1 drivers
S_0000016d732345b0 .scope module, "u_mux2_1" "mux2_1" 2 27, 3 1 0, S_0000016d73234420;
 .timescale 0 0;
    .port_info 0 /INPUT 1 "in_a";
    .port_info 1 /INPUT 1 "in_b";
    .port_info 2 /INPUT 1 "in_sel";
    .port_info 3 /OUTPUT 1 "out";
v0000016d73171ec0_0 .net "in_a", 0 0, v0000016d73233540_0;  1 drivers
v0000016d7317cce0_0 .net "in_b", 0 0, v0000016d732335e0_0;  1 drivers
v0000016d73234740_0 .net "in_sel", 0 0, v0000016d73233680_0;  1 drivers
v0000016d732347e0_0 .var "out", 0 0;
E_0000016d7317bbb0 .event anyedge, v0000016d73234740_0, v0000016d73171ec0_0, v0000016d7317cce0_0;
    .scope S_0000016d732345b0;
T_0 ;
    %wait E_0000016d7317bbb0;
    %load/vec4 v0000016d73234740_0;
    %pad/u 32;
    %cmpi/e 1, 0, 32;
    %jmp/0xz  T_0.0, 4;
    %load/vec4 v0000016d73171ec0_0;
    %store/vec4 v0000016d732347e0_0, 0, 1;
    %jmp T_0.1;
T_0.0 ;
    %load/vec4 v0000016d7317cce0_0;
    %store/vec4 v0000016d732347e0_0, 0, 1;
T_0.1 ;
    %jmp T_0;
    .thread T_0, $push;
    .scope S_0000016d73234420;
T_1 ;
    %pushi/vec4 0, 0, 1;
    %store/vec4 v0000016d73233540_0, 0, 1;
    %pushi/vec4 0, 0, 1;
    %store/vec4 v0000016d732335e0_0, 0, 1;
    %pushi/vec4 0, 0, 1;
    %store/vec4 v0000016d73233680_0, 0, 1;
    %end;
    .thread T_1;
    .scope S_0000016d73234420;
T_2 ;
    %vpi_call 2 22 "$dumpfile", "mux.vcd" {0 0 0};
    %vpi_call 2 23 "$dumpvars", 32'sb00000000000000000000000000000000, S_0000016d73234420 {0 0 0};
    %end;
    .thread T_2;
    .scope S_0000016d73234420;
T_3 ;
    %pushi/vec4 1, 0, 1;
    %store/vec4 v0000016d73233540_0, 0, 1;
    %pushi/vec4 0, 0, 1;
    %store/vec4 v0000016d732335e0_0, 0, 1;
    %pushi/vec4 0, 0, 1;
    %store/vec4 v0000016d73233680_0, 0, 1;
    %end;
    .thread T_3;
    .scope S_0000016d73234420;
T_4 ;
    %delay 10000, 0;
    %pushi/vec4 1, 0, 1;
    %store/vec4 v0000016d73233680_0, 0, 1;
    %delay 10000, 0;
    %pushi/vec4 0, 0, 1;
    %store/vec4 v0000016d73233680_0, 0, 1;
    %delay 10000, 0;
    %pushi/vec4 1, 0, 1;
    %store/vec4 v0000016d73233680_0, 0, 1;
    %delay 10000, 0;
    %pushi/vec4 0, 0, 1;
    %store/vec4 v0000016d73233680_0, 0, 1;
    %delay 10000, 0;
    %pushi/vec4 1, 0, 1;
    %store/vec4 v0000016d73233680_0, 0, 1;
    %vpi_call 2 50 "$finish" {0 0 0};
    %end;
    .thread T_4;
# The file index is used to find the file name in the following table.
:file_names 4;
    "N/A";
    "<interactive>";
    "tb_mux2_1.v";
    "./mux2_1.v";
