#! /c/Source/iverilog-install/bin/vvp
:ivl_version "12.0 (devel)" "(s20150603-1539-g2693dd32b)";
:ivl_delay_selection "TYPICAL";
:vpi_time_precision - 10;
:vpi_module "D:\DAILYA~1\iverilog\lib\ivl\system.vpi";
:vpi_module "D:\DAILYA~1\iverilog\lib\ivl\vhdl_sys.vpi";
:vpi_module "D:\DAILYA~1\iverilog\lib\ivl\vhdl_textio.vpi";
:vpi_module "D:\DAILYA~1\iverilog\lib\ivl\v2005_math.vpi";
:vpi_module "D:\DAILYA~1\iverilog\lib\ivl\va_math.vpi";
S_00000254808d1510 .scope module, "divider_six" "divider_six" 2 59;
 .timescale -9 -10;
    .port_info 0 /INPUT 1 "sys_clk";
    .port_info 1 /INPUT 1 "sys_rst_n";
    .port_info 2 /OUTPUT 1 "clk_flag";
v0000025480926d60_0 .var "clk_flag", 0 0;
v00000254808d16a0_0 .var "cnt", 2 0;
o0000025480927018 .functor BUFZ 1, C4<z>; HiZ drive
v00000254808d1740_0 .net "sys_clk", 0 0, o0000025480927018;  0 drivers
o0000025480927048 .functor BUFZ 1, C4<z>; HiZ drive
v00000254808d17e0_0 .net "sys_rst_n", 0 0, o0000025480927048;  0 drivers
E_0000025480925b40/0 .event negedge, v00000254808d17e0_0;
E_0000025480925b40/1 .event posedge, v00000254808d1740_0;
E_0000025480925b40 .event/or E_0000025480925b40/0, E_0000025480925b40/1;
    .scope S_00000254808d1510;
T_0 ;
    %wait E_0000025480925b40;
    %load/vec4 v00000254808d17e0_0;
    %cmpi/e 0, 0, 1;
    %jmp/0xz  T_0.0, 4;
    %pushi/vec4 0, 0, 3;
    %assign/vec4 v00000254808d16a0_0, 0;
    %jmp T_0.1;
T_0.0 ;
    %load/vec4 v00000254808d16a0_0;
    %cmpi/e 5, 0, 3;
    %jmp/0xz  T_0.2, 4;
    %pushi/vec4 0, 0, 3;
    %assign/vec4 v00000254808d16a0_0, 0;
    %jmp T_0.3;
T_0.2 ;
    %load/vec4 v00000254808d16a0_0;
    %addi 1, 0, 3;
    %assign/vec4 v00000254808d16a0_0, 0;
T_0.3 ;
T_0.1 ;
    %jmp T_0;
    .thread T_0;
    .scope S_00000254808d1510;
T_1 ;
    %wait E_0000025480925b40;
    %load/vec4 v00000254808d17e0_0;
    %cmpi/e 0, 0, 1;
    %jmp/0xz  T_1.0, 4;
    %pushi/vec4 0, 0, 1;
    %assign/vec4 v0000025480926d60_0, 0;
    %jmp T_1.1;
T_1.0 ;
    %load/vec4 v00000254808d16a0_0;
    %cmpi/e 4, 0, 3;
    %jmp/0xz  T_1.2, 4;
    %pushi/vec4 1, 0, 1;
    %assign/vec4 v0000025480926d60_0, 0;
    %jmp T_1.3;
T_1.2 ;
    %pushi/vec4 0, 0, 1;
    %assign/vec4 v0000025480926d60_0, 0;
T_1.3 ;
T_1.1 ;
    %jmp T_1;
    .thread T_1;
# The file index is used to find the file name in the following table.
:file_names 3;
    "N/A";
    "<interactive>";
    "divider_six.v";
