#! /c/Source/iverilog-install/bin/vvp
:ivl_version "12.0 (devel)" "(s20150603-1539-g2693dd32b)";
:ivl_delay_selection "TYPICAL";
:vpi_time_precision + 0;
:vpi_module "D:\DAILYA~1\iverilog\lib\ivl\system.vpi";
:vpi_module "D:\DAILYA~1\iverilog\lib\ivl\vhdl_sys.vpi";
:vpi_module "D:\DAILYA~1\iverilog\lib\ivl\vhdl_textio.vpi";
:vpi_module "D:\DAILYA~1\iverilog\lib\ivl\v2005_math.vpi";
:vpi_module "D:\DAILYA~1\iverilog\lib\ivl\va_math.vpi";
S_000002739a3f24d0 .scope module, "led" "led" 2 1;
 .timescale 0 0;
    .port_info 0 /INPUT 1 "and_1";
    .port_info 1 /INPUT 1 "and_2";
    .port_info 2 /INPUT 1 "or_1";
    .port_info 3 /INPUT 1 "or_2";
    .port_info 4 /INPUT 1 "not_1";
    .port_info 5 /INPUT 1 "clk";
    .port_info 6 /INPUT 1 "rst";
    .port_info 7 /OUTPUT 1 "led_and";
    .port_info 8 /OUTPUT 1 "led_or";
    .port_info 9 /OUTPUT 1 "led_not";
o000002739a4270b8 .functor BUFZ 1, C4<z>; HiZ drive
L_000002739a3d8b30 .functor NOT 1, o000002739a4270b8, C4<0>, C4<0>, C4<0>;
o000002739a4270e8 .functor BUFZ 1, C4<z>; HiZ drive
L_000002739a3ddbd0 .functor NOT 1, o000002739a4270e8, C4<0>, C4<0>, C4<0>;
L_000002739a3f2b30 .functor AND 1, L_000002739a3d8b30, L_000002739a3ddbd0, C4<1>, C4<1>;
L_000002739a3f2f70 .functor NOT 1, L_000002739a3f2b30, C4<0>, C4<0>, C4<0>;
o000002739a4271d8 .functor BUFZ 1, C4<z>; HiZ drive
L_000002739a4246c0 .functor NOT 1, o000002739a4271d8, C4<0>, C4<0>, C4<0>;
o000002739a427208 .functor BUFZ 1, C4<z>; HiZ drive
L_000002739a424730 .functor NOT 1, o000002739a427208, C4<0>, C4<0>, C4<0>;
o000002739a427238 .functor BUFZ 1, C4<z>; HiZ drive
L_000002739a4247a0 .functor NOT 1, o000002739a427238, C4<0>, C4<0>, C4<0>;
L_000002739a424810 .functor OR 1, L_000002739a424730, L_000002739a4247a0, C4<0>, C4<0>;
L_000002739a424880 .functor NOT 1, L_000002739a424810, C4<0>, C4<0>, C4<0>;
v000002739a3f2d50_0 .net *"_ivl_0", 0 0, L_000002739a3d8b30;  1 drivers
v000002739a3dbf40_0 .net *"_ivl_10", 0 0, L_000002739a424730;  1 drivers
v000002739a3ddb30_0 .net *"_ivl_12", 0 0, L_000002739a4247a0;  1 drivers
v000002739a3f2660_0 .net *"_ivl_14", 0 0, L_000002739a424810;  1 drivers
v000002739a3f2700_0 .net *"_ivl_2", 0 0, L_000002739a3ddbd0;  1 drivers
v000002739a3f27a0_0 .net *"_ivl_4", 0 0, L_000002739a3f2b30;  1 drivers
v000002739a3f2840_0 .net "and_1", 0 0, o000002739a4270b8;  0 drivers
v000002739a423610_0 .net "and_2", 0 0, o000002739a4270e8;  0 drivers
o000002739a427118 .functor BUFZ 1, C4<z>; HiZ drive
v000002739a424380_0 .net "clk", 0 0, o000002739a427118;  0 drivers
v000002739a424060_0 .net "led_and", 0 0, L_000002739a3f2f70;  1 drivers
v000002739a423ca0_0 .net "led_not", 0 0, L_000002739a4246c0;  1 drivers
v000002739a423ac0_0 .net "led_or", 0 0, L_000002739a424880;  1 drivers
v000002739a424100_0 .net "not_1", 0 0, o000002739a4271d8;  0 drivers
v000002739a424420_0 .net "or_1", 0 0, o000002739a427208;  0 drivers
v000002739a4241a0_0 .net "or_2", 0 0, o000002739a427238;  0 drivers
o000002739a427268 .functor BUFZ 1, C4<z>; HiZ drive
v000002739a423840_0 .net "rst", 0 0, o000002739a427268;  0 drivers
# The file index is used to find the file name in the following table.
:file_names 3;
    "N/A";
    "<interactive>";
    "led.v";
