#! /c/Source/iverilog-install/bin/vvp
:ivl_version "12.0 (devel)" "(s20150603-1539-g2693dd32b)";
:ivl_delay_selection "TYPICAL";
:vpi_time_precision - 9;
:vpi_module "D:\DAILYA~1\iverilog\lib\ivl\system.vpi";
:vpi_module "D:\DAILYA~1\iverilog\lib\ivl\vhdl_sys.vpi";
:vpi_module "D:\DAILYA~1\iverilog\lib\ivl\vhdl_textio.vpi";
:vpi_module "D:\DAILYA~1\iverilog\lib\ivl\v2005_math.vpi";
:vpi_module "D:\DAILYA~1\iverilog\lib\ivl\va_math.vpi";
S_000001ce8ba3e8a0 .scope module, "tb_led" "tb_led" 2 21;
 .timescale -9 -9;
    .port_info 0 /INPUT 1 "led_out";
    .port_info 1 /OUTPUT 1 "key_in";
v000001ce8ba3ebc0_0 .var "key_in", 0 0;
v000001ce8ba3ec60_0 .net "led_out", 0 0, L_000001ce8ba31b90;  1 drivers
S_000001ce8ba3ea30 .scope module, "led_inst" "led" 2 53, 3 1 0, S_000001ce8ba3e8a0;
 .timescale -9 -9;
    .port_info 0 /INPUT 1 "key_in";
    .port_info 1 /OUTPUT 1 "led_out";
L_000001ce8ba31b90 .functor BUFZ 1, v000001ce8ba3ebc0_0, C4<0>, C4<0>, C4<0>;
v000001ce8ba3acc0_0 .net "key_in", 0 0, v000001ce8ba3ebc0_0;  1 drivers
v000001ce8ba31fb0_0 .net "led_out", 0 0, L_000001ce8ba31b90;  alias, 1 drivers
    .scope S_000001ce8ba3e8a0;
T_0 ;
T_0.0 ;
    %delay 100, 0;
    %vpi_func 2 30 "$time" 64 {0 0 0};
    %cmpi/u 1000, 0, 64;
    %flag_inv 5; GE is !LT
    %jmp/0xz  T_0.1, 5;
    %vpi_call 2 30 "$finish" {0 0 0};
T_0.1 ;
    %jmp T_0.0;
    %end;
    .thread T_0;
    .scope S_000001ce8ba3e8a0;
T_1 ;
    %pushi/vec4 0, 0, 1;
    %assign/vec4 v000001ce8ba3ebc0_0, 0;
    %end;
    .thread T_1;
    .scope S_000001ce8ba3e8a0;
T_2 ;
    %delay 10, 0;
    %vpi_func 2 38 "$random" 32 {0 0 0};
    %pushi/vec4 2, 0, 32;
    %mod;
    %pad/u 1;
    %assign/vec4 v000001ce8ba3ebc0_0, 0;
    %jmp T_2;
    .thread T_2;
    .scope S_000001ce8ba3e8a0;
T_3 ;
    %vpi_call 2 44 "$dumpfile", "led.vcd" {0 0 0};
    %vpi_call 2 45 "$dumpvars", 32'sb00000000000000000000000000000000, S_000001ce8ba3e8a0 {0 0 0};
    %end;
    .thread T_3;
# The file index is used to find the file name in the following table.
:file_names 4;
    "N/A";
    "<interactive>";
    "tb_led.v";
    "./led.v";
