#! /c/Source/iverilog-install/bin/vvp
:ivl_version "12.0 (devel)" "(s20150603-1539-g2693dd32b)";
:ivl_delay_selection "TYPICAL";
:vpi_time_precision + 0;
:vpi_module "D:\DAILYA~1\iverilog\lib\ivl\system.vpi";
:vpi_module "D:\DAILYA~1\iverilog\lib\ivl\vhdl_sys.vpi";
:vpi_module "D:\DAILYA~1\iverilog\lib\ivl\vhdl_textio.vpi";
:vpi_module "D:\DAILYA~1\iverilog\lib\ivl\v2005_math.vpi";
:vpi_module "D:\DAILYA~1\iverilog\lib\ivl\va_math.vpi";
S_0000026827b41600 .scope module, "time_count" "time_count" 2 1;
 .timescale 0 0;
    .port_info 0 /INPUT 1 "clk";
    .port_info 1 /INPUT 1 "rst_n";
    .port_info 2 /OUTPUT 1 "flag";
P_0000026827b96240 .param/l "MAX_count" 0 2 9, +C4<00000001011111010111100001000000>;
o0000026827b96fa8 .functor BUFZ 1, C4<z>; HiZ drive
v0000026827b41d70_0 .net "clk", 0 0, o0000026827b96fa8;  0 drivers
v0000026827b41790_0 .var "cnt", 24 0;
v0000026827b41830_0 .var "flag", 0 0;
o0000026827b97038 .functor BUFZ 1, C4<z>; HiZ drive
v0000026827b418d0_0 .net "rst_n", 0 0, o0000026827b97038;  0 drivers
E_0000026827b95f80/0 .event negedge, v0000026827b418d0_0;
E_0000026827b95f80/1 .event posedge, v0000026827b41d70_0;
E_0000026827b95f80 .event/or E_0000026827b95f80/0, E_0000026827b95f80/1;
    .scope S_0000026827b41600;
T_0 ;
    %wait E_0000026827b95f80;
    %load/vec4 v0000026827b418d0_0;
    %nor/r;
    %flag_set/vec4 8;
    %jmp/0xz  T_0.0, 8;
    %pushi/vec4 0, 0, 25;
    %assign/vec4 v0000026827b41790_0, 0;
    %pushi/vec4 0, 0, 1;
    %assign/vec4 v0000026827b41830_0, 0;
    %jmp T_0.1;
T_0.0 ;
    %load/vec4 v0000026827b41790_0;
    %pad/u 32;
    %cmpi/u 24999999, 0, 32;
    %jmp/0xz  T_0.2, 5;
    %load/vec4 v0000026827b41790_0;
    %addi 1, 0, 25;
    %assign/vec4 v0000026827b41790_0, 0;
    %pushi/vec4 0, 0, 1;
    %assign/vec4 v0000026827b41830_0, 0;
    %jmp T_0.3;
T_0.2 ;
    %pushi/vec4 0, 0, 25;
    %assign/vec4 v0000026827b41790_0, 0;
    %pushi/vec4 1, 0, 1;
    %assign/vec4 v0000026827b41830_0, 0;
T_0.3 ;
T_0.1 ;
    %jmp T_0;
    .thread T_0;
# The file index is used to find the file name in the following table.
:file_names 3;
    "N/A";
    "<interactive>";
    "counter.v";
