#! /c/Source/iverilog-install/bin/vvp
:ivl_version "12.0 (devel)" "(s20150603-1539-g2693dd32b)";
:ivl_delay_selection "TYPICAL";
:vpi_time_precision - 9;
:vpi_module "D:\DAILYA~1\iverilog\lib\ivl\system.vpi";
:vpi_module "D:\DAILYA~1\iverilog\lib\ivl\vhdl_sys.vpi";
:vpi_module "D:\DAILYA~1\iverilog\lib\ivl\vhdl_textio.vpi";
:vpi_module "D:\DAILYA~1\iverilog\lib\ivl\v2005_math.vpi";
:vpi_module "D:\DAILYA~1\iverilog\lib\ivl\va_math.vpi";
S_0000025b942963f0 .scope module, "tb_time_count" "tb_time_count" 2 6;
 .timescale -3 -9;
P_0000025b94241c40 .param/l "MAX_count" 0 2 10, +C4<00000000000000000000100111000100>;
P_0000025b94241c78 .param/l "PERIOD" 0 2 9, +C4<00000000000000000000000001100100>;
v0000025b94293960_0 .var "clk_", 0 0;
v0000025b94293a00_0 .net "flag_", 0 0, v0000025b94296710_0;  1 drivers
v0000025b94293aa0_0 .var "rst_n_", 0 0;
S_0000025b94296580 .scope module, "u_time_count" "time_count" 2 30, 3 1 0, S_0000025b942963f0;
 .timescale 0 0;
    .port_info 0 /INPUT 1 "clk";
    .port_info 1 /INPUT 1 "rst_n";
    .port_info 2 /OUTPUT 1 "flag";
P_0000025b9424d1c0 .param/l "MAX_count" 0 3 9, +C4<00000000000000000000000000001010>;
v0000025b94241e60_0 .net "clk", 0 0, v0000025b94293960_0;  1 drivers
v0000025b942419c0_0 .var "cnt", 24 0;
v0000025b94296710_0 .var "flag", 0 0;
v0000025b942967b0_0 .net "rst_n", 0 0, v0000025b94293aa0_0;  1 drivers
E_0000025b9424d540/0 .event negedge, v0000025b942967b0_0;
E_0000025b9424d540/1 .event posedge, v0000025b94241e60_0;
E_0000025b9424d540 .event/or E_0000025b9424d540/0, E_0000025b9424d540/1;
    .scope S_0000025b94296580;
T_0 ;
    %wait E_0000025b9424d540;
    %load/vec4 v0000025b942967b0_0;
    %nor/r;
    %flag_set/vec4 8;
    %jmp/0xz  T_0.0, 8;
    %pushi/vec4 0, 0, 25;
    %assign/vec4 v0000025b942419c0_0, 0;
    %pushi/vec4 0, 0, 1;
    %assign/vec4 v0000025b94296710_0, 0;
    %jmp T_0.1;
T_0.0 ;
    %load/vec4 v0000025b942419c0_0;
    %pad/u 32;
    %cmpi/u 9, 0, 32;
    %jmp/0xz  T_0.2, 5;
    %load/vec4 v0000025b942419c0_0;
    %addi 1, 0, 25;
    %assign/vec4 v0000025b942419c0_0, 0;
    %pushi/vec4 0, 0, 1;
    %assign/vec4 v0000025b94296710_0, 0;
    %jmp T_0.3;
T_0.2 ;
    %pushi/vec4 0, 0, 25;
    %assign/vec4 v0000025b942419c0_0, 0;
    %pushi/vec4 1, 0, 1;
    %assign/vec4 v0000025b94296710_0, 0;
T_0.3 ;
T_0.1 ;
    %jmp T_0;
    .thread T_0;
    .scope S_0000025b942963f0;
T_1 ;
    %pushi/vec4 1, 0, 1;
    %store/vec4 v0000025b94293960_0, 0, 1;
    %pushi/vec4 0, 0, 1;
    %store/vec4 v0000025b94293aa0_0, 0, 1;
    %end;
    .thread T_1;
    .scope S_0000025b942963f0;
T_2 ;
T_2.0 ;
    %delay 25000000, 0;
    %load/vec4 v0000025b94293960_0;
    %inv;
    %store/vec4 v0000025b94293960_0, 0, 1;
    %jmp T_2.0;
    %end;
    .thread T_2;
    .scope S_0000025b942963f0;
T_3 ;
    %pushi/vec4 1, 0, 1;
    %assign/vec4 v0000025b94293aa0_0, 0;
    %end;
    .thread T_3;
    .scope S_0000025b942963f0;
T_4 ;
T_4.0 ;
    %delay 100000000, 0;
    %vpi_func 2 40 "$time" 64 {0 0 0};
    %cmpi/u 2000000, 0, 64;
    %flag_inv 5; GE is !LT
    %jmp/0xz  T_4.1, 5;
    %vpi_call 2 40 "$finish" {0 0 0};
T_4.1 ;
    %jmp T_4.0;
    %vpi_call 2 42 "$dumpfile", "test.vcd" {0 0 0};
    %vpi_call 2 43 "$dumpvars", 32'sb00000000000000000000000000000000, S_0000025b942963f0 {0 0 0};
    %end;
    .thread T_4;
# The file index is used to find the file name in the following table.
:file_names 4;
    "N/A";
    "<interactive>";
    "tb_counter.v";
    "./counter.v";
