#! /c/Source/iverilog-install/bin/vvp
:ivl_version "12.0 (devel)" "(s20150603-1539-g2693dd32b)";
:ivl_delay_selection "TYPICAL";
:vpi_time_precision - 9;
:vpi_module "D:\DAILYA~1\iverilog\lib\ivl\system.vpi";
:vpi_module "D:\DAILYA~1\iverilog\lib\ivl\vhdl_sys.vpi";
:vpi_module "D:\DAILYA~1\iverilog\lib\ivl\vhdl_textio.vpi";
:vpi_module "D:\DAILYA~1\iverilog\lib\ivl\v2005_math.vpi";
:vpi_module "D:\DAILYA~1\iverilog\lib\ivl\va_math.vpi";
S_000001b1309559c0 .scope module, "tb_mux4_1" "tb_mux4_1" 2 5;
 .timescale -9 -9;
P_000001b130954cc0 .param/l "PERIOD" 0 2 8, +C4<00000000000000000000000000001010>;
v000001b130964650_0 .var "clk", 0 0;
v000001b1309646f0_0 .var "d0", 1 0;
v000001b130964790_0 .var "d1", 1 0;
v000001b130964830_0 .var "d2", 1 0;
v000001b1309b6820_0 .var "d3", 1 0;
v000001b1309b68c0_0 .net "mux_out", 1 0, L_000001b13096b690;  1 drivers
v000001b1309b6960_0 .var "rst_n", 0 0;
v000001b1309b6a00_0 .var "sel", 1 0;
S_000001b130966400 .scope module, "tb_mux4_1" "mux4_1" 2 33, 3 3 0, S_000001b1309559c0;
 .timescale -9 -9;
    .port_info 0 /INPUT 2 "d1";
    .port_info 1 /INPUT 2 "d2";
    .port_info 2 /INPUT 2 "d3";
    .port_info 3 /INPUT 2 "d0";
    .port_info 4 /INPUT 2 "sel";
    .port_info 5 /OUTPUT 2 "mux_out";
L_000001b13096b690 .functor BUFZ 2, v000001b130966770_0, C4<00>, C4<00>, C4<00>;
v000001b130913460_0 .net "d0", 1 0, v000001b1309646f0_0;  1 drivers
v000001b1309130b0_0 .net "d1", 1 0, v000001b130964790_0;  1 drivers
v000001b130966590_0 .net "d2", 1 0, v000001b130964830_0;  1 drivers
v000001b130966630_0 .net "d3", 1 0, v000001b1309b6820_0;  1 drivers
v000001b1309666d0_0 .net "mux_out", 1 0, L_000001b13096b690;  alias, 1 drivers
v000001b130966770_0 .var "mux_out_tmp", 1 0;
v000001b1309645b0_0 .net "sel", 1 0, v000001b1309b6a00_0;  1 drivers
E_000001b130954d80/0 .event anyedge, v000001b1309645b0_0, v000001b130966630_0, v000001b130966590_0, v000001b1309130b0_0;
E_000001b130954d80/1 .event anyedge, v000001b130913460_0;
E_000001b130954d80 .event/or E_000001b130954d80/0, E_000001b130954d80/1;
    .scope S_000001b130966400;
T_0 ;
    %wait E_000001b130954d80;
    %load/vec4 v000001b1309645b0_0;
    %dup/vec4;
    %pushi/vec4 0, 0, 2;
    %cmp/u;
    %jmp/1 T_0.0, 6;
    %dup/vec4;
    %pushi/vec4 1, 0, 2;
    %cmp/u;
    %jmp/1 T_0.1, 6;
    %dup/vec4;
    %pushi/vec4 2, 0, 2;
    %cmp/u;
    %jmp/1 T_0.2, 6;
    %dup/vec4;
    %pushi/vec4 3, 0, 2;
    %cmp/u;
    %jmp/1 T_0.3, 6;
    %load/vec4 v000001b130966630_0;
    %store/vec4 v000001b130966770_0, 0, 2;
    %jmp T_0.5;
T_0.0 ;
    %load/vec4 v000001b130966630_0;
    %store/vec4 v000001b130966770_0, 0, 2;
    %jmp T_0.5;
T_0.1 ;
    %load/vec4 v000001b130966590_0;
    %store/vec4 v000001b130966770_0, 0, 2;
    %jmp T_0.5;
T_0.2 ;
    %load/vec4 v000001b1309130b0_0;
    %store/vec4 v000001b130966770_0, 0, 2;
    %jmp T_0.5;
T_0.3 ;
    %load/vec4 v000001b130913460_0;
    %store/vec4 v000001b130966770_0, 0, 2;
    %jmp T_0.5;
T_0.5 ;
    %pop/vec4 1;
    %jmp T_0;
    .thread T_0, $push;
    .scope S_000001b1309559c0;
T_1 ;
    %pushi/vec4 3, 0, 2;
    %store/vec4 v000001b1309646f0_0, 0, 2;
    %pushi/vec4 2, 0, 2;
    %store/vec4 v000001b130964790_0, 0, 2;
    %pushi/vec4 1, 0, 2;
    %store/vec4 v000001b130964830_0, 0, 2;
    %pushi/vec4 0, 0, 2;
    %store/vec4 v000001b1309b6820_0, 0, 2;
    %pushi/vec4 0, 0, 2;
    %store/vec4 v000001b1309b6a00_0, 0, 2;
    %end;
    .thread T_1;
    .scope S_000001b1309559c0;
T_2 ;
T_2.0 ;
    %delay 5, 0;
    %load/vec4 v000001b130964650_0;
    %inv;
    %store/vec4 v000001b130964650_0, 0, 1;
    %jmp T_2.0;
    %end;
    .thread T_2;
    .scope S_000001b1309559c0;
T_3 ;
    %delay 20, 0;
    %pushi/vec4 1, 0, 1;
    %store/vec4 v000001b1309b6960_0, 0, 1;
    %end;
    .thread T_3;
    .scope S_000001b1309559c0;
T_4 ;
    %load/vec4 v000001b1309646f0_0;
    %store/vec4 v000001b1309b6a00_0, 0, 2;
    %delay 10, 0;
    %load/vec4 v000001b130964790_0;
    %store/vec4 v000001b1309b6a00_0, 0, 2;
    %delay 10, 0;
    %load/vec4 v000001b130964830_0;
    %store/vec4 v000001b1309b6a00_0, 0, 2;
    %delay 10, 0;
    %load/vec4 v000001b1309b6820_0;
    %store/vec4 v000001b1309b6a00_0, 0, 2;
    %delay 10, 0;
    %vpi_call 2 49 "$finish" {0 0 0};
    %end;
    .thread T_4;
    .scope S_000001b1309559c0;
T_5 ;
    %vpi_call 2 54 "$dumpfile", "tb_choice.vcd" {0 0 0};
    %vpi_call 2 55 "$dumpvars", 32'sb00000000000000000000000000000000, S_000001b130966400 {0 0 0};
    %end;
    .thread T_5;
# The file index is used to find the file name in the following table.
:file_names 4;
    "N/A";
    "<interactive>";
    "tb_choice.v";
    "./choice.v";
