#! /c/Source/iverilog-install/bin/vvp
:ivl_version "12.0 (devel)" "(s20150603-1539-g2693dd32b)";
:ivl_delay_selection "TYPICAL";
:vpi_time_precision - 9;
:vpi_module "D:\DAILYA~1\iverilog\lib\ivl\system.vpi";
:vpi_module "D:\DAILYA~1\iverilog\lib\ivl\vhdl_sys.vpi";
:vpi_module "D:\DAILYA~1\iverilog\lib\ivl\vhdl_textio.vpi";
:vpi_module "D:\DAILYA~1\iverilog\lib\ivl\v2005_math.vpi";
:vpi_module "D:\DAILYA~1\iverilog\lib\ivl\va_math.vpi";
S_000001c442a935b0 .scope module, "breath_led" "breath_led" 2 20;
 .timescale -9 -9;
    .port_info 0 /INPUT 1 "sys_clk";
    .port_info 1 /INPUT 1 "sys_rst_n";
    .port_info 2 /OUTPUT 1 "led_out";
P_000001c442a93740 .param/l "CNT_1MS_MAX" 0 2 23, C4<1111100111>;
P_000001c442a93778 .param/l "CNT_1S_MAX" 0 2 24, C4<1111100111>;
P_000001c442a937b0 .param/l "CNT_1US_MAX" 0 2 22, C4<110001>;
v000001c442a93be0_0 .var "cnt_1ms", 9 0;
v000001c442a0cc00_0 .var "cnt_1s", 9 0;
v000001c442a937f0_0 .var "cnt_1s_en", 0 0;
v000001c442a93890_0 .var "cnt_1us", 5 0;
v000001c442ac4150_0 .var "led_out", 0 0;
o000001c442aca0c8 .functor BUFZ 1, C4<z>; HiZ drive
v000001c442ac41f0_0 .net "sys_clk", 0 0, o000001c442aca0c8;  0 drivers
o000001c442aca0f8 .functor BUFZ 1, C4<z>; HiZ drive
v000001c442ac4290_0 .net "sys_rst_n", 0 0, o000001c442aca0f8;  0 drivers
E_000001c442ab54f0/0 .event negedge, v000001c442ac4290_0;
E_000001c442ab54f0/1 .event posedge, v000001c442ac41f0_0;
E_000001c442ab54f0 .event/or E_000001c442ab54f0/0, E_000001c442ab54f0/1;
    .scope S_000001c442a935b0;
T_0 ;
    %wait E_000001c442ab54f0;
    %load/vec4 v000001c442ac4290_0;
    %cmpi/e 0, 0, 1;
    %jmp/0xz  T_0.0, 4;
    %pushi/vec4 0, 0, 6;
    %assign/vec4 v000001c442a93890_0, 0;
    %jmp T_0.1;
T_0.0 ;
    %load/vec4 v000001c442a93890_0;
    %cmpi/e 49, 0, 6;
    %jmp/0xz  T_0.2, 4;
    %pushi/vec4 0, 0, 6;
    %assign/vec4 v000001c442a93890_0, 0;
    %jmp T_0.3;
T_0.2 ;
    %load/vec4 v000001c442a93890_0;
    %addi 1, 0, 6;
    %assign/vec4 v000001c442a93890_0, 0;
T_0.3 ;
T_0.1 ;
    %jmp T_0;
    .thread T_0;
    .scope S_000001c442a935b0;
T_1 ;
    %wait E_000001c442ab54f0;
    %load/vec4 v000001c442ac4290_0;
    %cmpi/e 0, 0, 1;
    %jmp/0xz  T_1.0, 4;
    %pushi/vec4 0, 0, 10;
    %assign/vec4 v000001c442a93be0_0, 0;
    %jmp T_1.1;
T_1.0 ;
    %load/vec4 v000001c442a93be0_0;
    %cmpi/e 999, 0, 10;
    %flag_get/vec4 4;
    %jmp/0 T_1.4, 4;
    %load/vec4 v000001c442a93890_0;
    %pushi/vec4 49, 0, 6;
    %cmp/e;
    %flag_get/vec4 4;
    %and;
T_1.4;
    %flag_set/vec4 8;
    %jmp/0xz  T_1.2, 8;
    %pushi/vec4 0, 0, 10;
    %assign/vec4 v000001c442a93be0_0, 0;
    %jmp T_1.3;
T_1.2 ;
    %load/vec4 v000001c442a93890_0;
    %cmpi/e 49, 0, 6;
    %jmp/0xz  T_1.5, 4;
    %load/vec4 v000001c442a93be0_0;
    %addi 1, 0, 10;
    %assign/vec4 v000001c442a93be0_0, 0;
T_1.5 ;
T_1.3 ;
T_1.1 ;
    %jmp T_1;
    .thread T_1;
    .scope S_000001c442a935b0;
T_2 ;
    %wait E_000001c442ab54f0;
    %load/vec4 v000001c442ac4290_0;
    %cmpi/e 0, 0, 1;
    %jmp/0xz  T_2.0, 4;
    %pushi/vec4 0, 0, 10;
    %assign/vec4 v000001c442a0cc00_0, 0;
    %jmp T_2.1;
T_2.0 ;
    %load/vec4 v000001c442a0cc00_0;
    %cmpi/e 999, 0, 10;
    %flag_get/vec4 4;
    %jmp/0 T_2.5, 4;
    %load/vec4 v000001c442a93be0_0;
    %pushi/vec4 999, 0, 10;
    %cmp/e;
    %flag_get/vec4 4;
    %and;
T_2.5;
    %flag_set/vec4 9;
    %flag_get/vec4 9;
    %jmp/0 T_2.4, 9;
    %load/vec4 v000001c442a93890_0;
    %pushi/vec4 49, 0, 6;
    %cmp/e;
    %flag_get/vec4 4;
    %and;
T_2.4;
    %flag_set/vec4 8;
    %jmp/0xz  T_2.2, 8;
    %pushi/vec4 0, 0, 10;
    %assign/vec4 v000001c442a0cc00_0, 0;
    %jmp T_2.3;
T_2.2 ;
    %load/vec4 v000001c442a93be0_0;
    %cmpi/e 999, 0, 10;
    %flag_get/vec4 4;
    %jmp/0 T_2.8, 4;
    %load/vec4 v000001c442a93890_0;
    %pushi/vec4 49, 0, 6;
    %cmp/e;
    %flag_get/vec4 4;
    %and;
T_2.8;
    %flag_set/vec4 8;
    %jmp/0xz  T_2.6, 8;
    %load/vec4 v000001c442a0cc00_0;
    %addi 1, 0, 10;
    %assign/vec4 v000001c442a0cc00_0, 0;
T_2.6 ;
T_2.3 ;
T_2.1 ;
    %jmp T_2;
    .thread T_2;
    .scope S_000001c442a935b0;
T_3 ;
    %wait E_000001c442ab54f0;
    %load/vec4 v000001c442ac4290_0;
    %cmpi/e 0, 0, 1;
    %jmp/0xz  T_3.0, 4;
    %pushi/vec4 0, 0, 1;
    %assign/vec4 v000001c442a937f0_0, 0;
    %jmp T_3.1;
T_3.0 ;
    %load/vec4 v000001c442a0cc00_0;
    %cmpi/e 999, 0, 10;
    %flag_get/vec4 4;
    %jmp/0 T_3.5, 4;
    %load/vec4 v000001c442a93be0_0;
    %pushi/vec4 999, 0, 10;
    %cmp/e;
    %flag_get/vec4 4;
    %and;
T_3.5;
    %flag_set/vec4 9;
    %flag_get/vec4 9;
    %jmp/0 T_3.4, 9;
    %load/vec4 v000001c442a93890_0;
    %pushi/vec4 49, 0, 6;
    %cmp/e;
    %flag_get/vec4 4;
    %and;
T_3.4;
    %flag_set/vec4 8;
    %jmp/0xz  T_3.2, 8;
    %load/vec4 v000001c442a937f0_0;
    %inv;
    %assign/vec4 v000001c442a937f0_0, 0;
T_3.2 ;
T_3.1 ;
    %jmp T_3;
    .thread T_3;
    .scope S_000001c442a935b0;
T_4 ;
    %wait E_000001c442ab54f0;
    %load/vec4 v000001c442ac4290_0;
    %cmpi/e 0, 0, 1;
    %jmp/0xz  T_4.0, 4;
    %pushi/vec4 0, 0, 1;
    %assign/vec4 v000001c442ac4150_0, 0;
    %jmp T_4.1;
T_4.0 ;
    %load/vec4 v000001c442a937f0_0;
    %cmpi/e 1, 0, 1;
    %flag_get/vec4 4;
    %jmp/0 T_4.5, 4;
    %load/vec4 v000001c442a93be0_0;
    %load/vec4 v000001c442a0cc00_0;
    %cmp/u;
    %flag_get/vec4 5;
    %and;
T_4.5;
    %flag_set/vec4 8;
    %jmp/1 T_4.4, 8;
    %load/vec4 v000001c442a937f0_0;
    %cmpi/e 0, 0, 1;
    %flag_get/vec4 4;
    %jmp/0 T_4.6, 4;
    %load/vec4 v000001c442a0cc00_0;
    %load/vec4 v000001c442a93be0_0;
    %cmp/u;
    %flag_get/vec4 5;
    %and;
T_4.6;
    %flag_set/vec4 9;
    %flag_or 8, 9;
T_4.4;
    %jmp/0xz  T_4.2, 8;
    %pushi/vec4 0, 0, 1;
    %assign/vec4 v000001c442ac4150_0, 0;
    %jmp T_4.3;
T_4.2 ;
    %pushi/vec4 1, 0, 1;
    %assign/vec4 v000001c442ac4150_0, 0;
T_4.3 ;
T_4.1 ;
    %jmp T_4;
    .thread T_4;
# The file index is used to find the file name in the following table.
:file_names 3;
    "N/A";
    "<interactive>";
    "breath_led.v";
