#! /c/Source/iverilog-install/bin/vvp
:ivl_version "12.0 (devel)" "(s20150603-1539-g2693dd32b)";
:ivl_delay_selection "TYPICAL";
:vpi_time_precision - 9;
:vpi_module "D:\DAILYA~1\iverilog\lib\ivl\system.vpi";
:vpi_module "D:\DAILYA~1\iverilog\lib\ivl\vhdl_sys.vpi";
:vpi_module "D:\DAILYA~1\iverilog\lib\ivl\vhdl_textio.vpi";
:vpi_module "D:\DAILYA~1\iverilog\lib\ivl\v2005_math.vpi";
:vpi_module "D:\DAILYA~1\iverilog\lib\ivl\va_math.vpi";
S_000001e41252de30 .scope module, "tb_breath_led" "tb_breath_led" 2 21;
 .timescale -9 -9;
v000001e412521a10_0 .net "led_out", 0 0, v000001e412521830_0;  1 drivers
v000001e412521ab0_0 .var "sys_clk", 0 0;
v000001e412521b50_0 .var "sys_rst_n", 0 0;
S_000001e41252c7e0 .scope module, "breath_led_inst" "breath_led" 2 57, 3 20 0, S_000001e41252de30;
 .timescale -9 -9;
    .port_info 0 /INPUT 1 "sys_clk";
    .port_info 1 /INPUT 1 "sys_rst_n";
    .port_info 2 /OUTPUT 1 "led_out";
P_000001e41252c970 .param/l "CNT_1MS_MAX" 0 3 23, C4<0000001001>;
P_000001e41252c9a8 .param/l "CNT_1S_MAX" 0 3 24, C4<0000001001>;
P_000001e41252c9e0 .param/l "CNT_1US_MAX" 0 3 22, C4<000100>;
v000001e412521e90_0 .var "cnt_1ms", 9 0;
v000001e41252ca20_0 .var "cnt_1s", 9 0;
v000001e41252cac0_0 .var "cnt_1s_en", 0 0;
v000001e412521790_0 .var "cnt_1us", 5 0;
v000001e412521830_0 .var "led_out", 0 0;
v000001e4125218d0_0 .net "sys_clk", 0 0, v000001e412521ab0_0;  1 drivers
v000001e412521970_0 .net "sys_rst_n", 0 0, v000001e412521b50_0;  1 drivers
E_000001e41252d6b0/0 .event negedge, v000001e412521970_0;
E_000001e41252d6b0/1 .event posedge, v000001e4125218d0_0;
E_000001e41252d6b0 .event/or E_000001e41252d6b0/0, E_000001e41252d6b0/1;
    .scope S_000001e41252c7e0;
T_0 ;
    %wait E_000001e41252d6b0;
    %load/vec4 v000001e412521970_0;
    %cmpi/e 0, 0, 1;
    %jmp/0xz  T_0.0, 4;
    %pushi/vec4 0, 0, 6;
    %assign/vec4 v000001e412521790_0, 0;
    %jmp T_0.1;
T_0.0 ;
    %load/vec4 v000001e412521790_0;
    %cmpi/e 4, 0, 6;
    %jmp/0xz  T_0.2, 4;
    %pushi/vec4 0, 0, 6;
    %assign/vec4 v000001e412521790_0, 0;
    %jmp T_0.3;
T_0.2 ;
    %load/vec4 v000001e412521790_0;
    %addi 1, 0, 6;
    %assign/vec4 v000001e412521790_0, 0;
T_0.3 ;
T_0.1 ;
    %jmp T_0;
    .thread T_0;
    .scope S_000001e41252c7e0;
T_1 ;
    %wait E_000001e41252d6b0;
    %load/vec4 v000001e412521970_0;
    %cmpi/e 0, 0, 1;
    %jmp/0xz  T_1.0, 4;
    %pushi/vec4 0, 0, 10;
    %assign/vec4 v000001e412521e90_0, 0;
    %jmp T_1.1;
T_1.0 ;
    %load/vec4 v000001e412521e90_0;
    %cmpi/e 9, 0, 10;
    %flag_get/vec4 4;
    %jmp/0 T_1.4, 4;
    %load/vec4 v000001e412521790_0;
    %pushi/vec4 4, 0, 6;
    %cmp/e;
    %flag_get/vec4 4;
    %and;
T_1.4;
    %flag_set/vec4 8;
    %jmp/0xz  T_1.2, 8;
    %pushi/vec4 0, 0, 10;
    %assign/vec4 v000001e412521e90_0, 0;
    %jmp T_1.3;
T_1.2 ;
    %load/vec4 v000001e412521790_0;
    %cmpi/e 4, 0, 6;
    %jmp/0xz  T_1.5, 4;
    %load/vec4 v000001e412521e90_0;
    %addi 1, 0, 10;
    %assign/vec4 v000001e412521e90_0, 0;
T_1.5 ;
T_1.3 ;
T_1.1 ;
    %jmp T_1;
    .thread T_1;
    .scope S_000001e41252c7e0;
T_2 ;
    %wait E_000001e41252d6b0;
    %load/vec4 v000001e412521970_0;
    %cmpi/e 0, 0, 1;
    %jmp/0xz  T_2.0, 4;
    %pushi/vec4 0, 0, 10;
    %assign/vec4 v000001e41252ca20_0, 0;
    %jmp T_2.1;
T_2.0 ;
    %load/vec4 v000001e41252ca20_0;
    %cmpi/e 9, 0, 10;
    %flag_get/vec4 4;
    %jmp/0 T_2.5, 4;
    %load/vec4 v000001e412521e90_0;
    %pushi/vec4 9, 0, 10;
    %cmp/e;
    %flag_get/vec4 4;
    %and;
T_2.5;
    %flag_set/vec4 9;
    %flag_get/vec4 9;
    %jmp/0 T_2.4, 9;
    %load/vec4 v000001e412521790_0;
    %pushi/vec4 4, 0, 6;
    %cmp/e;
    %flag_get/vec4 4;
    %and;
T_2.4;
    %flag_set/vec4 8;
    %jmp/0xz  T_2.2, 8;
    %pushi/vec4 0, 0, 10;
    %assign/vec4 v000001e41252ca20_0, 0;
    %jmp T_2.3;
T_2.2 ;
    %load/vec4 v000001e412521e90_0;
    %cmpi/e 9, 0, 10;
    %flag_get/vec4 4;
    %jmp/0 T_2.8, 4;
    %load/vec4 v000001e412521790_0;
    %pushi/vec4 4, 0, 6;
    %cmp/e;
    %flag_get/vec4 4;
    %and;
T_2.8;
    %flag_set/vec4 8;
    %jmp/0xz  T_2.6, 8;
    %load/vec4 v000001e41252ca20_0;
    %addi 1, 0, 10;
    %assign/vec4 v000001e41252ca20_0, 0;
T_2.6 ;
T_2.3 ;
T_2.1 ;
    %jmp T_2;
    .thread T_2;
    .scope S_000001e41252c7e0;
T_3 ;
    %wait E_000001e41252d6b0;
    %load/vec4 v000001e412521970_0;
    %cmpi/e 0, 0, 1;
    %jmp/0xz  T_3.0, 4;
    %pushi/vec4 0, 0, 1;
    %assign/vec4 v000001e41252cac0_0, 0;
    %jmp T_3.1;
T_3.0 ;
    %load/vec4 v000001e41252ca20_0;
    %cmpi/e 9, 0, 10;
    %flag_get/vec4 4;
    %jmp/0 T_3.5, 4;
    %load/vec4 v000001e412521e90_0;
    %pushi/vec4 9, 0, 10;
    %cmp/e;
    %flag_get/vec4 4;
    %and;
T_3.5;
    %flag_set/vec4 9;
    %flag_get/vec4 9;
    %jmp/0 T_3.4, 9;
    %load/vec4 v000001e412521790_0;
    %pushi/vec4 4, 0, 6;
    %cmp/e;
    %flag_get/vec4 4;
    %and;
T_3.4;
    %flag_set/vec4 8;
    %jmp/0xz  T_3.2, 8;
    %load/vec4 v000001e41252cac0_0;
    %inv;
    %assign/vec4 v000001e41252cac0_0, 0;
T_3.2 ;
T_3.1 ;
    %jmp T_3;
    .thread T_3;
    .scope S_000001e41252c7e0;
T_4 ;
    %wait E_000001e41252d6b0;
    %load/vec4 v000001e412521970_0;
    %cmpi/e 0, 0, 1;
    %jmp/0xz  T_4.0, 4;
    %pushi/vec4 0, 0, 1;
    %assign/vec4 v000001e412521830_0, 0;
    %jmp T_4.1;
T_4.0 ;
    %load/vec4 v000001e41252cac0_0;
    %cmpi/e 1, 0, 1;
    %flag_get/vec4 4;
    %jmp/0 T_4.5, 4;
    %load/vec4 v000001e412521e90_0;
    %load/vec4 v000001e41252ca20_0;
    %cmp/u;
    %flag_get/vec4 5;
    %and;
T_4.5;
    %flag_set/vec4 8;
    %jmp/1 T_4.4, 8;
    %load/vec4 v000001e41252cac0_0;
    %cmpi/e 0, 0, 1;
    %flag_get/vec4 4;
    %jmp/0 T_4.6, 4;
    %load/vec4 v000001e41252ca20_0;
    %load/vec4 v000001e412521e90_0;
    %cmp/u;
    %flag_get/vec4 5;
    %and;
T_4.6;
    %flag_set/vec4 9;
    %flag_or 8, 9;
T_4.4;
    %jmp/0xz  T_4.2, 8;
    %pushi/vec4 0, 0, 1;
    %assign/vec4 v000001e412521830_0, 0;
    %jmp T_4.3;
T_4.2 ;
    %pushi/vec4 1, 0, 1;
    %assign/vec4 v000001e412521830_0, 0;
T_4.3 ;
T_4.1 ;
    %jmp T_4;
    .thread T_4;
    .scope S_000001e41252de30;
T_5 ;
    %pushi/vec4 1, 0, 1;
    %store/vec4 v000001e412521ab0_0, 0, 1;
    %pushi/vec4 0, 0, 1;
    %assign/vec4 v000001e412521b50_0, 0;
    %delay 20, 0;
    %pushi/vec4 1, 0, 1;
    %assign/vec4 v000001e412521b50_0, 0;
    %end;
    .thread T_5;
    .scope S_000001e41252de30;
T_6 ;
    %delay 10, 0;
    %load/vec4 v000001e412521ab0_0;
    %inv;
    %store/vec4 v000001e412521ab0_0, 0, 1;
    %jmp T_6;
    .thread T_6;
    .scope S_000001e41252de30;
T_7 ;
T_7.0 ;
    %delay 100, 0;
    %vpi_func 2 69 "$time" 64 {0 0 0};
    %cmpi/u 2000000, 0, 64;
    %flag_inv 5; GE is !LT
    %jmp/0xz  T_7.1, 5;
    %vpi_call 2 69 "$finish" {0 0 0};
T_7.1 ;
    %jmp T_7.0;
    %end;
    .thread T_7;
    .scope S_000001e41252de30;
T_8 ;
    %vpi_call 2 74 "$dumpfile", "test.vcd" {0 0 0};
    %vpi_call 2 75 "$dumpvars", 32'sb00000000000000000000000000000000, S_000001e41252de30 {0 0 0};
    %end;
    .thread T_8;
# The file index is used to find the file name in the following table.
:file_names 4;
    "N/A";
    "<interactive>";
    "tb_breath_led.v";
    "./breath_led.v";
