#! /c/Source/iverilog-install/bin/vvp
:ivl_version "12.0 (devel)" "(s20150603-1539-g2693dd32b)";
:ivl_delay_selection "TYPICAL";
:vpi_time_precision + 0;
:vpi_module "D:\DAILYA~1\iverilog\lib\ivl\system.vpi";
:vpi_module "D:\DAILYA~1\iverilog\lib\ivl\vhdl_sys.vpi";
:vpi_module "D:\DAILYA~1\iverilog\lib\ivl\vhdl_textio.vpi";
:vpi_module "D:\DAILYA~1\iverilog\lib\ivl\v2005_math.vpi";
:vpi_module "D:\DAILYA~1\iverilog\lib\ivl\va_math.vpi";
S_000001b507781790 .scope module, "minux" "minux" 2 1;
 .timescale 0 0;
    .port_info 0 /INPUT 1 "clk";
    .port_info 1 /INPUT 1 "rst_n";
    .port_info 2 /INPUT 8 "a";
    .port_info 3 /INPUT 8 "b";
    .port_info 4 /OUTPUT 9 "c";
o000001b5077d6ed8 .functor BUFZ 8, C4<zzzzzzzz>; HiZ drive
v000001b507781d30_0 .net "a", 7 0, o000001b5077d6ed8;  0 drivers
o000001b5077d6f08 .functor BUFZ 8, C4<zzzzzzzz>; HiZ drive
v000001b507781920_0 .net "b", 7 0, o000001b5077d6f08;  0 drivers
v000001b5077819c0_0 .var "c", 8 0;
o000001b5077d6f68 .functor BUFZ 1, C4<z>; HiZ drive
v000001b507781a60_0 .net "clk", 0 0, o000001b5077d6f68;  0 drivers
o000001b5077d6f98 .functor BUFZ 1, C4<z>; HiZ drive
v000001b507781b00_0 .net "rst_n", 0 0, o000001b5077d6f98;  0 drivers
E_000001b5077d5670/0 .event negedge, v000001b507781b00_0;
E_000001b5077d5670/1 .event posedge, v000001b507781a60_0;
E_000001b5077d5670 .event/or E_000001b5077d5670/0, E_000001b5077d5670/1;
    .scope S_000001b507781790;
T_0 ;
    %wait E_000001b5077d5670;
    %load/vec4 v000001b507781b00_0;
    %nor/r;
    %flag_set/vec4 8;
    %jmp/0xz  T_0.0, 8;
    %load/vec4 v000001b507781d30_0;
    %pad/u 9;
    %load/vec4 v000001b507781920_0;
    %pad/u 9;
    %add;
    %assign/vec4 v000001b5077819c0_0, 0;
    %jmp T_0.1;
T_0.0 ;
    %load/vec4 v000001b507781920_0;
    %load/vec4 v000001b507781d30_0;
    %cmp/u;
    %jmp/0xz  T_0.2, 5;
    %load/vec4 v000001b507781d30_0;
    %pad/u 9;
    %load/vec4 v000001b507781920_0;
    %pad/u 9;
    %sub;
    %assign/vec4 v000001b5077819c0_0, 0;
    %jmp T_0.3;
T_0.2 ;
    %load/vec4 v000001b507781920_0;
    %pad/u 9;
    %load/vec4 v000001b507781d30_0;
    %pad/u 9;
    %sub;
    %assign/vec4 v000001b5077819c0_0, 0;
T_0.3 ;
T_0.1 ;
    %jmp T_0;
    .thread T_0;
# The file index is used to find the file name in the following table.
:file_names 3;
    "N/A";
    "<interactive>";
    "minus.v";
