#! /c/Source/iverilog-install/bin/vvp
:ivl_version "12.0 (devel)" "(s20150603-1539-g2693dd32b)";
:ivl_delay_selection "TYPICAL";
:vpi_time_precision - 12;
:vpi_module "D:\DAILYA~1\iverilog\lib\ivl\system.vpi";
:vpi_module "D:\DAILYA~1\iverilog\lib\ivl\vhdl_sys.vpi";
:vpi_module "D:\DAILYA~1\iverilog\lib\ivl\vhdl_textio.vpi";
:vpi_module "D:\DAILYA~1\iverilog\lib\ivl\v2005_math.vpi";
:vpi_module "D:\DAILYA~1\iverilog\lib\ivl\va_math.vpi";
S_000001de599a6070 .scope module, "tb_minux" "tb_minux" 2 5;
 .timescale -9 -12;
P_000001de5995b5f0 .param/l "PERIOD" 0 2 8, +C4<00000000000000000000000000001010>;
v000001de599a3710_0 .var "a", 7 0;
v000001de599a37b0_0 .var "b", 7 0;
v000001de599a3850_0 .net "c", 8 0, v000001de599a2d20_0;  1 drivers
v000001de599a38f0_0 .var "clk", 0 0;
v000001de599a3990_0 .var "rst_n", 0 0;
S_000001de599a6200 .scope module, "u_minux" "minux" 2 21, 3 1 0, S_000001de599a6070;
 .timescale 0 0;
    .port_info 0 /INPUT 1 "clk";
    .port_info 1 /INPUT 1 "rst_n";
    .port_info 2 /INPUT 8 "a";
    .port_info 3 /INPUT 8 "b";
    .port_info 4 /OUTPUT 9 "c";
v000001de599a6390_0 .net "a", 7 0, v000001de599a3710_0;  1 drivers
v000001de599a6430_0 .net "b", 7 0, v000001de599a37b0_0;  1 drivers
v000001de599a2d20_0 .var "c", 8 0;
v000001de599a35d0_0 .net "clk", 0 0, v000001de599a38f0_0;  1 drivers
v000001de599a3670_0 .net "rst_n", 0 0, v000001de599a3990_0;  1 drivers
E_000001de5995ac70/0 .event negedge, v000001de599a3670_0;
E_000001de5995ac70/1 .event posedge, v000001de599a35d0_0;
E_000001de5995ac70 .event/or E_000001de5995ac70/0, E_000001de5995ac70/1;
    .scope S_000001de599a6200;
T_0 ;
    %wait E_000001de5995ac70;
    %load/vec4 v000001de599a3670_0;
    %nor/r;
    %flag_set/vec4 8;
    %jmp/0xz  T_0.0, 8;
    %load/vec4 v000001de599a6390_0;
    %pad/u 9;
    %load/vec4 v000001de599a6430_0;
    %pad/u 9;
    %add;
    %assign/vec4 v000001de599a2d20_0, 0;
    %jmp T_0.1;
T_0.0 ;
    %load/vec4 v000001de599a6430_0;
    %load/vec4 v000001de599a6390_0;
    %cmp/u;
    %jmp/0xz  T_0.2, 5;
    %load/vec4 v000001de599a6390_0;
    %pad/u 9;
    %load/vec4 v000001de599a6430_0;
    %pad/u 9;
    %sub;
    %assign/vec4 v000001de599a2d20_0, 0;
    %jmp T_0.3;
T_0.2 ;
    %load/vec4 v000001de599a6430_0;
    %pad/u 9;
    %load/vec4 v000001de599a6390_0;
    %pad/u 9;
    %sub;
    %assign/vec4 v000001de599a2d20_0, 0;
T_0.3 ;
T_0.1 ;
    %jmp T_0;
    .thread T_0;
    .scope S_000001de599a6070;
T_1 ;
    %pushi/vec4 0, 0, 1;
    %store/vec4 v000001de599a38f0_0, 0, 1;
    %pushi/vec4 0, 0, 1;
    %store/vec4 v000001de599a3990_0, 0, 1;
    %pushi/vec4 0, 0, 8;
    %store/vec4 v000001de599a3710_0, 0, 8;
    %pushi/vec4 0, 0, 8;
    %store/vec4 v000001de599a37b0_0, 0, 8;
    %end;
    .thread T_1;
    .scope S_000001de599a6070;
T_2 ;
    %pushi/vec4 0, 0, 1;
    %store/vec4 v000001de599a3990_0, 0, 1;
    %pushi/vec4 10, 0, 8;
    %assign/vec4 v000001de599a3710_0, 0;
    %pushi/vec4 20, 0, 8;
    %assign/vec4 v000001de599a37b0_0, 0;
    %end;
    .thread T_2;
    .scope S_000001de599a6070;
T_3 ;
    %delay 10000, 0;
    %pushi/vec4 10, 0, 8;
    %assign/vec4 v000001de599a3710_0, 0;
    %pushi/vec4 20, 0, 8;
    %assign/vec4 v000001de599a37b0_0, 0;
    %delay 10000, 0;
    %pushi/vec4 20, 0, 8;
    %assign/vec4 v000001de599a3710_0, 0;
    %pushi/vec4 20, 0, 8;
    %assign/vec4 v000001de599a37b0_0, 0;
    %delay 10000, 0;
    %pushi/vec4 30, 0, 8;
    %assign/vec4 v000001de599a3710_0, 0;
    %pushi/vec4 20, 0, 8;
    %assign/vec4 v000001de599a37b0_0, 0;
    %delay 10000, 0;
    %pushi/vec4 40, 0, 8;
    %assign/vec4 v000001de599a3710_0, 0;
    %pushi/vec4 20, 0, 8;
    %assign/vec4 v000001de599a37b0_0, 0;
    %vpi_call 2 43 "$finish" {0 0 0};
    %end;
    .thread T_3;
    .scope S_000001de599a6070;
T_4 ;
    %vpi_call 2 52 "$dumpfile", "minus.vcd" {0 0 0};
    %vpi_call 2 53 "$dumpvars", 32'sb00000000000000000000000000000000, S_000001de599a6070 {0 0 0};
    %end;
    .thread T_4;
# The file index is used to find the file name in the following table.
:file_names 4;
    "N/A";
    "<interactive>";
    "tb_minus.v";
    "./minus.v";
