#! /c/Source/iverilog-install/bin/vvp
:ivl_version "12.0 (devel)" "(s20150603-1539-g2693dd32b)";
:ivl_delay_selection "TYPICAL";
:vpi_time_precision - 9;
:vpi_module "D:\DAILYA~1\iverilog\lib\ivl\system.vpi";
:vpi_module "D:\DAILYA~1\iverilog\lib\ivl\vhdl_sys.vpi";
:vpi_module "D:\DAILYA~1\iverilog\lib\ivl\vhdl_textio.vpi";
:vpi_module "D:\DAILYA~1\iverilog\lib\ivl\v2005_math.vpi";
:vpi_module "D:\DAILYA~1\iverilog\lib\ivl\va_math.vpi";
S_0000017d06882c70 .scope module, "odd_even" "odd_even" 2 3;
 .timescale -9 -9;
    .port_info 0 /INPUT 32 "bus";
    .port_info 1 /INPUT 1 "sel";
    .port_info 2 /OUTPUT 1 "check";
L_0000017d0688a070 .functor NOT 1, L_0000017d06882ea0, C4<0>, C4<0>, C4<0>;
v0000017d06883460_0 .net *"_ivl_2", 0 0, L_0000017d0688a070;  1 drivers
o0000017d06a74938 .functor BUFZ 32, C4<zzzzzzzzzzzzzzzzzzzzzzzzzzzzzzzz>; HiZ drive
v0000017d06889fd0_0 .net "bus", 31 0, o0000017d06a74938;  0 drivers
v0000017d0688de10_0 .net "check", 0 0, L_0000017d06882f40;  1 drivers
o0000017d06a74998 .functor BUFZ 1, C4<z>; HiZ drive
v0000017d0688deb0_0 .net "sel", 0 0, o0000017d06a74998;  0 drivers
v0000017d06882e00_0 .net "tmp", 0 0, L_0000017d06882ea0;  1 drivers
L_0000017d06882ea0 .reduce/xor o0000017d06a74938;
L_0000017d06882f40 .functor MUXZ 1, L_0000017d0688a070, L_0000017d06882ea0, o0000017d06a74998, C4<>;
# The file index is used to find the file name in the following table.
:file_names 3;
    "N/A";
    "<interactive>";
    "odd_even.v";
