#! /c/Source/iverilog-install/bin/vvp
:ivl_version "12.0 (devel)" "(s20150603-1539-g2693dd32b)";
:ivl_delay_selection "TYPICAL";
:vpi_time_precision - 12;
:vpi_module "D:\DAILYA~1\iverilog\lib\ivl\system.vpi";
:vpi_module "D:\DAILYA~1\iverilog\lib\ivl\vhdl_sys.vpi";
:vpi_module "D:\DAILYA~1\iverilog\lib\ivl\vhdl_textio.vpi";
:vpi_module "D:\DAILYA~1\iverilog\lib\ivl\v2005_math.vpi";
:vpi_module "D:\DAILYA~1\iverilog\lib\ivl\va_math.vpi";
S_000001d36a4234b0 .scope module, "tb_odd_even_m" "tb_odd_even_m" 2 5;
 .timescale -9 -12;
P_000001d36a40a060 .param/l "PERIOD" 0 2 8, +C4<00000000000000000000000000001010>;
v000001d36a4237d0_0 .var "bus111", 31 0;
v000001d36a423870_0 .net "check123", 0 0, L_000001d36a49dac0;  1 drivers
v000001d36a49d840_0 .var "clk", 0 0;
v000001d36a49d8e0_0 .var "rst_n", 0 0;
v000001d36a49d980_0 .var "sel222", 0 0;
S_000001d36a423640 .scope module, "u_odd_even" "odd_even" 2 29, 3 3 0, S_000001d36a4234b0;
 .timescale -9 -9;
    .port_info 0 /INPUT 32 "bus";
    .port_info 1 /INPUT 1 "sel";
    .port_info 2 /OUTPUT 1 "check";
L_000001d36a45ace0 .functor NOT 1, L_000001d36a49da20, C4<0>, C4<0>, C4<0>;
v000001d36a40e180_0 .net *"_ivl_2", 0 0, L_000001d36a45ace0;  1 drivers
v000001d36a403090_0 .net "bus", 31 0, v000001d36a4237d0_0;  1 drivers
v000001d36a45ac40_0 .net "check", 0 0, L_000001d36a49dac0;  alias, 1 drivers
v000001d36a40d530_0 .net "sel", 0 0, v000001d36a49d980_0;  1 drivers
v000001d36a40d5d0_0 .net "tmp", 0 0, L_000001d36a49da20;  1 drivers
L_000001d36a49da20 .reduce/xor v000001d36a4237d0_0;
L_000001d36a49dac0 .functor MUXZ 1, L_000001d36a45ace0, L_000001d36a49da20, v000001d36a49d980_0, C4<>;
    .scope S_000001d36a4234b0;
T_0 ;
    %pushi/vec4 0, 0, 1;
    %store/vec4 v000001d36a49d840_0, 0, 1;
    %pushi/vec4 0, 0, 1;
    %store/vec4 v000001d36a49d8e0_0, 0, 1;
    %pushi/vec4 0, 0, 32;
    %store/vec4 v000001d36a4237d0_0, 0, 32;
    %pushi/vec4 0, 0, 1;
    %store/vec4 v000001d36a49d980_0, 0, 1;
    %end;
    .thread T_0;
    .scope S_000001d36a4234b0;
T_1 ;
T_1.0 ;
    %delay 5000, 0;
    %load/vec4 v000001d36a49d840_0;
    %inv;
    %store/vec4 v000001d36a49d840_0, 0, 1;
    %jmp T_1.0;
    %end;
    .thread T_1;
    .scope S_000001d36a4234b0;
T_2 ;
    %delay 20000, 0;
    %pushi/vec4 1, 0, 1;
    %store/vec4 v000001d36a49d8e0_0, 0, 1;
    %end;
    .thread T_2;
    .scope S_000001d36a4234b0;
T_3 ;
    %pushi/vec4 1, 0, 1;
    %assign/vec4 v000001d36a49d980_0, 0;
    %pushi/vec4 1, 0, 32;
    %assign/vec4 v000001d36a4237d0_0, 0;
    %delay 10000, 0;
    %pushi/vec4 1, 0, 1;
    %assign/vec4 v000001d36a49d980_0, 0;
    %pushi/vec4 3, 0, 32;
    %assign/vec4 v000001d36a4237d0_0, 0;
    %delay 10000, 0;
    %pushi/vec4 0, 0, 1;
    %assign/vec4 v000001d36a49d980_0, 0;
    %pushi/vec4 5, 0, 32;
    %assign/vec4 v000001d36a4237d0_0, 0;
    %delay 10000, 0;
    %pushi/vec4 0, 0, 1;
    %assign/vec4 v000001d36a49d980_0, 0;
    %pushi/vec4 7, 0, 32;
    %assign/vec4 v000001d36a4237d0_0, 0;
    %delay 10000, 0;
    %vpi_call 2 43 "$finish" {0 0 0};
    %end;
    .thread T_3;
    .scope S_000001d36a4234b0;
T_4 ;
    %vpi_call 2 48 "$dumpfile", "result.vcd" {0 0 0};
    %vpi_call 2 49 "$dumpvars", 32'sb00000000000000000000000000000000, S_000001d36a4234b0 {0 0 0};
    %end;
    .thread T_4;
# The file index is used to find the file name in the following table.
:file_names 4;
    "N/A";
    "<interactive>";
    "tb_odd_even.v";
    "./odd_even.v";
