#! /c/Source/iverilog-install/bin/vvp
:ivl_version "12.0 (devel)" "(s20150603-1539-g2693dd32b)";
:ivl_delay_selection "TYPICAL";
:vpi_time_precision + 0;
:vpi_module "D:\DAILYA~1\iverilog\lib\ivl\system.vpi";
:vpi_module "D:\DAILYA~1\iverilog\lib\ivl\vhdl_sys.vpi";
:vpi_module "D:\DAILYA~1\iverilog\lib\ivl\vhdl_textio.vpi";
:vpi_module "D:\DAILYA~1\iverilog\lib\ivl\v2005_math.vpi";
:vpi_module "D:\DAILYA~1\iverilog\lib\ivl\va_math.vpi";
S_00000287d9b24a40 .scope module, "uart_loopback_top" "uart_loopback_top" 2 6;
 .timescale 0 0;
    .port_info 0 /INPUT 1 "sys_clk";
    .port_info 1 /INPUT 1 "sys_rst_n";
    .port_info 2 /INPUT 1 "uart_rxd";
    .port_info 3 /OUTPUT 1 "uart_txd";
P_00000287d9b528b0 .param/l "CLK_FREQ" 0 2 18, +C4<00000010111110101111000010000000>;
P_00000287d9b528e8 .param/l "UART_BPS" 0 2 19, +C4<00000000000000011100001000000000>;
o00000287d9b57938 .functor BUFZ 1, C4<z>; HiZ drive
v00000287d9bad3a0_0 .net "sys_clk", 0 0, o00000287d9b57938;  0 drivers
o00000287d9b57968 .functor BUFZ 1, C4<z>; HiZ drive
v00000287d9badc60_0 .net "sys_rst_n", 0 0, o00000287d9b57968;  0 drivers
v00000287d9bad260_0 .net "uart_recv_data", 7 0, v00000287d9b21810_0;  1 drivers
v00000287d9bad800_0 .net "uart_recv_done", 0 0, v00000287d9bad9e0_0;  1 drivers
o00000287d9b57c68 .functor BUFZ 1, C4<z>; HiZ drive
v00000287d9bad440_0 .net "uart_rxd", 0 0, o00000287d9b57c68;  0 drivers
v00000287d9bad080_0 .net "uart_send_data", 7 0, v00000287d9b21a90_0;  1 drivers
v00000287d9bad120_0 .net "uart_tx_busy", 0 0, L_00000287d9b1e480;  1 drivers
v00000287d9bad940_0 .net "uart_tx_en", 0 0, v00000287d9b21db0_0;  1 drivers
v00000287d9bad1c0_0 .net "uart_txd", 0 0, v00000287d9bad6c0_0;  1 drivers
S_00000287d9b18010 .scope module, "u_uart_loop" "uart_loop" 2 46, 3 2 0, S_00000287d9b24a40;
 .timescale 0 0;
    .port_info 0 /INPUT 1 "sys_clk";
    .port_info 1 /INPUT 1 "sys_rst_n";
    .port_info 2 /INPUT 1 "recv_done";
    .port_info 3 /INPUT 8 "recv_data";
    .port_info 4 /INPUT 1 "uart_tx_busy";
    .port_info 5 /OUTPUT 1 "send_en";
    .port_info 6 /OUTPUT 8 "send_data";
L_00000287d9b1d990 .functor NOT 1, v00000287d9b21ef0_0, C4<0>, C4<0>, C4<0>;
L_00000287d9b1df40 .functor AND 1, v00000287d9b21d10_0, L_00000287d9b1d990, C4<1>, C4<1>;
v00000287d9b21b30_0 .net *"_ivl_0", 0 0, L_00000287d9b1d990;  1 drivers
v00000287d9b22170_0 .net "recv_data", 7 0, v00000287d9b21810_0;  alias, 1 drivers
v00000287d9b21e50_0 .net "recv_done", 0 0, v00000287d9bad9e0_0;  alias, 1 drivers
v00000287d9b21d10_0 .var "recv_done_d0", 0 0;
v00000287d9b21ef0_0 .var "recv_done_d1", 0 0;
v00000287d9b22030_0 .net "recv_done_flag", 0 0, L_00000287d9b1df40;  1 drivers
v00000287d9b21a90_0 .var "send_data", 7 0;
v00000287d9b21db0_0 .var "send_en", 0 0;
v00000287d9b21f90_0 .net "sys_clk", 0 0, o00000287d9b57938;  alias, 0 drivers
v00000287d9b218b0_0 .net "sys_rst_n", 0 0, o00000287d9b57968;  alias, 0 drivers
v00000287d9b219f0_0 .var "tx_ready", 0 0;
v00000287d9b220d0_0 .net "uart_tx_busy", 0 0, L_00000287d9b1e480;  alias, 1 drivers
E_00000287d9b1ea40/0 .event negedge, v00000287d9b218b0_0;
E_00000287d9b1ea40/1 .event posedge, v00000287d9b21f90_0;
E_00000287d9b1ea40 .event/or E_00000287d9b1ea40/0, E_00000287d9b1ea40/1;
S_00000287d9b19200 .scope module, "u_uart_recv" "uart_recv" 2 24, 4 1 0, S_00000287d9b24a40;
 .timescale 0 0;
    .port_info 0 /INPUT 1 "sys_clk";
    .port_info 1 /INPUT 1 "sys_rst_n";
    .port_info 2 /INPUT 1 "uart_rxd";
    .port_info 3 /OUTPUT 8 "uart_data";
    .port_info 4 /OUTPUT 1 "uart_recv_done";
P_00000287d9b19390 .param/l "BPS_CNT" 1 4 12, +C4<00000000000000000000000110110010>;
P_00000287d9b193c8 .param/l "CLK_FREQ" 0 4 10, +C4<00000010111110101111000010000000>;
P_00000287d9b19400 .param/l "UART_BPS" 0 4 11, +C4<00000000000000011100001000000000>;
L_00000287d9b1da00 .functor NOT 1, v00000287d9badda0_0, C4<0>, C4<0>, C4<0>;
L_00000287d9b1d7d0 .functor AND 1, L_00000287d9b1da00, v00000287d9bae340_0, C4<1>, C4<1>;
v00000287d9b22210_0 .net *"_ivl_0", 0 0, L_00000287d9b1da00;  1 drivers
v00000287d9b222b0_0 .var "clk_cnt", 16 0;
v00000287d9b22350_0 .var "rx_cnt", 4 0;
v00000287d9b223f0_0 .var "rx_data", 7 0;
v00000287d9b22490_0 .var "rx_flag", 0 0;
v00000287d9b21590_0 .net "start_flag", 0 0, L_00000287d9b1d7d0;  1 drivers
v00000287d9b21630_0 .net "sys_clk", 0 0, o00000287d9b57938;  alias, 0 drivers
v00000287d9b216d0_0 .net "sys_rst_n", 0 0, o00000287d9b57968;  alias, 0 drivers
v00000287d9b21810_0 .var "uart_data", 7 0;
v00000287d9bad9e0_0 .var "uart_recv_done", 0 0;
v00000287d9bad580_0 .net "uart_rxd", 0 0, o00000287d9b57c68;  alias, 0 drivers
v00000287d9badda0_0 .var "uart_rxd_d0", 0 0;
v00000287d9bae340_0 .var "uart_rxd_d1", 0 0;
S_00000287d9b4db00 .scope module, "u_uart_send" "uart_send" 2 36, 5 1 0, S_00000287d9b24a40;
 .timescale 0 0;
    .port_info 0 /INPUT 1 "sys_clk";
    .port_info 1 /INPUT 1 "sys_rst_n";
    .port_info 2 /INPUT 1 "uart_tx_en";
    .port_info 3 /INPUT 8 "uart_din";
    .port_info 4 /OUTPUT 1 "uart_txd";
    .port_info 5 /OUTPUT 1 "uart_tx_busy";
P_00000287d9c3def0 .param/l "BPS_CNT" 1 5 12, +C4<00000000000000000000000110110010>;
P_00000287d9c3df28 .param/l "CLK_FREQ" 0 5 10, +C4<00000010111110101111000010000000>;
P_00000287d9c3df60 .param/l "UART_BPS" 0 5 11, +C4<00000000000000011100001000000000>;
L_00000287d9b1e480 .functor BUFZ 1, v00000287d9bae660_0, C4<0>, C4<0>, C4<0>;
L_00000287d9b1e100 .functor NOT 1, v00000287d9badbc0_0, C4<0>, C4<0>, C4<0>;
L_00000287d9b1d680 .functor AND 1, L_00000287d9b1e100, v00000287d9badb20_0, C4<1>, C4<1>;
v00000287d9bad4e0_0 .net *"_ivl_2", 0 0, L_00000287d9b1e100;  1 drivers
v00000287d9baeb60_0 .var "clk_cnt", 15 0;
v00000287d9baede0_0 .net "en_flag", 0 0, L_00000287d9b1d680;  1 drivers
v00000287d9bada80_0 .net "sys_clk", 0 0, o00000287d9b57938;  alias, 0 drivers
v00000287d9bae840_0 .net "sys_rst_n", 0 0, o00000287d9b57968;  alias, 0 drivers
v00000287d9bae020_0 .var "tx_cnt", 3 0;
v00000287d9baeca0_0 .var "tx_data", 7 0;
v00000287d9bae660_0 .var "tx_flag", 0 0;
v00000287d9bae200_0 .net "uart_din", 7 0, v00000287d9b21a90_0;  alias, 1 drivers
v00000287d9bad620_0 .net "uart_tx_busy", 0 0, L_00000287d9b1e480;  alias, 1 drivers
v00000287d9bae160_0 .net "uart_tx_en", 0 0, v00000287d9b21db0_0;  alias, 1 drivers
v00000287d9badb20_0 .var "uart_tx_en_d0", 0 0;
v00000287d9badbc0_0 .var "uart_tx_en_d1", 0 0;
v00000287d9bad6c0_0 .var "uart_txd", 0 0;
    .scope S_00000287d9b19200;
T_0 ;
    %wait E_00000287d9b1ea40;
    %load/vec4 v00000287d9b216d0_0;
    %nor/r;
    %flag_set/vec4 8;
    %jmp/0xz  T_0.0, 8;
    %pushi/vec4 0, 0, 1;
    %assign/vec4 v00000287d9badda0_0, 0;
    %pushi/vec4 0, 0, 1;
    %assign/vec4 v00000287d9bae340_0, 0;
    %jmp T_0.1;
T_0.0 ;
    %load/vec4 v00000287d9bad580_0;
    %assign/vec4 v00000287d9badda0_0, 0;
    %load/vec4 v00000287d9badda0_0;
    %assign/vec4 v00000287d9bae340_0, 0;
T_0.1 ;
    %jmp T_0;
    .thread T_0;
    .scope S_00000287d9b19200;
T_1 ;
    %wait E_00000287d9b1ea40;
    %load/vec4 v00000287d9b216d0_0;
    %nor/r;
    %flag_set/vec4 8;
    %jmp/0xz  T_1.0, 8;
    %pushi/vec4 0, 0, 1;
    %assign/vec4 v00000287d9b22490_0, 0;
    %jmp T_1.1;
T_1.0 ;
    %load/vec4 v00000287d9b21590_0;
    %flag_set/vec4 8;
    %jmp/0xz  T_1.2, 8;
    %pushi/vec4 1, 0, 1;
    %assign/vec4 v00000287d9b22490_0, 0;
    %jmp T_1.3;
T_1.2 ;
    %load/vec4 v00000287d9b22350_0;
    %pad/u 32;
    %cmpi/e 9, 0, 32;
    %flag_get/vec4 4;
    %jmp/0 T_1.6, 4;
    %load/vec4 v00000287d9b222b0_0;
    %pad/u 32;
    %pushi/vec4 108, 0, 32;
    %cmp/e;
    %flag_get/vec4 4;
    %and;
T_1.6;
    %flag_set/vec4 8;
    %jmp/0xz  T_1.4, 8;
    %pushi/vec4 0, 0, 1;
    %assign/vec4 v00000287d9b22490_0, 0;
    %jmp T_1.5;
T_1.4 ;
    %load/vec4 v00000287d9b22490_0;
    %assign/vec4 v00000287d9b22490_0, 0;
T_1.5 ;
T_1.3 ;
T_1.1 ;
    %jmp T_1;
    .thread T_1;
    .scope S_00000287d9b19200;
T_2 ;
    %wait E_00000287d9b1ea40;
    %load/vec4 v00000287d9b216d0_0;
    %nor/r;
    %flag_set/vec4 8;
    %jmp/0xz  T_2.0, 8;
    %pushi/vec4 0, 0, 17;
    %assign/vec4 v00000287d9b222b0_0, 0;
    %jmp T_2.1;
T_2.0 ;
    %load/vec4 v00000287d9b22490_0;
    %flag_set/vec4 8;
    %jmp/0xz  T_2.2, 8;
    %load/vec4 v00000287d9b222b0_0;
    %pad/u 32;
    %cmpi/u 433, 0, 32;
    %jmp/0xz  T_2.4, 5;
    %load/vec4 v00000287d9b222b0_0;
    %addi 1, 0, 17;
    %assign/vec4 v00000287d9b222b0_0, 0;
    %jmp T_2.5;
T_2.4 ;
    %pushi/vec4 0, 0, 17;
    %assign/vec4 v00000287d9b222b0_0, 0;
T_2.5 ;
    %jmp T_2.3;
T_2.2 ;
    %pushi/vec4 0, 0, 17;
    %assign/vec4 v00000287d9b222b0_0, 0;
T_2.3 ;
T_2.1 ;
    %jmp T_2;
    .thread T_2;
    .scope S_00000287d9b19200;
T_3 ;
    %wait E_00000287d9b1ea40;
    %load/vec4 v00000287d9b216d0_0;
    %nor/r;
    %flag_set/vec4 8;
    %jmp/0xz  T_3.0, 8;
    %pushi/vec4 0, 0, 5;
    %assign/vec4 v00000287d9b22350_0, 0;
    %jmp T_3.1;
T_3.0 ;
    %load/vec4 v00000287d9b22490_0;
    %flag_set/vec4 8;
    %jmp/0xz  T_3.2, 8;
    %load/vec4 v00000287d9b222b0_0;
    %pad/u 32;
    %cmpi/e 433, 0, 32;
    %jmp/0xz  T_3.4, 4;
    %load/vec4 v00000287d9b22350_0;
    %addi 1, 0, 5;
    %assign/vec4 v00000287d9b22350_0, 0;
    %jmp T_3.5;
T_3.4 ;
    %load/vec4 v00000287d9b22350_0;
    %assign/vec4 v00000287d9b22350_0, 0;
T_3.5 ;
    %jmp T_3.3;
T_3.2 ;
    %pushi/vec4 0, 0, 5;
    %assign/vec4 v00000287d9b22350_0, 0;
T_3.3 ;
T_3.1 ;
    %jmp T_3;
    .thread T_3;
    .scope S_00000287d9b19200;
T_4 ;
    %wait E_00000287d9b1ea40;
    %load/vec4 v00000287d9b216d0_0;
    %nor/r;
    %flag_set/vec4 8;
    %jmp/0xz  T_4.0, 8;
    %pushi/vec4 0, 0, 8;
    %assign/vec4 v00000287d9b223f0_0, 0;
    %jmp T_4.1;
T_4.0 ;
    %load/vec4 v00000287d9b22490_0;
    %flag_set/vec4 8;
    %jmp/0xz  T_4.2, 8;
    %load/vec4 v00000287d9b222b0_0;
    %pad/u 32;
    %cmpi/e 108, 0, 32;
    %jmp/0xz  T_4.4, 4;
    %load/vec4 v00000287d9b22350_0;
    %dup/vec4;
    %pushi/vec4 1, 0, 5;
    %cmp/u;
    %jmp/1 T_4.6, 6;
    %dup/vec4;
    %pushi/vec4 2, 0, 5;
    %cmp/u;
    %jmp/1 T_4.7, 6;
    %dup/vec4;
    %pushi/vec4 3, 0, 5;
    %cmp/u;
    %jmp/1 T_4.8, 6;
    %dup/vec4;
    %pushi/vec4 4, 0, 5;
    %cmp/u;
    %jmp/1 T_4.9, 6;
    %dup/vec4;
    %pushi/vec4 5, 0, 5;
    %cmp/u;
    %jmp/1 T_4.10, 6;
    %dup/vec4;
    %pushi/vec4 6, 0, 5;
    %cmp/u;
    %jmp/1 T_4.11, 6;
    %dup/vec4;
    %pushi/vec4 7, 0, 5;
    %cmp/u;
    %jmp/1 T_4.12, 6;
    %dup/vec4;
    %pushi/vec4 8, 0, 5;
    %cmp/u;
    %jmp/1 T_4.13, 6;
    %jmp T_4.15;
T_4.6 ;
    %load/vec4 v00000287d9bae340_0;
    %ix/load 4, 0, 0;
    %ix/load 5, 0, 0;
    %flag_set/imm 4, 0;
    %assign/vec4/off/d v00000287d9b223f0_0, 4, 5;
    %jmp T_4.15;
T_4.7 ;
    %load/vec4 v00000287d9bae340_0;
    %ix/load 4, 1, 0;
    %ix/load 5, 0, 0;
    %flag_set/imm 4, 0;
    %assign/vec4/off/d v00000287d9b223f0_0, 4, 5;
    %jmp T_4.15;
T_4.8 ;
    %load/vec4 v00000287d9bae340_0;
    %ix/load 4, 2, 0;
    %ix/load 5, 0, 0;
    %flag_set/imm 4, 0;
    %assign/vec4/off/d v00000287d9b223f0_0, 4, 5;
    %jmp T_4.15;
T_4.9 ;
    %load/vec4 v00000287d9bae340_0;
    %ix/load 4, 3, 0;
    %ix/load 5, 0, 0;
    %flag_set/imm 4, 0;
    %assign/vec4/off/d v00000287d9b223f0_0, 4, 5;
    %jmp T_4.15;
T_4.10 ;
    %load/vec4 v00000287d9bae340_0;
    %ix/load 4, 4, 0;
    %ix/load 5, 0, 0;
    %flag_set/imm 4, 0;
    %assign/vec4/off/d v00000287d9b223f0_0, 4, 5;
    %jmp T_4.15;
T_4.11 ;
    %load/vec4 v00000287d9bae340_0;
    %ix/load 4, 5, 0;
    %ix/load 5, 0, 0;
    %flag_set/imm 4, 0;
    %assign/vec4/off/d v00000287d9b223f0_0, 4, 5;
    %jmp T_4.15;
T_4.12 ;
    %load/vec4 v00000287d9bae340_0;
    %ix/load 4, 6, 0;
    %ix/load 5, 0, 0;
    %flag_set/imm 4, 0;
    %assign/vec4/off/d v00000287d9b223f0_0, 4, 5;
    %jmp T_4.15;
T_4.13 ;
    %load/vec4 v00000287d9bae340_0;
    %ix/load 4, 7, 0;
    %ix/load 5, 0, 0;
    %flag_set/imm 4, 0;
    %assign/vec4/off/d v00000287d9b223f0_0, 4, 5;
    %jmp T_4.15;
T_4.15 ;
    %pop/vec4 1;
    %jmp T_4.5;
T_4.4 ;
    %load/vec4 v00000287d9b223f0_0;
    %assign/vec4 v00000287d9b223f0_0, 0;
T_4.5 ;
    %jmp T_4.3;
T_4.2 ;
    %pushi/vec4 0, 0, 8;
    %assign/vec4 v00000287d9b223f0_0, 0;
T_4.3 ;
T_4.1 ;
    %jmp T_4;
    .thread T_4;
    .scope S_00000287d9b19200;
T_5 ;
    %wait E_00000287d9b1ea40;
    %load/vec4 v00000287d9b216d0_0;
    %nor/r;
    %flag_set/vec4 8;
    %jmp/0xz  T_5.0, 8;
    %pushi/vec4 0, 0, 1;
    %assign/vec4 v00000287d9bad9e0_0, 0;
    %pushi/vec4 0, 0, 8;
    %assign/vec4 v00000287d9b21810_0, 0;
    %jmp T_5.1;
T_5.0 ;
    %load/vec4 v00000287d9b22350_0;
    %cmpi/e 9, 0, 5;
    %jmp/0xz  T_5.2, 4;
    %pushi/vec4 1, 0, 1;
    %assign/vec4 v00000287d9bad9e0_0, 0;
    %load/vec4 v00000287d9b223f0_0;
    %assign/vec4 v00000287d9b21810_0, 0;
    %jmp T_5.3;
T_5.2 ;
    %pushi/vec4 0, 0, 1;
    %assign/vec4 v00000287d9bad9e0_0, 0;
    %pushi/vec4 0, 0, 8;
    %assign/vec4 v00000287d9b21810_0, 0;
T_5.3 ;
T_5.1 ;
    %jmp T_5;
    .thread T_5;
    .scope S_00000287d9b4db00;
T_6 ;
    %wait E_00000287d9b1ea40;
    %load/vec4 v00000287d9bae840_0;
    %nor/r;
    %flag_set/vec4 8;
    %jmp/0xz  T_6.0, 8;
    %pushi/vec4 0, 0, 1;
    %assign/vec4 v00000287d9badb20_0, 0;
    %pushi/vec4 0, 0, 1;
    %assign/vec4 v00000287d9badbc0_0, 0;
    %jmp T_6.1;
T_6.0 ;
    %load/vec4 v00000287d9bae160_0;
    %assign/vec4 v00000287d9badb20_0, 0;
    %load/vec4 v00000287d9badb20_0;
    %assign/vec4 v00000287d9badbc0_0, 0;
T_6.1 ;
    %jmp T_6;
    .thread T_6;
    .scope S_00000287d9b4db00;
T_7 ;
    %wait E_00000287d9b1ea40;
    %load/vec4 v00000287d9bae840_0;
    %nor/r;
    %flag_set/vec4 8;
    %jmp/0xz  T_7.0, 8;
    %pushi/vec4 0, 0, 1;
    %assign/vec4 v00000287d9bae660_0, 0;
    %pushi/vec4 0, 0, 8;
    %assign/vec4 v00000287d9baeca0_0, 0;
    %jmp T_7.1;
T_7.0 ;
    %load/vec4 v00000287d9baede0_0;
    %flag_set/vec4 8;
    %jmp/0xz  T_7.2, 8;
    %pushi/vec4 1, 0, 1;
    %assign/vec4 v00000287d9bae660_0, 0;
    %load/vec4 v00000287d9bae200_0;
    %assign/vec4 v00000287d9baeca0_0, 0;
    %jmp T_7.3;
T_7.2 ;
    %load/vec4 v00000287d9bae020_0;
    %cmpi/e 9, 0, 4;
    %flag_get/vec4 4;
    %jmp/0 T_7.6, 4;
    %load/vec4 v00000287d9baeb60_0;
    %pad/u 32;
    %pushi/vec4 217, 0, 32;
    %cmp/e;
    %flag_get/vec4 4;
    %and;
T_7.6;
    %flag_set/vec4 8;
    %jmp/0xz  T_7.4, 8;
    %pushi/vec4 0, 0, 1;
    %assign/vec4 v00000287d9bae660_0, 0;
    %pushi/vec4 0, 0, 8;
    %assign/vec4 v00000287d9baeca0_0, 0;
    %jmp T_7.5;
T_7.4 ;
    %load/vec4 v00000287d9bae660_0;
    %assign/vec4 v00000287d9bae660_0, 0;
    %load/vec4 v00000287d9baeca0_0;
    %assign/vec4 v00000287d9baeca0_0, 0;
T_7.5 ;
T_7.3 ;
T_7.1 ;
    %jmp T_7;
    .thread T_7;
    .scope S_00000287d9b4db00;
T_8 ;
    %wait E_00000287d9b1ea40;
    %load/vec4 v00000287d9bae840_0;
    %nor/r;
    %flag_set/vec4 8;
    %jmp/0xz  T_8.0, 8;
    %pushi/vec4 0, 0, 16;
    %assign/vec4 v00000287d9baeb60_0, 0;
    %jmp T_8.1;
T_8.0 ;
    %load/vec4 v00000287d9bae660_0;
    %flag_set/vec4 8;
    %jmp/0xz  T_8.2, 8;
    %load/vec4 v00000287d9baeb60_0;
    %pad/u 32;
    %cmpi/u 433, 0, 32;
    %jmp/0xz  T_8.4, 5;
    %load/vec4 v00000287d9baeb60_0;
    %addi 1, 0, 16;
    %assign/vec4 v00000287d9baeb60_0, 0;
    %jmp T_8.5;
T_8.4 ;
    %pushi/vec4 0, 0, 16;
    %assign/vec4 v00000287d9baeb60_0, 0;
T_8.5 ;
    %jmp T_8.3;
T_8.2 ;
    %pushi/vec4 0, 0, 16;
    %assign/vec4 v00000287d9baeb60_0, 0;
T_8.3 ;
T_8.1 ;
    %jmp T_8;
    .thread T_8;
    .scope S_00000287d9b4db00;
T_9 ;
    %wait E_00000287d9b1ea40;
    %load/vec4 v00000287d9bae840_0;
    %nor/r;
    %flag_set/vec4 8;
    %jmp/0xz  T_9.0, 8;
    %pushi/vec4 0, 0, 4;
    %assign/vec4 v00000287d9bae020_0, 0;
    %jmp T_9.1;
T_9.0 ;
    %load/vec4 v00000287d9bae660_0;
    %flag_set/vec4 8;
    %jmp/0xz  T_9.2, 8;
    %load/vec4 v00000287d9baeb60_0;
    %pad/u 32;
    %cmpi/e 433, 0, 32;
    %jmp/0xz  T_9.4, 4;
    %load/vec4 v00000287d9bae020_0;
    %addi 1, 0, 4;
    %assign/vec4 v00000287d9bae020_0, 0;
    %jmp T_9.5;
T_9.4 ;
    %load/vec4 v00000287d9bae020_0;
    %assign/vec4 v00000287d9bae020_0, 0;
T_9.5 ;
    %jmp T_9.3;
T_9.2 ;
    %pushi/vec4 0, 0, 4;
    %assign/vec4 v00000287d9bae020_0, 0;
T_9.3 ;
T_9.1 ;
    %jmp T_9;
    .thread T_9;
    .scope S_00000287d9b4db00;
T_10 ;
    %wait E_00000287d9b1ea40;
    %load/vec4 v00000287d9bae840_0;
    %nor/r;
    %flag_set/vec4 8;
    %jmp/0xz  T_10.0, 8;
    %pushi/vec4 1, 0, 1;
    %assign/vec4 v00000287d9bad6c0_0, 0;
    %jmp T_10.1;
T_10.0 ;
    %load/vec4 v00000287d9bae660_0;
    %flag_set/vec4 8;
    %jmp/0xz  T_10.2, 8;
    %load/vec4 v00000287d9bae020_0;
    %dup/vec4;
    %pushi/vec4 0, 0, 4;
    %cmp/u;
    %jmp/1 T_10.4, 6;
    %dup/vec4;
    %pushi/vec4 1, 0, 4;
    %cmp/u;
    %jmp/1 T_10.5, 6;
    %dup/vec4;
    %pushi/vec4 2, 0, 4;
    %cmp/u;
    %jmp/1 T_10.6, 6;
    %dup/vec4;
    %pushi/vec4 3, 0, 4;
    %cmp/u;
    %jmp/1 T_10.7, 6;
    %dup/vec4;
    %pushi/vec4 4, 0, 4;
    %cmp/u;
    %jmp/1 T_10.8, 6;
    %dup/vec4;
    %pushi/vec4 5, 0, 4;
    %cmp/u;
    %jmp/1 T_10.9, 6;
    %dup/vec4;
    %pushi/vec4 6, 0, 4;
    %cmp/u;
    %jmp/1 T_10.10, 6;
    %dup/vec4;
    %pushi/vec4 7, 0, 4;
    %cmp/u;
    %jmp/1 T_10.11, 6;
    %dup/vec4;
    %pushi/vec4 8, 0, 4;
    %cmp/u;
    %jmp/1 T_10.12, 6;
    %dup/vec4;
    %pushi/vec4 9, 0, 4;
    %cmp/u;
    %jmp/1 T_10.13, 6;
    %jmp T_10.15;
T_10.4 ;
    %pushi/vec4 0, 0, 1;
    %assign/vec4 v00000287d9bad6c0_0, 0;
    %jmp T_10.15;
T_10.5 ;
    %load/vec4 v00000287d9baeca0_0;
    %parti/s 1, 0, 2;
    %assign/vec4 v00000287d9bad6c0_0, 0;
    %jmp T_10.15;
T_10.6 ;
    %load/vec4 v00000287d9baeca0_0;
    %parti/s 1, 1, 2;
    %assign/vec4 v00000287d9bad6c0_0, 0;
    %jmp T_10.15;
T_10.7 ;
    %load/vec4 v00000287d9baeca0_0;
    %parti/s 1, 2, 3;
    %assign/vec4 v00000287d9bad6c0_0, 0;
    %jmp T_10.15;
T_10.8 ;
    %load/vec4 v00000287d9baeca0_0;
    %parti/s 1, 3, 3;
    %assign/vec4 v00000287d9bad6c0_0, 0;
    %jmp T_10.15;
T_10.9 ;
    %load/vec4 v00000287d9baeca0_0;
    %parti/s 1, 4, 4;
    %assign/vec4 v00000287d9bad6c0_0, 0;
    %jmp T_10.15;
T_10.10 ;
    %load/vec4 v00000287d9baeca0_0;
    %parti/s 1, 5, 4;
    %assign/vec4 v00000287d9bad6c0_0, 0;
    %jmp T_10.15;
T_10.11 ;
    %load/vec4 v00000287d9baeca0_0;
    %parti/s 1, 6, 4;
    %assign/vec4 v00000287d9bad6c0_0, 0;
    %jmp T_10.15;
T_10.12 ;
    %load/vec4 v00000287d9baeca0_0;
    %parti/s 1, 7, 4;
    %assign/vec4 v00000287d9bad6c0_0, 0;
    %jmp T_10.15;
T_10.13 ;
    %pushi/vec4 1, 0, 1;
    %assign/vec4 v00000287d9bad6c0_0, 0;
    %jmp T_10.15;
T_10.15 ;
    %pop/vec4 1;
    %jmp T_10.3;
T_10.2 ;
    %pushi/vec4 1, 0, 1;
    %assign/vec4 v00000287d9bad6c0_0, 0;
T_10.3 ;
T_10.1 ;
    %jmp T_10;
    .thread T_10;
    .scope S_00000287d9b18010;
T_11 ;
    %wait E_00000287d9b1ea40;
    %load/vec4 v00000287d9b218b0_0;
    %nor/r;
    %flag_set/vec4 8;
    %jmp/0xz  T_11.0, 8;
    %pushi/vec4 0, 0, 1;
    %assign/vec4 v00000287d9b21d10_0, 0;
    %pushi/vec4 0, 0, 1;
    %assign/vec4 v00000287d9b21ef0_0, 0;
    %jmp T_11.1;
T_11.0 ;
    %load/vec4 v00000287d9b21e50_0;
    %assign/vec4 v00000287d9b21d10_0, 0;
    %load/vec4 v00000287d9b21d10_0;
    %assign/vec4 v00000287d9b21ef0_0, 0;
T_11.1 ;
    %jmp T_11;
    .thread T_11;
    .scope S_00000287d9b18010;
T_12 ;
    %wait E_00000287d9b1ea40;
    %load/vec4 v00000287d9b218b0_0;
    %nor/r;
    %flag_set/vec4 8;
    %jmp/0xz  T_12.0, 8;
    %pushi/vec4 0, 0, 8;
    %assign/vec4 v00000287d9b21a90_0, 0;
    %pushi/vec4 0, 0, 1;
    %assign/vec4 v00000287d9b21db0_0, 0;
    %pushi/vec4 0, 0, 1;
    %assign/vec4 v00000287d9b219f0_0, 0;
    %jmp T_12.1;
T_12.0 ;
    %load/vec4 v00000287d9b21e50_0;
    %flag_set/vec4 8;
    %jmp/0xz  T_12.2, 8;
    %load/vec4 v00000287d9b22170_0;
    %assign/vec4 v00000287d9b21a90_0, 0;
    %pushi/vec4 0, 0, 1;
    %assign/vec4 v00000287d9b21db0_0, 0;
    %pushi/vec4 1, 0, 1;
    %assign/vec4 v00000287d9b219f0_0, 0;
    %jmp T_12.3;
T_12.2 ;
    %load/vec4 v00000287d9b220d0_0;
    %inv;
    %flag_set/vec4 9;
    %flag_get/vec4 9;
    %jmp/0 T_12.6, 9;
    %load/vec4 v00000287d9b219f0_0;
    %and;
T_12.6;
    %flag_set/vec4 8;
    %jmp/0xz  T_12.4, 8;
    %pushi/vec4 1, 0, 1;
    %assign/vec4 v00000287d9b21db0_0, 0;
    %pushi/vec4 0, 0, 1;
    %assign/vec4 v00000287d9b219f0_0, 0;
T_12.4 ;
T_12.3 ;
T_12.1 ;
    %jmp T_12;
    .thread T_12;
# The file index is used to find the file name in the following table.
:file_names 6;
    "N/A";
    "<interactive>";
    "uart_loopback_top.v";
    "./uart_loop.v";
    "./uart_recv.v";
    "./uart_send.v";
