#! /c/Source/iverilog-install/bin/vvp
:ivl_version "12.0 (devel)" "(s20150603-1539-g2693dd32b)";
:ivl_delay_selection "TYPICAL";
:vpi_time_precision - 9;
:vpi_module "D:\DAILYA~1\iverilog\lib\ivl\system.vpi";
:vpi_module "D:\DAILYA~1\iverilog\lib\ivl\vhdl_sys.vpi";
:vpi_module "D:\DAILYA~1\iverilog\lib\ivl\vhdl_textio.vpi";
:vpi_module "D:\DAILYA~1\iverilog\lib\ivl\v2005_math.vpi";
:vpi_module "D:\DAILYA~1\iverilog\lib\ivl\va_math.vpi";
S_000001477a1f0a70 .scope module, "tb_vga_ctrl" "tb_vga_ctrl" 2 124;
 .timescale -9 -9;
P_000001477a1f0c00 .param/l "H_SYNC" 0 2 128, C4<0001100000>;
P_000001477a1f0c38 .param/l "LENGTH_W" 0 2 130, C4<0011001000>;
P_000001477a1f0c70 .param/l "PERIOD" 0 2 127, +C4<00000000000000000000000000001010>;
P_000001477a1f0ca8 .param/l "V_SYNC" 0 2 129, C4<0000000010>;
v000001477a259320_0 .net "hsync", 0 0, L_000001477a258240;  1 drivers
v000001477a2584c0_0 .var "pix_data", 15 0;
v000001477a258740_0 .var "pix_data_reg", 15 0;
v000001477a2590a0_0 .net "pix_x", 9 0, L_000001477a257fc0;  1 drivers
v000001477a258560_0 .net "pix_y", 9 0, L_000001477a2582e0;  1 drivers
v000001477a2577a0_0 .net "rgb", 15 0, L_000001477a259000;  1 drivers
v000001477a257a20_0 .var "sys_rst_n", 0 0;
v000001477a258100_0 .var "vga_clk", 0 0;
v000001477a257de0_0 .net "vsync", 0 0, L_000001477a258380;  1 drivers
S_000001477a1f0cf0 .scope module, "u_vga_ctrl" "vga_ctrl" 2 150, 3 8 0, S_000001477a1f0a70;
 .timescale 0 0;
    .port_info 0 /INPUT 1 "vga_clk";
    .port_info 1 /INPUT 1 "sys_rst_n";
    .port_info 2 /INPUT 16 "pix_data";
    .port_info 3 /OUTPUT 10 "pix_x";
    .port_info 4 /OUTPUT 10 "pix_y";
    .port_info 5 /OUTPUT 1 "hsync";
    .port_info 6 /OUTPUT 1 "vsync";
    .port_info 7 /OUTPUT 16 "rgb";
P_000001477a1b2550 .param/l "H_BACK" 0 3 20, C4<0000101000>;
P_000001477a1b2588 .param/l "H_FRONT" 0 3 24, C4<0000001000>;
P_000001477a1b25c0 .param/l "H_LEFT" 0 3 21, C4<0000001000>;
P_000001477a1b25f8 .param/l "H_RIGHT" 0 3 23, C4<0000001000>;
P_000001477a1b2630 .param/l "H_SYNC" 0 3 19, C4<0001100000>;
P_000001477a1b2668 .param/l "H_TOTAL" 0 3 25, C4<1100100000>;
P_000001477a1b26a0 .param/l "H_VALID" 0 3 22, C4<1010000000>;
P_000001477a1b26d8 .param/l "LENGTH_W" 0 3 35, C4<0011001000>;
P_000001477a1b2710 .param/l "V_BACK" 0 3 28, C4<0000011001>;
P_000001477a1b2748 .param/l "V_BOTTOM" 0 3 31, C4<0000001000>;
P_000001477a1b2780 .param/l "V_FRONT" 0 3 32, C4<0000000010>;
P_000001477a1b27b8 .param/l "V_SYNC" 0 3 27, C4<0000000010>;
P_000001477a1b27f0 .param/l "V_TOP" 0 3 29, C4<0000001000>;
P_000001477a1b2828 .param/l "V_TOTAL" 0 3 33, C4<1000001101>;
P_000001477a1b2860 .param/l "V_VALID" 0 3 30, C4<0111100000>;
P_000001477a1b2898 .param/l "WIDE_W" 0 3 36, C4<0011001000>;
L_000001477a1deb00 .functor AND 1, L_000001477a2578e0, L_000001477a258f60, C4<1>, C4<1>;
L_000001477a1de940 .functor AND 1, L_000001477a258c40, L_000001477a259500, C4<1>, C4<1>;
L_000001477a1deef0 .functor AND 1, L_000001477a1deb00, L_000001477a1de940, C4<1>, C4<1>;
L_000001477a1df190 .functor AND 1, L_000001477a257700, L_000001477a257e80, C4<1>, C4<1>;
L_000001477a1de630 .functor AND 1, L_000001477a257ac0, L_000001477a257b60, C4<1>, C4<1>;
L_000001477a1de780 .functor AND 1, L_000001477a1df190, L_000001477a1de630, C4<1>, C4<1>;
o000001477a200948 .functor BUFZ 1, C4<z>; HiZ drive
L_000001477a650598 .functor BUFT 1, C4<1>, C4<0>, C4<0>, C4<0>;
L_000001477a1de6a0 .functor XNOR 1, o000001477a200948, L_000001477a650598, C4<0>, C4<0>;
L_000001477a650670 .functor BUFT 1, C4<1>, C4<0>, C4<0>, C4<0>;
L_000001477a1deb70 .functor XNOR 1, o000001477a200948, L_000001477a650670, C4<0>, C4<0>;
L_000001477a650748 .functor BUFT 1, C4<1>, C4<0>, C4<0>, C4<0>;
L_000001477a1df200 .functor XNOR 1, L_000001477a257980, L_000001477a650748, C4<0>, C4<0>;
L_000001477a650088 .functor BUFT 1, C4<0001011111>, C4<0>, C4<0>, C4<0>;
v000001477a1fafd0_0 .net/2u *"_ivl_0", 9 0, L_000001477a650088;  1 drivers
L_000001477a650160 .functor BUFT 1, C4<0000000001>, C4<0>, C4<0>, C4<0>;
v000001477a1fcab0_0 .net/2u *"_ivl_10", 9 0, L_000001477a650160;  1 drivers
v000001477a1fb930_0 .net/2u *"_ivl_100", 0 0, L_000001477a650748;  1 drivers
v000001477a1fb110_0 .net *"_ivl_102", 0 0, L_000001477a1df200;  1 drivers
L_000001477a650790 .functor BUFT 1, C4<0000000000000000>, C4<0>, C4<0>, C4<0>;
v000001477a1fbb10_0 .net/2u *"_ivl_104", 15 0, L_000001477a650790;  1 drivers
v000001477a1fcb50_0 .net *"_ivl_12", 0 0, L_000001477a258880;  1 drivers
L_000001477a6501a8 .functor BUFT 1, C4<1>, C4<0>, C4<0>, C4<0>;
v000001477a1fb4d0_0 .net/2u *"_ivl_14", 0 0, L_000001477a6501a8;  1 drivers
L_000001477a6501f0 .functor BUFT 1, C4<0>, C4<0>, C4<0>, C4<0>;
v000001477a1fb6b0_0 .net/2u *"_ivl_16", 0 0, L_000001477a6501f0;  1 drivers
v000001477a1fcbf0_0 .net *"_ivl_2", 0 0, L_000001477a257840;  1 drivers
L_000001477a650238 .functor BUFT 1, C4<0010010000>, C4<0>, C4<0>, C4<0>;
v000001477a1fb890_0 .net/2u *"_ivl_20", 9 0, L_000001477a650238;  1 drivers
v000001477a1fc330_0 .net *"_ivl_22", 0 0, L_000001477a2578e0;  1 drivers
L_000001477a650280 .functor BUFT 1, C4<1100010000>, C4<0>, C4<0>, C4<0>;
v000001477a1fbbb0_0 .net/2u *"_ivl_24", 9 0, L_000001477a650280;  1 drivers
v000001477a1fc010_0 .net *"_ivl_26", 0 0, L_000001477a258f60;  1 drivers
v000001477a1fbc50_0 .net *"_ivl_29", 0 0, L_000001477a1deb00;  1 drivers
L_000001477a6502c8 .functor BUFT 1, C4<0000100011>, C4<0>, C4<0>, C4<0>;
v000001477a1fb250_0 .net/2u *"_ivl_30", 9 0, L_000001477a6502c8;  1 drivers
v000001477a1fb070_0 .net *"_ivl_32", 0 0, L_000001477a258c40;  1 drivers
L_000001477a650310 .functor BUFT 1, C4<1000000011>, C4<0>, C4<0>, C4<0>;
v000001477a1fb9d0_0 .net/2u *"_ivl_34", 9 0, L_000001477a650310;  1 drivers
v000001477a1fc6f0_0 .net *"_ivl_36", 0 0, L_000001477a259500;  1 drivers
v000001477a1fc5b0_0 .net *"_ivl_39", 0 0, L_000001477a1de940;  1 drivers
L_000001477a6500d0 .functor BUFT 1, C4<1>, C4<0>, C4<0>, C4<0>;
v000001477a1fb1b0_0 .net/2u *"_ivl_4", 0 0, L_000001477a6500d0;  1 drivers
v000001477a1fc830_0 .net *"_ivl_41", 0 0, L_000001477a1deef0;  1 drivers
L_000001477a650358 .functor BUFT 1, C4<1>, C4<0>, C4<0>, C4<0>;
v000001477a1fb570_0 .net/2u *"_ivl_42", 0 0, L_000001477a650358;  1 drivers
L_000001477a6503a0 .functor BUFT 1, C4<0>, C4<0>, C4<0>, C4<0>;
v000001477a1fcc90_0 .net/2u *"_ivl_44", 0 0, L_000001477a6503a0;  1 drivers
L_000001477a6503e8 .functor BUFT 1, C4<0010001111>, C4<0>, C4<0>, C4<0>;
v000001477a1fc150_0 .net/2u *"_ivl_48", 9 0, L_000001477a6503e8;  1 drivers
v000001477a1fbcf0_0 .net *"_ivl_50", 0 0, L_000001477a257700;  1 drivers
L_000001477a650430 .functor BUFT 1, C4<1100001111>, C4<0>, C4<0>, C4<0>;
v000001477a1fb750_0 .net/2u *"_ivl_52", 9 0, L_000001477a650430;  1 drivers
v000001477a1fc790_0 .net *"_ivl_54", 0 0, L_000001477a257e80;  1 drivers
v000001477a1fb610_0 .net *"_ivl_57", 0 0, L_000001477a1df190;  1 drivers
L_000001477a650478 .functor BUFT 1, C4<0000100011>, C4<0>, C4<0>, C4<0>;
v000001477a1fc3d0_0 .net/2u *"_ivl_58", 9 0, L_000001477a650478;  1 drivers
L_000001477a650118 .functor BUFT 1, C4<0>, C4<0>, C4<0>, C4<0>;
v000001477a1fcd30_0 .net/2u *"_ivl_6", 0 0, L_000001477a650118;  1 drivers
v000001477a1fb2f0_0 .net *"_ivl_60", 0 0, L_000001477a257ac0;  1 drivers
L_000001477a6504c0 .functor BUFT 1, C4<1000000011>, C4<0>, C4<0>, C4<0>;
v000001477a1fb390_0 .net/2u *"_ivl_62", 9 0, L_000001477a6504c0;  1 drivers
v000001477a1fb7f0_0 .net *"_ivl_64", 0 0, L_000001477a257b60;  1 drivers
v000001477a1fca10_0 .net *"_ivl_67", 0 0, L_000001477a1de630;  1 drivers
v000001477a1fb430_0 .net *"_ivl_69", 0 0, L_000001477a1de780;  1 drivers
L_000001477a650508 .functor BUFT 1, C4<1>, C4<0>, C4<0>, C4<0>;
v000001477a1fba70_0 .net/2u *"_ivl_70", 0 0, L_000001477a650508;  1 drivers
L_000001477a650550 .functor BUFT 1, C4<0>, C4<0>, C4<0>, C4<0>;
v000001477a1fbd90_0 .net/2u *"_ivl_72", 0 0, L_000001477a650550;  1 drivers
v000001477a1fbe30_0 .net/2u *"_ivl_76", 0 0, L_000001477a650598;  1 drivers
v000001477a1fcdd0_0 .net *"_ivl_78", 0 0, L_000001477a1de6a0;  1 drivers
L_000001477a6505e0 .functor BUFT 1, C4<0010001111>, C4<0>, C4<0>, C4<0>;
v000001477a1fc8d0_0 .net/2u *"_ivl_80", 9 0, L_000001477a6505e0;  1 drivers
v000001477a1fc650_0 .net *"_ivl_82", 9 0, L_000001477a258600;  1 drivers
L_000001477a650628 .functor BUFT 1, C4<1111111111>, C4<0>, C4<0>, C4<0>;
v000001477a1fbed0_0 .net/2u *"_ivl_84", 9 0, L_000001477a650628;  1 drivers
v000001477a1fc970_0 .net/2u *"_ivl_88", 0 0, L_000001477a650670;  1 drivers
v000001477a1fc0b0_0 .net *"_ivl_90", 0 0, L_000001477a1deb70;  1 drivers
L_000001477a6506b8 .functor BUFT 1, C4<0000100011>, C4<0>, C4<0>, C4<0>;
v000001477a1fc1f0_0 .net/2u *"_ivl_92", 9 0, L_000001477a6506b8;  1 drivers
v000001477a1fc290_0 .net *"_ivl_94", 9 0, L_000001477a258060;  1 drivers
L_000001477a650700 .functor BUFT 1, C4<1111111111>, C4<0>, C4<0>, C4<0>;
v000001477a1fc470_0 .net/2u *"_ivl_96", 9 0, L_000001477a650700;  1 drivers
v000001477a1fc510_0 .var "cnt_H", 9 0;
v000001477a2589c0_0 .var "cnt_V", 9 0;
v000001477a259460_0 .net "hsync", 0 0, L_000001477a258240;  alias, 1 drivers
v000001477a259140_0 .net "pix_data", 15 0, v000001477a2584c0_0;  1 drivers
v000001477a257ca0_0 .net "pix_data_vaild", 0 0, o000001477a200948;  0 drivers
v000001477a257f20_0 .net "pix_data_valid", 0 0, L_000001477a257c00;  1 drivers
v000001477a259280_0 .net "pix_x", 9 0, L_000001477a257fc0;  alias, 1 drivers
v000001477a258420_0 .net "pix_y", 9 0, L_000001477a2582e0;  alias, 1 drivers
v000001477a2593c0_0 .net "rgb", 15 0, L_000001477a259000;  alias, 1 drivers
v000001477a2595a0_0 .net "rgb_valid", 0 0, L_000001477a257980;  1 drivers
v000001477a2586a0_0 .net "sys_rst_n", 0 0, v000001477a257a20_0;  1 drivers
v000001477a257d40_0 .net "vga_clk", 0 0, v000001477a258100_0;  1 drivers
v000001477a2591e0_0 .net "vsync", 0 0, L_000001477a258380;  alias, 1 drivers
E_000001477a1e00f0/0 .event negedge, v000001477a2586a0_0;
E_000001477a1e00f0/1 .event posedge, v000001477a257d40_0;
E_000001477a1e00f0 .event/or E_000001477a1e00f0/0, E_000001477a1e00f0/1;
L_000001477a257840 .cmp/ge 10, L_000001477a650088, v000001477a1fc510_0;
L_000001477a258240 .functor MUXZ 1, L_000001477a650118, L_000001477a6500d0, L_000001477a257840, C4<>;
L_000001477a258880 .cmp/ge 10, L_000001477a650160, v000001477a1fc510_0;
L_000001477a258380 .functor MUXZ 1, L_000001477a6501f0, L_000001477a6501a8, L_000001477a258880, C4<>;
L_000001477a2578e0 .cmp/ge 10, v000001477a1fc510_0, L_000001477a650238;
L_000001477a258f60 .cmp/gt 10, L_000001477a650280, v000001477a1fc510_0;
L_000001477a258c40 .cmp/ge 10, v000001477a2589c0_0, L_000001477a6502c8;
L_000001477a259500 .cmp/gt 10, L_000001477a650310, v000001477a2589c0_0;
L_000001477a257980 .functor MUXZ 1, L_000001477a6503a0, L_000001477a650358, L_000001477a1deef0, C4<>;
L_000001477a257700 .cmp/ge 10, v000001477a1fc510_0, L_000001477a6503e8;
L_000001477a257e80 .cmp/gt 10, L_000001477a650430, v000001477a1fc510_0;
L_000001477a257ac0 .cmp/ge 10, v000001477a2589c0_0, L_000001477a650478;
L_000001477a257b60 .cmp/gt 10, L_000001477a6504c0, v000001477a2589c0_0;
L_000001477a257c00 .functor MUXZ 1, L_000001477a650550, L_000001477a650508, L_000001477a1de780, C4<>;
L_000001477a258600 .arith/sub 10, v000001477a1fc510_0, L_000001477a6505e0;
L_000001477a257fc0 .functor MUXZ 10, L_000001477a650628, L_000001477a258600, L_000001477a1de6a0, C4<>;
L_000001477a258060 .arith/sub 10, v000001477a2589c0_0, L_000001477a6506b8;
L_000001477a2582e0 .functor MUXZ 10, L_000001477a650700, L_000001477a258060, L_000001477a1deb70, C4<>;
L_000001477a259000 .functor MUXZ 16, L_000001477a650790, v000001477a2584c0_0, L_000001477a1df200, C4<>;
    .scope S_000001477a1f0cf0;
T_0 ;
    %wait E_000001477a1e00f0;
    %load/vec4 v000001477a2586a0_0;
    %nor/r;
    %flag_set/vec4 8;
    %jmp/0xz  T_0.0, 8;
    %pushi/vec4 0, 0, 10;
    %assign/vec4 v000001477a1fc510_0, 0;
    %jmp T_0.1;
T_0.0 ;
    %load/vec4 v000001477a1fc510_0;
    %cmpi/e 799, 0, 10;
    %jmp/0xz  T_0.2, 4;
    %pushi/vec4 0, 0, 10;
    %assign/vec4 v000001477a1fc510_0, 0;
    %jmp T_0.3;
T_0.2 ;
    %load/vec4 v000001477a1fc510_0;
    %addi 1, 0, 10;
    %assign/vec4 v000001477a1fc510_0, 0;
T_0.3 ;
T_0.1 ;
    %jmp T_0;
    .thread T_0;
    .scope S_000001477a1f0cf0;
T_1 ;
    %wait E_000001477a1e00f0;
    %load/vec4 v000001477a2586a0_0;
    %nor/r;
    %flag_set/vec4 8;
    %jmp/0xz  T_1.0, 8;
    %pushi/vec4 0, 0, 10;
    %assign/vec4 v000001477a2589c0_0, 0;
    %jmp T_1.1;
T_1.0 ;
    %load/vec4 v000001477a2589c0_0;
    %cmpi/e 524, 0, 10;
    %flag_get/vec4 4;
    %jmp/0 T_1.4, 4;
    %load/vec4 v000001477a1fc510_0;
    %pushi/vec4 799, 0, 10;
    %cmp/e;
    %flag_get/vec4 4;
    %and;
T_1.4;
    %flag_set/vec4 8;
    %jmp/0xz  T_1.2, 8;
    %pushi/vec4 0, 0, 10;
    %assign/vec4 v000001477a2589c0_0, 0;
    %jmp T_1.3;
T_1.2 ;
    %load/vec4 v000001477a2589c0_0;
    %cmpi/e 524, 0, 10;
    %jmp/0xz  T_1.5, 4;
    %load/vec4 v000001477a2589c0_0;
    %addi 1, 0, 10;
    %assign/vec4 v000001477a2589c0_0, 0;
    %jmp T_1.6;
T_1.5 ;
    %pushi/vec4 0, 0, 10;
    %assign/vec4 v000001477a2589c0_0, 0;
T_1.6 ;
T_1.3 ;
T_1.1 ;
    %jmp T_1;
    .thread T_1;
    .scope S_000001477a1f0a70;
T_2 ;
    %pushi/vec4 0, 0, 1;
    %store/vec4 v000001477a258100_0, 0, 1;
    %pushi/vec4 0, 0, 1;
    %store/vec4 v000001477a257a20_0, 0, 1;
    %pushi/vec4 0, 0, 16;
    %store/vec4 v000001477a2584c0_0, 0, 16;
    %pushi/vec4 4846, 0, 16;
    %store/vec4 v000001477a258740_0, 0, 16;
    %end;
    .thread T_2;
    .scope S_000001477a1f0a70;
T_3 ;
    %load/vec4 v000001477a258740_0;
    %store/vec4 v000001477a2584c0_0, 0, 16;
    %end;
    .thread T_3;
    .scope S_000001477a1f0a70;
T_4 ;
    %vpi_call 2 177 "$dumpfile", "vga_ctrl.vcd" {0 0 0};
    %vpi_call 2 178 "$dumpvars", 32'sb00000000000000000000000000000000, S_000001477a1f0a70 {0 0 0};
    %end;
    .thread T_4;
    .scope S_000001477a1f0a70;
T_5 ;
    %pushi/vec4 0, 0, 1;
    %store/vec4 v000001477a257a20_0, 0, 1;
    %delay 5, 0;
    %pushi/vec4 1, 0, 1;
    %store/vec4 v000001477a257a20_0, 0, 1;
    %delay 5, 0;
T_5.0 ;
    %delay 5, 0;
    %load/vec4 v000001477a258100_0;
    %inv;
    %store/vec4 v000001477a258100_0, 0, 1;
    %jmp T_5.0;
    %end;
    .thread T_5;
    .scope S_000001477a1f0a70;
T_6 ;
T_6.0 ;
    %delay 100, 0;
    %vpi_func 2 190 "$time" 64 {0 0 0};
    %cmpi/u 2000000, 0, 64;
    %flag_inv 5; GE is !LT
    %jmp/0xz  T_6.1, 5;
    %vpi_call 2 190 "$finish" {0 0 0};
T_6.1 ;
    %jmp T_6.0;
    %end;
    .thread T_6;
# The file index is used to find the file name in the following table.
:file_names 4;
    "N/A";
    "<interactive>";
    "tb.v";
    "./vga_ctrl.v";
