#! /c/Source/iverilog-install/bin/vvp
:ivl_version "12.0 (devel)" "(s20150603-1539-g2693dd32b)";
:ivl_delay_selection "TYPICAL";
:vpi_time_precision + 0;
:vpi_module "D:\DAILYA~1\iverilog\lib\ivl\system.vpi";
:vpi_module "D:\DAILYA~1\iverilog\lib\ivl\vhdl_sys.vpi";
:vpi_module "D:\DAILYA~1\iverilog\lib\ivl\vhdl_textio.vpi";
:vpi_module "D:\DAILYA~1\iverilog\lib\ivl\v2005_math.vpi";
:vpi_module "D:\DAILYA~1\iverilog\lib\ivl\va_math.vpi";
S_000001ecc6fc15c0 .scope module, "led" "led" 2 2;
 .timescale 0 0;
    .port_info 0 /INPUT 1 "and_1";
    .port_info 1 /INPUT 1 "and_2";
    .port_info 2 /INPUT 1 "or_1";
    .port_info 3 /INPUT 1 "or_2";
    .port_info 4 /INPUT 1 "not_1";
    .port_info 5 /INPUT 1 "not_2";
    .port_info 6 /OUTPUT 1 "led_and";
    .port_info 7 /OUTPUT 1 "led_or";
    .port_info 8 /OUTPUT 1 "led_not";
o000001ecc7016fa8 .functor BUFZ 1, C4<z>; HiZ drive
o000001ecc7016fd8 .functor BUFZ 1, C4<z>; HiZ drive
L_000001ecc6fc1f50 .functor AND 1, o000001ecc7016fa8, o000001ecc7016fd8, C4<1>, C4<1>;
o000001ecc70170f8 .functor BUFZ 1, C4<z>; HiZ drive
o000001ecc7017128 .functor BUFZ 1, C4<z>; HiZ drive
L_000001ecc6fcdda0 .functor OR 1, o000001ecc70170f8, o000001ecc7017128, C4<0>, C4<0>;
o000001ecc70170c8 .functor BUFZ 1, C4<z>; HiZ drive
L_000001ecc6fcde10 .functor NOT 1, o000001ecc70170c8, C4<0>, C4<0>, C4<0>;
L_000001ecc6fcde80 .functor NOT 1, o000001ecc70170c8, C4<0>, C4<0>, C4<0>;
v000001ecc6fc1d30_0 .net "and_1", 0 0, o000001ecc7016fa8;  0 drivers
v000001ecc6fc1750_0 .net "and_2", 0 0, o000001ecc7016fd8;  0 drivers
v000001ecc6fc17f0_0 .net "led_and", 0 0, L_000001ecc6fc1f50;  1 drivers
v000001ecc6fc1890_0 .net "led_not", 0 0, L_000001ecc6fcde10;  1 drivers
v000001ecc6fcd9f0_0 .net "led_or", 0 0, L_000001ecc6fcdda0;  1 drivers
v000001ecc6fcda90_0 .net "not_1", 0 0, L_000001ecc6fcde80;  1 drivers
v000001ecc6fcdb30_0 .net "not_2", 0 0, o000001ecc70170c8;  0 drivers
v000001ecc6fcdbd0_0 .net "or_1", 0 0, o000001ecc70170f8;  0 drivers
v000001ecc6fcdc70_0 .net "or_2", 0 0, o000001ecc7017128;  0 drivers
# The file index is used to find the file name in the following table.
:file_names 3;
    "N/A";
    "<interactive>";
    "led.v";
