#! /c/Source/iverilog-install/bin/vvp
:ivl_version "12.0 (devel)" "(s20150603-1539-g2693dd32b)";
:ivl_delay_selection "TYPICAL";
:vpi_time_precision + 0;
:vpi_module "D:\DAILYA~1\iverilog\lib\ivl\system.vpi";
:vpi_module "D:\DAILYA~1\iverilog\lib\ivl\vhdl_sys.vpi";
:vpi_module "D:\DAILYA~1\iverilog\lib\ivl\vhdl_textio.vpi";
:vpi_module "D:\DAILYA~1\iverilog\lib\ivl\v2005_math.vpi";
:vpi_module "D:\DAILYA~1\iverilog\lib\ivl\va_math.vpi";
S_00000193381e4470 .scope module, "Add4_head" "Add4_head" 2 36;
 .timescale 0 0;
    .port_info 0 /INPUT 4 "A";
    .port_info 1 /INPUT 4 "B";
    .port_info 2 /INPUT 1 "C_in";
    .port_info 3 /OUTPUT 4 "F";
    .port_info 4 /OUTPUT 1 "Gm";
    .port_info 5 /OUTPUT 1 "Pm";
    .port_info 6 /OUTPUT 1 "C_out";
o000001933820cc38 .functor BUFZ 4, C4<zzzz>; HiZ drive
v00000193382656b0_0 .net "A", 3 0, o000001933820cc38;  0 drivers
o000001933820cc68 .functor BUFZ 4, C4<zzzz>; HiZ drive
v0000019338265f70_0 .net "B", 3 0, o000001933820cc68;  0 drivers
v0000019338265930_0 .net "C", 4 1, L_0000019338267a30;  1 drivers
o000001933820b0a8 .functor BUFZ 1, C4<z>; HiZ drive
v00000193382659d0_0 .net "C_in", 0 0, o000001933820b0a8;  0 drivers
v0000019338265a70_0 .net "C_out", 0 0, L_000001933826da30;  1 drivers
v0000019338266010_0 .net "F", 3 0, L_00000193382687f0;  1 drivers
v00000193382690b0_0 .net "G", 3 0, L_0000019338268070;  1 drivers
v00000193382673f0_0 .net "Gm", 0 0, L_000001933826aca0;  1 drivers
v00000193382682f0_0 .net "P", 3 0, L_0000019338268bb0;  1 drivers
v0000019338268f70_0 .net "Pm", 0 0, L_000001933826f350;  1 drivers
L_0000019338267f30 .part o000001933820cc38, 0, 1;
L_0000019338268a70 .part o000001933820cc68, 0, 1;
L_0000019338267990 .part o000001933820cc38, 1, 1;
L_00000193382689d0 .part o000001933820cc68, 1, 1;
L_0000019338267350 .part L_0000019338267a30, 0, 1;
L_0000019338267850 .part o000001933820cc38, 2, 1;
L_0000019338269150 .part o000001933820cc68, 2, 1;
L_0000019338268250 .part L_0000019338267a30, 1, 1;
L_0000019338268750 .part o000001933820cc38, 3, 1;
L_0000019338267fd0 .part o000001933820cc68, 3, 1;
L_0000019338267e90 .part L_0000019338267a30, 2, 1;
L_00000193382687f0 .concat8 [ 1 1 1 1], L_0000019338206ad0, L_0000019338207240, L_0000019338206910, L_0000019338206d70;
L_0000019338268070 .concat8 [ 1 1 1 1], L_0000019338206f30, L_0000019338206c90, L_0000019338206d00, L_0000019338206de0;
L_0000019338268bb0 .concat8 [ 1 1 1 1], L_0000019338206830, L_00000193382068a0, L_0000019338206a60, L_00000193382071d0;
L_000001933826da30 .part L_0000019338267a30, 3, 1;
S_00000193381e4600 .scope module, "u1" "Add1" 2 49, 2 2 0, S_00000193381e4470;
 .timescale 0 0;
    .port_info 0 /INPUT 1 "a";
    .port_info 1 /INPUT 1 "b";
    .port_info 2 /INPUT 1 "C_in";
    .port_info 3 /OUTPUT 1 "f";
    .port_info 4 /OUTPUT 1 "g";
    .port_info 5 /OUTPUT 1 "p";
L_00000193382070f0 .functor XOR 1, L_0000019338267f30, L_0000019338268a70, C4<0>, C4<0>;
L_0000019338206ad0 .functor XOR 1, L_00000193382070f0, o000001933820b0a8, C4<0>, C4<0>;
L_0000019338206f30 .functor AND 1, L_0000019338267f30, L_0000019338268a70, C4<1>, C4<1>;
L_0000019338206830 .functor OR 1, L_0000019338267f30, L_0000019338268a70, C4<0>, C4<0>;
v0000019338204110_0 .net "C_in", 0 0, o000001933820b0a8;  alias, 0 drivers
v0000019338203f30_0 .net *"_ivl_0", 0 0, L_00000193382070f0;  1 drivers
v0000019338204bb0_0 .net "a", 0 0, L_0000019338267f30;  1 drivers
v00000193382041b0_0 .net "b", 0 0, L_0000019338268a70;  1 drivers
v0000019338204930_0 .net "f", 0 0, L_0000019338206ad0;  1 drivers
v0000019338205290_0 .net "g", 0 0, L_0000019338206f30;  1 drivers
v0000019338203ad0_0 .net "p", 0 0, L_0000019338206830;  1 drivers
S_0000019338191790 .scope module, "u2" "Add1" 2 57, 2 2 0, S_00000193381e4470;
 .timescale 0 0;
    .port_info 0 /INPUT 1 "a";
    .port_info 1 /INPUT 1 "b";
    .port_info 2 /INPUT 1 "C_in";
    .port_info 3 /OUTPUT 1 "f";
    .port_info 4 /OUTPUT 1 "g";
    .port_info 5 /OUTPUT 1 "p";
L_0000019338207160 .functor XOR 1, L_0000019338267990, L_00000193382689d0, C4<0>, C4<0>;
L_0000019338207240 .functor XOR 1, L_0000019338207160, L_0000019338267350, C4<0>, C4<0>;
L_0000019338206c90 .functor AND 1, L_0000019338267990, L_00000193382689d0, C4<1>, C4<1>;
L_00000193382068a0 .functor OR 1, L_0000019338267990, L_00000193382689d0, C4<0>, C4<0>;
v0000019338205330_0 .net "C_in", 0 0, L_0000019338267350;  1 drivers
v0000019338203e90_0 .net *"_ivl_0", 0 0, L_0000019338207160;  1 drivers
v0000019338203490_0 .net "a", 0 0, L_0000019338267990;  1 drivers
v00000193382046b0_0 .net "b", 0 0, L_00000193382689d0;  1 drivers
v0000019338204e30_0 .net "f", 0 0, L_0000019338207240;  1 drivers
v0000019338203b70_0 .net "g", 0 0, L_0000019338206c90;  1 drivers
v0000019338204f70_0 .net "p", 0 0, L_00000193382068a0;  1 drivers
S_0000019338191920 .scope module, "u3" "Add1" 2 65, 2 2 0, S_00000193381e4470;
 .timescale 0 0;
    .port_info 0 /INPUT 1 "a";
    .port_info 1 /INPUT 1 "b";
    .port_info 2 /INPUT 1 "C_in";
    .port_info 3 /OUTPUT 1 "f";
    .port_info 4 /OUTPUT 1 "g";
    .port_info 5 /OUTPUT 1 "p";
L_00000193382064b0 .functor XOR 1, L_0000019338267850, L_0000019338269150, C4<0>, C4<0>;
L_0000019338206910 .functor XOR 1, L_00000193382064b0, L_0000019338268250, C4<0>, C4<0>;
L_0000019338206d00 .functor AND 1, L_0000019338267850, L_0000019338269150, C4<1>, C4<1>;
L_0000019338206a60 .functor OR 1, L_0000019338267850, L_0000019338269150, C4<0>, C4<0>;
v0000019338203c10_0 .net "C_in", 0 0, L_0000019338268250;  1 drivers
v0000019338203cb0_0 .net *"_ivl_0", 0 0, L_00000193382064b0;  1 drivers
v0000019338204750_0 .net "a", 0 0, L_0000019338267850;  1 drivers
v0000019338205010_0 .net "b", 0 0, L_0000019338269150;  1 drivers
v0000019338203530_0 .net "f", 0 0, L_0000019338206910;  1 drivers
v00000193382035d0_0 .net "g", 0 0, L_0000019338206d00;  1 drivers
v0000019338203d50_0 .net "p", 0 0, L_0000019338206a60;  1 drivers
S_00000193382629a0 .scope module, "u4" "Add1" 2 73, 2 2 0, S_00000193381e4470;
 .timescale 0 0;
    .port_info 0 /INPUT 1 "a";
    .port_info 1 /INPUT 1 "b";
    .port_info 2 /INPUT 1 "C_in";
    .port_info 3 /OUTPUT 1 "f";
    .port_info 4 /OUTPUT 1 "g";
    .port_info 5 /OUTPUT 1 "p";
L_0000019338206520 .functor XOR 1, L_0000019338268750, L_0000019338267fd0, C4<0>, C4<0>;
L_0000019338206d70 .functor XOR 1, L_0000019338206520, L_0000019338267e90, C4<0>, C4<0>;
L_0000019338206de0 .functor AND 1, L_0000019338268750, L_0000019338267fd0, C4<1>, C4<1>;
L_00000193382071d0 .functor OR 1, L_0000019338268750, L_0000019338267fd0, C4<0>, C4<0>;
v00000193382047f0_0 .net "C_in", 0 0, L_0000019338267e90;  1 drivers
v0000019338203df0_0 .net *"_ivl_0", 0 0, L_0000019338206520;  1 drivers
v0000019338203670_0 .net "a", 0 0, L_0000019338268750;  1 drivers
v0000019338263ee0_0 .net "b", 0 0, L_0000019338267fd0;  1 drivers
v0000019338263760_0 .net "f", 0 0, L_0000019338206d70;  1 drivers
v0000019338262f40_0 .net "g", 0 0, L_0000019338206de0;  1 drivers
v0000019338264840_0 .net "p", 0 0, L_00000193382071d0;  1 drivers
S_0000019338264b40 .scope module, "uut" "CLA_4" 2 81, 2 18 0, S_00000193381e4470;
 .timescale 0 0;
    .port_info 0 /INPUT 4 "P";
    .port_info 1 /INPUT 4 "G";
    .port_info 2 /INPUT 1 "C_in";
    .port_info 3 /OUTPUT 4 "Ci";
    .port_info 4 /OUTPUT 1 "Gm";
    .port_info 5 /OUTPUT 1 "Pm";
L_0000019338206ec0 .functor AND 1, L_00000193382675d0, o000001933820b0a8, C4<1>, C4<1>;
L_0000019338206590 .functor OR 1, L_0000019338268390, L_0000019338206ec0, C4<0>, C4<0>;
L_0000019338206e50 .functor AND 1, L_0000019338267490, L_0000019338267530, C4<1>, C4<1>;
L_0000019338206670 .functor OR 1, L_0000019338268b10, L_0000019338206e50, C4<0>, C4<0>;
L_00000193382072b0 .functor AND 1, L_0000019338268610, L_0000019338269010, C4<1>, C4<1>;
L_00000193382066e0 .functor AND 1, L_00000193382072b0, o000001933820b0a8, C4<1>, C4<1>;
L_000001933826ad80 .functor OR 1, L_0000019338206670, L_00000193382066e0, C4<0>, C4<0>;
L_000001933826a5a0 .functor AND 1, L_00000193382681b0, L_0000019338268110, C4<1>, C4<1>;
L_000001933826a610 .functor OR 1, L_0000019338267670, L_000001933826a5a0, C4<0>, C4<0>;
L_000001933826a370 .functor AND 1, L_0000019338268430, L_00000193382677b0, C4<1>, C4<1>;
L_000001933826aae0 .functor AND 1, L_000001933826a370, L_00000193382684d0, C4<1>, C4<1>;
L_000001933826af40 .functor OR 1, L_000001933826a610, L_000001933826aae0, C4<0>, C4<0>;
L_000001933826b020 .functor AND 1, L_0000019338267710, L_00000193382678f0, C4<1>, C4<1>;
L_000001933826afb0 .functor AND 1, L_000001933826b020, L_00000193382691f0, C4<1>, C4<1>;
L_000001933826b090 .functor AND 1, L_000001933826afb0, o000001933820b0a8, C4<1>, C4<1>;
L_000001933826aed0 .functor OR 1, L_000001933826af40, L_000001933826b090, C4<0>, C4<0>;
L_000001933826a7d0 .functor AND 1, L_0000019338267d50, L_0000019338268570, C4<1>, C4<1>;
L_000001933826b100 .functor OR 1, L_0000019338267ad0, L_000001933826a7d0, C4<0>, C4<0>;
L_000001933826b170 .functor AND 1, L_00000193382686b0, L_0000019338268c50, C4<1>, C4<1>;
L_000001933826b1e0 .functor AND 1, L_000001933826b170, L_0000019338267c10, C4<1>, C4<1>;
L_000001933826b250 .functor OR 1, L_000001933826b100, L_000001933826b1e0, C4<0>, C4<0>;
L_000001933826a920 .functor AND 1, L_0000019338268cf0, L_0000019338268890, C4<1>, C4<1>;
L_000001933826a530 .functor AND 1, L_000001933826a920, L_0000019338267b70, C4<1>, C4<1>;
L_000001933826a680 .functor AND 1, L_000001933826a530, L_0000019338267cb0, C4<1>, C4<1>;
L_000001933826a3e0 .functor OR 1, L_000001933826b250, L_000001933826a680, C4<0>, C4<0>;
L_000001933826a4c0 .functor AND 1, L_0000019338267df0, L_0000019338268930, C4<1>, C4<1>;
L_000001933826a450 .functor AND 1, L_000001933826a4c0, L_0000019338268d90, C4<1>, C4<1>;
L_000001933826a6f0 .functor AND 1, L_000001933826a450, L_0000019338268e30, C4<1>, C4<1>;
L_000001933826a760 .functor AND 1, L_000001933826a6f0, o000001933820b0a8, C4<1>, C4<1>;
L_000001933826a840 .functor OR 1, L_000001933826a3e0, L_000001933826a760, C4<0>, C4<0>;
L_000001933826a990 .functor AND 1, L_000001933826d0d0, L_000001933826d990, C4<1>, C4<1>;
L_000001933826a8b0 .functor OR 1, L_0000019338268ed0, L_000001933826a990, C4<0>, C4<0>;
L_000001933826aa00 .functor AND 1, L_000001933826d7b0, L_000001933826cc70, C4<1>, C4<1>;
L_000001933826aa70 .functor AND 1, L_000001933826aa00, L_000001933826d8f0, C4<1>, C4<1>;
L_000001933826ab50 .functor OR 1, L_000001933826a8b0, L_000001933826aa70, C4<0>, C4<0>;
L_000001933826abc0 .functor AND 1, L_000001933826cdb0, L_000001933826e390, C4<1>, C4<1>;
L_000001933826ae60 .functor AND 1, L_000001933826abc0, L_000001933826c770, C4<1>, C4<1>;
L_000001933826ac30 .functor AND 1, L_000001933826ae60, L_000001933826d210, C4<1>, C4<1>;
L_000001933826aca0 .functor OR 1, L_000001933826ab50, L_000001933826ac30, C4<0>, C4<0>;
L_000001933826ad10 .functor AND 1, L_000001933826ce50, L_000001933826e1b0, C4<1>, C4<1>;
L_000001933826adf0 .functor AND 1, L_000001933826ad10, L_000001933826dc10, C4<1>, C4<1>;
L_000001933826f350 .functor AND 1, L_000001933826adf0, L_000001933826cd10, C4<1>, C4<1>;
v0000019338264480_0 .net "C_in", 0 0, o000001933820b0a8;  alias, 0 drivers
v0000019338264700_0 .net "Ci", 4 1, L_0000019338267a30;  alias, 1 drivers
v00000193382639e0_0 .net "G", 3 0, L_0000019338268070;  alias, 1 drivers
v0000019338263e40_0 .net "Gm", 0 0, L_000001933826aca0;  alias, 1 drivers
v0000019338264340_0 .net "P", 3 0, L_0000019338268bb0;  alias, 1 drivers
v0000019338264200_0 .net "Pm", 0 0, L_000001933826f350;  alias, 1 drivers
v00000193382643e0_0 .net *"_ivl_102", 0 0, L_0000019338267b70;  1 drivers
v0000019338264160_0 .net *"_ivl_103", 0 0, L_000001933826a530;  1 drivers
v0000019338263620_0 .net *"_ivl_106", 0 0, L_0000019338267cb0;  1 drivers
v0000019338263080_0 .net *"_ivl_107", 0 0, L_000001933826a680;  1 drivers
v00000193382631c0_0 .net *"_ivl_109", 0 0, L_000001933826a3e0;  1 drivers
v0000019338263b20_0 .net *"_ivl_112", 0 0, L_0000019338267df0;  1 drivers
v0000019338263120_0 .net *"_ivl_114", 0 0, L_0000019338268930;  1 drivers
v0000019338263bc0_0 .net *"_ivl_115", 0 0, L_000001933826a4c0;  1 drivers
v0000019338262fe0_0 .net *"_ivl_118", 0 0, L_0000019338268d90;  1 drivers
v0000019338263940_0 .net *"_ivl_119", 0 0, L_000001933826a450;  1 drivers
v00000193382636c0_0 .net *"_ivl_122", 0 0, L_0000019338268e30;  1 drivers
v0000019338262c20_0 .net *"_ivl_123", 0 0, L_000001933826a6f0;  1 drivers
v00000193382634e0_0 .net *"_ivl_125", 0 0, L_000001933826a760;  1 drivers
v0000019338263f80_0 .net *"_ivl_127", 0 0, L_000001933826a840;  1 drivers
v0000019338264980_0 .net *"_ivl_13", 0 0, L_0000019338268b10;  1 drivers
v0000019338262ea0_0 .net *"_ivl_130", 0 0, L_0000019338268ed0;  1 drivers
v0000019338263800_0 .net *"_ivl_132", 0 0, L_000001933826d0d0;  1 drivers
v0000019338263300_0 .net *"_ivl_134", 0 0, L_000001933826d990;  1 drivers
v00000193382642a0_0 .net *"_ivl_135", 0 0, L_000001933826a990;  1 drivers
v0000019338264a20_0 .net *"_ivl_137", 0 0, L_000001933826a8b0;  1 drivers
v00000193382648e0_0 .net *"_ivl_140", 0 0, L_000001933826d7b0;  1 drivers
v0000019338263d00_0 .net *"_ivl_142", 0 0, L_000001933826cc70;  1 drivers
v0000019338262cc0_0 .net *"_ivl_143", 0 0, L_000001933826aa00;  1 drivers
v00000193382633a0_0 .net *"_ivl_146", 0 0, L_000001933826d8f0;  1 drivers
v00000193382647a0_0 .net *"_ivl_147", 0 0, L_000001933826aa70;  1 drivers
v0000019338264520_0 .net *"_ivl_149", 0 0, L_000001933826ab50;  1 drivers
v0000019338263440_0 .net *"_ivl_15", 0 0, L_0000019338267490;  1 drivers
v0000019338264020_0 .net *"_ivl_152", 0 0, L_000001933826cdb0;  1 drivers
v0000019338263260_0 .net *"_ivl_154", 0 0, L_000001933826e390;  1 drivers
v00000193382638a0_0 .net *"_ivl_155", 0 0, L_000001933826abc0;  1 drivers
v0000019338262b80_0 .net *"_ivl_158", 0 0, L_000001933826c770;  1 drivers
v00000193382645c0_0 .net *"_ivl_159", 0 0, L_000001933826ae60;  1 drivers
v0000019338263580_0 .net *"_ivl_162", 0 0, L_000001933826d210;  1 drivers
v0000019338263a80_0 .net *"_ivl_163", 0 0, L_000001933826ac30;  1 drivers
v0000019338263c60_0 .net *"_ivl_168", 0 0, L_000001933826ce50;  1 drivers
v0000019338264660_0 .net *"_ivl_17", 0 0, L_0000019338267530;  1 drivers
v0000019338263da0_0 .net *"_ivl_170", 0 0, L_000001933826e1b0;  1 drivers
v0000019338262d60_0 .net *"_ivl_171", 0 0, L_000001933826ad10;  1 drivers
v0000019338262e00_0 .net *"_ivl_174", 0 0, L_000001933826dc10;  1 drivers
v00000193382640c0_0 .net *"_ivl_175", 0 0, L_000001933826adf0;  1 drivers
v00000193382660b0_0 .net *"_ivl_178", 0 0, L_000001933826cd10;  1 drivers
v0000019338266150_0 .net *"_ivl_18", 0 0, L_0000019338206e50;  1 drivers
v00000193382652f0_0 .net *"_ivl_20", 0 0, L_0000019338206670;  1 drivers
v00000193382651b0_0 .net *"_ivl_23", 0 0, L_0000019338268610;  1 drivers
v0000019338265570_0 .net *"_ivl_25", 0 0, L_0000019338269010;  1 drivers
v0000019338266a10_0 .net *"_ivl_26", 0 0, L_00000193382072b0;  1 drivers
v0000019338266790_0 .net *"_ivl_28", 0 0, L_00000193382066e0;  1 drivers
v0000019338265bb0_0 .net *"_ivl_3", 0 0, L_0000019338268390;  1 drivers
v0000019338265e30_0 .net *"_ivl_30", 0 0, L_000001933826ad80;  1 drivers
v0000019338266290_0 .net *"_ivl_35", 0 0, L_0000019338267670;  1 drivers
v00000193382663d0_0 .net *"_ivl_37", 0 0, L_00000193382681b0;  1 drivers
v0000019338264f30_0 .net *"_ivl_39", 0 0, L_0000019338268110;  1 drivers
v0000019338264fd0_0 .net *"_ivl_40", 0 0, L_000001933826a5a0;  1 drivers
v0000019338265ed0_0 .net *"_ivl_42", 0 0, L_000001933826a610;  1 drivers
v0000019338265070_0 .net *"_ivl_45", 0 0, L_0000019338268430;  1 drivers
v0000019338265b10_0 .net *"_ivl_47", 0 0, L_00000193382677b0;  1 drivers
v0000019338265390_0 .net *"_ivl_48", 0 0, L_000001933826a370;  1 drivers
v0000019338265750_0 .net *"_ivl_5", 0 0, L_00000193382675d0;  1 drivers
v0000019338266650_0 .net *"_ivl_51", 0 0, L_00000193382684d0;  1 drivers
v0000019338266470_0 .net *"_ivl_52", 0 0, L_000001933826aae0;  1 drivers
v0000019338265110_0 .net *"_ivl_54", 0 0, L_000001933826af40;  1 drivers
v0000019338265cf0_0 .net *"_ivl_57", 0 0, L_0000019338267710;  1 drivers
v0000019338266c90_0 .net *"_ivl_59", 0 0, L_00000193382678f0;  1 drivers
v0000019338266510_0 .net *"_ivl_6", 0 0, L_0000019338206ec0;  1 drivers
v0000019338265430_0 .net *"_ivl_60", 0 0, L_000001933826b020;  1 drivers
v0000019338266d30_0 .net *"_ivl_63", 0 0, L_00000193382691f0;  1 drivers
v00000193382657f0_0 .net *"_ivl_64", 0 0, L_000001933826afb0;  1 drivers
v0000019338266830_0 .net *"_ivl_66", 0 0, L_000001933826b090;  1 drivers
v00000193382661f0_0 .net *"_ivl_68", 0 0, L_000001933826aed0;  1 drivers
v00000193382666f0_0 .net *"_ivl_74", 0 0, L_0000019338267ad0;  1 drivers
v0000019338266ab0_0 .net *"_ivl_76", 0 0, L_0000019338267d50;  1 drivers
v0000019338266330_0 .net *"_ivl_78", 0 0, L_0000019338268570;  1 drivers
v0000019338266b50_0 .net *"_ivl_79", 0 0, L_000001933826a7d0;  1 drivers
v00000193382668d0_0 .net *"_ivl_8", 0 0, L_0000019338206590;  1 drivers
v0000019338265d90_0 .net *"_ivl_81", 0 0, L_000001933826b100;  1 drivers
v0000019338266dd0_0 .net *"_ivl_84", 0 0, L_00000193382686b0;  1 drivers
v00000193382665b0_0 .net *"_ivl_86", 0 0, L_0000019338268c50;  1 drivers
v0000019338265c50_0 .net *"_ivl_87", 0 0, L_000001933826b170;  1 drivers
v0000019338266970_0 .net *"_ivl_90", 0 0, L_0000019338267c10;  1 drivers
v0000019338266bf0_0 .net *"_ivl_91", 0 0, L_000001933826b1e0;  1 drivers
v0000019338265890_0 .net *"_ivl_93", 0 0, L_000001933826b250;  1 drivers
v0000019338265250_0 .net *"_ivl_96", 0 0, L_0000019338268cf0;  1 drivers
v00000193382654d0_0 .net *"_ivl_98", 0 0, L_0000019338268890;  1 drivers
v0000019338265610_0 .net *"_ivl_99", 0 0, L_000001933826a920;  1 drivers
L_0000019338268390 .part L_0000019338268070, 0, 1;
L_00000193382675d0 .part L_0000019338268bb0, 0, 1;
L_0000019338268b10 .part L_0000019338268070, 1, 1;
L_0000019338267490 .part L_0000019338268bb0, 1, 1;
L_0000019338267530 .part L_0000019338268070, 0, 1;
L_0000019338268610 .part L_0000019338268bb0, 1, 1;
L_0000019338269010 .part L_0000019338268bb0, 0, 1;
L_0000019338267670 .part L_0000019338268070, 2, 1;
L_00000193382681b0 .part L_0000019338268bb0, 2, 1;
L_0000019338268110 .part L_0000019338268070, 1, 1;
L_0000019338268430 .part L_0000019338268bb0, 2, 1;
L_00000193382677b0 .part L_0000019338268bb0, 1, 1;
L_00000193382684d0 .part L_0000019338268070, 0, 1;
L_0000019338267710 .part L_0000019338268bb0, 2, 1;
L_00000193382678f0 .part L_0000019338268bb0, 1, 1;
L_00000193382691f0 .part L_0000019338268bb0, 0, 1;
L_0000019338267a30 .concat8 [ 1 1 1 1], L_0000019338206590, L_000001933826ad80, L_000001933826aed0, L_000001933826a840;
L_0000019338267ad0 .part L_0000019338268070, 3, 1;
L_0000019338267d50 .part L_0000019338268bb0, 3, 1;
L_0000019338268570 .part L_0000019338268070, 2, 1;
L_00000193382686b0 .part L_0000019338268bb0, 3, 1;
L_0000019338268c50 .part L_0000019338268bb0, 2, 1;
L_0000019338267c10 .part L_0000019338268070, 1, 1;
L_0000019338268cf0 .part L_0000019338268bb0, 3, 1;
L_0000019338268890 .part L_0000019338268bb0, 2, 1;
L_0000019338267b70 .part L_0000019338268bb0, 1, 1;
L_0000019338267cb0 .part L_0000019338268070, 0, 1;
L_0000019338267df0 .part L_0000019338268bb0, 3, 1;
L_0000019338268930 .part L_0000019338268bb0, 2, 1;
L_0000019338268d90 .part L_0000019338268bb0, 1, 1;
L_0000019338268e30 .part L_0000019338268bb0, 0, 1;
L_0000019338268ed0 .part L_0000019338268070, 3, 1;
L_000001933826d0d0 .part L_0000019338268bb0, 3, 1;
L_000001933826d990 .part L_0000019338268070, 2, 1;
L_000001933826d7b0 .part L_0000019338268bb0, 3, 1;
L_000001933826cc70 .part L_0000019338268bb0, 2, 1;
L_000001933826d8f0 .part L_0000019338268070, 1, 1;
L_000001933826cdb0 .part L_0000019338268bb0, 3, 1;
L_000001933826e390 .part L_0000019338268bb0, 2, 1;
L_000001933826c770 .part L_0000019338268bb0, 1, 1;
L_000001933826d210 .part L_0000019338268070, 0, 1;
L_000001933826ce50 .part L_0000019338268bb0, 3, 1;
L_000001933826e1b0 .part L_0000019338268bb0, 2, 1;
L_000001933826dc10 .part L_0000019338268bb0, 1, 1;
L_000001933826cd10 .part L_0000019338268bb0, 0, 1;
# The file index is used to find the file name in the following table.
:file_names 3;
    "N/A";
    "<interactive>";
    "ful_add.v";
