#! /c/Source/iverilog-install/bin/vvp
:ivl_version "12.0 (devel)" "(s20150603-1539-g2693dd32b)";
:ivl_delay_selection "TYPICAL";
:vpi_time_precision - 9;
:vpi_module "D:\DAILYA~1\iverilog\lib\ivl\system.vpi";
:vpi_module "D:\DAILYA~1\iverilog\lib\ivl\vhdl_sys.vpi";
:vpi_module "D:\DAILYA~1\iverilog\lib\ivl\vhdl_textio.vpi";
:vpi_module "D:\DAILYA~1\iverilog\lib\ivl\v2005_math.vpi";
:vpi_module "D:\DAILYA~1\iverilog\lib\ivl\va_math.vpi";
S_000002315fa55420 .scope module, "tb_i2c_ctrl" "tb_i2c_ctrl" 2 5;
 .timescale -9 -9;
P_000002315fa26330 .param/l "DEVICE_ADDR" 0 2 10, C4<1010000>;
P_000002315fa26368 .param/l "PERIOD" 0 2 8, +C4<00000000000000000000000000010100>;
P_000002315fa263a0 .param/l "SCL_FREQ" 0 2 12, C4<111101000010010000>;
P_000002315fa263d8 .param/l "SYS_CLK_FREQ" 0 2 11, C4<10111110101111000010000000>;
P_000002315fa26410 .param/l "ack_1" 0 2 49, +C4<00000000000000001001010010101100>;
P_000002315fa26448 .param/l "ack_2" 0 2 50, +C4<00000000000000010010000101001100>;
P_000002315fa26480 .param/l "ack_3" 0 2 51, +C4<00000000000000011011110110001100>;
P_000002315fa264b8 .param/l "send_state" 0 2 54, +C4<00000000000000011100110100101100>;
P_000002315fa264f0 .param/l "time_one_cnt_bit" 0 2 48, +C4<00000000000000000000111110100000>;
RS_000002315fa55d78 .resolv tri, L_000002315fe62f40, L_000002315fe63800;
L_000002315fb1b460 .functor BUFZ 1, RS_000002315fa55d78, C4<0>, C4<0>, C4<0>;
o000002315fa56228 .functor BUFZ 1, C4<z>; HiZ drive
; Elide local net with no drivers, v000002315fe60c10_0 name=_ivl_10
v000002315fe61750_0 .net *"_ivl_2", 31 0, L_000002315fe63b20;  1 drivers
L_000002315fe640a8 .functor BUFT 1, C4<0000000000000000000000000000000>, C4<0>, C4<0>, C4<0>;
v000002315fe61930_0 .net *"_ivl_5", 30 0, L_000002315fe640a8;  1 drivers
L_000002315fe640f0 .functor BUFT 1, C4<00000000000000000000000000000001>, C4<0>, C4<0>, C4<0>;
v000002315fe605d0_0 .net/2u *"_ivl_6", 31 0, L_000002315fe640f0;  1 drivers
v000002315fe61c50_0 .net *"_ivl_8", 0 0, L_000002315fe62220;  1 drivers
v000002315fe619d0_0 .var "addr_num", 0 0;
v000002315fe61b10_0 .var "byte_addr", 15 0;
v000002315fe60670_0 .var "i", 4 0;
v000002315fe603f0_0 .net "i2c_clk", 0 0, v000002315fe616b0_0;  1 drivers
v000002315fe61430_0 .net "i2c_end", 0 0, v000002315fe607b0_0;  1 drivers
v000002315fe60490_0 .net "i2c_read_data", 7 0, v000002315fe61890_0;  1 drivers
v000002315fe60530_0 .net "i2c_scl", 0 0, v000002315fe61f70_0;  1 drivers
v000002315fe60710_0 .var "i2c_sda_slave_data", 0 0;
v000002315fe60850_0 .var "i2c_start", 0 0;
v000002315fe60cb0_0 .var "i2c_write_data", 7 0;
v000002315fe614d0_0 .var "rd_en", 0 0;
v000002315fe60fd0_0 .var "send_data", 7 0;
v000002315fe61bb0_0 .var "sys_clk", 0 0;
v000002315fe61d90_0 .var "sys_rst_n", 0 0;
v000002315fe633a0_0 .net8 "tb_i2c_sda", 0 0, RS_000002315fa55d78;  2 drivers
v000002315fe62cc0_0 .net "tb_i2c_sda_in", 0 0, L_000002315fb1b460;  1 drivers
v000002315fe63080_0 .var "tb_i2c_sda_link_en", 0 0;
v000002315fe63580_0 .var "wr_en", 0 0;
L_000002315fe63b20 .concat [ 1 31 0 0], v000002315fe63080_0, L_000002315fe640a8;
L_000002315fe62220 .cmp/eq 32, L_000002315fe63b20, L_000002315fe640f0;
L_000002315fe62f40 .functor MUXZ 1, o000002315fa56228, v000002315fe60710_0, L_000002315fe62220, C4<>;
S_000002315fa26530 .scope module, "tb_i2c_ctrl" "i2c_ctrl" 2 104, 3 1 0, S_000002315fa55420;
 .timescale 0 0;
    .port_info 0 /INPUT 1 "sys_clk";
    .port_info 1 /INPUT 1 "sys_rst_n";
    .port_info 2 /INPUT 1 "wr_en";
    .port_info 3 /INPUT 1 "rd_en";
    .port_info 4 /INPUT 1 "i2c_start";
    .port_info 5 /INPUT 1 "addr_num";
    .port_info 6 /INPUT 16 "byte_addr";
    .port_info 7 /INPUT 8 "i2c_write_data";
    .port_info 8 /OUTPUT 1 "i2c_clk";
    .port_info 9 /OUTPUT 1 "i2c_end";
    .port_info 10 /OUTPUT 8 "i2c_read_data";
    .port_info 11 /OUTPUT 1 "i2c_scl";
    .port_info 12 /INOUT 1 "i2c_sda";
P_000002315f9c2550 .param/l "ACK_1" 0 3 38, C4<0011>;
P_000002315f9c2588 .param/l "ACK_2" 0 3 40, C4<0101>;
P_000002315f9c25c0 .param/l "ACK_3" 0 3 42, C4<0111>;
P_000002315f9c25f8 .param/l "ACK_4" 0 3 44, C4<1001>;
P_000002315f9c2630 .param/l "ACK_5" 0 3 47, C4<1100>;
P_000002315f9c2668 .param/l "CNT_CLK_MAX" 0 3 31, C4<00000000000000000000011001>;
P_000002315f9c26a0 .param/l "CNT_START_MAX" 0 3 33, C4<01100100>;
P_000002315f9c26d8 .param/l "DEVICE_ADDR" 0 3 2, C4<1010000>;
P_000002315f9c2710 .param/l "IDLE" 0 3 35, C4<0000>;
P_000002315f9c2748 .param/l "N_ACK" 0 3 49, C4<1110>;
P_000002315f9c2780 .param/l "READ_DATA" 0 3 48, C4<1101>;
P_000002315f9c27b8 .param/l "SCL_FREQ" 0 3 4, C4<111101000010010000>;
P_000002315f9c27f0 .param/l "SEND_B_ADDR_H" 0 3 39, C4<0100>;
P_000002315f9c2828 .param/l "SEND_B_ADDR_L" 0 3 41, C4<0110>;
P_000002315f9c2860 .param/l "SEND_DEVICE_ADDR" 0 3 37, C4<0010>;
P_000002315f9c2898 .param/l "SEND_RD_ADDR" 0 3 46, C4<1011>;
P_000002315f9c28d0 .param/l "START_1" 0 3 36, C4<0001>;
P_000002315f9c2908 .param/l "START_2" 0 3 45, C4<1010>;
P_000002315f9c2940 .param/l "STOP" 0 3 50, C4<1111>;
P_000002315f9c2978 .param/l "SYS_CLK_FREQ" 0 3 3, C4<10111110101111000010000000>;
P_000002315f9c29b0 .param/l "WR_DATA" 0 3 43, C4<1000>;
L_000002315fb1b380 .functor OR 1, L_000002315fe63440, L_000002315fe63120, C4<0>, C4<0>;
L_000002315fb1ba80 .functor OR 1, L_000002315fb1b380, L_000002315fe62d60, C4<0>, C4<0>;
L_000002315fb1bd90 .functor OR 1, L_000002315fb1ba80, L_000002315fe625e0, C4<0>, C4<0>;
L_000002315fb1bcb0 .functor OR 1, L_000002315fb1bd90, L_000002315fe622c0, C4<0>, C4<0>;
L_000002315fb1be00 .functor OR 1, L_000002315fb1bcb0, L_000002315fe62360, C4<0>, C4<0>;
L_000002315fe64378 .functor BUFT 1, C4<1>, C4<0>, C4<0>, C4<0>;
L_000002315fb1b2a0 .functor XNOR 1, L_000002315fe62e00, L_000002315fe64378, C4<0>, C4<0>;
L_000002315fb1b4d0 .functor BUFZ 1, RS_000002315fa55d78, C4<0>, C4<0>, C4<0>;
L_000002315fe64138 .functor BUFT 1, C4<1101>, C4<0>, C4<0>, C4<0>;
v000002315f9f1120_0 .net/2u *"_ivl_0", 3 0, L_000002315fe64138;  1 drivers
L_000002315fe641c8 .functor BUFT 1, C4<0101>, C4<0>, C4<0>, C4<0>;
v000002315f9f0e00_0 .net/2u *"_ivl_10", 3 0, L_000002315fe641c8;  1 drivers
v000002315f9f11c0_0 .net *"_ivl_12", 0 0, L_000002315fe62d60;  1 drivers
v000002315f9f1940_0 .net *"_ivl_15", 0 0, L_000002315fb1ba80;  1 drivers
L_000002315fe64210 .functor BUFT 1, C4<0111>, C4<0>, C4<0>, C4<0>;
v000002315f9f19e0_0 .net/2u *"_ivl_16", 3 0, L_000002315fe64210;  1 drivers
v000002315f9f1b20_0 .net *"_ivl_18", 0 0, L_000002315fe625e0;  1 drivers
v000002315f9f1bc0_0 .net *"_ivl_2", 0 0, L_000002315fe63440;  1 drivers
v000002315f9f1300_0 .net *"_ivl_21", 0 0, L_000002315fb1bd90;  1 drivers
L_000002315fe64258 .functor BUFT 1, C4<1001>, C4<0>, C4<0>, C4<0>;
v000002315f9f1580_0 .net/2u *"_ivl_22", 3 0, L_000002315fe64258;  1 drivers
v000002315f9f0d60_0 .net *"_ivl_24", 0 0, L_000002315fe622c0;  1 drivers
v000002315f9f13a0_0 .net *"_ivl_27", 0 0, L_000002315fb1bcb0;  1 drivers
L_000002315fe642a0 .functor BUFT 1, C4<1100>, C4<0>, C4<0>, C4<0>;
v000002315f9f0ea0_0 .net/2u *"_ivl_28", 3 0, L_000002315fe642a0;  1 drivers
v000002315f9f0fe0_0 .net *"_ivl_30", 0 0, L_000002315fe62360;  1 drivers
v000002315f9f1080_0 .net *"_ivl_33", 0 0, L_000002315fb1be00;  1 drivers
L_000002315fe642e8 .functor BUFT 1, C4<0>, C4<0>, C4<0>, C4<0>;
v000002315fe61110_0 .net/2u *"_ivl_34", 0 0, L_000002315fe642e8;  1 drivers
L_000002315fe64330 .functor BUFT 1, C4<1>, C4<0>, C4<0>, C4<0>;
v000002315fe61250_0 .net/2u *"_ivl_36", 0 0, L_000002315fe64330;  1 drivers
L_000002315fe64180 .functor BUFT 1, C4<0011>, C4<0>, C4<0>, C4<0>;
v000002315fe60d50_0 .net/2u *"_ivl_4", 3 0, L_000002315fe64180;  1 drivers
v000002315fe60df0_0 .net/2u *"_ivl_40", 0 0, L_000002315fe64378;  1 drivers
v000002315fe608f0_0 .net *"_ivl_42", 0 0, L_000002315fb1b2a0;  1 drivers
o000002315fa55ad8 .functor BUFZ 1, C4<z>; HiZ drive
; Elide local net with no drivers, v000002315fe617f0_0 name=_ivl_44
v000002315fe61070_0 .net *"_ivl_6", 0 0, L_000002315fe63120;  1 drivers
v000002315fe611b0_0 .net *"_ivl_9", 0 0, L_000002315fb1b380;  1 drivers
v000002315fe600d0_0 .var "ack", 0 0;
v000002315fe60170_0 .net "addr_num", 0 0, v000002315fe619d0_0;  1 drivers
v000002315fe61e30_0 .net "byte_addr", 15 0, v000002315fe61b10_0;  1 drivers
v000002315fe60e90_0 .var "cnt_bit", 2 0;
v000002315fe60990_0 .var "cnt_i2c_clk", 1 0;
v000002315fe60a30_0 .var "cnt_i2c_clk_en", 0 0;
v000002315fe61ed0_0 .var "cnt_sys_clk", 7 0;
v000002315fe616b0_0 .var "i2c_clk", 0 0;
v000002315fe607b0_0 .var "i2c_end", 0 0;
v000002315fe61890_0 .var "i2c_read_data", 7 0;
v000002315fe61f70_0 .var "i2c_scl", 0 0;
v000002315fe60210_0 .net8 "i2c_sda", 0 0, RS_000002315fa55d78;  alias, 2 drivers
v000002315fe60f30_0 .net "i2c_sda_in", 0 0, L_000002315fb1b4d0;  1 drivers
v000002315fe61cf0_0 .var "i2c_sda_out", 0 0;
v000002315fe612f0_0 .net "i2c_start", 0 0, v000002315fe60850_0;  1 drivers
v000002315fe61570_0 .net "i2c_write_data", 7 0, v000002315fe60cb0_0;  1 drivers
v000002315fe60ad0_0 .var "rd_data_reg", 7 0;
v000002315fe61610_0 .net "rd_en", 0 0, v000002315fe614d0_0;  1 drivers
v000002315fe602b0_0 .net "sda_en", 0 0, L_000002315fe62e00;  1 drivers
v000002315fe61390_0 .var "state", 3 0;
v000002315fe60350_0 .net "sys_clk", 0 0, v000002315fe61bb0_0;  1 drivers
v000002315fe61a70_0 .net "sys_rst_n", 0 0, v000002315fe61d90_0;  1 drivers
v000002315fe60b70_0 .net "wr_en", 0 0, v000002315fe63580_0;  1 drivers
E_000002315fa4b0d0 .event anyedge, v000002315fe61390_0, v000002315fe60990_0, v000002315fe60f30_0, v000002315fe600d0_0;
E_000002315fa4a910/0 .event negedge, v000002315fe61a70_0;
E_000002315fa4a910/1 .event posedge, v000002315fe616b0_0;
E_000002315fa4a910 .event/or E_000002315fa4a910/0, E_000002315fa4a910/1;
E_000002315fa4ac50/0 .event anyedge, v000002315fe61390_0, v000002315fe60990_0, v000002315fe60e90_0, v000002315fe61e30_0;
E_000002315fa4ac50/1 .event anyedge, v000002315fe61570_0, v000002315fe60f30_0, v000002315fe60ad0_0;
E_000002315fa4ac50 .event/or E_000002315fa4ac50/0, E_000002315fa4ac50/1;
E_000002315fa4afd0 .event anyedge, v000002315fe61390_0, v000002315fe60990_0, v000002315fe60e90_0;
E_000002315fa4a750/0 .event negedge, v000002315fe61a70_0;
E_000002315fa4a750/1 .event posedge, v000002315fe60350_0;
E_000002315fa4a750 .event/or E_000002315fa4a750/0, E_000002315fa4a750/1;
L_000002315fe63440 .cmp/eq 4, v000002315fe61390_0, L_000002315fe64138;
L_000002315fe63120 .cmp/eq 4, v000002315fe61390_0, L_000002315fe64180;
L_000002315fe62d60 .cmp/eq 4, v000002315fe61390_0, L_000002315fe641c8;
L_000002315fe625e0 .cmp/eq 4, v000002315fe61390_0, L_000002315fe64210;
L_000002315fe622c0 .cmp/eq 4, v000002315fe61390_0, L_000002315fe64258;
L_000002315fe62360 .cmp/eq 4, v000002315fe61390_0, L_000002315fe642a0;
L_000002315fe62e00 .functor MUXZ 1, L_000002315fe64330, L_000002315fe642e8, L_000002315fb1be00, C4<>;
L_000002315fe63800 .functor MUXZ 1, o000002315fa55ad8, v000002315fe61cf0_0, L_000002315fb1b2a0, C4<>;
    .scope S_000002315fa26530;
T_0 ;
    %wait E_000002315fa4a750;
    %load/vec4 v000002315fe61a70_0;
    %nor/r;
    %flag_set/vec4 8;
    %jmp/0xz  T_0.0, 8;
    %pushi/vec4 0, 0, 8;
    %assign/vec4 v000002315fe61ed0_0, 0;
    %pushi/vec4 1, 0, 1;
    %assign/vec4 v000002315fe616b0_0, 0;
    %jmp T_0.1;
T_0.0 ;
    %load/vec4 v000002315fe61ed0_0;
    %pad/u 26;
    %cmpi/e 24, 0, 26;
    %jmp/0xz  T_0.2, 4;
    %pushi/vec4 0, 0, 8;
    %assign/vec4 v000002315fe61ed0_0, 0;
    %load/vec4 v000002315fe616b0_0;
    %inv;
    %assign/vec4 v000002315fe616b0_0, 0;
    %jmp T_0.3;
T_0.2 ;
    %load/vec4 v000002315fe61ed0_0;
    %addi 1, 0, 8;
    %assign/vec4 v000002315fe61ed0_0, 0;
    %load/vec4 v000002315fe616b0_0;
    %assign/vec4 v000002315fe616b0_0, 0;
T_0.3 ;
T_0.1 ;
    %jmp T_0;
    .thread T_0;
    .scope S_000002315fa26530;
T_1 ;
    %wait E_000002315fa4a910;
    %load/vec4 v000002315fe61a70_0;
    %cmpi/e 0, 0, 1;
    %jmp/0xz  T_1.0, 4;
    %pushi/vec4 0, 0, 1;
    %assign/vec4 v000002315fe60a30_0, 0;
    %jmp T_1.1;
T_1.0 ;
    %load/vec4 v000002315fe61390_0;
    %cmpi/e 15, 0, 4;
    %flag_get/vec4 4;
    %jmp/0 T_1.5, 4;
    %load/vec4 v000002315fe60e90_0;
    %pushi/vec4 3, 0, 3;
    %cmp/e;
    %flag_get/vec4 4;
    %and;
T_1.5;
    %flag_set/vec4 9;
    %flag_get/vec4 9;
    %jmp/0 T_1.4, 9;
    %load/vec4 v000002315fe60990_0;
    %pushi/vec4 3, 0, 2;
    %cmp/e;
    %flag_get/vec4 4;
    %and;
T_1.4;
    %flag_set/vec4 8;
    %jmp/0xz  T_1.2, 8;
    %pushi/vec4 0, 0, 1;
    %assign/vec4 v000002315fe60a30_0, 0;
    %jmp T_1.3;
T_1.2 ;
    %load/vec4 v000002315fe612f0_0;
    %cmpi/e 1, 0, 1;
    %jmp/0xz  T_1.6, 4;
    %pushi/vec4 1, 0, 1;
    %assign/vec4 v000002315fe60a30_0, 0;
    %jmp T_1.7;
T_1.6 ;
    %load/vec4 v000002315fe60a30_0;
    %assign/vec4 v000002315fe60a30_0, 0;
T_1.7 ;
T_1.3 ;
T_1.1 ;
    %jmp T_1;
    .thread T_1;
    .scope S_000002315fa26530;
T_2 ;
    %wait E_000002315fa4a910;
    %load/vec4 v000002315fe61a70_0;
    %cmpi/e 0, 0, 1;
    %jmp/0xz  T_2.0, 4;
    %pushi/vec4 0, 0, 2;
    %assign/vec4 v000002315fe60990_0, 0;
    %jmp T_2.1;
T_2.0 ;
    %load/vec4 v000002315fe60a30_0;
    %cmpi/e 1, 0, 1;
    %jmp/0xz  T_2.2, 4;
    %load/vec4 v000002315fe60990_0;
    %addi 1, 0, 2;
    %assign/vec4 v000002315fe60990_0, 0;
    %jmp T_2.3;
T_2.2 ;
    %pushi/vec4 0, 0, 2;
    %assign/vec4 v000002315fe60990_0, 0;
T_2.3 ;
T_2.1 ;
    %jmp T_2;
    .thread T_2;
    .scope S_000002315fa26530;
T_3 ;
    %wait E_000002315fa4a910;
    %load/vec4 v000002315fe61a70_0;
    %cmpi/e 0, 0, 1;
    %jmp/0xz  T_3.0, 4;
    %pushi/vec4 0, 0, 3;
    %assign/vec4 v000002315fe60e90_0, 0;
    %jmp T_3.1;
T_3.0 ;
    %load/vec4 v000002315fe61390_0;
    %cmpi/e 0, 0, 4;
    %jmp/1 T_3.11, 4;
    %flag_mov 8, 4;
    %load/vec4 v000002315fe61390_0;
    %cmpi/e 1, 0, 4;
    %flag_or 4, 8;
T_3.11;
    %jmp/1 T_3.10, 4;
    %flag_mov 8, 4;
    %load/vec4 v000002315fe61390_0;
    %cmpi/e 10, 0, 4;
    %flag_or 4, 8;
T_3.10;
    %jmp/1 T_3.9, 4;
    %flag_mov 8, 4;
    %load/vec4 v000002315fe61390_0;
    %cmpi/e 3, 0, 4;
    %flag_or 4, 8;
T_3.9;
    %jmp/1 T_3.8, 4;
    %flag_mov 8, 4;
    %load/vec4 v000002315fe61390_0;
    %cmpi/e 5, 0, 4;
    %flag_or 4, 8;
T_3.8;
    %jmp/1 T_3.7, 4;
    %flag_mov 8, 4;
    %load/vec4 v000002315fe61390_0;
    %cmpi/e 7, 0, 4;
    %flag_or 4, 8;
T_3.7;
    %jmp/1 T_3.6, 4;
    %flag_mov 8, 4;
    %load/vec4 v000002315fe61390_0;
    %cmpi/e 9, 0, 4;
    %flag_or 4, 8;
T_3.6;
    %jmp/1 T_3.5, 4;
    %flag_mov 8, 4;
    %load/vec4 v000002315fe61390_0;
    %cmpi/e 12, 0, 4;
    %flag_or 4, 8;
T_3.5;
    %jmp/1 T_3.4, 4;
    %flag_mov 8, 4;
    %load/vec4 v000002315fe61390_0;
    %cmpi/e 14, 0, 4;
    %flag_or 4, 8;
T_3.4;
    %jmp/0xz  T_3.2, 4;
    %pushi/vec4 0, 0, 3;
    %assign/vec4 v000002315fe60e90_0, 0;
    %jmp T_3.3;
T_3.2 ;
    %load/vec4 v000002315fe60e90_0;
    %cmpi/e 7, 0, 3;
    %flag_get/vec4 4;
    %jmp/0 T_3.14, 4;
    %load/vec4 v000002315fe60990_0;
    %pushi/vec4 3, 0, 2;
    %cmp/e;
    %flag_get/vec4 4;
    %and;
T_3.14;
    %flag_set/vec4 8;
    %jmp/0xz  T_3.12, 8;
    %pushi/vec4 0, 0, 3;
    %assign/vec4 v000002315fe60e90_0, 0;
    %jmp T_3.13;
T_3.12 ;
    %load/vec4 v000002315fe60990_0;
    %cmpi/e 3, 0, 2;
    %flag_get/vec4 4;
    %jmp/0 T_3.17, 4;
    %load/vec4 v000002315fe61390_0;
    %pushi/vec4 0, 0, 4;
    %cmp/ne;
    %flag_get/vec4 4;
    %and;
T_3.17;
    %flag_set/vec4 8;
    %jmp/0xz  T_3.15, 8;
    %load/vec4 v000002315fe60e90_0;
    %addi 1, 0, 3;
    %assign/vec4 v000002315fe60e90_0, 0;
T_3.15 ;
T_3.13 ;
T_3.3 ;
T_3.1 ;
    %jmp T_3;
    .thread T_3;
    .scope S_000002315fa26530;
T_4 ;
    %wait E_000002315fa4a910;
    %load/vec4 v000002315fe61a70_0;
    %nor/r;
    %flag_set/vec4 8;
    %jmp/0xz  T_4.0, 8;
    %pushi/vec4 0, 0, 4;
    %assign/vec4 v000002315fe61390_0, 0;
    %jmp T_4.1;
T_4.0 ;
    %load/vec4 v000002315fe61390_0;
    %dup/vec4;
    %pushi/vec4 0, 0, 4;
    %cmp/u;
    %jmp/1 T_4.2, 6;
    %dup/vec4;
    %pushi/vec4 1, 0, 4;
    %cmp/u;
    %jmp/1 T_4.3, 6;
    %dup/vec4;
    %pushi/vec4 2, 0, 4;
    %cmp/u;
    %jmp/1 T_4.4, 6;
    %dup/vec4;
    %pushi/vec4 3, 0, 4;
    %cmp/u;
    %jmp/1 T_4.5, 6;
    %dup/vec4;
    %pushi/vec4 4, 0, 4;
    %cmp/u;
    %jmp/1 T_4.6, 6;
    %dup/vec4;
    %pushi/vec4 5, 0, 4;
    %cmp/u;
    %jmp/1 T_4.7, 6;
    %dup/vec4;
    %pushi/vec4 6, 0, 4;
    %cmp/u;
    %jmp/1 T_4.8, 6;
    %dup/vec4;
    %pushi/vec4 7, 0, 4;
    %cmp/u;
    %jmp/1 T_4.9, 6;
    %dup/vec4;
    %pushi/vec4 8, 0, 4;
    %cmp/u;
    %jmp/1 T_4.10, 6;
    %dup/vec4;
    %pushi/vec4 9, 0, 4;
    %cmp/u;
    %jmp/1 T_4.11, 6;
    %dup/vec4;
    %pushi/vec4 10, 0, 4;
    %cmp/u;
    %jmp/1 T_4.12, 6;
    %dup/vec4;
    %pushi/vec4 11, 0, 4;
    %cmp/u;
    %jmp/1 T_4.13, 6;
    %dup/vec4;
    %pushi/vec4 12, 0, 4;
    %cmp/u;
    %jmp/1 T_4.14, 6;
    %dup/vec4;
    %pushi/vec4 13, 0, 4;
    %cmp/u;
    %jmp/1 T_4.15, 6;
    %dup/vec4;
    %pushi/vec4 14, 0, 4;
    %cmp/u;
    %jmp/1 T_4.16, 6;
    %dup/vec4;
    %pushi/vec4 15, 0, 4;
    %cmp/u;
    %jmp/1 T_4.17, 6;
    %jmp T_4.18;
T_4.2 ;
    %load/vec4 v000002315fe612f0_0;
    %cmpi/e 1, 0, 1;
    %jmp/0xz  T_4.19, 4;
    %pushi/vec4 1, 0, 4;
    %assign/vec4 v000002315fe61390_0, 0;
    %jmp T_4.20;
T_4.19 ;
    %load/vec4 v000002315fe61390_0;
    %assign/vec4 v000002315fe61390_0, 0;
T_4.20 ;
    %jmp T_4.18;
T_4.3 ;
    %load/vec4 v000002315fe60990_0;
    %cmpi/e 3, 0, 2;
    %jmp/0xz  T_4.21, 4;
    %pushi/vec4 2, 0, 4;
    %assign/vec4 v000002315fe61390_0, 0;
    %jmp T_4.22;
T_4.21 ;
    %load/vec4 v000002315fe61390_0;
    %assign/vec4 v000002315fe61390_0, 0;
T_4.22 ;
    %jmp T_4.18;
T_4.4 ;
    %load/vec4 v000002315fe60e90_0;
    %cmpi/e 7, 0, 3;
    %flag_get/vec4 4;
    %jmp/0 T_4.25, 4;
    %load/vec4 v000002315fe60990_0;
    %pushi/vec4 3, 0, 2;
    %cmp/e;
    %flag_get/vec4 4;
    %and;
T_4.25;
    %flag_set/vec4 8;
    %jmp/0xz  T_4.23, 8;
    %pushi/vec4 3, 0, 4;
    %assign/vec4 v000002315fe61390_0, 0;
    %jmp T_4.24;
T_4.23 ;
    %load/vec4 v000002315fe61390_0;
    %assign/vec4 v000002315fe61390_0, 0;
T_4.24 ;
    %jmp T_4.18;
T_4.5 ;
    %load/vec4 v000002315fe60990_0;
    %cmpi/e 3, 0, 2;
    %flag_get/vec4 4;
    %jmp/0 T_4.28, 4;
    %load/vec4 v000002315fe600d0_0;
    %pushi/vec4 0, 0, 1;
    %cmp/e;
    %flag_get/vec4 4;
    %and;
T_4.28;
    %flag_set/vec4 8;
    %jmp/0xz  T_4.26, 8;
    %load/vec4 v000002315fe60170_0;
    %cmpi/e 1, 0, 1;
    %jmp/0xz  T_4.29, 4;
    %pushi/vec4 4, 0, 4;
    %assign/vec4 v000002315fe61390_0, 0;
    %jmp T_4.30;
T_4.29 ;
    %pushi/vec4 6, 0, 4;
    %assign/vec4 v000002315fe61390_0, 0;
T_4.30 ;
    %jmp T_4.27;
T_4.26 ;
    %load/vec4 v000002315fe61390_0;
    %assign/vec4 v000002315fe61390_0, 0;
T_4.27 ;
    %jmp T_4.18;
T_4.6 ;
    %load/vec4 v000002315fe60e90_0;
    %cmpi/e 7, 0, 3;
    %flag_get/vec4 4;
    %jmp/0 T_4.33, 4;
    %load/vec4 v000002315fe60990_0;
    %pushi/vec4 3, 0, 2;
    %cmp/e;
    %flag_get/vec4 4;
    %and;
T_4.33;
    %flag_set/vec4 8;
    %jmp/0xz  T_4.31, 8;
    %pushi/vec4 5, 0, 4;
    %assign/vec4 v000002315fe61390_0, 0;
    %jmp T_4.32;
T_4.31 ;
    %load/vec4 v000002315fe61390_0;
    %assign/vec4 v000002315fe61390_0, 0;
T_4.32 ;
    %jmp T_4.18;
T_4.7 ;
    %load/vec4 v000002315fe60990_0;
    %pad/u 32;
    %cmpi/e 3, 0, 32;
    %flag_get/vec4 4;
    %jmp/0 T_4.36, 4;
    %load/vec4 v000002315fe600d0_0;
    %pushi/vec4 0, 0, 1;
    %cmp/e;
    %flag_get/vec4 4;
    %and;
T_4.36;
    %flag_set/vec4 8;
    %jmp/0xz  T_4.34, 8;
    %pushi/vec4 6, 0, 4;
    %assign/vec4 v000002315fe61390_0, 0;
    %jmp T_4.35;
T_4.34 ;
    %load/vec4 v000002315fe61390_0;
    %assign/vec4 v000002315fe61390_0, 0;
T_4.35 ;
    %jmp T_4.18;
T_4.8 ;
    %load/vec4 v000002315fe60e90_0;
    %cmpi/e 7, 0, 3;
    %flag_get/vec4 4;
    %jmp/0 T_4.39, 4;
    %load/vec4 v000002315fe60990_0;
    %pushi/vec4 3, 0, 2;
    %cmp/e;
    %flag_get/vec4 4;
    %and;
T_4.39;
    %flag_set/vec4 8;
    %jmp/0xz  T_4.37, 8;
    %pushi/vec4 7, 0, 4;
    %assign/vec4 v000002315fe61390_0, 0;
    %jmp T_4.38;
T_4.37 ;
    %load/vec4 v000002315fe61390_0;
    %assign/vec4 v000002315fe61390_0, 0;
T_4.38 ;
    %jmp T_4.18;
T_4.9 ;
    %load/vec4 v000002315fe60990_0;
    %pad/u 32;
    %cmpi/e 3, 0, 32;
    %flag_get/vec4 4;
    %jmp/0 T_4.42, 4;
    %load/vec4 v000002315fe600d0_0;
    %pushi/vec4 0, 0, 1;
    %cmp/e;
    %flag_get/vec4 4;
    %and;
T_4.42;
    %flag_set/vec4 8;
    %jmp/0xz  T_4.40, 8;
    %load/vec4 v000002315fe60b70_0;
    %cmpi/e 1, 0, 1;
    %jmp/0xz  T_4.43, 4;
    %pushi/vec4 8, 0, 4;
    %assign/vec4 v000002315fe61390_0, 0;
    %jmp T_4.44;
T_4.43 ;
    %load/vec4 v000002315fe61610_0;
    %cmpi/e 1, 0, 1;
    %jmp/0xz  T_4.45, 4;
    %pushi/vec4 10, 0, 4;
    %assign/vec4 v000002315fe61390_0, 0;
    %jmp T_4.46;
T_4.45 ;
    %pushi/vec4 15, 0, 4;
    %assign/vec4 v000002315fe61390_0, 0;
T_4.46 ;
T_4.44 ;
    %jmp T_4.41;
T_4.40 ;
    %load/vec4 v000002315fe61390_0;
    %assign/vec4 v000002315fe61390_0, 0;
T_4.41 ;
    %jmp T_4.18;
T_4.10 ;
    %load/vec4 v000002315fe60e90_0;
    %cmpi/e 7, 0, 3;
    %flag_get/vec4 4;
    %jmp/0 T_4.49, 4;
    %load/vec4 v000002315fe60990_0;
    %pushi/vec4 3, 0, 2;
    %cmp/e;
    %flag_get/vec4 4;
    %and;
T_4.49;
    %flag_set/vec4 8;
    %jmp/0xz  T_4.47, 8;
    %pushi/vec4 9, 0, 4;
    %assign/vec4 v000002315fe61390_0, 0;
    %jmp T_4.48;
T_4.47 ;
    %load/vec4 v000002315fe61390_0;
    %assign/vec4 v000002315fe61390_0, 0;
T_4.48 ;
    %jmp T_4.18;
T_4.11 ;
    %load/vec4 v000002315fe60990_0;
    %pad/u 32;
    %cmpi/e 3, 0, 32;
    %flag_get/vec4 4;
    %jmp/0 T_4.52, 4;
    %load/vec4 v000002315fe600d0_0;
    %pushi/vec4 0, 0, 1;
    %cmp/e;
    %flag_get/vec4 4;
    %and;
T_4.52;
    %flag_set/vec4 8;
    %jmp/0xz  T_4.50, 8;
    %pushi/vec4 15, 0, 4;
    %assign/vec4 v000002315fe61390_0, 0;
    %jmp T_4.51;
T_4.50 ;
    %load/vec4 v000002315fe61390_0;
    %assign/vec4 v000002315fe61390_0, 0;
T_4.51 ;
    %jmp T_4.18;
T_4.12 ;
    %load/vec4 v000002315fe60990_0;
    %cmpi/e 3, 0, 2;
    %jmp/0xz  T_4.53, 4;
    %pushi/vec4 11, 0, 4;
    %assign/vec4 v000002315fe61390_0, 0;
    %jmp T_4.54;
T_4.53 ;
    %load/vec4 v000002315fe61390_0;
    %assign/vec4 v000002315fe61390_0, 0;
T_4.54 ;
    %jmp T_4.18;
T_4.13 ;
    %load/vec4 v000002315fe60e90_0;
    %cmpi/e 7, 0, 3;
    %flag_get/vec4 4;
    %jmp/0 T_4.57, 4;
    %load/vec4 v000002315fe60990_0;
    %pushi/vec4 3, 0, 2;
    %cmp/e;
    %flag_get/vec4 4;
    %and;
T_4.57;
    %flag_set/vec4 8;
    %jmp/0xz  T_4.55, 8;
    %pushi/vec4 12, 0, 4;
    %assign/vec4 v000002315fe61390_0, 0;
    %jmp T_4.56;
T_4.55 ;
    %load/vec4 v000002315fe61390_0;
    %assign/vec4 v000002315fe61390_0, 0;
T_4.56 ;
    %jmp T_4.18;
T_4.14 ;
    %load/vec4 v000002315fe60990_0;
    %cmpi/e 3, 0, 2;
    %flag_get/vec4 4;
    %jmp/0 T_4.60, 4;
    %load/vec4 v000002315fe600d0_0;
    %pushi/vec4 0, 0, 1;
    %cmp/e;
    %flag_get/vec4 4;
    %and;
T_4.60;
    %flag_set/vec4 8;
    %jmp/0xz  T_4.58, 8;
    %pushi/vec4 13, 0, 4;
    %assign/vec4 v000002315fe61390_0, 0;
    %jmp T_4.59;
T_4.58 ;
    %load/vec4 v000002315fe61390_0;
    %assign/vec4 v000002315fe61390_0, 0;
T_4.59 ;
    %jmp T_4.18;
T_4.15 ;
    %load/vec4 v000002315fe60990_0;
    %cmpi/e 3, 0, 2;
    %flag_get/vec4 4;
    %jmp/0 T_4.63, 4;
    %load/vec4 v000002315fe60e90_0;
    %pushi/vec4 7, 0, 3;
    %cmp/e;
    %flag_get/vec4 4;
    %and;
T_4.63;
    %flag_set/vec4 8;
    %jmp/0xz  T_4.61, 8;
    %pushi/vec4 14, 0, 4;
    %assign/vec4 v000002315fe61390_0, 0;
    %jmp T_4.62;
T_4.61 ;
    %load/vec4 v000002315fe61390_0;
    %assign/vec4 v000002315fe61390_0, 0;
T_4.62 ;
    %jmp T_4.18;
T_4.16 ;
    %load/vec4 v000002315fe60990_0;
    %cmpi/e 3, 0, 2;
    %jmp/0xz  T_4.64, 4;
    %pushi/vec4 15, 0, 4;
    %assign/vec4 v000002315fe61390_0, 0;
    %jmp T_4.65;
T_4.64 ;
    %load/vec4 v000002315fe61390_0;
    %assign/vec4 v000002315fe61390_0, 0;
T_4.65 ;
    %jmp T_4.18;
T_4.17 ;
    %load/vec4 v000002315fe60e90_0;
    %cmpi/e 3, 0, 3;
    %flag_get/vec4 4;
    %jmp/0 T_4.68, 4;
    %load/vec4 v000002315fe60990_0;
    %pushi/vec4 3, 0, 2;
    %cmp/e;
    %flag_get/vec4 4;
    %and;
T_4.68;
    %flag_set/vec4 8;
    %jmp/0xz  T_4.66, 8;
    %pushi/vec4 0, 0, 4;
    %assign/vec4 v000002315fe61390_0, 0;
    %jmp T_4.67;
T_4.66 ;
    %load/vec4 v000002315fe61390_0;
    %assign/vec4 v000002315fe61390_0, 0;
T_4.67 ;
    %jmp T_4.18;
T_4.18 ;
    %pop/vec4 1;
T_4.1 ;
    %jmp T_4;
    .thread T_4;
    .scope S_000002315fa26530;
T_5 ;
    %wait E_000002315fa4afd0;
    %load/vec4 v000002315fe61390_0;
    %dup/vec4;
    %pushi/vec4 0, 0, 4;
    %cmp/u;
    %jmp/1 T_5.0, 6;
    %dup/vec4;
    %pushi/vec4 1, 0, 4;
    %cmp/u;
    %jmp/1 T_5.1, 6;
    %dup/vec4;
    %pushi/vec4 10, 0, 4;
    %cmp/u;
    %jmp/1 T_5.2, 6;
    %dup/vec4;
    %pushi/vec4 2, 0, 4;
    %cmp/u;
    %jmp/1 T_5.3, 6;
    %dup/vec4;
    %pushi/vec4 3, 0, 4;
    %cmp/u;
    %jmp/1 T_5.4, 6;
    %dup/vec4;
    %pushi/vec4 4, 0, 4;
    %cmp/u;
    %jmp/1 T_5.5, 6;
    %dup/vec4;
    %pushi/vec4 5, 0, 4;
    %cmp/u;
    %jmp/1 T_5.6, 6;
    %dup/vec4;
    %pushi/vec4 6, 0, 4;
    %cmp/u;
    %jmp/1 T_5.7, 6;
    %dup/vec4;
    %pushi/vec4 7, 0, 4;
    %cmp/u;
    %jmp/1 T_5.8, 6;
    %dup/vec4;
    %pushi/vec4 8, 0, 4;
    %cmp/u;
    %jmp/1 T_5.9, 6;
    %dup/vec4;
    %pushi/vec4 9, 0, 4;
    %cmp/u;
    %jmp/1 T_5.10, 6;
    %dup/vec4;
    %pushi/vec4 11, 0, 4;
    %cmp/u;
    %jmp/1 T_5.11, 6;
    %dup/vec4;
    %pushi/vec4 12, 0, 4;
    %cmp/u;
    %jmp/1 T_5.12, 6;
    %dup/vec4;
    %pushi/vec4 13, 0, 4;
    %cmp/u;
    %jmp/1 T_5.13, 6;
    %dup/vec4;
    %pushi/vec4 14, 0, 4;
    %cmp/u;
    %jmp/1 T_5.14, 6;
    %dup/vec4;
    %pushi/vec4 15, 0, 4;
    %cmp/u;
    %jmp/1 T_5.15, 6;
    %pushi/vec4 1, 0, 1;
    %assign/vec4 v000002315fe61f70_0, 0;
    %jmp T_5.17;
T_5.0 ;
    %pushi/vec4 1, 0, 1;
    %assign/vec4 v000002315fe61f70_0, 0;
    %jmp T_5.17;
T_5.1 ;
    %load/vec4 v000002315fe60990_0;
    %cmpi/e 3, 0, 2;
    %jmp/0xz  T_5.18, 4;
    %pushi/vec4 0, 0, 1;
    %assign/vec4 v000002315fe61f70_0, 0;
    %jmp T_5.19;
T_5.18 ;
    %pushi/vec4 1, 0, 1;
    %assign/vec4 v000002315fe61f70_0, 0;
T_5.19 ;
    %jmp T_5.17;
T_5.2 ;
    %load/vec4 v000002315fe60990_0;
    %cmpi/e 3, 0, 2;
    %jmp/0xz  T_5.20, 4;
    %pushi/vec4 0, 0, 1;
    %assign/vec4 v000002315fe61f70_0, 0;
    %jmp T_5.21;
T_5.20 ;
    %pushi/vec4 1, 0, 1;
    %assign/vec4 v000002315fe61f70_0, 0;
T_5.21 ;
    %jmp T_5.17;
T_5.3 ;
    %load/vec4 v000002315fe60990_0;
    %cmpi/e 1, 0, 2;
    %jmp/1 T_5.24, 4;
    %flag_mov 8, 4;
    %load/vec4 v000002315fe60990_0;
    %cmpi/e 2, 0, 2;
    %flag_or 4, 8;
T_5.24;
    %jmp/0xz  T_5.22, 4;
    %pushi/vec4 1, 0, 1;
    %assign/vec4 v000002315fe61f70_0, 0;
    %jmp T_5.23;
T_5.22 ;
    %pushi/vec4 0, 0, 1;
    %assign/vec4 v000002315fe61f70_0, 0;
T_5.23 ;
    %jmp T_5.17;
T_5.4 ;
    %load/vec4 v000002315fe60990_0;
    %cmpi/e 1, 0, 2;
    %jmp/1 T_5.27, 4;
    %flag_mov 8, 4;
    %load/vec4 v000002315fe60990_0;
    %cmpi/e 2, 0, 2;
    %flag_or 4, 8;
T_5.27;
    %jmp/0xz  T_5.25, 4;
    %pushi/vec4 1, 0, 1;
    %assign/vec4 v000002315fe61f70_0, 0;
    %jmp T_5.26;
T_5.25 ;
    %pushi/vec4 0, 0, 1;
    %assign/vec4 v000002315fe61f70_0, 0;
T_5.26 ;
    %jmp T_5.17;
T_5.5 ;
    %load/vec4 v000002315fe60990_0;
    %cmpi/e 1, 0, 2;
    %jmp/1 T_5.30, 4;
    %flag_mov 8, 4;
    %load/vec4 v000002315fe60990_0;
    %cmpi/e 2, 0, 2;
    %flag_or 4, 8;
T_5.30;
    %jmp/0xz  T_5.28, 4;
    %pushi/vec4 1, 0, 1;
    %assign/vec4 v000002315fe61f70_0, 0;
    %jmp T_5.29;
T_5.28 ;
    %pushi/vec4 0, 0, 1;
    %assign/vec4 v000002315fe61f70_0, 0;
T_5.29 ;
    %jmp T_5.17;
T_5.6 ;
    %load/vec4 v000002315fe60990_0;
    %cmpi/e 1, 0, 2;
    %jmp/1 T_5.33, 4;
    %flag_mov 8, 4;
    %load/vec4 v000002315fe60990_0;
    %cmpi/e 2, 0, 2;
    %flag_or 4, 8;
T_5.33;
    %jmp/0xz  T_5.31, 4;
    %pushi/vec4 1, 0, 1;
    %assign/vec4 v000002315fe61f70_0, 0;
    %jmp T_5.32;
T_5.31 ;
    %pushi/vec4 0, 0, 1;
    %assign/vec4 v000002315fe61f70_0, 0;
T_5.32 ;
    %jmp T_5.17;
T_5.7 ;
    %load/vec4 v000002315fe60990_0;
    %cmpi/e 1, 0, 2;
    %jmp/1 T_5.36, 4;
    %flag_mov 8, 4;
    %load/vec4 v000002315fe60990_0;
    %cmpi/e 2, 0, 2;
    %flag_or 4, 8;
T_5.36;
    %jmp/0xz  T_5.34, 4;
    %pushi/vec4 1, 0, 1;
    %assign/vec4 v000002315fe61f70_0, 0;
    %jmp T_5.35;
T_5.34 ;
    %pushi/vec4 0, 0, 1;
    %assign/vec4 v000002315fe61f70_0, 0;
T_5.35 ;
    %jmp T_5.17;
T_5.8 ;
    %load/vec4 v000002315fe60990_0;
    %cmpi/e 1, 0, 2;
    %jmp/1 T_5.39, 4;
    %flag_mov 8, 4;
    %load/vec4 v000002315fe60990_0;
    %cmpi/e 2, 0, 2;
    %flag_or 4, 8;
T_5.39;
    %jmp/0xz  T_5.37, 4;
    %pushi/vec4 1, 0, 1;
    %assign/vec4 v000002315fe61f70_0, 0;
    %jmp T_5.38;
T_5.37 ;
    %pushi/vec4 0, 0, 1;
    %assign/vec4 v000002315fe61f70_0, 0;
T_5.38 ;
    %jmp T_5.17;
T_5.9 ;
    %load/vec4 v000002315fe60990_0;
    %cmpi/e 1, 0, 2;
    %jmp/1 T_5.42, 4;
    %flag_mov 8, 4;
    %load/vec4 v000002315fe60990_0;
    %cmpi/e 2, 0, 2;
    %flag_or 4, 8;
T_5.42;
    %jmp/0xz  T_5.40, 4;
    %pushi/vec4 1, 0, 1;
    %assign/vec4 v000002315fe61f70_0, 0;
    %jmp T_5.41;
T_5.40 ;
    %pushi/vec4 0, 0, 1;
    %assign/vec4 v000002315fe61f70_0, 0;
T_5.41 ;
    %jmp T_5.17;
T_5.10 ;
    %load/vec4 v000002315fe60990_0;
    %cmpi/e 1, 0, 2;
    %jmp/1 T_5.45, 4;
    %flag_mov 8, 4;
    %load/vec4 v000002315fe60990_0;
    %cmpi/e 2, 0, 2;
    %flag_or 4, 8;
T_5.45;
    %jmp/0xz  T_5.43, 4;
    %pushi/vec4 1, 0, 1;
    %assign/vec4 v000002315fe61f70_0, 0;
    %jmp T_5.44;
T_5.43 ;
    %pushi/vec4 0, 0, 1;
    %assign/vec4 v000002315fe61f70_0, 0;
T_5.44 ;
    %jmp T_5.17;
T_5.11 ;
    %load/vec4 v000002315fe60990_0;
    %cmpi/e 1, 0, 2;
    %jmp/1 T_5.48, 4;
    %flag_mov 8, 4;
    %load/vec4 v000002315fe60990_0;
    %cmpi/e 2, 0, 2;
    %flag_or 4, 8;
T_5.48;
    %jmp/0xz  T_5.46, 4;
    %pushi/vec4 1, 0, 1;
    %assign/vec4 v000002315fe61f70_0, 0;
    %jmp T_5.47;
T_5.46 ;
    %pushi/vec4 0, 0, 1;
    %assign/vec4 v000002315fe61f70_0, 0;
T_5.47 ;
    %jmp T_5.17;
T_5.12 ;
    %load/vec4 v000002315fe60990_0;
    %cmpi/e 1, 0, 2;
    %jmp/1 T_5.51, 4;
    %flag_mov 8, 4;
    %load/vec4 v000002315fe60990_0;
    %cmpi/e 2, 0, 2;
    %flag_or 4, 8;
T_5.51;
    %jmp/0xz  T_5.49, 4;
    %pushi/vec4 1, 0, 1;
    %assign/vec4 v000002315fe61f70_0, 0;
    %jmp T_5.50;
T_5.49 ;
    %pushi/vec4 0, 0, 1;
    %assign/vec4 v000002315fe61f70_0, 0;
T_5.50 ;
    %jmp T_5.17;
T_5.13 ;
    %load/vec4 v000002315fe60990_0;
    %cmpi/e 1, 0, 2;
    %jmp/1 T_5.54, 4;
    %flag_mov 8, 4;
    %load/vec4 v000002315fe60990_0;
    %cmpi/e 2, 0, 2;
    %flag_or 4, 8;
T_5.54;
    %jmp/0xz  T_5.52, 4;
    %pushi/vec4 1, 0, 1;
    %assign/vec4 v000002315fe61f70_0, 0;
    %jmp T_5.53;
T_5.52 ;
    %pushi/vec4 0, 0, 1;
    %assign/vec4 v000002315fe61f70_0, 0;
T_5.53 ;
    %jmp T_5.17;
T_5.14 ;
    %load/vec4 v000002315fe60990_0;
    %cmpi/e 1, 0, 2;
    %jmp/1 T_5.57, 4;
    %flag_mov 8, 4;
    %load/vec4 v000002315fe60990_0;
    %cmpi/e 2, 0, 2;
    %flag_or 4, 8;
T_5.57;
    %jmp/0xz  T_5.55, 4;
    %pushi/vec4 1, 0, 1;
    %assign/vec4 v000002315fe61f70_0, 0;
    %jmp T_5.56;
T_5.55 ;
    %pushi/vec4 0, 0, 1;
    %assign/vec4 v000002315fe61f70_0, 0;
T_5.56 ;
    %jmp T_5.17;
T_5.15 ;
    %load/vec4 v000002315fe60e90_0;
    %cmpi/e 0, 0, 3;
    %flag_get/vec4 4;
    %jmp/0 T_5.60, 4;
    %load/vec4 v000002315fe60990_0;
    %pushi/vec4 0, 0, 2;
    %cmp/e;
    %flag_get/vec4 4;
    %and;
T_5.60;
    %flag_set/vec4 8;
    %jmp/0xz  T_5.58, 8;
    %pushi/vec4 0, 0, 1;
    %assign/vec4 v000002315fe61f70_0, 0;
    %jmp T_5.59;
T_5.58 ;
    %pushi/vec4 1, 0, 1;
    %assign/vec4 v000002315fe61f70_0, 0;
T_5.59 ;
    %jmp T_5.17;
T_5.17 ;
    %pop/vec4 1;
    %jmp T_5;
    .thread T_5, $push;
    .scope S_000002315fa26530;
T_6 ;
    %wait E_000002315fa4ac50;
    %load/vec4 v000002315fe61390_0;
    %dup/vec4;
    %pushi/vec4 0, 0, 4;
    %cmp/u;
    %jmp/1 T_6.0, 6;
    %dup/vec4;
    %pushi/vec4 1, 0, 4;
    %cmp/u;
    %jmp/1 T_6.1, 6;
    %dup/vec4;
    %pushi/vec4 2, 0, 4;
    %cmp/u;
    %jmp/1 T_6.2, 6;
    %dup/vec4;
    %pushi/vec4 3, 0, 4;
    %cmp/u;
    %jmp/1 T_6.3, 6;
    %dup/vec4;
    %pushi/vec4 4, 0, 4;
    %cmp/u;
    %jmp/1 T_6.4, 6;
    %dup/vec4;
    %pushi/vec4 5, 0, 4;
    %cmp/u;
    %jmp/1 T_6.5, 6;
    %dup/vec4;
    %pushi/vec4 6, 0, 4;
    %cmp/u;
    %jmp/1 T_6.6, 6;
    %dup/vec4;
    %pushi/vec4 7, 0, 4;
    %cmp/u;
    %jmp/1 T_6.7, 6;
    %dup/vec4;
    %pushi/vec4 8, 0, 4;
    %cmp/u;
    %jmp/1 T_6.8, 6;
    %dup/vec4;
    %pushi/vec4 9, 0, 4;
    %cmp/u;
    %jmp/1 T_6.9, 6;
    %dup/vec4;
    %pushi/vec4 10, 0, 4;
    %cmp/u;
    %jmp/1 T_6.10, 6;
    %dup/vec4;
    %pushi/vec4 11, 0, 4;
    %cmp/u;
    %jmp/1 T_6.11, 6;
    %dup/vec4;
    %pushi/vec4 12, 0, 4;
    %cmp/u;
    %jmp/1 T_6.12, 6;
    %dup/vec4;
    %pushi/vec4 13, 0, 4;
    %cmp/u;
    %jmp/1 T_6.13, 6;
    %dup/vec4;
    %pushi/vec4 14, 0, 4;
    %cmp/u;
    %jmp/1 T_6.14, 6;
    %dup/vec4;
    %pushi/vec4 15, 0, 4;
    %cmp/u;
    %jmp/1 T_6.15, 6;
    %load/vec4 v000002315fe60ad0_0;
    %assign/vec4 v000002315fe60ad0_0, 0;
    %pushi/vec4 1, 0, 1;
    %assign/vec4 v000002315fe61cf0_0, 0;
    %jmp T_6.17;
T_6.0 ;
    %pushi/vec4 1, 0, 1;
    %assign/vec4 v000002315fe61cf0_0, 0;
    %jmp T_6.17;
T_6.1 ;
    %load/vec4 v000002315fe60990_0;
    %cmpi/e 0, 0, 2;
    %jmp/0xz  T_6.18, 4;
    %pushi/vec4 1, 0, 1;
    %assign/vec4 v000002315fe61cf0_0, 0;
    %jmp T_6.19;
T_6.18 ;
    %pushi/vec4 0, 0, 1;
    %assign/vec4 v000002315fe61cf0_0, 0;
T_6.19 ;
    %jmp T_6.17;
T_6.2 ;
    %load/vec4 v000002315fe60e90_0;
    %cmpi/u 6, 0, 3;
    %flag_or 5, 4;
    %jmp/0xz  T_6.20, 5;
    %pushi/vec4 80, 0, 7;
    %pushi/vec4 6, 0, 32;
    %load/vec4 v000002315fe60e90_0;
    %pad/u 32;
    %sub;
    %part/u 1;
    %assign/vec4 v000002315fe61cf0_0, 0;
    %jmp T_6.21;
T_6.20 ;
    %pushi/vec4 0, 0, 1;
    %assign/vec4 v000002315fe61cf0_0, 0;
T_6.21 ;
    %jmp T_6.17;
T_6.3 ;
    %pushi/vec4 1, 0, 1;
    %assign/vec4 v000002315fe61cf0_0, 0;
    %jmp T_6.17;
T_6.4 ;
    %load/vec4 v000002315fe61e30_0;
    %pushi/vec4 15, 0, 32;
    %load/vec4 v000002315fe60e90_0;
    %pad/u 32;
    %sub;
    %part/u 1;
    %assign/vec4 v000002315fe61cf0_0, 0;
    %jmp T_6.17;
T_6.5 ;
    %pushi/vec4 1, 0, 1;
    %assign/vec4 v000002315fe61cf0_0, 0;
    %jmp T_6.17;
T_6.6 ;
    %load/vec4 v000002315fe61e30_0;
    %pushi/vec4 7, 0, 32;
    %load/vec4 v000002315fe60e90_0;
    %pad/u 32;
    %sub;
    %part/u 1;
    %assign/vec4 v000002315fe61cf0_0, 0;
    %jmp T_6.17;
T_6.7 ;
    %pushi/vec4 1, 0, 1;
    %assign/vec4 v000002315fe61cf0_0, 0;
    %jmp T_6.17;
T_6.8 ;
    %load/vec4 v000002315fe61570_0;
    %pushi/vec4 7, 0, 32;
    %load/vec4 v000002315fe60e90_0;
    %pad/u 32;
    %sub;
    %part/u 1;
    %assign/vec4 v000002315fe61cf0_0, 0;
    %jmp T_6.17;
T_6.9 ;
    %pushi/vec4 1, 0, 1;
    %assign/vec4 v000002315fe61cf0_0, 0;
    %jmp T_6.17;
T_6.10 ;
    %load/vec4 v000002315fe60990_0;
    %cmpi/e 0, 0, 2;
    %jmp/0xz  T_6.22, 4;
    %pushi/vec4 1, 0, 1;
    %assign/vec4 v000002315fe61cf0_0, 0;
    %jmp T_6.23;
T_6.22 ;
    %pushi/vec4 0, 0, 1;
    %assign/vec4 v000002315fe61cf0_0, 0;
T_6.23 ;
    %jmp T_6.17;
T_6.11 ;
    %load/vec4 v000002315fe60e90_0;
    %cmpi/u 6, 0, 3;
    %flag_or 5, 4;
    %jmp/0xz  T_6.24, 5;
    %pushi/vec4 80, 0, 7;
    %pushi/vec4 6, 0, 32;
    %load/vec4 v000002315fe60e90_0;
    %pad/u 32;
    %sub;
    %part/u 1;
    %assign/vec4 v000002315fe61cf0_0, 0;
    %jmp T_6.25;
T_6.24 ;
    %pushi/vec4 1, 0, 1;
    %assign/vec4 v000002315fe61cf0_0, 0;
T_6.25 ;
    %jmp T_6.17;
T_6.12 ;
    %pushi/vec4 1, 0, 1;
    %assign/vec4 v000002315fe61cf0_0, 0;
    %jmp T_6.17;
T_6.13 ;
    %load/vec4 v000002315fe60990_0;
    %cmpi/e 2, 0, 2;
    %jmp/0xz  T_6.26, 4;
    %load/vec4 v000002315fe60f30_0;
    %ix/load 5, 0, 0;
    %pushi/vec4 7, 0, 32;
    %load/vec4 v000002315fe60e90_0;
    %pad/u 32;
    %sub;
    %ix/vec4 4;
    %assign/vec4/off/d v000002315fe60ad0_0, 4, 5;
    %jmp T_6.27;
T_6.26 ;
    %load/vec4 v000002315fe60ad0_0;
    %assign/vec4 v000002315fe60ad0_0, 0;
T_6.27 ;
    %jmp T_6.17;
T_6.14 ;
    %pushi/vec4 1, 0, 1;
    %assign/vec4 v000002315fe61cf0_0, 0;
    %jmp T_6.17;
T_6.15 ;
    %load/vec4 v000002315fe60e90_0;
    %cmpi/e 0, 0, 3;
    %flag_get/vec4 4;
    %jmp/0 T_6.30, 4;
    %load/vec4 v000002315fe60990_0;
    %cmpi/u 3, 0, 2;
    %flag_get/vec4 5;
    %and;
T_6.30;
    %flag_set/vec4 8;
    %jmp/0xz  T_6.28, 8;
    %pushi/vec4 0, 0, 1;
    %assign/vec4 v000002315fe61cf0_0, 0;
    %jmp T_6.29;
T_6.28 ;
    %pushi/vec4 1, 0, 1;
    %assign/vec4 v000002315fe61cf0_0, 0;
T_6.29 ;
    %jmp T_6.17;
T_6.17 ;
    %pop/vec4 1;
    %jmp T_6;
    .thread T_6, $push;
    .scope S_000002315fa26530;
T_7 ;
    %wait E_000002315fa4a910;
    %load/vec4 v000002315fe61a70_0;
    %nor/r;
    %flag_set/vec4 8;
    %jmp/0xz  T_7.0, 8;
    %pushi/vec4 0, 0, 1;
    %assign/vec4 v000002315fe607b0_0, 0;
    %jmp T_7.1;
T_7.0 ;
    %load/vec4 v000002315fe61390_0;
    %cmpi/e 15, 0, 4;
    %flag_get/vec4 4;
    %jmp/0 T_7.5, 4;
    %load/vec4 v000002315fe60e90_0;
    %pushi/vec4 3, 0, 3;
    %cmp/e;
    %flag_get/vec4 4;
    %and;
T_7.5;
    %flag_set/vec4 9;
    %flag_get/vec4 9;
    %jmp/0 T_7.4, 9;
    %load/vec4 v000002315fe60990_0;
    %pushi/vec4 3, 0, 2;
    %cmp/e;
    %flag_get/vec4 4;
    %and;
T_7.4;
    %flag_set/vec4 8;
    %jmp/0xz  T_7.2, 8;
    %pushi/vec4 1, 0, 1;
    %assign/vec4 v000002315fe607b0_0, 0;
    %jmp T_7.3;
T_7.2 ;
    %pushi/vec4 0, 0, 1;
    %assign/vec4 v000002315fe607b0_0, 0;
T_7.3 ;
T_7.1 ;
    %jmp T_7;
    .thread T_7;
    .scope S_000002315fa26530;
T_8 ;
    %wait E_000002315fa4b0d0;
    %load/vec4 v000002315fe61390_0;
    %dup/vec4;
    %pushi/vec4 0, 0, 4;
    %cmp/u;
    %jmp/1 T_8.0, 6;
    %dup/vec4;
    %pushi/vec4 1, 0, 4;
    %cmp/u;
    %jmp/1 T_8.1, 6;
    %dup/vec4;
    %pushi/vec4 2, 0, 4;
    %cmp/u;
    %jmp/1 T_8.2, 6;
    %dup/vec4;
    %pushi/vec4 4, 0, 4;
    %cmp/u;
    %jmp/1 T_8.3, 6;
    %dup/vec4;
    %pushi/vec4 6, 0, 4;
    %cmp/u;
    %jmp/1 T_8.4, 6;
    %dup/vec4;
    %pushi/vec4 8, 0, 4;
    %cmp/u;
    %jmp/1 T_8.5, 6;
    %dup/vec4;
    %pushi/vec4 10, 0, 4;
    %cmp/u;
    %jmp/1 T_8.6, 6;
    %dup/vec4;
    %pushi/vec4 11, 0, 4;
    %cmp/u;
    %jmp/1 T_8.7, 6;
    %dup/vec4;
    %pushi/vec4 13, 0, 4;
    %cmp/u;
    %jmp/1 T_8.8, 6;
    %dup/vec4;
    %pushi/vec4 14, 0, 4;
    %cmp/u;
    %jmp/1 T_8.9, 6;
    %dup/vec4;
    %pushi/vec4 3, 0, 4;
    %cmp/u;
    %jmp/1 T_8.10, 6;
    %dup/vec4;
    %pushi/vec4 5, 0, 4;
    %cmp/u;
    %jmp/1 T_8.11, 6;
    %dup/vec4;
    %pushi/vec4 7, 0, 4;
    %cmp/u;
    %jmp/1 T_8.12, 6;
    %dup/vec4;
    %pushi/vec4 9, 0, 4;
    %cmp/u;
    %jmp/1 T_8.13, 6;
    %dup/vec4;
    %pushi/vec4 12, 0, 4;
    %cmp/u;
    %jmp/1 T_8.14, 6;
    %pushi/vec4 1, 0, 1;
    %assign/vec4 v000002315fe600d0_0, 0;
    %jmp T_8.16;
T_8.0 ;
    %pushi/vec4 1, 0, 1;
    %assign/vec4 v000002315fe600d0_0, 0;
    %jmp T_8.16;
T_8.1 ;
    %pushi/vec4 1, 0, 1;
    %assign/vec4 v000002315fe600d0_0, 0;
    %jmp T_8.16;
T_8.2 ;
    %pushi/vec4 1, 0, 1;
    %assign/vec4 v000002315fe600d0_0, 0;
    %jmp T_8.16;
T_8.3 ;
    %pushi/vec4 1, 0, 1;
    %assign/vec4 v000002315fe600d0_0, 0;
    %jmp T_8.16;
T_8.4 ;
    %pushi/vec4 1, 0, 1;
    %assign/vec4 v000002315fe600d0_0, 0;
    %jmp T_8.16;
T_8.5 ;
    %pushi/vec4 1, 0, 1;
    %assign/vec4 v000002315fe600d0_0, 0;
    %jmp T_8.16;
T_8.6 ;
    %pushi/vec4 1, 0, 1;
    %assign/vec4 v000002315fe600d0_0, 0;
    %jmp T_8.16;
T_8.7 ;
    %pushi/vec4 1, 0, 1;
    %assign/vec4 v000002315fe600d0_0, 0;
    %jmp T_8.16;
T_8.8 ;
    %pushi/vec4 1, 0, 1;
    %assign/vec4 v000002315fe600d0_0, 0;
    %jmp T_8.16;
T_8.9 ;
    %pushi/vec4 1, 0, 1;
    %assign/vec4 v000002315fe600d0_0, 0;
    %jmp T_8.16;
T_8.10 ;
    %load/vec4 v000002315fe60990_0;
    %cmpi/e 0, 0, 2;
    %jmp/0xz  T_8.17, 4;
    %load/vec4 v000002315fe60f30_0;
    %assign/vec4 v000002315fe600d0_0, 0;
    %jmp T_8.18;
T_8.17 ;
    %load/vec4 v000002315fe600d0_0;
    %assign/vec4 v000002315fe600d0_0, 0;
T_8.18 ;
    %jmp T_8.16;
T_8.11 ;
    %load/vec4 v000002315fe60990_0;
    %cmpi/e 0, 0, 2;
    %jmp/0xz  T_8.19, 4;
    %load/vec4 v000002315fe60f30_0;
    %assign/vec4 v000002315fe600d0_0, 0;
    %jmp T_8.20;
T_8.19 ;
    %load/vec4 v000002315fe600d0_0;
    %assign/vec4 v000002315fe600d0_0, 0;
T_8.20 ;
    %jmp T_8.16;
T_8.12 ;
    %load/vec4 v000002315fe60990_0;
    %cmpi/e 0, 0, 2;
    %jmp/0xz  T_8.21, 4;
    %load/vec4 v000002315fe60f30_0;
    %assign/vec4 v000002315fe600d0_0, 0;
    %jmp T_8.22;
T_8.21 ;
    %load/vec4 v000002315fe600d0_0;
    %assign/vec4 v000002315fe600d0_0, 0;
T_8.22 ;
    %jmp T_8.16;
T_8.13 ;
    %load/vec4 v000002315fe60990_0;
    %cmpi/e 0, 0, 2;
    %jmp/0xz  T_8.23, 4;
    %load/vec4 v000002315fe60f30_0;
    %assign/vec4 v000002315fe600d0_0, 0;
    %jmp T_8.24;
T_8.23 ;
    %load/vec4 v000002315fe600d0_0;
    %assign/vec4 v000002315fe600d0_0, 0;
T_8.24 ;
    %jmp T_8.16;
T_8.14 ;
    %load/vec4 v000002315fe60990_0;
    %cmpi/e 0, 0, 2;
    %jmp/0xz  T_8.25, 4;
    %load/vec4 v000002315fe60f30_0;
    %assign/vec4 v000002315fe600d0_0, 0;
    %jmp T_8.26;
T_8.25 ;
    %load/vec4 v000002315fe600d0_0;
    %assign/vec4 v000002315fe600d0_0, 0;
T_8.26 ;
    %jmp T_8.16;
T_8.16 ;
    %pop/vec4 1;
    %jmp T_8;
    .thread T_8, $push;
    .scope S_000002315fa55420;
T_9 ;
    %pushi/vec4 0, 0, 1;
    %store/vec4 v000002315fe61bb0_0, 0, 1;
    %pushi/vec4 0, 0, 1;
    %store/vec4 v000002315fe61d90_0, 0, 1;
    %pushi/vec4 0, 0, 1;
    %store/vec4 v000002315fe63580_0, 0, 1;
    %pushi/vec4 0, 0, 1;
    %store/vec4 v000002315fe614d0_0, 0, 1;
    %pushi/vec4 0, 0, 1;
    %store/vec4 v000002315fe60850_0, 0, 1;
    %pushi/vec4 0, 0, 1;
    %store/vec4 v000002315fe619d0_0, 0, 1;
    %pushi/vec4 26314, 0, 16;
    %store/vec4 v000002315fe61b10_0, 0, 16;
    %pushi/vec4 197, 0, 8;
    %store/vec4 v000002315fe60cb0_0, 0, 8;
    %pushi/vec4 0, 0, 1;
    %store/vec4 v000002315fe63080_0, 0, 1;
    %pushi/vec4 0, 0, 1;
    %store/vec4 v000002315fe60710_0, 0, 1;
    %pushi/vec4 0, 0, 5;
    %store/vec4 v000002315fe60670_0, 0, 5;
    %pushi/vec4 107, 0, 8;
    %store/vec4 v000002315fe60fd0_0, 0, 8;
    %end;
    .thread T_9;
    .scope S_000002315fa55420;
T_10 ;
    %pushi/vec4 1, 0, 1;
    %store/vec4 v000002315fe61bb0_0, 0, 1;
    %end;
    .thread T_10;
    .scope S_000002315fa55420;
T_11 ;
    %delay 10, 0;
    %load/vec4 v000002315fe61bb0_0;
    %inv;
    %store/vec4 v000002315fe61bb0_0, 0, 1;
    %jmp T_11;
    .thread T_11;
    .scope S_000002315fa55420;
T_12 ;
T_12.0 ;
    %delay 100, 0;
    %vpi_func 2 62 "$time" 64 {0 0 0};
    %cmpi/u 2000000, 0, 64;
    %flag_inv 5; GE is !LT
    %jmp/0xz  T_12.1, 5;
    %vpi_call 2 62 "$finish" {0 0 0};
T_12.1 ;
    %vpi_func 2 64 "$time" 64 {0 0 0};
    %cmpi/u 38060, 0, 64;
    %flag_inv 5; GE is !LT
    %flag_get/vec4 5;
    %jmp/0 T_12.7, 5;
    %vpi_func 2 64 "$time" 64 {0 0 0};
    %cmpi/u 41960, 0, 64;
    %flag_get/vec4 4;
    %flag_get/vec4 5;
    %or;
    %and;
T_12.7;
    %flag_set/vec4 8;
    %jmp/1 T_12.6, 8;
    %vpi_func 2 65 "$time" 64 {0 0 0};
    %cmpi/u 74060, 0, 64;
    %flag_inv 5; GE is !LT
    %flag_get/vec4 5;
    %jmp/0 T_12.8, 5;
    %vpi_func 2 65 "$time" 64 {0 0 0};
    %cmpi/u 77960, 0, 64;
    %flag_get/vec4 4;
    %flag_get/vec4 5;
    %or;
    %and;
T_12.8;
    %flag_set/vec4 9;
    %flag_or 8, 9;
T_12.6;
    %jmp/1 T_12.5, 8;
    %vpi_func 2 66 "$time" 64 {0 0 0};
    %cmpi/u 114060, 0, 64;
    %flag_inv 5; GE is !LT
    %flag_get/vec4 5;
    %jmp/0 T_12.9, 5;
    %vpi_func 2 66 "$time" 64 {0 0 0};
    %cmpi/u 117960, 0, 64;
    %flag_get/vec4 4;
    %flag_get/vec4 5;
    %or;
    %and;
T_12.9;
    %flag_set/vec4 9;
    %flag_or 8, 9;
T_12.5;
    %jmp/0xz  T_12.3, 8;
    %pushi/vec4 1, 0, 1;
    %store/vec4 v000002315fe63080_0, 0, 1;
    %pushi/vec4 0, 0, 1;
    %store/vec4 v000002315fe60710_0, 0, 1;
    %jmp T_12.4;
T_12.3 ;
    %vpi_func 2 72 "$time" 64 {0 0 0};
    %cmpi/u 118060, 0, 64;
    %flag_inv 5; GE is !LT
    %flag_get/vec4 5;
    %jmp/0 T_12.12, 5;
    %vpi_func 2 72 "$time" 64 {0 0 0};
    %cmpi/u 150060, 0, 64;
    %flag_get/vec4 4;
    %flag_get/vec4 5;
    %or;
    %and;
T_12.12;
    %flag_set/vec4 8;
    %jmp/0xz  T_12.10, 8;
    %pushi/vec4 0, 0, 5;
    %store/vec4 v000002315fe60670_0, 0, 5;
T_12.13 ;
    %load/vec4 v000002315fe60670_0;
    %cmpi/u 7, 0, 5;
    %flag_or 5, 4;
    %jmp/0xz T_12.14, 5;
    %pushi/vec4 1, 0, 1;
    %store/vec4 v000002315fe63080_0, 0, 1;
    %load/vec4 v000002315fe60fd0_0;
    %pushi/vec4 7, 0, 32;
    %load/vec4 v000002315fe60670_0;
    %pad/u 32;
    %sub;
    %part/u 1;
    %store/vec4 v000002315fe60710_0, 0, 1;
    %delay 4000, 0;
    %load/vec4 v000002315fe60670_0;
    %addi 1, 0, 5;
    %store/vec4 v000002315fe60670_0, 0, 5;
    %jmp T_12.13;
T_12.14 ;
    %jmp T_12.11;
T_12.10 ;
    %pushi/vec4 0, 0, 1;
    %store/vec4 v000002315fe63080_0, 0, 1;
    %pushi/vec4 1, 0, 1;
    %store/vec4 v000002315fe60710_0, 0, 1;
T_12.11 ;
T_12.4 ;
    %jmp T_12.0;
    %end;
    .thread T_12;
    .scope S_000002315fa55420;
T_13 ;
    %pushi/vec4 0, 0, 1;
    %assign/vec4 v000002315fe619d0_0, 0;
    %pushi/vec4 0, 0, 1;
    %assign/vec4 v000002315fe63580_0, 0;
    %pushi/vec4 1, 0, 1;
    %assign/vec4 v000002315fe614d0_0, 0;
    %end;
    .thread T_13;
    .scope S_000002315fa55420;
T_14 ;
    %pushi/vec4 1, 0, 1;
    %store/vec4 v000002315fe61d90_0, 0, 1;
    %delay 20, 0;
    %pushi/vec4 0, 0, 1;
    %store/vec4 v000002315fe61d90_0, 0, 1;
    %delay 60, 0;
    %pushi/vec4 1, 0, 1;
    %store/vec4 v000002315fe61d90_0, 0, 1;
    %delay 1000, 0;
    %pushi/vec4 1, 0, 1;
    %store/vec4 v000002315fe60850_0, 0, 1;
    %delay 1000, 0;
    %pushi/vec4 0, 0, 1;
    %store/vec4 v000002315fe60850_0, 0, 1;
    %pushi/vec4 1, 0, 1;
    %store/vec4 v000002315fe614d0_0, 0, 1;
    %end;
    .thread T_14;
    .scope S_000002315fa55420;
T_15 ;
    %vpi_call 2 132 "$dumpfile", "i2c_ctrl.vcd" {0 0 0};
    %vpi_call 2 133 "$dumpvars", 32'sb00000000000000000000000000000000, S_000002315fa26530 {0 0 0};
    %vpi_call 2 134 "$dumpvars", 32'sb00000000000000000000000000000000, v000002315fe60710_0, v000002315fe633a0_0, v000002315fe62cc0_0, v000002315fe63080_0 {0 0 0};
    %end;
    .thread T_15;
# The file index is used to find the file name in the following table.
:file_names 4;
    "N/A";
    "<interactive>";
    "tb_i2c_ctrl.v";
    "./i2c_ctrl.v";
