#! /c/Source/iverilog-install/bin/vvp
:ivl_version "12.0 (devel)" "(s20150603-1539-g2693dd32b)";
:ivl_delay_selection "TYPICAL";
:vpi_time_precision - 9;
:vpi_module "D:\DAILYA~1\iverilog\lib\ivl\system.vpi";
:vpi_module "D:\DAILYA~1\iverilog\lib\ivl\vhdl_sys.vpi";
:vpi_module "D:\DAILYA~1\iverilog\lib\ivl\vhdl_textio.vpi";
:vpi_module "D:\DAILYA~1\iverilog\lib\ivl\v2005_math.vpi";
:vpi_module "D:\DAILYA~1\iverilog\lib\ivl\va_math.vpi";
S_0000021c2953ace0 .scope module, "uart_rx" "uart_rx" 2 20;
 .timescale -9 -9;
    .port_info 0 /INPUT 1 "sys_clk";
    .port_info 1 /INPUT 1 "sys_rst_n";
    .port_info 2 /INPUT 1 "rx";
    .port_info 3 /OUTPUT 8 "po_data";
    .port_info 4 /OUTPUT 1 "po_flag";
P_0000021c2953ae70 .param/l "BAUD_CNT_MAX" 1 2 38, C4<00000000000000000001010001011000>;
P_0000021c2953aea8 .param/l "CLK_FREQ" 0 2 23, C4<00000010111110101111000010000000>;
P_0000021c2953aee0 .param/l "UART_BPS" 0 2 22, C4<00000000000000000010010110000000>;
v0000021c29575e80_0 .var "baud_cnt", 12 0;
v0000021c29575ca0_0 .var "bit_cnt", 3 0;
v0000021c29575fc0_0 .var "bit_flag", 0 0;
v0000021c29576060_0 .var "po_data", 7 0;
v0000021c29576600_0 .var "po_flag", 0 0;
o0000021c29592fd8 .functor BUFZ 1, C4<z>; HiZ drive
v0000021c29576740_0 .net "rx", 0 0, o0000021c29592fd8;  0 drivers
v0000021c295761a0_0 .var "rx_data", 7 0;
v0000021c29575980_0 .var "rx_flag", 0 0;
v0000021c29576240_0 .var "rx_reg1", 0 0;
v0000021c29575b60_0 .var "rx_reg2", 0 0;
v0000021c295758e0_0 .var "rx_reg3", 0 0;
v0000021c295762e0_0 .var "start_nedge", 0 0;
o0000021c29593128 .functor BUFZ 1, C4<z>; HiZ drive
v0000021c29575a20_0 .net "sys_clk", 0 0, o0000021c29593128;  0 drivers
o0000021c29593158 .functor BUFZ 1, C4<z>; HiZ drive
v0000021c295764c0_0 .net "sys_rst_n", 0 0, o0000021c29593158;  0 drivers
v0000021c29575ac0_0 .var "work_en", 0 0;
E_0000021c29577dc0/0 .event negedge, v0000021c295764c0_0;
E_0000021c29577dc0/1 .event posedge, v0000021c29575a20_0;
E_0000021c29577dc0 .event/or E_0000021c29577dc0/0, E_0000021c29577dc0/1;
    .scope S_0000021c2953ace0;
T_0 ;
    %wait E_0000021c29577dc0;
    %load/vec4 v0000021c295764c0_0;
    %cmpi/e 0, 0, 1;
    %jmp/0xz  T_0.0, 4;
    %pushi/vec4 1, 0, 1;
    %assign/vec4 v0000021c29576240_0, 0;
    %jmp T_0.1;
T_0.0 ;
    %load/vec4 v0000021c29576740_0;
    %assign/vec4 v0000021c29576240_0, 0;
T_0.1 ;
    %jmp T_0;
    .thread T_0;
    .scope S_0000021c2953ace0;
T_1 ;
    %wait E_0000021c29577dc0;
    %load/vec4 v0000021c295764c0_0;
    %cmpi/e 0, 0, 1;
    %jmp/0xz  T_1.0, 4;
    %pushi/vec4 1, 0, 1;
    %assign/vec4 v0000021c29575b60_0, 0;
    %jmp T_1.1;
T_1.0 ;
    %load/vec4 v0000021c29576240_0;
    %assign/vec4 v0000021c29575b60_0, 0;
T_1.1 ;
    %jmp T_1;
    .thread T_1;
    .scope S_0000021c2953ace0;
T_2 ;
    %wait E_0000021c29577dc0;
    %load/vec4 v0000021c295764c0_0;
    %cmpi/e 0, 0, 1;
    %jmp/0xz  T_2.0, 4;
    %pushi/vec4 1, 0, 1;
    %assign/vec4 v0000021c295758e0_0, 0;
    %jmp T_2.1;
T_2.0 ;
    %load/vec4 v0000021c29575b60_0;
    %assign/vec4 v0000021c295758e0_0, 0;
T_2.1 ;
    %jmp T_2;
    .thread T_2;
    .scope S_0000021c2953ace0;
T_3 ;
    %wait E_0000021c29577dc0;
    %load/vec4 v0000021c295764c0_0;
    %cmpi/e 0, 0, 1;
    %jmp/0xz  T_3.0, 4;
    %pushi/vec4 0, 0, 1;
    %assign/vec4 v0000021c295762e0_0, 0;
    %jmp T_3.1;
T_3.0 ;
    %load/vec4 v0000021c29575b60_0;
    %inv;
    %flag_set/vec4 9;
    %flag_get/vec4 9;
    %jmp/0 T_3.4, 9;
    %load/vec4 v0000021c295758e0_0;
    %and;
T_3.4;
    %flag_set/vec4 8;
    %jmp/0xz  T_3.2, 8;
    %pushi/vec4 1, 0, 1;
    %assign/vec4 v0000021c295762e0_0, 0;
    %jmp T_3.3;
T_3.2 ;
    %pushi/vec4 0, 0, 1;
    %assign/vec4 v0000021c295762e0_0, 0;
T_3.3 ;
T_3.1 ;
    %jmp T_3;
    .thread T_3;
    .scope S_0000021c2953ace0;
T_4 ;
    %wait E_0000021c29577dc0;
    %load/vec4 v0000021c295764c0_0;
    %cmpi/e 0, 0, 1;
    %jmp/0xz  T_4.0, 4;
    %pushi/vec4 0, 0, 1;
    %assign/vec4 v0000021c29575ac0_0, 0;
    %jmp T_4.1;
T_4.0 ;
    %load/vec4 v0000021c295762e0_0;
    %cmpi/e 1, 0, 1;
    %jmp/0xz  T_4.2, 4;
    %pushi/vec4 1, 0, 1;
    %assign/vec4 v0000021c29575ac0_0, 0;
    %jmp T_4.3;
T_4.2 ;
    %load/vec4 v0000021c29575ca0_0;
    %cmpi/e 8, 0, 4;
    %flag_get/vec4 4;
    %jmp/0 T_4.6, 4;
    %load/vec4 v0000021c29575fc0_0;
    %pushi/vec4 1, 0, 1;
    %cmp/e;
    %flag_get/vec4 4;
    %and;
T_4.6;
    %flag_set/vec4 8;
    %jmp/0xz  T_4.4, 8;
    %pushi/vec4 0, 0, 1;
    %assign/vec4 v0000021c29575ac0_0, 0;
T_4.4 ;
T_4.3 ;
T_4.1 ;
    %jmp T_4;
    .thread T_4;
    .scope S_0000021c2953ace0;
T_5 ;
    %wait E_0000021c29577dc0;
    %load/vec4 v0000021c295764c0_0;
    %cmpi/e 0, 0, 1;
    %jmp/0xz  T_5.0, 4;
    %pushi/vec4 0, 0, 13;
    %assign/vec4 v0000021c29575e80_0, 0;
    %jmp T_5.1;
T_5.0 ;
    %load/vec4 v0000021c29575e80_0;
    %pad/u 32;
    %cmpi/e 5207, 0, 32;
    %jmp/1 T_5.4, 4;
    %flag_mov 8, 4;
    %load/vec4 v0000021c29575ac0_0;
    %cmpi/e 0, 0, 1;
    %flag_or 4, 8;
T_5.4;
    %jmp/0xz  T_5.2, 4;
    %pushi/vec4 0, 0, 13;
    %assign/vec4 v0000021c29575e80_0, 0;
    %jmp T_5.3;
T_5.2 ;
    %load/vec4 v0000021c29575ac0_0;
    %cmpi/e 1, 0, 1;
    %jmp/0xz  T_5.5, 4;
    %load/vec4 v0000021c29575e80_0;
    %addi 1, 0, 13;
    %assign/vec4 v0000021c29575e80_0, 0;
T_5.5 ;
T_5.3 ;
T_5.1 ;
    %jmp T_5;
    .thread T_5;
    .scope S_0000021c2953ace0;
T_6 ;
    %wait E_0000021c29577dc0;
    %load/vec4 v0000021c295764c0_0;
    %cmpi/e 0, 0, 1;
    %jmp/0xz  T_6.0, 4;
    %pushi/vec4 0, 0, 1;
    %assign/vec4 v0000021c29575fc0_0, 0;
    %jmp T_6.1;
T_6.0 ;
    %load/vec4 v0000021c29575e80_0;
    %pad/u 32;
    %cmpi/e 2603, 0, 32;
    %jmp/0xz  T_6.2, 4;
    %pushi/vec4 1, 0, 1;
    %assign/vec4 v0000021c29575fc0_0, 0;
    %jmp T_6.3;
T_6.2 ;
    %pushi/vec4 0, 0, 1;
    %assign/vec4 v0000021c29575fc0_0, 0;
T_6.3 ;
T_6.1 ;
    %jmp T_6;
    .thread T_6;
    .scope S_0000021c2953ace0;
T_7 ;
    %wait E_0000021c29577dc0;
    %load/vec4 v0000021c295764c0_0;
    %cmpi/e 0, 0, 1;
    %jmp/0xz  T_7.0, 4;
    %pushi/vec4 0, 0, 4;
    %assign/vec4 v0000021c29575ca0_0, 0;
    %jmp T_7.1;
T_7.0 ;
    %load/vec4 v0000021c29575ca0_0;
    %cmpi/e 8, 0, 4;
    %flag_get/vec4 4;
    %jmp/0 T_7.4, 4;
    %load/vec4 v0000021c29575fc0_0;
    %pushi/vec4 1, 0, 1;
    %cmp/e;
    %flag_get/vec4 4;
    %and;
T_7.4;
    %flag_set/vec4 8;
    %jmp/0xz  T_7.2, 8;
    %pushi/vec4 0, 0, 4;
    %assign/vec4 v0000021c29575ca0_0, 0;
    %jmp T_7.3;
T_7.2 ;
    %load/vec4 v0000021c29575fc0_0;
    %cmpi/e 1, 0, 1;
    %jmp/0xz  T_7.5, 4;
    %load/vec4 v0000021c29575ca0_0;
    %addi 1, 0, 4;
    %assign/vec4 v0000021c29575ca0_0, 0;
T_7.5 ;
T_7.3 ;
T_7.1 ;
    %jmp T_7;
    .thread T_7;
    .scope S_0000021c2953ace0;
T_8 ;
    %wait E_0000021c29577dc0;
    %load/vec4 v0000021c295764c0_0;
    %cmpi/e 0, 0, 1;
    %jmp/0xz  T_8.0, 4;
    %pushi/vec4 0, 0, 8;
    %assign/vec4 v0000021c295761a0_0, 0;
    %jmp T_8.1;
T_8.0 ;
    %load/vec4 v0000021c29575ca0_0;
    %cmpi/u 1, 0, 4;
    %flag_inv 5; GE is !LT
    %flag_get/vec4 5;
    %jmp/0 T_8.5, 5;
    %load/vec4 v0000021c29575ca0_0;
    %cmpi/u 8, 0, 4;
    %flag_get/vec4 4;
    %flag_get/vec4 5;
    %or;
    %and;
T_8.5;
    %flag_set/vec4 9;
    %flag_get/vec4 9;
    %jmp/0 T_8.4, 9;
    %load/vec4 v0000021c29575fc0_0;
    %pushi/vec4 1, 0, 1;
    %cmp/e;
    %flag_get/vec4 4;
    %and;
T_8.4;
    %flag_set/vec4 8;
    %jmp/0xz  T_8.2, 8;
    %load/vec4 v0000021c295758e0_0;
    %load/vec4 v0000021c295761a0_0;
    %parti/s 7, 1, 2;
    %concat/vec4; draw_concat_vec4
    %assign/vec4 v0000021c295761a0_0, 0;
T_8.2 ;
T_8.1 ;
    %jmp T_8;
    .thread T_8;
    .scope S_0000021c2953ace0;
T_9 ;
    %wait E_0000021c29577dc0;
    %load/vec4 v0000021c295764c0_0;
    %cmpi/e 0, 0, 1;
    %jmp/0xz  T_9.0, 4;
    %pushi/vec4 0, 0, 1;
    %assign/vec4 v0000021c29575980_0, 0;
    %jmp T_9.1;
T_9.0 ;
    %load/vec4 v0000021c29575ca0_0;
    %cmpi/e 8, 0, 4;
    %flag_get/vec4 4;
    %jmp/0 T_9.4, 4;
    %load/vec4 v0000021c29575fc0_0;
    %pushi/vec4 1, 0, 1;
    %cmp/e;
    %flag_get/vec4 4;
    %and;
T_9.4;
    %flag_set/vec4 8;
    %jmp/0xz  T_9.2, 8;
    %pushi/vec4 1, 0, 1;
    %assign/vec4 v0000021c29575980_0, 0;
    %jmp T_9.3;
T_9.2 ;
    %pushi/vec4 0, 0, 1;
    %assign/vec4 v0000021c29575980_0, 0;
T_9.3 ;
T_9.1 ;
    %jmp T_9;
    .thread T_9;
    .scope S_0000021c2953ace0;
T_10 ;
    %wait E_0000021c29577dc0;
    %load/vec4 v0000021c295764c0_0;
    %cmpi/e 0, 0, 1;
    %jmp/0xz  T_10.0, 4;
    %pushi/vec4 0, 0, 8;
    %assign/vec4 v0000021c29576060_0, 0;
    %jmp T_10.1;
T_10.0 ;
    %load/vec4 v0000021c29575980_0;
    %cmpi/e 1, 0, 1;
    %jmp/0xz  T_10.2, 4;
    %load/vec4 v0000021c295761a0_0;
    %assign/vec4 v0000021c29576060_0, 0;
T_10.2 ;
T_10.1 ;
    %jmp T_10;
    .thread T_10;
    .scope S_0000021c2953ace0;
T_11 ;
    %wait E_0000021c29577dc0;
    %load/vec4 v0000021c295764c0_0;
    %cmpi/e 0, 0, 1;
    %jmp/0xz  T_11.0, 4;
    %pushi/vec4 0, 0, 1;
    %assign/vec4 v0000021c29576600_0, 0;
    %jmp T_11.1;
T_11.0 ;
    %load/vec4 v0000021c29575980_0;
    %assign/vec4 v0000021c29576600_0, 0;
T_11.1 ;
    %jmp T_11;
    .thread T_11;
# The file index is used to find the file name in the following table.
:file_names 3;
    "N/A";
    "<interactive>";
    "uart_rx.v";
