#! /c/Source/iverilog-install/bin/vvp
:ivl_version "12.0 (devel)" "(s20150603-1539-g2693dd32b)";
:ivl_delay_selection "TYPICAL";
:vpi_time_precision + 0;
:vpi_module "D:\DAILYA~1\iverilog\lib\ivl\system.vpi";
:vpi_module "D:\DAILYA~1\iverilog\lib\ivl\vhdl_sys.vpi";
:vpi_module "D:\DAILYA~1\iverilog\lib\ivl\vhdl_textio.vpi";
:vpi_module "D:\DAILYA~1\iverilog\lib\ivl\v2005_math.vpi";
:vpi_module "D:\DAILYA~1\iverilog\lib\ivl\va_math.vpi";
S_0000020700e52b10 .scope module, "led" "led" 2 2;
 .timescale 0 0;
    .port_info 0 /INPUT 1 "and_1";
    .port_info 1 /INPUT 1 "and_2";
    .port_info 2 /INPUT 1 "or_1";
    .port_info 3 /INPUT 1 "or_2";
    .port_info 4 /INPUT 1 "not_1";
    .port_info 5 /INPUT 1 "not_2";
    .port_info 6 /OUTPUT 1 "led_and";
    .port_info 7 /OUTPUT 1 "led_or";
    .port_info 8 /OUTPUT 1 "led_not";
o0000020700e86fa8 .functor BUFZ 1, C4<z>; HiZ drive
o0000020700e86fd8 .functor BUFZ 1, C4<z>; HiZ drive
L_0000020700e85180 .functor AND 1, o0000020700e86fa8, o0000020700e86fd8, C4<1>, C4<1>;
o0000020700e870f8 .functor BUFZ 1, C4<z>; HiZ drive
o0000020700e87128 .functor BUFZ 1, C4<z>; HiZ drive
L_0000020700e3ef20 .functor OR 1, o0000020700e870f8, o0000020700e87128, C4<0>, C4<0>;
o0000020700e870c8 .functor BUFZ 1, C4<z>; HiZ drive
L_0000020700ecc010 .functor NOT 1, o0000020700e870c8, C4<0>, C4<0>, C4<0>;
L_0000020700ecc080 .functor NOT 1, o0000020700e870c8, C4<0>, C4<0>, C4<0>;
v0000020700e53260_0 .net "and_1", 0 0, o0000020700e86fa8;  0 drivers
v0000020700e52ca0_0 .net "and_2", 0 0, o0000020700e86fd8;  0 drivers
v0000020700e52d40_0 .net "led_and", 0 0, L_0000020700e85180;  1 drivers
v0000020700e52de0_0 .net "led_not", 0 0, L_0000020700ecc010;  1 drivers
v0000020700e3eb70_0 .net "led_or", 0 0, L_0000020700e3ef20;  1 drivers
v0000020700e3ec10_0 .net "not_1", 0 0, L_0000020700ecc080;  1 drivers
v0000020700e3ecb0_0 .net "not_2", 0 0, o0000020700e870c8;  0 drivers
v0000020700e3ed50_0 .net "or_1", 0 0, o0000020700e870f8;  0 drivers
v0000020700e3edf0_0 .net "or_2", 0 0, o0000020700e87128;  0 drivers
# The file index is used to find the file name in the following table.
:file_names 3;
    "N/A";
    "<interactive>";
    "led.v";
