#! /c/Source/iverilog-install/bin/vvp
:ivl_version "12.0 (devel)" "(s20150603-1539-g2693dd32b)";
:ivl_delay_selection "TYPICAL";
:vpi_time_precision + 0;
:vpi_module "D:\DAILYA~1\iverilog\lib\ivl\system.vpi";
:vpi_module "D:\DAILYA~1\iverilog\lib\ivl\vhdl_sys.vpi";
:vpi_module "D:\DAILYA~1\iverilog\lib\ivl\vhdl_textio.vpi";
:vpi_module "D:\DAILYA~1\iverilog\lib\ivl\v2005_math.vpi";
:vpi_module "D:\DAILYA~1\iverilog\lib\ivl\va_math.vpi";
S_000001fd3ecf2510 .scope module, "i2c_ctrl" "i2c_ctrl" 2 1;
 .timescale 0 0;
    .port_info 0 /INPUT 1 "sys_clk";
    .port_info 1 /INPUT 1 "sys_rst_n";
    .port_info 2 /INPUT 1 "wr_en";
    .port_info 3 /INPUT 1 "rd_en";
    .port_info 4 /INPUT 1 "i2c_start";
    .port_info 5 /INPUT 1 "addr_num";
    .port_info 6 /INPUT 16 "byte_addr";
    .port_info 7 /INPUT 8 "i2c_write_data";
    .port_info 8 /OUTPUT 1 "i2c_clk";
    .port_info 9 /OUTPUT 1 "i2c_end";
    .port_info 10 /OUTPUT 8 "i2c_read_data";
    .port_info 11 /OUTPUT 1 "i2c_scl";
    .port_info 12 /INOUT 1 "i2c_sda";
P_000001fd3ed63e50 .param/l "ACK_1" 0 2 38, C4<0011>;
P_000001fd3ed63e88 .param/l "ACK_2" 0 2 40, C4<0101>;
P_000001fd3ed63ec0 .param/l "ACK_3" 0 2 42, C4<0111>;
P_000001fd3ed63ef8 .param/l "ACK_4" 0 2 44, C4<1001>;
P_000001fd3ed63f30 .param/l "ACK_5" 0 2 47, C4<1100>;
P_000001fd3ed63f68 .param/l "CNT_CLK_MAX" 0 2 31, C4<00000000000000000000011001>;
P_000001fd3ed63fa0 .param/l "CNT_START_MAX" 0 2 33, C4<01100100>;
P_000001fd3ed63fd8 .param/l "DEVICE_ADDR" 0 2 2, C4<1010000>;
P_000001fd3ed64010 .param/l "IDLE" 0 2 35, C4<0000>;
P_000001fd3ed64048 .param/l "N_ACK" 0 2 49, C4<1110>;
P_000001fd3ed64080 .param/l "READ_DATA" 0 2 48, C4<1101>;
P_000001fd3ed640b8 .param/l "SCL_FREQ" 0 2 4, C4<111101000010010000>;
P_000001fd3ed640f0 .param/l "SEND_B_ADDR_H" 0 2 39, C4<0100>;
P_000001fd3ed64128 .param/l "SEND_B_ADDR_L" 0 2 41, C4<0110>;
P_000001fd3ed64160 .param/l "SEND_DEVICE_ADDR" 0 2 37, C4<0010>;
P_000001fd3ed64198 .param/l "SEND_READ_ADDR" 0 2 46, C4<1011>;
P_000001fd3ed641d0 .param/l "START_1" 0 2 36, C4<0001>;
P_000001fd3ed64208 .param/l "START_2" 0 2 45, C4<1010>;
P_000001fd3ed64240 .param/l "STOP" 0 2 50, C4<1111>;
P_000001fd3ed64278 .param/l "SYS_CLK_FREQ" 0 2 3, C4<10111110101111000010000000>;
P_000001fd3ed642b0 .param/l "WR_DATA" 0 2 43, C4<1000>;
L_000001fd3ed1ba70 .functor OR 1, L_000001fd3edbd930, L_000001fd3edbd4d0, C4<0>, C4<0>;
L_000001fd3ed1bae0 .functor OR 1, L_000001fd3ed1ba70, L_000001fd3edbe290, C4<0>, C4<0>;
L_000001fd3ed1bb50 .functor OR 1, L_000001fd3ed1bae0, L_000001fd3edbe330, C4<0>, C4<0>;
L_000001fd3ed1c020 .functor OR 1, L_000001fd3ed1bb50, L_000001fd3edbd110, C4<0>, C4<0>;
L_000001fd3ed1c100 .functor OR 1, L_000001fd3ed1c020, L_000001fd3edbd430, C4<0>, C4<0>;
L_000001fd3f1302c8 .functor BUFT 1, C4<1>, C4<0>, C4<0>, C4<0>;
L_000001fd3ed1c870 .functor XNOR 1, L_000001fd3edbc490, L_000001fd3f1302c8, C4<0>, C4<0>;
L_000001fd3ed1c170 .functor BUFZ 1, L_000001fd3edbc530, C4<0>, C4<0>, C4<0>;
L_000001fd3f130088 .functor BUFT 1, C4<1101>, C4<0>, C4<0>, C4<0>;
v000001fd3ed1aca0_0 .net/2u *"_ivl_0", 3 0, L_000001fd3f130088;  1 drivers
L_000001fd3f130118 .functor BUFT 1, C4<0101>, C4<0>, C4<0>, C4<0>;
v000001fd3ed1a980_0 .net/2u *"_ivl_10", 3 0, L_000001fd3f130118;  1 drivers
v000001fd3ed1af20_0 .net *"_ivl_12", 0 0, L_000001fd3edbe290;  1 drivers
v000001fd3ed1b880_0 .net *"_ivl_15", 0 0, L_000001fd3ed1bae0;  1 drivers
L_000001fd3f130160 .functor BUFT 1, C4<0111>, C4<0>, C4<0>, C4<0>;
v000001fd3ed1b740_0 .net/2u *"_ivl_16", 3 0, L_000001fd3f130160;  1 drivers
v000001fd3ed1b2e0_0 .net *"_ivl_18", 0 0, L_000001fd3edbe330;  1 drivers
v000001fd3ed1ab60_0 .net *"_ivl_2", 0 0, L_000001fd3edbd930;  1 drivers
v000001fd3ed1aa20_0 .net *"_ivl_21", 0 0, L_000001fd3ed1bb50;  1 drivers
L_000001fd3f1301a8 .functor BUFT 1, C4<1001>, C4<0>, C4<0>, C4<0>;
v000001fd3ed1b240_0 .net/2u *"_ivl_22", 3 0, L_000001fd3f1301a8;  1 drivers
v000001fd3ed1afc0_0 .net *"_ivl_24", 0 0, L_000001fd3edbd110;  1 drivers
v000001fd3ed1b7e0_0 .net *"_ivl_27", 0 0, L_000001fd3ed1c020;  1 drivers
L_000001fd3f1301f0 .functor BUFT 1, C4<1100>, C4<0>, C4<0>, C4<0>;
v000001fd3ed1b060_0 .net/2u *"_ivl_28", 3 0, L_000001fd3f1301f0;  1 drivers
v000001fd3ed1b100_0 .net *"_ivl_30", 0 0, L_000001fd3edbd430;  1 drivers
v000001fd3ed1b380_0 .net *"_ivl_33", 0 0, L_000001fd3ed1c100;  1 drivers
L_000001fd3f130238 .functor BUFT 1, C4<0>, C4<0>, C4<0>, C4<0>;
v000001fd3ed1b420_0 .net/2u *"_ivl_34", 0 0, L_000001fd3f130238;  1 drivers
L_000001fd3f130280 .functor BUFT 1, C4<1>, C4<0>, C4<0>, C4<0>;
v000001fd3ed1b4c0_0 .net/2u *"_ivl_36", 0 0, L_000001fd3f130280;  1 drivers
L_000001fd3f1300d0 .functor BUFT 1, C4<0011>, C4<0>, C4<0>, C4<0>;
v000001fd3ed1b600_0 .net/2u *"_ivl_4", 3 0, L_000001fd3f1300d0;  1 drivers
v000001fd3edbd2f0_0 .net/2u *"_ivl_40", 0 0, L_000001fd3f1302c8;  1 drivers
v000001fd3edbc990_0 .net *"_ivl_42", 0 0, L_000001fd3ed1c870;  1 drivers
o000001fd3ed64688 .functor BUFZ 1, C4<z>; HiZ drive
; Elide local net with no drivers, v000001fd3edbdc50_0 name=_ivl_44
v000001fd3edbd250_0 .net *"_ivl_6", 0 0, L_000001fd3edbd4d0;  1 drivers
v000001fd3edbdf70_0 .net *"_ivl_9", 0 0, L_000001fd3ed1ba70;  1 drivers
v000001fd3edbcc10_0 .var "ack", 0 0;
o000001fd3ed64748 .functor BUFZ 1, C4<z>; HiZ drive
v000001fd3edbc5d0_0 .net "addr_num", 0 0, o000001fd3ed64748;  0 drivers
o000001fd3ed64778 .functor BUFZ 16, C4<zzzzzzzzzzzzzzzz>; HiZ drive
v000001fd3edbdbb0_0 .net "byte_addr", 15 0, o000001fd3ed64778;  0 drivers
v000001fd3edbc8f0_0 .var "cnt_bit", 2 0;
v000001fd3edbca30_0 .var "cnt_i2c_clk", 1 0;
v000001fd3edbe010_0 .var "cnt_i2c_clk_en", 0 0;
v000001fd3edbcf30_0 .var "cnt_sys_clk", 7 0;
v000001fd3edbdcf0_0 .var "i2c_clk", 0 0;
v000001fd3edbcdf0_0 .var "i2c_end", 0 0;
v000001fd3edbcad0_0 .var "i2c_read_data", 7 0;
v000001fd3edbe0b0_0 .var "i2c_scl", 0 0;
v000001fd3edbdd90_0 .net "i2c_sda", 0 0, L_000001fd3edbc530;  1 drivers
v000001fd3edbd890_0 .net "i2c_sda_in", 0 0, L_000001fd3ed1c170;  1 drivers
v000001fd3edbd390_0 .var "i2c_sda_out", 0 0;
o000001fd3ed649b8 .functor BUFZ 1, C4<z>; HiZ drive
v000001fd3edbe1f0_0 .net "i2c_start", 0 0, o000001fd3ed649b8;  0 drivers
o000001fd3ed649e8 .functor BUFZ 8, C4<zzzzzzzz>; HiZ drive
v000001fd3edbdb10_0 .net "i2c_write_data", 7 0, o000001fd3ed649e8;  0 drivers
v000001fd3edbde30_0 .var "rd_data_reg", 7 0;
o000001fd3ed64a48 .functor BUFZ 1, C4<z>; HiZ drive
v000001fd3edbded0_0 .net "rd_en", 0 0, o000001fd3ed64a48;  0 drivers
v000001fd3edbce90_0 .net "sda_en", 0 0, L_000001fd3edbc490;  1 drivers
v000001fd3edbd610_0 .var "state", 3 0;
o000001fd3ed64ad8 .functor BUFZ 1, C4<z>; HiZ drive
v000001fd3edbd1b0_0 .net "sys_clk", 0 0, o000001fd3ed64ad8;  0 drivers
o000001fd3ed64b08 .functor BUFZ 1, C4<z>; HiZ drive
v000001fd3edbcd50_0 .net "sys_rst_n", 0 0, o000001fd3ed64b08;  0 drivers
o000001fd3ed64b38 .functor BUFZ 1, C4<z>; HiZ drive
v000001fd3edbe150_0 .net "wr_en", 0 0, o000001fd3ed64b38;  0 drivers
E_000001fd3ed5ab70 .event anyedge, v000001fd3edbd610_0, v000001fd3edbca30_0, v000001fd3edbd890_0, v000001fd3edbcc10_0;
E_000001fd3ed5a270/0 .event negedge, v000001fd3edbcd50_0;
E_000001fd3ed5a270/1 .event posedge, v000001fd3edbdcf0_0;
E_000001fd3ed5a270 .event/or E_000001fd3ed5a270/0, E_000001fd3ed5a270/1;
E_000001fd3ed5a3b0/0 .event anyedge, v000001fd3edbd610_0, v000001fd3edbca30_0, v000001fd3edbc8f0_0, v000001fd3edbdbb0_0;
E_000001fd3ed5a3b0/1 .event anyedge, v000001fd3edbdb10_0, v000001fd3edbd890_0, v000001fd3edbde30_0;
E_000001fd3ed5a3b0 .event/or E_000001fd3ed5a3b0/0, E_000001fd3ed5a3b0/1;
E_000001fd3ed5a6b0 .event anyedge, v000001fd3edbd610_0, v000001fd3edbca30_0, v000001fd3edbc8f0_0;
E_000001fd3ed5a0f0/0 .event negedge, v000001fd3edbcd50_0;
E_000001fd3ed5a0f0/1 .event posedge, v000001fd3edbd1b0_0;
E_000001fd3ed5a0f0 .event/or E_000001fd3ed5a0f0/0, E_000001fd3ed5a0f0/1;
L_000001fd3edbd930 .cmp/eq 4, v000001fd3edbd610_0, L_000001fd3f130088;
L_000001fd3edbd4d0 .cmp/eq 4, v000001fd3edbd610_0, L_000001fd3f1300d0;
L_000001fd3edbe290 .cmp/eq 4, v000001fd3edbd610_0, L_000001fd3f130118;
L_000001fd3edbe330 .cmp/eq 4, v000001fd3edbd610_0, L_000001fd3f130160;
L_000001fd3edbd110 .cmp/eq 4, v000001fd3edbd610_0, L_000001fd3f1301a8;
L_000001fd3edbd430 .cmp/eq 4, v000001fd3edbd610_0, L_000001fd3f1301f0;
L_000001fd3edbc490 .functor MUXZ 1, L_000001fd3f130280, L_000001fd3f130238, L_000001fd3ed1c100, C4<>;
L_000001fd3edbc530 .functor MUXZ 1, o000001fd3ed64688, v000001fd3edbd390_0, L_000001fd3ed1c870, C4<>;
    .scope S_000001fd3ecf2510;
T_0 ;
    %wait E_000001fd3ed5a0f0;
    %load/vec4 v000001fd3edbcd50_0;
    %nor/r;
    %flag_set/vec4 8;
    %jmp/0xz  T_0.0, 8;
    %pushi/vec4 0, 0, 8;
    %assign/vec4 v000001fd3edbcf30_0, 0;
    %pushi/vec4 1, 0, 1;
    %assign/vec4 v000001fd3edbdcf0_0, 0;
    %jmp T_0.1;
T_0.0 ;
    %load/vec4 v000001fd3edbcf30_0;
    %pad/u 26;
    %cmpi/e 24, 0, 26;
    %jmp/0xz  T_0.2, 4;
    %pushi/vec4 0, 0, 8;
    %assign/vec4 v000001fd3edbcf30_0, 0;
    %load/vec4 v000001fd3edbdcf0_0;
    %inv;
    %assign/vec4 v000001fd3edbdcf0_0, 0;
    %jmp T_0.3;
T_0.2 ;
    %load/vec4 v000001fd3edbcf30_0;
    %addi 1, 0, 8;
    %assign/vec4 v000001fd3edbcf30_0, 0;
    %load/vec4 v000001fd3edbdcf0_0;
    %assign/vec4 v000001fd3edbdcf0_0, 0;
T_0.3 ;
T_0.1 ;
    %jmp T_0;
    .thread T_0;
    .scope S_000001fd3ecf2510;
T_1 ;
    %wait E_000001fd3ed5a270;
    %load/vec4 v000001fd3edbcd50_0;
    %cmpi/e 0, 0, 1;
    %jmp/0xz  T_1.0, 4;
    %pushi/vec4 0, 0, 1;
    %assign/vec4 v000001fd3edbe010_0, 0;
    %jmp T_1.1;
T_1.0 ;
    %load/vec4 v000001fd3edbd610_0;
    %cmpi/e 15, 0, 4;
    %flag_get/vec4 4;
    %jmp/0 T_1.5, 4;
    %load/vec4 v000001fd3edbc8f0_0;
    %pushi/vec4 3, 0, 3;
    %cmp/e;
    %flag_get/vec4 4;
    %and;
T_1.5;
    %flag_set/vec4 9;
    %flag_get/vec4 9;
    %jmp/0 T_1.4, 9;
    %load/vec4 v000001fd3edbca30_0;
    %pushi/vec4 3, 0, 2;
    %cmp/e;
    %flag_get/vec4 4;
    %and;
T_1.4;
    %flag_set/vec4 8;
    %jmp/0xz  T_1.2, 8;
    %pushi/vec4 0, 0, 1;
    %assign/vec4 v000001fd3edbe010_0, 0;
    %jmp T_1.3;
T_1.2 ;
    %load/vec4 v000001fd3edbe1f0_0;
    %cmpi/e 1, 0, 1;
    %jmp/0xz  T_1.6, 4;
    %pushi/vec4 1, 0, 1;
    %assign/vec4 v000001fd3edbe010_0, 0;
    %jmp T_1.7;
T_1.6 ;
    %load/vec4 v000001fd3edbe010_0;
    %assign/vec4 v000001fd3edbe010_0, 0;
T_1.7 ;
T_1.3 ;
T_1.1 ;
    %jmp T_1;
    .thread T_1;
    .scope S_000001fd3ecf2510;
T_2 ;
    %wait E_000001fd3ed5a270;
    %load/vec4 v000001fd3edbcd50_0;
    %cmpi/e 0, 0, 1;
    %jmp/0xz  T_2.0, 4;
    %pushi/vec4 0, 0, 2;
    %assign/vec4 v000001fd3edbca30_0, 0;
    %jmp T_2.1;
T_2.0 ;
    %load/vec4 v000001fd3edbe010_0;
    %cmpi/e 1, 0, 1;
    %jmp/0xz  T_2.2, 4;
    %load/vec4 v000001fd3edbca30_0;
    %addi 1, 0, 2;
    %assign/vec4 v000001fd3edbca30_0, 0;
    %jmp T_2.3;
T_2.2 ;
    %pushi/vec4 0, 0, 2;
    %assign/vec4 v000001fd3edbca30_0, 0;
T_2.3 ;
T_2.1 ;
    %jmp T_2;
    .thread T_2;
    .scope S_000001fd3ecf2510;
T_3 ;
    %wait E_000001fd3ed5a270;
    %load/vec4 v000001fd3edbcd50_0;
    %cmpi/e 0, 0, 1;
    %jmp/0xz  T_3.0, 4;
    %pushi/vec4 0, 0, 3;
    %assign/vec4 v000001fd3edbc8f0_0, 0;
    %jmp T_3.1;
T_3.0 ;
    %load/vec4 v000001fd3edbd610_0;
    %cmpi/e 0, 0, 4;
    %jmp/1 T_3.11, 4;
    %flag_mov 8, 4;
    %load/vec4 v000001fd3edbd610_0;
    %cmpi/e 1, 0, 4;
    %flag_or 4, 8;
T_3.11;
    %jmp/1 T_3.10, 4;
    %flag_mov 8, 4;
    %load/vec4 v000001fd3edbd610_0;
    %cmpi/e 10, 0, 4;
    %flag_or 4, 8;
T_3.10;
    %jmp/1 T_3.9, 4;
    %flag_mov 8, 4;
    %load/vec4 v000001fd3edbd610_0;
    %cmpi/e 3, 0, 4;
    %flag_or 4, 8;
T_3.9;
    %jmp/1 T_3.8, 4;
    %flag_mov 8, 4;
    %load/vec4 v000001fd3edbd610_0;
    %cmpi/e 5, 0, 4;
    %flag_or 4, 8;
T_3.8;
    %jmp/1 T_3.7, 4;
    %flag_mov 8, 4;
    %load/vec4 v000001fd3edbd610_0;
    %cmpi/e 7, 0, 4;
    %flag_or 4, 8;
T_3.7;
    %jmp/1 T_3.6, 4;
    %flag_mov 8, 4;
    %load/vec4 v000001fd3edbd610_0;
    %cmpi/e 9, 0, 4;
    %flag_or 4, 8;
T_3.6;
    %jmp/1 T_3.5, 4;
    %flag_mov 8, 4;
    %load/vec4 v000001fd3edbd610_0;
    %cmpi/e 12, 0, 4;
    %flag_or 4, 8;
T_3.5;
    %jmp/1 T_3.4, 4;
    %flag_mov 8, 4;
    %load/vec4 v000001fd3edbd610_0;
    %cmpi/e 14, 0, 4;
    %flag_or 4, 8;
T_3.4;
    %jmp/0xz  T_3.2, 4;
    %pushi/vec4 0, 0, 3;
    %assign/vec4 v000001fd3edbc8f0_0, 0;
    %jmp T_3.3;
T_3.2 ;
    %load/vec4 v000001fd3edbc8f0_0;
    %cmpi/e 7, 0, 3;
    %flag_get/vec4 4;
    %jmp/0 T_3.14, 4;
    %load/vec4 v000001fd3edbca30_0;
    %pushi/vec4 3, 0, 2;
    %cmp/e;
    %flag_get/vec4 4;
    %and;
T_3.14;
    %flag_set/vec4 8;
    %jmp/0xz  T_3.12, 8;
    %pushi/vec4 0, 0, 3;
    %assign/vec4 v000001fd3edbc8f0_0, 0;
    %jmp T_3.13;
T_3.12 ;
    %load/vec4 v000001fd3edbca30_0;
    %cmpi/e 3, 0, 2;
    %flag_get/vec4 4;
    %jmp/0 T_3.17, 4;
    %load/vec4 v000001fd3edbd610_0;
    %pushi/vec4 0, 0, 4;
    %cmp/ne;
    %flag_get/vec4 4;
    %and;
T_3.17;
    %flag_set/vec4 8;
    %jmp/0xz  T_3.15, 8;
    %load/vec4 v000001fd3edbc8f0_0;
    %addi 1, 0, 3;
    %assign/vec4 v000001fd3edbc8f0_0, 0;
T_3.15 ;
T_3.13 ;
T_3.3 ;
T_3.1 ;
    %jmp T_3;
    .thread T_3;
    .scope S_000001fd3ecf2510;
T_4 ;
    %wait E_000001fd3ed5a270;
    %load/vec4 v000001fd3edbcd50_0;
    %nor/r;
    %flag_set/vec4 8;
    %jmp/0xz  T_4.0, 8;
    %pushi/vec4 0, 0, 4;
    %assign/vec4 v000001fd3edbd610_0, 0;
    %jmp T_4.1;
T_4.0 ;
    %load/vec4 v000001fd3edbd610_0;
    %dup/vec4;
    %pushi/vec4 0, 0, 4;
    %cmp/u;
    %jmp/1 T_4.2, 6;
    %dup/vec4;
    %pushi/vec4 1, 0, 4;
    %cmp/u;
    %jmp/1 T_4.3, 6;
    %dup/vec4;
    %pushi/vec4 2, 0, 4;
    %cmp/u;
    %jmp/1 T_4.4, 6;
    %dup/vec4;
    %pushi/vec4 3, 0, 4;
    %cmp/u;
    %jmp/1 T_4.5, 6;
    %dup/vec4;
    %pushi/vec4 4, 0, 4;
    %cmp/u;
    %jmp/1 T_4.6, 6;
    %dup/vec4;
    %pushi/vec4 5, 0, 4;
    %cmp/u;
    %jmp/1 T_4.7, 6;
    %dup/vec4;
    %pushi/vec4 6, 0, 4;
    %cmp/u;
    %jmp/1 T_4.8, 6;
    %dup/vec4;
    %pushi/vec4 7, 0, 4;
    %cmp/u;
    %jmp/1 T_4.9, 6;
    %dup/vec4;
    %pushi/vec4 8, 0, 4;
    %cmp/u;
    %jmp/1 T_4.10, 6;
    %dup/vec4;
    %pushi/vec4 9, 0, 4;
    %cmp/u;
    %jmp/1 T_4.11, 6;
    %dup/vec4;
    %pushi/vec4 10, 0, 4;
    %cmp/u;
    %jmp/1 T_4.12, 6;
    %dup/vec4;
    %pushi/vec4 15, 0, 4;
    %cmp/u;
    %jmp/1 T_4.13, 6;
    %jmp T_4.14;
T_4.2 ;
    %load/vec4 v000001fd3edbe1f0_0;
    %cmpi/e 1, 0, 1;
    %jmp/0xz  T_4.15, 4;
    %pushi/vec4 1, 0, 4;
    %assign/vec4 v000001fd3edbd610_0, 0;
    %jmp T_4.16;
T_4.15 ;
    %load/vec4 v000001fd3edbd610_0;
    %assign/vec4 v000001fd3edbd610_0, 0;
T_4.16 ;
    %jmp T_4.14;
T_4.3 ;
    %load/vec4 v000001fd3edbca30_0;
    %cmpi/e 3, 0, 2;
    %jmp/0xz  T_4.17, 4;
    %pushi/vec4 2, 0, 4;
    %assign/vec4 v000001fd3edbd610_0, 0;
    %jmp T_4.18;
T_4.17 ;
    %load/vec4 v000001fd3edbd610_0;
    %assign/vec4 v000001fd3edbd610_0, 0;
T_4.18 ;
    %jmp T_4.14;
T_4.4 ;
    %load/vec4 v000001fd3edbc8f0_0;
    %cmpi/e 7, 0, 3;
    %flag_get/vec4 4;
    %jmp/0 T_4.21, 4;
    %load/vec4 v000001fd3edbca30_0;
    %pushi/vec4 3, 0, 2;
    %cmp/e;
    %flag_get/vec4 4;
    %and;
T_4.21;
    %flag_set/vec4 8;
    %jmp/0xz  T_4.19, 8;
    %pushi/vec4 3, 0, 4;
    %assign/vec4 v000001fd3edbd610_0, 0;
    %jmp T_4.20;
T_4.19 ;
    %load/vec4 v000001fd3edbd610_0;
    %assign/vec4 v000001fd3edbd610_0, 0;
T_4.20 ;
    %jmp T_4.14;
T_4.5 ;
    %load/vec4 v000001fd3edbca30_0;
    %cmpi/e 3, 0, 2;
    %flag_get/vec4 4;
    %jmp/0 T_4.24, 4;
    %load/vec4 v000001fd3edbcc10_0;
    %pushi/vec4 0, 0, 1;
    %cmp/e;
    %flag_get/vec4 4;
    %and;
T_4.24;
    %flag_set/vec4 8;
    %jmp/0xz  T_4.22, 8;
    %load/vec4 v000001fd3edbc5d0_0;
    %cmpi/e 1, 0, 1;
    %jmp/0xz  T_4.25, 4;
    %pushi/vec4 4, 0, 4;
    %assign/vec4 v000001fd3edbd610_0, 0;
    %jmp T_4.26;
T_4.25 ;
    %pushi/vec4 6, 0, 4;
    %assign/vec4 v000001fd3edbd610_0, 0;
T_4.26 ;
    %jmp T_4.23;
T_4.22 ;
    %load/vec4 v000001fd3edbd610_0;
    %assign/vec4 v000001fd3edbd610_0, 0;
T_4.23 ;
    %jmp T_4.14;
T_4.6 ;
    %load/vec4 v000001fd3edbc8f0_0;
    %cmpi/e 7, 0, 3;
    %flag_get/vec4 4;
    %jmp/0 T_4.29, 4;
    %load/vec4 v000001fd3edbca30_0;
    %pushi/vec4 3, 0, 2;
    %cmp/e;
    %flag_get/vec4 4;
    %and;
T_4.29;
    %flag_set/vec4 8;
    %jmp/0xz  T_4.27, 8;
    %pushi/vec4 5, 0, 4;
    %assign/vec4 v000001fd3edbd610_0, 0;
    %jmp T_4.28;
T_4.27 ;
    %load/vec4 v000001fd3edbd610_0;
    %assign/vec4 v000001fd3edbd610_0, 0;
T_4.28 ;
    %jmp T_4.14;
T_4.7 ;
    %load/vec4 v000001fd3edbca30_0;
    %pad/u 32;
    %cmpi/e 3, 0, 32;
    %flag_get/vec4 4;
    %jmp/0 T_4.32, 4;
    %load/vec4 v000001fd3edbcc10_0;
    %pushi/vec4 0, 0, 1;
    %cmp/e;
    %flag_get/vec4 4;
    %and;
T_4.32;
    %flag_set/vec4 8;
    %jmp/0xz  T_4.30, 8;
    %pushi/vec4 6, 0, 4;
    %assign/vec4 v000001fd3edbd610_0, 0;
    %jmp T_4.31;
T_4.30 ;
    %load/vec4 v000001fd3edbd610_0;
    %assign/vec4 v000001fd3edbd610_0, 0;
T_4.31 ;
    %jmp T_4.14;
T_4.8 ;
    %load/vec4 v000001fd3edbc8f0_0;
    %cmpi/e 7, 0, 3;
    %flag_get/vec4 4;
    %jmp/0 T_4.35, 4;
    %load/vec4 v000001fd3edbca30_0;
    %pushi/vec4 3, 0, 2;
    %cmp/e;
    %flag_get/vec4 4;
    %and;
T_4.35;
    %flag_set/vec4 8;
    %jmp/0xz  T_4.33, 8;
    %pushi/vec4 7, 0, 4;
    %assign/vec4 v000001fd3edbd610_0, 0;
    %jmp T_4.34;
T_4.33 ;
    %load/vec4 v000001fd3edbd610_0;
    %assign/vec4 v000001fd3edbd610_0, 0;
T_4.34 ;
    %jmp T_4.14;
T_4.9 ;
    %load/vec4 v000001fd3edbca30_0;
    %pad/u 32;
    %cmpi/e 3, 0, 32;
    %flag_get/vec4 4;
    %jmp/0 T_4.38, 4;
    %load/vec4 v000001fd3edbcc10_0;
    %pushi/vec4 0, 0, 1;
    %cmp/e;
    %flag_get/vec4 4;
    %and;
T_4.38;
    %flag_set/vec4 8;
    %jmp/0xz  T_4.36, 8;
    %load/vec4 v000001fd3edbe150_0;
    %cmpi/e 1, 0, 1;
    %jmp/0xz  T_4.39, 4;
    %pushi/vec4 8, 0, 4;
    %assign/vec4 v000001fd3edbd610_0, 0;
    %jmp T_4.40;
T_4.39 ;
    %load/vec4 v000001fd3edbded0_0;
    %cmpi/e 1, 0, 1;
    %jmp/0xz  T_4.41, 4;
    %pushi/vec4 10, 0, 4;
    %assign/vec4 v000001fd3edbd610_0, 0;
    %jmp T_4.42;
T_4.41 ;
    %pushi/vec4 15, 0, 4;
    %assign/vec4 v000001fd3edbd610_0, 0;
T_4.42 ;
T_4.40 ;
    %jmp T_4.37;
T_4.36 ;
    %load/vec4 v000001fd3edbd610_0;
    %assign/vec4 v000001fd3edbd610_0, 0;
T_4.37 ;
    %jmp T_4.14;
T_4.10 ;
    %load/vec4 v000001fd3edbc8f0_0;
    %cmpi/e 7, 0, 3;
    %flag_get/vec4 4;
    %jmp/0 T_4.45, 4;
    %load/vec4 v000001fd3edbca30_0;
    %pushi/vec4 3, 0, 2;
    %cmp/e;
    %flag_get/vec4 4;
    %and;
T_4.45;
    %flag_set/vec4 8;
    %jmp/0xz  T_4.43, 8;
    %pushi/vec4 9, 0, 4;
    %assign/vec4 v000001fd3edbd610_0, 0;
    %jmp T_4.44;
T_4.43 ;
    %load/vec4 v000001fd3edbd610_0;
    %assign/vec4 v000001fd3edbd610_0, 0;
T_4.44 ;
    %jmp T_4.14;
T_4.11 ;
    %load/vec4 v000001fd3edbca30_0;
    %pad/u 32;
    %cmpi/e 3, 0, 32;
    %flag_get/vec4 4;
    %jmp/0 T_4.48, 4;
    %load/vec4 v000001fd3edbcc10_0;
    %pushi/vec4 0, 0, 1;
    %cmp/e;
    %flag_get/vec4 4;
    %and;
T_4.48;
    %flag_set/vec4 8;
    %jmp/0xz  T_4.46, 8;
    %pushi/vec4 15, 0, 4;
    %assign/vec4 v000001fd3edbd610_0, 0;
    %jmp T_4.47;
T_4.46 ;
    %load/vec4 v000001fd3edbd610_0;
    %assign/vec4 v000001fd3edbd610_0, 0;
T_4.47 ;
    %jmp T_4.14;
T_4.12 ;
    %load/vec4 v000001fd3edbca30_0;
    %cmpi/e 3, 0, 2;
    %jmp/0xz  T_4.49, 4;
    %pushi/vec4 11, 0, 4;
    %assign/vec4 v000001fd3edbd610_0, 0;
    %jmp T_4.50;
T_4.49 ;
    %load/vec4 v000001fd3edbd610_0;
    %assign/vec4 v000001fd3edbd610_0, 0;
T_4.50 ;
    %jmp T_4.14;
T_4.13 ;
    %load/vec4 v000001fd3edbc8f0_0;
    %cmpi/e 3, 0, 3;
    %flag_get/vec4 4;
    %jmp/0 T_4.53, 4;
    %load/vec4 v000001fd3edbca30_0;
    %pushi/vec4 3, 0, 2;
    %cmp/e;
    %flag_get/vec4 4;
    %and;
T_4.53;
    %flag_set/vec4 8;
    %jmp/0xz  T_4.51, 8;
    %pushi/vec4 0, 0, 4;
    %assign/vec4 v000001fd3edbd610_0, 0;
    %jmp T_4.52;
T_4.51 ;
    %load/vec4 v000001fd3edbd610_0;
    %assign/vec4 v000001fd3edbd610_0, 0;
T_4.52 ;
    %jmp T_4.14;
T_4.14 ;
    %pop/vec4 1;
T_4.1 ;
    %jmp T_4;
    .thread T_4;
    .scope S_000001fd3ecf2510;
T_5 ;
    %wait E_000001fd3ed5a6b0;
    %load/vec4 v000001fd3edbd610_0;
    %dup/vec4;
    %pushi/vec4 0, 0, 4;
    %cmp/u;
    %jmp/1 T_5.0, 6;
    %dup/vec4;
    %pushi/vec4 1, 0, 4;
    %cmp/u;
    %jmp/1 T_5.1, 6;
    %dup/vec4;
    %pushi/vec4 2, 0, 4;
    %cmp/u;
    %jmp/1 T_5.2, 6;
    %dup/vec4;
    %pushi/vec4 3, 0, 4;
    %cmp/u;
    %jmp/1 T_5.3, 6;
    %dup/vec4;
    %pushi/vec4 4, 0, 4;
    %cmp/u;
    %jmp/1 T_5.4, 6;
    %dup/vec4;
    %pushi/vec4 5, 0, 4;
    %cmp/u;
    %jmp/1 T_5.5, 6;
    %dup/vec4;
    %pushi/vec4 6, 0, 4;
    %cmp/u;
    %jmp/1 T_5.6, 6;
    %dup/vec4;
    %pushi/vec4 7, 0, 4;
    %cmp/u;
    %jmp/1 T_5.7, 6;
    %dup/vec4;
    %pushi/vec4 8, 0, 4;
    %cmp/u;
    %jmp/1 T_5.8, 6;
    %dup/vec4;
    %pushi/vec4 9, 0, 4;
    %cmp/u;
    %jmp/1 T_5.9, 6;
    %dup/vec4;
    %pushi/vec4 10, 0, 4;
    %cmp/u;
    %jmp/1 T_5.10, 6;
    %dup/vec4;
    %pushi/vec4 11, 0, 4;
    %cmp/u;
    %jmp/1 T_5.11, 6;
    %dup/vec4;
    %pushi/vec4 12, 0, 4;
    %cmp/u;
    %jmp/1 T_5.12, 6;
    %dup/vec4;
    %pushi/vec4 13, 0, 4;
    %cmp/u;
    %jmp/1 T_5.13, 6;
    %dup/vec4;
    %pushi/vec4 14, 0, 4;
    %cmp/u;
    %jmp/1 T_5.14, 6;
    %dup/vec4;
    %pushi/vec4 15, 0, 4;
    %cmp/u;
    %jmp/1 T_5.15, 6;
    %pushi/vec4 1, 0, 1;
    %assign/vec4 v000001fd3edbe0b0_0, 0;
    %jmp T_5.17;
T_5.0 ;
    %pushi/vec4 1, 0, 1;
    %assign/vec4 v000001fd3edbe0b0_0, 0;
    %jmp T_5.17;
T_5.1 ;
    %load/vec4 v000001fd3edbca30_0;
    %cmpi/e 3, 0, 2;
    %jmp/0xz  T_5.18, 4;
    %pushi/vec4 0, 0, 1;
    %assign/vec4 v000001fd3edbe0b0_0, 0;
    %jmp T_5.19;
T_5.18 ;
    %pushi/vec4 1, 0, 1;
    %assign/vec4 v000001fd3edbe0b0_0, 0;
T_5.19 ;
    %jmp T_5.17;
T_5.2 ;
    %load/vec4 v000001fd3edbca30_0;
    %cmpi/e 1, 0, 2;
    %jmp/1 T_5.22, 4;
    %flag_mov 8, 4;
    %load/vec4 v000001fd3edbca30_0;
    %cmpi/e 2, 0, 2;
    %flag_or 4, 8;
T_5.22;
    %jmp/0xz  T_5.20, 4;
    %pushi/vec4 1, 0, 1;
    %assign/vec4 v000001fd3edbe0b0_0, 0;
    %jmp T_5.21;
T_5.20 ;
    %pushi/vec4 0, 0, 1;
    %assign/vec4 v000001fd3edbe0b0_0, 0;
T_5.21 ;
    %jmp T_5.17;
T_5.3 ;
    %load/vec4 v000001fd3edbca30_0;
    %cmpi/e 1, 0, 2;
    %jmp/1 T_5.25, 4;
    %flag_mov 8, 4;
    %load/vec4 v000001fd3edbca30_0;
    %cmpi/e 2, 0, 2;
    %flag_or 4, 8;
T_5.25;
    %jmp/0xz  T_5.23, 4;
    %pushi/vec4 1, 0, 1;
    %assign/vec4 v000001fd3edbe0b0_0, 0;
    %jmp T_5.24;
T_5.23 ;
    %pushi/vec4 0, 0, 1;
    %assign/vec4 v000001fd3edbe0b0_0, 0;
T_5.24 ;
    %jmp T_5.17;
T_5.4 ;
    %load/vec4 v000001fd3edbca30_0;
    %cmpi/e 1, 0, 2;
    %jmp/1 T_5.28, 4;
    %flag_mov 8, 4;
    %load/vec4 v000001fd3edbca30_0;
    %cmpi/e 2, 0, 2;
    %flag_or 4, 8;
T_5.28;
    %jmp/0xz  T_5.26, 4;
    %pushi/vec4 1, 0, 1;
    %assign/vec4 v000001fd3edbe0b0_0, 0;
    %jmp T_5.27;
T_5.26 ;
    %pushi/vec4 0, 0, 1;
    %assign/vec4 v000001fd3edbe0b0_0, 0;
T_5.27 ;
    %jmp T_5.17;
T_5.5 ;
    %load/vec4 v000001fd3edbca30_0;
    %cmpi/e 1, 0, 2;
    %jmp/1 T_5.31, 4;
    %flag_mov 8, 4;
    %load/vec4 v000001fd3edbca30_0;
    %cmpi/e 2, 0, 2;
    %flag_or 4, 8;
T_5.31;
    %jmp/0xz  T_5.29, 4;
    %pushi/vec4 1, 0, 1;
    %assign/vec4 v000001fd3edbe0b0_0, 0;
    %jmp T_5.30;
T_5.29 ;
    %pushi/vec4 0, 0, 1;
    %assign/vec4 v000001fd3edbe0b0_0, 0;
T_5.30 ;
    %jmp T_5.17;
T_5.6 ;
    %load/vec4 v000001fd3edbca30_0;
    %cmpi/e 1, 0, 2;
    %jmp/1 T_5.34, 4;
    %flag_mov 8, 4;
    %load/vec4 v000001fd3edbca30_0;
    %cmpi/e 2, 0, 2;
    %flag_or 4, 8;
T_5.34;
    %jmp/0xz  T_5.32, 4;
    %pushi/vec4 1, 0, 1;
    %assign/vec4 v000001fd3edbe0b0_0, 0;
    %jmp T_5.33;
T_5.32 ;
    %pushi/vec4 0, 0, 1;
    %assign/vec4 v000001fd3edbe0b0_0, 0;
T_5.33 ;
    %jmp T_5.17;
T_5.7 ;
    %load/vec4 v000001fd3edbca30_0;
    %cmpi/e 1, 0, 2;
    %jmp/1 T_5.37, 4;
    %flag_mov 8, 4;
    %load/vec4 v000001fd3edbca30_0;
    %cmpi/e 2, 0, 2;
    %flag_or 4, 8;
T_5.37;
    %jmp/0xz  T_5.35, 4;
    %pushi/vec4 1, 0, 1;
    %assign/vec4 v000001fd3edbe0b0_0, 0;
    %jmp T_5.36;
T_5.35 ;
    %pushi/vec4 0, 0, 1;
    %assign/vec4 v000001fd3edbe0b0_0, 0;
T_5.36 ;
    %jmp T_5.17;
T_5.8 ;
    %load/vec4 v000001fd3edbca30_0;
    %cmpi/e 1, 0, 2;
    %jmp/1 T_5.40, 4;
    %flag_mov 8, 4;
    %load/vec4 v000001fd3edbca30_0;
    %cmpi/e 2, 0, 2;
    %flag_or 4, 8;
T_5.40;
    %jmp/0xz  T_5.38, 4;
    %pushi/vec4 1, 0, 1;
    %assign/vec4 v000001fd3edbe0b0_0, 0;
    %jmp T_5.39;
T_5.38 ;
    %pushi/vec4 0, 0, 1;
    %assign/vec4 v000001fd3edbe0b0_0, 0;
T_5.39 ;
    %jmp T_5.17;
T_5.9 ;
    %load/vec4 v000001fd3edbca30_0;
    %cmpi/e 1, 0, 2;
    %jmp/1 T_5.43, 4;
    %flag_mov 8, 4;
    %load/vec4 v000001fd3edbca30_0;
    %cmpi/e 2, 0, 2;
    %flag_or 4, 8;
T_5.43;
    %jmp/0xz  T_5.41, 4;
    %pushi/vec4 1, 0, 1;
    %assign/vec4 v000001fd3edbe0b0_0, 0;
    %jmp T_5.42;
T_5.41 ;
    %pushi/vec4 0, 0, 1;
    %assign/vec4 v000001fd3edbe0b0_0, 0;
T_5.42 ;
    %jmp T_5.17;
T_5.10 ;
    %load/vec4 v000001fd3edbca30_0;
    %cmpi/e 1, 0, 2;
    %jmp/1 T_5.46, 4;
    %flag_mov 8, 4;
    %load/vec4 v000001fd3edbca30_0;
    %cmpi/e 2, 0, 2;
    %flag_or 4, 8;
T_5.46;
    %jmp/0xz  T_5.44, 4;
    %pushi/vec4 1, 0, 1;
    %assign/vec4 v000001fd3edbe0b0_0, 0;
    %jmp T_5.45;
T_5.44 ;
    %pushi/vec4 0, 0, 1;
    %assign/vec4 v000001fd3edbe0b0_0, 0;
T_5.45 ;
    %jmp T_5.17;
T_5.11 ;
    %load/vec4 v000001fd3edbca30_0;
    %cmpi/e 1, 0, 2;
    %jmp/1 T_5.49, 4;
    %flag_mov 8, 4;
    %load/vec4 v000001fd3edbca30_0;
    %cmpi/e 2, 0, 2;
    %flag_or 4, 8;
T_5.49;
    %jmp/0xz  T_5.47, 4;
    %pushi/vec4 1, 0, 1;
    %assign/vec4 v000001fd3edbe0b0_0, 0;
    %jmp T_5.48;
T_5.47 ;
    %pushi/vec4 0, 0, 1;
    %assign/vec4 v000001fd3edbe0b0_0, 0;
T_5.48 ;
    %jmp T_5.17;
T_5.12 ;
    %load/vec4 v000001fd3edbca30_0;
    %cmpi/e 1, 0, 2;
    %jmp/1 T_5.52, 4;
    %flag_mov 8, 4;
    %load/vec4 v000001fd3edbca30_0;
    %cmpi/e 2, 0, 2;
    %flag_or 4, 8;
T_5.52;
    %jmp/0xz  T_5.50, 4;
    %pushi/vec4 1, 0, 1;
    %assign/vec4 v000001fd3edbe0b0_0, 0;
    %jmp T_5.51;
T_5.50 ;
    %pushi/vec4 0, 0, 1;
    %assign/vec4 v000001fd3edbe0b0_0, 0;
T_5.51 ;
    %jmp T_5.17;
T_5.13 ;
    %load/vec4 v000001fd3edbca30_0;
    %cmpi/e 1, 0, 2;
    %jmp/1 T_5.55, 4;
    %flag_mov 8, 4;
    %load/vec4 v000001fd3edbca30_0;
    %cmpi/e 2, 0, 2;
    %flag_or 4, 8;
T_5.55;
    %jmp/0xz  T_5.53, 4;
    %pushi/vec4 1, 0, 1;
    %assign/vec4 v000001fd3edbe0b0_0, 0;
    %jmp T_5.54;
T_5.53 ;
    %pushi/vec4 0, 0, 1;
    %assign/vec4 v000001fd3edbe0b0_0, 0;
T_5.54 ;
    %jmp T_5.17;
T_5.14 ;
    %load/vec4 v000001fd3edbca30_0;
    %cmpi/e 1, 0, 2;
    %jmp/1 T_5.58, 4;
    %flag_mov 8, 4;
    %load/vec4 v000001fd3edbca30_0;
    %cmpi/e 2, 0, 2;
    %flag_or 4, 8;
T_5.58;
    %jmp/0xz  T_5.56, 4;
    %pushi/vec4 1, 0, 1;
    %assign/vec4 v000001fd3edbe0b0_0, 0;
    %jmp T_5.57;
T_5.56 ;
    %pushi/vec4 0, 0, 1;
    %assign/vec4 v000001fd3edbe0b0_0, 0;
T_5.57 ;
    %jmp T_5.17;
T_5.15 ;
    %load/vec4 v000001fd3edbc8f0_0;
    %cmpi/e 0, 0, 3;
    %flag_get/vec4 4;
    %jmp/0 T_5.61, 4;
    %load/vec4 v000001fd3edbca30_0;
    %pushi/vec4 0, 0, 2;
    %cmp/e;
    %flag_get/vec4 4;
    %and;
T_5.61;
    %flag_set/vec4 8;
    %jmp/0xz  T_5.59, 8;
    %pushi/vec4 0, 0, 1;
    %assign/vec4 v000001fd3edbe0b0_0, 0;
    %jmp T_5.60;
T_5.59 ;
    %pushi/vec4 1, 0, 1;
    %assign/vec4 v000001fd3edbe0b0_0, 0;
T_5.60 ;
    %jmp T_5.17;
T_5.17 ;
    %pop/vec4 1;
    %jmp T_5;
    .thread T_5, $push;
    .scope S_000001fd3ecf2510;
T_6 ;
    %wait E_000001fd3ed5a3b0;
    %load/vec4 v000001fd3edbd610_0;
    %dup/vec4;
    %pushi/vec4 0, 0, 4;
    %cmp/u;
    %jmp/1 T_6.0, 6;
    %dup/vec4;
    %pushi/vec4 1, 0, 4;
    %cmp/u;
    %jmp/1 T_6.1, 6;
    %dup/vec4;
    %pushi/vec4 2, 0, 4;
    %cmp/u;
    %jmp/1 T_6.2, 6;
    %dup/vec4;
    %pushi/vec4 3, 0, 4;
    %cmp/u;
    %jmp/1 T_6.3, 6;
    %dup/vec4;
    %pushi/vec4 4, 0, 4;
    %cmp/u;
    %jmp/1 T_6.4, 6;
    %dup/vec4;
    %pushi/vec4 5, 0, 4;
    %cmp/u;
    %jmp/1 T_6.5, 6;
    %dup/vec4;
    %pushi/vec4 6, 0, 4;
    %cmp/u;
    %jmp/1 T_6.6, 6;
    %dup/vec4;
    %pushi/vec4 7, 0, 4;
    %cmp/u;
    %jmp/1 T_6.7, 6;
    %dup/vec4;
    %pushi/vec4 8, 0, 4;
    %cmp/u;
    %jmp/1 T_6.8, 6;
    %dup/vec4;
    %pushi/vec4 9, 0, 4;
    %cmp/u;
    %jmp/1 T_6.9, 6;
    %dup/vec4;
    %pushi/vec4 10, 0, 4;
    %cmp/u;
    %jmp/1 T_6.10, 6;
    %dup/vec4;
    %pushi/vec4 11, 0, 4;
    %cmp/u;
    %jmp/1 T_6.11, 6;
    %dup/vec4;
    %pushi/vec4 12, 0, 4;
    %cmp/u;
    %jmp/1 T_6.12, 6;
    %dup/vec4;
    %pushi/vec4 13, 0, 4;
    %cmp/u;
    %jmp/1 T_6.13, 6;
    %dup/vec4;
    %pushi/vec4 14, 0, 4;
    %cmp/u;
    %jmp/1 T_6.14, 6;
    %dup/vec4;
    %pushi/vec4 15, 0, 4;
    %cmp/u;
    %jmp/1 T_6.15, 6;
    %load/vec4 v000001fd3edbde30_0;
    %assign/vec4 v000001fd3edbde30_0, 0;
    %pushi/vec4 1, 0, 1;
    %assign/vec4 v000001fd3edbd390_0, 0;
    %jmp T_6.17;
T_6.0 ;
    %pushi/vec4 1, 0, 1;
    %assign/vec4 v000001fd3edbd390_0, 0;
    %jmp T_6.17;
T_6.1 ;
    %load/vec4 v000001fd3edbca30_0;
    %cmpi/e 0, 0, 2;
    %jmp/0xz  T_6.18, 4;
    %pushi/vec4 1, 0, 1;
    %assign/vec4 v000001fd3edbd390_0, 0;
    %jmp T_6.19;
T_6.18 ;
    %pushi/vec4 0, 0, 1;
    %assign/vec4 v000001fd3edbd390_0, 0;
T_6.19 ;
    %jmp T_6.17;
T_6.2 ;
    %load/vec4 v000001fd3edbc8f0_0;
    %cmpi/u 6, 0, 3;
    %flag_or 5, 4;
    %jmp/0xz  T_6.20, 5;
    %pushi/vec4 80, 0, 7;
    %pushi/vec4 6, 0, 32;
    %load/vec4 v000001fd3edbc8f0_0;
    %pad/u 32;
    %sub;
    %part/u 1;
    %assign/vec4 v000001fd3edbd390_0, 0;
    %jmp T_6.21;
T_6.20 ;
    %pushi/vec4 0, 0, 1;
    %assign/vec4 v000001fd3edbd390_0, 0;
T_6.21 ;
    %jmp T_6.17;
T_6.3 ;
    %pushi/vec4 1, 0, 1;
    %assign/vec4 v000001fd3edbd390_0, 0;
    %jmp T_6.17;
T_6.4 ;
    %load/vec4 v000001fd3edbdbb0_0;
    %pushi/vec4 15, 0, 32;
    %load/vec4 v000001fd3edbc8f0_0;
    %pad/u 32;
    %sub;
    %part/u 1;
    %assign/vec4 v000001fd3edbd390_0, 0;
    %jmp T_6.17;
T_6.5 ;
    %pushi/vec4 1, 0, 1;
    %assign/vec4 v000001fd3edbd390_0, 0;
    %jmp T_6.17;
T_6.6 ;
    %load/vec4 v000001fd3edbdbb0_0;
    %pushi/vec4 7, 0, 32;
    %load/vec4 v000001fd3edbc8f0_0;
    %pad/u 32;
    %sub;
    %part/u 1;
    %assign/vec4 v000001fd3edbd390_0, 0;
    %jmp T_6.17;
T_6.7 ;
    %pushi/vec4 1, 0, 1;
    %assign/vec4 v000001fd3edbd390_0, 0;
    %jmp T_6.17;
T_6.8 ;
    %load/vec4 v000001fd3edbdb10_0;
    %pushi/vec4 7, 0, 32;
    %load/vec4 v000001fd3edbc8f0_0;
    %pad/u 32;
    %sub;
    %part/u 1;
    %assign/vec4 v000001fd3edbd390_0, 0;
    %jmp T_6.17;
T_6.9 ;
    %pushi/vec4 1, 0, 1;
    %assign/vec4 v000001fd3edbd390_0, 0;
    %jmp T_6.17;
T_6.10 ;
    %load/vec4 v000001fd3edbca30_0;
    %cmpi/e 1, 0, 2;
    %jmp/0xz  T_6.22, 4;
    %pushi/vec4 1, 0, 1;
    %assign/vec4 v000001fd3edbd390_0, 0;
    %jmp T_6.23;
T_6.22 ;
    %pushi/vec4 1, 0, 1;
    %assign/vec4 v000001fd3edbd390_0, 0;
T_6.23 ;
    %jmp T_6.17;
T_6.11 ;
    %load/vec4 v000001fd3edbc8f0_0;
    %cmpi/u 6, 0, 3;
    %flag_or 5, 4;
    %jmp/0xz  T_6.24, 5;
    %pushi/vec4 80, 0, 7;
    %pushi/vec4 7, 0, 32;
    %load/vec4 v000001fd3edbc8f0_0;
    %pad/u 32;
    %sub;
    %part/u 1;
    %assign/vec4 v000001fd3edbd390_0, 0;
    %jmp T_6.25;
T_6.24 ;
    %pushi/vec4 1, 0, 1;
    %assign/vec4 v000001fd3edbd390_0, 0;
T_6.25 ;
    %jmp T_6.17;
T_6.12 ;
    %pushi/vec4 1, 0, 1;
    %assign/vec4 v000001fd3edbd390_0, 0;
    %jmp T_6.17;
T_6.13 ;
    %load/vec4 v000001fd3edbca30_0;
    %cmpi/e 2, 0, 2;
    %jmp/0xz  T_6.26, 4;
    %load/vec4 v000001fd3edbd890_0;
    %ix/load 5, 0, 0;
    %pushi/vec4 7, 0, 32;
    %load/vec4 v000001fd3edbc8f0_0;
    %pad/u 32;
    %sub;
    %ix/vec4 4;
    %assign/vec4/off/d v000001fd3edbde30_0, 4, 5;
    %jmp T_6.27;
T_6.26 ;
    %load/vec4 v000001fd3edbde30_0;
    %assign/vec4 v000001fd3edbde30_0, 0;
T_6.27 ;
    %jmp T_6.17;
T_6.14 ;
    %pushi/vec4 1, 0, 1;
    %assign/vec4 v000001fd3edbd390_0, 0;
    %jmp T_6.17;
T_6.15 ;
    %load/vec4 v000001fd3edbc8f0_0;
    %cmpi/e 0, 0, 3;
    %flag_get/vec4 4;
    %jmp/0 T_6.30, 4;
    %load/vec4 v000001fd3edbca30_0;
    %cmpi/u 3, 0, 2;
    %flag_get/vec4 5;
    %and;
T_6.30;
    %flag_set/vec4 8;
    %jmp/0xz  T_6.28, 8;
    %pushi/vec4 0, 0, 1;
    %assign/vec4 v000001fd3edbd390_0, 0;
    %jmp T_6.29;
T_6.28 ;
    %pushi/vec4 1, 0, 1;
    %assign/vec4 v000001fd3edbd390_0, 0;
T_6.29 ;
    %jmp T_6.17;
T_6.17 ;
    %pop/vec4 1;
    %jmp T_6;
    .thread T_6, $push;
    .scope S_000001fd3ecf2510;
T_7 ;
    %wait E_000001fd3ed5a270;
    %load/vec4 v000001fd3edbcd50_0;
    %nor/r;
    %flag_set/vec4 8;
    %jmp/0xz  T_7.0, 8;
    %pushi/vec4 0, 0, 1;
    %assign/vec4 v000001fd3edbcdf0_0, 0;
    %jmp T_7.1;
T_7.0 ;
    %load/vec4 v000001fd3edbd610_0;
    %cmpi/e 15, 0, 4;
    %flag_get/vec4 4;
    %jmp/0 T_7.5, 4;
    %load/vec4 v000001fd3edbc8f0_0;
    %pushi/vec4 3, 0, 3;
    %cmp/e;
    %flag_get/vec4 4;
    %and;
T_7.5;
    %flag_set/vec4 9;
    %flag_get/vec4 9;
    %jmp/0 T_7.4, 9;
    %load/vec4 v000001fd3edbca30_0;
    %pushi/vec4 3, 0, 2;
    %cmp/e;
    %flag_get/vec4 4;
    %and;
T_7.4;
    %flag_set/vec4 8;
    %jmp/0xz  T_7.2, 8;
    %pushi/vec4 1, 0, 1;
    %assign/vec4 v000001fd3edbcdf0_0, 0;
    %jmp T_7.3;
T_7.2 ;
    %pushi/vec4 0, 0, 1;
    %assign/vec4 v000001fd3edbcdf0_0, 0;
T_7.3 ;
T_7.1 ;
    %jmp T_7;
    .thread T_7;
    .scope S_000001fd3ecf2510;
T_8 ;
    %wait E_000001fd3ed5ab70;
    %load/vec4 v000001fd3edbd610_0;
    %dup/vec4;
    %pushi/vec4 0, 0, 4;
    %cmp/u;
    %jmp/1 T_8.0, 6;
    %dup/vec4;
    %pushi/vec4 1, 0, 4;
    %cmp/u;
    %jmp/1 T_8.1, 6;
    %dup/vec4;
    %pushi/vec4 2, 0, 4;
    %cmp/u;
    %jmp/1 T_8.2, 6;
    %dup/vec4;
    %pushi/vec4 4, 0, 4;
    %cmp/u;
    %jmp/1 T_8.3, 6;
    %dup/vec4;
    %pushi/vec4 6, 0, 4;
    %cmp/u;
    %jmp/1 T_8.4, 6;
    %dup/vec4;
    %pushi/vec4 8, 0, 4;
    %cmp/u;
    %jmp/1 T_8.5, 6;
    %dup/vec4;
    %pushi/vec4 10, 0, 4;
    %cmp/u;
    %jmp/1 T_8.6, 6;
    %dup/vec4;
    %pushi/vec4 11, 0, 4;
    %cmp/u;
    %jmp/1 T_8.7, 6;
    %dup/vec4;
    %pushi/vec4 13, 0, 4;
    %cmp/u;
    %jmp/1 T_8.8, 6;
    %dup/vec4;
    %pushi/vec4 14, 0, 4;
    %cmp/u;
    %jmp/1 T_8.9, 6;
    %dup/vec4;
    %pushi/vec4 3, 0, 4;
    %cmp/u;
    %jmp/1 T_8.10, 6;
    %dup/vec4;
    %pushi/vec4 5, 0, 4;
    %cmp/u;
    %jmp/1 T_8.11, 6;
    %dup/vec4;
    %pushi/vec4 7, 0, 4;
    %cmp/u;
    %jmp/1 T_8.12, 6;
    %dup/vec4;
    %pushi/vec4 9, 0, 4;
    %cmp/u;
    %jmp/1 T_8.13, 6;
    %dup/vec4;
    %pushi/vec4 12, 0, 4;
    %cmp/u;
    %jmp/1 T_8.14, 6;
    %pushi/vec4 1, 0, 1;
    %assign/vec4 v000001fd3edbcc10_0, 0;
    %jmp T_8.16;
T_8.0 ;
    %pushi/vec4 1, 0, 1;
    %assign/vec4 v000001fd3edbcc10_0, 0;
    %jmp T_8.16;
T_8.1 ;
    %pushi/vec4 1, 0, 1;
    %assign/vec4 v000001fd3edbcc10_0, 0;
    %jmp T_8.16;
T_8.2 ;
    %pushi/vec4 1, 0, 1;
    %assign/vec4 v000001fd3edbcc10_0, 0;
    %jmp T_8.16;
T_8.3 ;
    %pushi/vec4 1, 0, 1;
    %assign/vec4 v000001fd3edbcc10_0, 0;
    %jmp T_8.16;
T_8.4 ;
    %pushi/vec4 1, 0, 1;
    %assign/vec4 v000001fd3edbcc10_0, 0;
    %jmp T_8.16;
T_8.5 ;
    %pushi/vec4 1, 0, 1;
    %assign/vec4 v000001fd3edbcc10_0, 0;
    %jmp T_8.16;
T_8.6 ;
    %pushi/vec4 1, 0, 1;
    %assign/vec4 v000001fd3edbcc10_0, 0;
    %jmp T_8.16;
T_8.7 ;
    %pushi/vec4 1, 0, 1;
    %assign/vec4 v000001fd3edbcc10_0, 0;
    %jmp T_8.16;
T_8.8 ;
    %pushi/vec4 1, 0, 1;
    %assign/vec4 v000001fd3edbcc10_0, 0;
    %jmp T_8.16;
T_8.9 ;
    %pushi/vec4 1, 0, 1;
    %assign/vec4 v000001fd3edbcc10_0, 0;
    %jmp T_8.16;
T_8.10 ;
    %load/vec4 v000001fd3edbca30_0;
    %cmpi/e 0, 0, 2;
    %jmp/0xz  T_8.17, 4;
    %load/vec4 v000001fd3edbd890_0;
    %assign/vec4 v000001fd3edbcc10_0, 0;
    %jmp T_8.18;
T_8.17 ;
    %load/vec4 v000001fd3edbcc10_0;
    %assign/vec4 v000001fd3edbcc10_0, 0;
T_8.18 ;
    %jmp T_8.16;
T_8.11 ;
    %load/vec4 v000001fd3edbca30_0;
    %cmpi/e 0, 0, 2;
    %jmp/0xz  T_8.19, 4;
    %load/vec4 v000001fd3edbd890_0;
    %assign/vec4 v000001fd3edbcc10_0, 0;
    %jmp T_8.20;
T_8.19 ;
    %load/vec4 v000001fd3edbcc10_0;
    %assign/vec4 v000001fd3edbcc10_0, 0;
T_8.20 ;
    %jmp T_8.16;
T_8.12 ;
    %load/vec4 v000001fd3edbca30_0;
    %cmpi/e 0, 0, 2;
    %jmp/0xz  T_8.21, 4;
    %load/vec4 v000001fd3edbd890_0;
    %assign/vec4 v000001fd3edbcc10_0, 0;
    %jmp T_8.22;
T_8.21 ;
    %load/vec4 v000001fd3edbcc10_0;
    %assign/vec4 v000001fd3edbcc10_0, 0;
T_8.22 ;
    %jmp T_8.16;
T_8.13 ;
    %load/vec4 v000001fd3edbca30_0;
    %cmpi/e 0, 0, 2;
    %jmp/0xz  T_8.23, 4;
    %load/vec4 v000001fd3edbd890_0;
    %assign/vec4 v000001fd3edbcc10_0, 0;
    %jmp T_8.24;
T_8.23 ;
    %load/vec4 v000001fd3edbcc10_0;
    %assign/vec4 v000001fd3edbcc10_0, 0;
T_8.24 ;
    %jmp T_8.16;
T_8.14 ;
    %load/vec4 v000001fd3edbca30_0;
    %cmpi/e 0, 0, 2;
    %jmp/0xz  T_8.25, 4;
    %load/vec4 v000001fd3edbd890_0;
    %assign/vec4 v000001fd3edbcc10_0, 0;
    %jmp T_8.26;
T_8.25 ;
    %load/vec4 v000001fd3edbcc10_0;
    %assign/vec4 v000001fd3edbcc10_0, 0;
T_8.26 ;
    %jmp T_8.16;
T_8.16 ;
    %pop/vec4 1;
    %jmp T_8;
    .thread T_8, $push;
# The file index is used to find the file name in the following table.
:file_names 3;
    "N/A";
    "<interactive>";
    "i2c_ctrl.v";
