#! /c/Source/iverilog-install/bin/vvp
:ivl_version "12.0 (devel)" "(s20150603-1539-g2693dd32b)";
:ivl_delay_selection "TYPICAL";
:vpi_time_precision - 9;
:vpi_module "D:\DAILYA~1\iverilog\lib\ivl\system.vpi";
:vpi_module "D:\DAILYA~1\iverilog\lib\ivl\vhdl_sys.vpi";
:vpi_module "D:\DAILYA~1\iverilog\lib\ivl\vhdl_textio.vpi";
:vpi_module "D:\DAILYA~1\iverilog\lib\ivl\v2005_math.vpi";
:vpi_module "D:\DAILYA~1\iverilog\lib\ivl\va_math.vpi";
S_000002631b83d4b0 .scope module, "tb_i2c_ctrl" "tb_i2c_ctrl" 2 5;
 .timescale -9 -9;
P_000002631b7e47a0 .param/l "DEVICE_ADDR" 0 2 10, C4<1010000>;
P_000002631b7e47d8 .param/l "PERIOD" 0 2 8, +C4<00000000000000000000000000010100>;
P_000002631b7e4810 .param/l "SCL_FREQ" 0 2 12, C4<111101000010010000>;
P_000002631b7e4848 .param/l "SYS_CLK_FREQ" 0 2 11, C4<10111110101111000010000000>;
RS_000002631b83de08 .resolv tri, L_000002631b8989e0, L_000002631b899b60;
L_000002631b7e0a90 .functor BUFZ 1, RS_000002631b83de08, C4<0>, C4<0>, C4<0>;
o000002631b83e2b8 .functor BUFZ 1, C4<z>; HiZ drive
; Elide local net with no drivers, v000002631b896930_0 name=_ivl_10
v000002631b896c50_0 .net *"_ivl_2", 31 0, L_000002631b8990c0;  1 drivers
L_000002631bbe0088 .functor BUFT 1, C4<0000000000000000000000000000000>, C4<0>, C4<0>, C4<0>;
v000002631b897a10_0 .net *"_ivl_5", 30 0, L_000002631bbe0088;  1 drivers
L_000002631bbe00d0 .functor BUFT 1, C4<00000000000000000000000000000001>, C4<0>, C4<0>, C4<0>;
v000002631b8971f0_0 .net/2u *"_ivl_6", 31 0, L_000002631bbe00d0;  1 drivers
v000002631b897830_0 .net *"_ivl_8", 0 0, L_000002631b899ca0;  1 drivers
v000002631b897290_0 .var "addr_num", 0 0;
v000002631b897650_0 .var "byte_addr", 15 0;
v000002631b8973d0_0 .net "i2c_clk", 0 0, v000002631b8961b0_0;  1 drivers
v000002631b896cf0_0 .net "i2c_end", 0 0, v000002631b8964d0_0;  1 drivers
v000002631b896d90_0 .net "i2c_read_data", 7 0, v000002631b896b10_0;  1 drivers
v000002631b896e30_0 .net "i2c_scl", 0 0, v000002631b897970_0;  1 drivers
v000002631b896ed0_0 .var "i2c_sda_slave_data", 0 0;
v000002631b897b50_0 .var "i2c_start", 0 0;
v000002631b897c90_0 .var "i2c_write_data", 7 0;
v000002631b897470_0 .var "rd_en", 0 0;
v000002631b897d30_0 .var "sys_clk", 0 0;
v000002631b8975b0_0 .var "sys_rst_n", 0 0;
v000002631b896f70_0 .net8 "tb_i2c_sda", 0 0, RS_000002631b83de08;  2 drivers
v000002631b897010_0 .net "tb_i2c_sda_in", 0 0, L_000002631b7e0a90;  1 drivers
v000002631b899480_0 .var "tb_i2c_sda_link_en", 0 0;
v000002631b899700_0 .var "wr_en", 0 0;
L_000002631b8990c0 .concat [ 1 31 0 0], v000002631b899480_0, L_000002631bbe0088;
L_000002631b899ca0 .cmp/eq 32, L_000002631b8990c0, L_000002631bbe00d0;
L_000002631b8989e0 .functor MUXZ 1, o000002631b83e2b8, v000002631b896ed0_0, L_000002631b899ca0, C4<>;
S_000002631b816330 .scope module, "tb_i2c_ctrl" "i2c_ctrl" 2 65, 3 1 0, S_000002631b83d4b0;
 .timescale 0 0;
    .port_info 0 /INPUT 1 "sys_clk";
    .port_info 1 /INPUT 1 "sys_rst_n";
    .port_info 2 /INPUT 1 "wr_en";
    .port_info 3 /INPUT 1 "rd_en";
    .port_info 4 /INPUT 1 "i2c_start";
    .port_info 5 /INPUT 1 "addr_num";
    .port_info 6 /INPUT 16 "byte_addr";
    .port_info 7 /INPUT 8 "i2c_write_data";
    .port_info 8 /OUTPUT 1 "i2c_clk";
    .port_info 9 /OUTPUT 1 "i2c_end";
    .port_info 10 /OUTPUT 8 "i2c_read_data";
    .port_info 11 /OUTPUT 1 "i2c_scl";
    .port_info 12 /INOUT 1 "i2c_sda";
P_000002631b7b2550 .param/l "ACK_1" 0 3 38, C4<0011>;
P_000002631b7b2588 .param/l "ACK_2" 0 3 40, C4<0101>;
P_000002631b7b25c0 .param/l "ACK_3" 0 3 42, C4<0111>;
P_000002631b7b25f8 .param/l "ACK_4" 0 3 44, C4<1001>;
P_000002631b7b2630 .param/l "ACK_5" 0 3 47, C4<1100>;
P_000002631b7b2668 .param/l "CNT_CLK_MAX" 0 3 31, C4<00000000000000000000011001>;
P_000002631b7b26a0 .param/l "CNT_START_MAX" 0 3 33, C4<01100100>;
P_000002631b7b26d8 .param/l "DEVICE_ADDR" 0 3 2, C4<1010000>;
P_000002631b7b2710 .param/l "IDLE" 0 3 35, C4<0000>;
P_000002631b7b2748 .param/l "N_ACK" 0 3 49, C4<1110>;
P_000002631b7b2780 .param/l "READ_DATA" 0 3 48, C4<1101>;
P_000002631b7b27b8 .param/l "SCL_FREQ" 0 3 4, C4<111101000010010000>;
P_000002631b7b27f0 .param/l "SEND_B_ADDR_H" 0 3 39, C4<0100>;
P_000002631b7b2828 .param/l "SEND_B_ADDR_L" 0 3 41, C4<0110>;
P_000002631b7b2860 .param/l "SEND_DEVICE_ADDR" 0 3 37, C4<0010>;
P_000002631b7b2898 .param/l "SEND_RD_ADDR" 0 3 46, C4<1011>;
P_000002631b7b28d0 .param/l "START_1" 0 3 36, C4<0001>;
P_000002631b7b2908 .param/l "START_2" 0 3 45, C4<1010>;
P_000002631b7b2940 .param/l "STOP" 0 3 50, C4<1111>;
P_000002631b7b2978 .param/l "SYS_CLK_FREQ" 0 3 3, C4<10111110101111000010000000>;
P_000002631b7b29b0 .param/l "WR_DATA" 0 3 43, C4<1000>;
L_000002631b7e0cc0 .functor OR 1, L_000002631b898800, L_000002631b899ac0, C4<0>, C4<0>;
L_000002631b7e0b00 .functor OR 1, L_000002631b7e0cc0, L_000002631b899d40, C4<0>, C4<0>;
L_000002631b7e1740 .functor OR 1, L_000002631b7e0b00, L_000002631b899980, C4<0>, C4<0>;
L_000002631b7e1190 .functor OR 1, L_000002631b7e1740, L_000002631b898580, C4<0>, C4<0>;
L_000002631b7e0a20 .functor OR 1, L_000002631b7e1190, L_000002631b898260, C4<0>, C4<0>;
L_000002631bbe0358 .functor BUFT 1, C4<1>, C4<0>, C4<0>, C4<0>;
L_000002631b7e1430 .functor XNOR 1, L_000002631b8995c0, L_000002631bbe0358, C4<0>, C4<0>;
L_000002631b7e14a0 .functor BUFZ 1, RS_000002631b83de08, C4<0>, C4<0>, C4<0>;
L_000002631bbe0118 .functor BUFT 1, C4<1101>, C4<0>, C4<0>, C4<0>;
v000002631b7dd8a0_0 .net/2u *"_ivl_0", 3 0, L_000002631bbe0118;  1 drivers
L_000002631bbe01a8 .functor BUFT 1, C4<0101>, C4<0>, C4<0>, C4<0>;
v000002631b7de020_0 .net/2u *"_ivl_10", 3 0, L_000002631bbe01a8;  1 drivers
v000002631b7dde40_0 .net *"_ivl_12", 0 0, L_000002631b899d40;  1 drivers
v000002631b7ddd00_0 .net *"_ivl_15", 0 0, L_000002631b7e0b00;  1 drivers
L_000002631bbe01f0 .functor BUFT 1, C4<0111>, C4<0>, C4<0>, C4<0>;
v000002631b7dd620_0 .net/2u *"_ivl_16", 3 0, L_000002631bbe01f0;  1 drivers
v000002631b7ddee0_0 .net *"_ivl_18", 0 0, L_000002631b899980;  1 drivers
v000002631b7de160_0 .net *"_ivl_2", 0 0, L_000002631b898800;  1 drivers
v000002631b7de3e0_0 .net *"_ivl_21", 0 0, L_000002631b7e1740;  1 drivers
L_000002631bbe0238 .functor BUFT 1, C4<1001>, C4<0>, C4<0>, C4<0>;
v000002631b7de480_0 .net/2u *"_ivl_22", 3 0, L_000002631bbe0238;  1 drivers
v000002631b7dd580_0 .net *"_ivl_24", 0 0, L_000002631b898580;  1 drivers
v000002631b7dda80_0 .net *"_ivl_27", 0 0, L_000002631b7e1190;  1 drivers
L_000002631bbe0280 .functor BUFT 1, C4<1100>, C4<0>, C4<0>, C4<0>;
v000002631b7de200_0 .net/2u *"_ivl_28", 3 0, L_000002631bbe0280;  1 drivers
v000002631b7ddb20_0 .net *"_ivl_30", 0 0, L_000002631b898260;  1 drivers
v000002631b7dd6c0_0 .net *"_ivl_33", 0 0, L_000002631b7e0a20;  1 drivers
L_000002631bbe02c8 .functor BUFT 1, C4<0>, C4<0>, C4<0>, C4<0>;
v000002631b8976f0_0 .net/2u *"_ivl_34", 0 0, L_000002631bbe02c8;  1 drivers
L_000002631bbe0310 .functor BUFT 1, C4<1>, C4<0>, C4<0>, C4<0>;
v000002631b897ab0_0 .net/2u *"_ivl_36", 0 0, L_000002631bbe0310;  1 drivers
L_000002631bbe0160 .functor BUFT 1, C4<0011>, C4<0>, C4<0>, C4<0>;
v000002631b897510_0 .net/2u *"_ivl_4", 3 0, L_000002631bbe0160;  1 drivers
v000002631b896570_0 .net/2u *"_ivl_40", 0 0, L_000002631bbe0358;  1 drivers
v000002631b8966b0_0 .net *"_ivl_42", 0 0, L_000002631b7e1430;  1 drivers
o000002631b83db68 .functor BUFZ 1, C4<z>; HiZ drive
; Elide local net with no drivers, v000002631b897150_0 name=_ivl_44
v000002631b897790_0 .net *"_ivl_6", 0 0, L_000002631b899ac0;  1 drivers
v000002631b897bf0_0 .net *"_ivl_9", 0 0, L_000002631b7e0cc0;  1 drivers
v000002631b897e70_0 .var "ack", 0 0;
v000002631b8969d0_0 .net "addr_num", 0 0, v000002631b897290_0;  1 drivers
v000002631b897f10_0 .net "byte_addr", 15 0, v000002631b897650_0;  1 drivers
v000002631b8978d0_0 .var "cnt_bit", 2 0;
v000002631b896610_0 .var "cnt_i2c_clk", 1 0;
v000002631b896390_0 .var "cnt_i2c_clk_en", 0 0;
v000002631b896250_0 .var "cnt_sys_clk", 7 0;
v000002631b8961b0_0 .var "i2c_clk", 0 0;
v000002631b8964d0_0 .var "i2c_end", 0 0;
v000002631b896b10_0 .var "i2c_read_data", 7 0;
v000002631b897970_0 .var "i2c_scl", 0 0;
v000002631b896070_0 .net8 "i2c_sda", 0 0, RS_000002631b83de08;  alias, 2 drivers
v000002631b896430_0 .net "i2c_sda_in", 0 0, L_000002631b7e14a0;  1 drivers
v000002631b8962f0_0 .var "i2c_sda_out", 0 0;
v000002631b896750_0 .net "i2c_start", 0 0, v000002631b897b50_0;  1 drivers
v000002631b8967f0_0 .net "i2c_write_data", 7 0, v000002631b897c90_0;  1 drivers
v000002631b897330_0 .var "rd_data_reg", 7 0;
v000002631b8970b0_0 .net "rd_en", 0 0, v000002631b897470_0;  1 drivers
v000002631b896890_0 .net "sda_en", 0 0, L_000002631b8995c0;  1 drivers
v000002631b896110_0 .var "state", 3 0;
v000002631b896bb0_0 .net "sys_clk", 0 0, v000002631b897d30_0;  1 drivers
v000002631b897dd0_0 .net "sys_rst_n", 0 0, v000002631b8975b0_0;  1 drivers
v000002631b896a70_0 .net "wr_en", 0 0, v000002631b899700_0;  1 drivers
E_000002631b828390 .event anyedge, v000002631b896110_0, v000002631b896610_0, v000002631b896430_0, v000002631b897e70_0;
E_000002631b828910/0 .event negedge, v000002631b897dd0_0;
E_000002631b828910/1 .event posedge, v000002631b8961b0_0;
E_000002631b828910 .event/or E_000002631b828910/0, E_000002631b828910/1;
E_000002631b828590/0 .event anyedge, v000002631b896110_0, v000002631b896610_0, v000002631b8978d0_0, v000002631b897f10_0;
E_000002631b828590/1 .event anyedge, v000002631b8967f0_0, v000002631b896430_0, v000002631b897330_0;
E_000002631b828590 .event/or E_000002631b828590/0, E_000002631b828590/1;
E_000002631b828090 .event anyedge, v000002631b896110_0, v000002631b896610_0, v000002631b8978d0_0;
E_000002631b828250/0 .event negedge, v000002631b897dd0_0;
E_000002631b828250/1 .event posedge, v000002631b896bb0_0;
E_000002631b828250 .event/or E_000002631b828250/0, E_000002631b828250/1;
L_000002631b898800 .cmp/eq 4, v000002631b896110_0, L_000002631bbe0118;
L_000002631b899ac0 .cmp/eq 4, v000002631b896110_0, L_000002631bbe0160;
L_000002631b899d40 .cmp/eq 4, v000002631b896110_0, L_000002631bbe01a8;
L_000002631b899980 .cmp/eq 4, v000002631b896110_0, L_000002631bbe01f0;
L_000002631b898580 .cmp/eq 4, v000002631b896110_0, L_000002631bbe0238;
L_000002631b898260 .cmp/eq 4, v000002631b896110_0, L_000002631bbe0280;
L_000002631b8995c0 .functor MUXZ 1, L_000002631bbe0310, L_000002631bbe02c8, L_000002631b7e0a20, C4<>;
L_000002631b899b60 .functor MUXZ 1, o000002631b83db68, v000002631b8962f0_0, L_000002631b7e1430, C4<>;
    .scope S_000002631b816330;
T_0 ;
    %wait E_000002631b828250;
    %load/vec4 v000002631b897dd0_0;
    %nor/r;
    %flag_set/vec4 8;
    %jmp/0xz  T_0.0, 8;
    %pushi/vec4 0, 0, 8;
    %assign/vec4 v000002631b896250_0, 0;
    %pushi/vec4 1, 0, 1;
    %assign/vec4 v000002631b8961b0_0, 0;
    %jmp T_0.1;
T_0.0 ;
    %load/vec4 v000002631b896250_0;
    %pad/u 26;
    %cmpi/e 24, 0, 26;
    %jmp/0xz  T_0.2, 4;
    %pushi/vec4 0, 0, 8;
    %assign/vec4 v000002631b896250_0, 0;
    %load/vec4 v000002631b8961b0_0;
    %inv;
    %assign/vec4 v000002631b8961b0_0, 0;
    %jmp T_0.3;
T_0.2 ;
    %load/vec4 v000002631b896250_0;
    %addi 1, 0, 8;
    %assign/vec4 v000002631b896250_0, 0;
    %load/vec4 v000002631b8961b0_0;
    %assign/vec4 v000002631b8961b0_0, 0;
T_0.3 ;
T_0.1 ;
    %jmp T_0;
    .thread T_0;
    .scope S_000002631b816330;
T_1 ;
    %wait E_000002631b828910;
    %load/vec4 v000002631b897dd0_0;
    %cmpi/e 0, 0, 1;
    %jmp/0xz  T_1.0, 4;
    %pushi/vec4 0, 0, 1;
    %assign/vec4 v000002631b896390_0, 0;
    %jmp T_1.1;
T_1.0 ;
    %load/vec4 v000002631b896110_0;
    %cmpi/e 15, 0, 4;
    %flag_get/vec4 4;
    %jmp/0 T_1.5, 4;
    %load/vec4 v000002631b8978d0_0;
    %pushi/vec4 3, 0, 3;
    %cmp/e;
    %flag_get/vec4 4;
    %and;
T_1.5;
    %flag_set/vec4 9;
    %flag_get/vec4 9;
    %jmp/0 T_1.4, 9;
    %load/vec4 v000002631b896610_0;
    %pushi/vec4 3, 0, 2;
    %cmp/e;
    %flag_get/vec4 4;
    %and;
T_1.4;
    %flag_set/vec4 8;
    %jmp/0xz  T_1.2, 8;
    %pushi/vec4 0, 0, 1;
    %assign/vec4 v000002631b896390_0, 0;
    %jmp T_1.3;
T_1.2 ;
    %load/vec4 v000002631b896750_0;
    %cmpi/e 1, 0, 1;
    %jmp/0xz  T_1.6, 4;
    %pushi/vec4 1, 0, 1;
    %assign/vec4 v000002631b896390_0, 0;
    %jmp T_1.7;
T_1.6 ;
    %load/vec4 v000002631b896390_0;
    %assign/vec4 v000002631b896390_0, 0;
T_1.7 ;
T_1.3 ;
T_1.1 ;
    %jmp T_1;
    .thread T_1;
    .scope S_000002631b816330;
T_2 ;
    %wait E_000002631b828910;
    %load/vec4 v000002631b897dd0_0;
    %cmpi/e 0, 0, 1;
    %jmp/0xz  T_2.0, 4;
    %pushi/vec4 0, 0, 2;
    %assign/vec4 v000002631b896610_0, 0;
    %jmp T_2.1;
T_2.0 ;
    %load/vec4 v000002631b896390_0;
    %cmpi/e 1, 0, 1;
    %jmp/0xz  T_2.2, 4;
    %load/vec4 v000002631b896610_0;
    %addi 1, 0, 2;
    %assign/vec4 v000002631b896610_0, 0;
    %jmp T_2.3;
T_2.2 ;
    %pushi/vec4 0, 0, 2;
    %assign/vec4 v000002631b896610_0, 0;
T_2.3 ;
T_2.1 ;
    %jmp T_2;
    .thread T_2;
    .scope S_000002631b816330;
T_3 ;
    %wait E_000002631b828910;
    %load/vec4 v000002631b897dd0_0;
    %cmpi/e 0, 0, 1;
    %jmp/0xz  T_3.0, 4;
    %pushi/vec4 0, 0, 3;
    %assign/vec4 v000002631b8978d0_0, 0;
    %jmp T_3.1;
T_3.0 ;
    %load/vec4 v000002631b896110_0;
    %cmpi/e 0, 0, 4;
    %jmp/1 T_3.11, 4;
    %flag_mov 8, 4;
    %load/vec4 v000002631b896110_0;
    %cmpi/e 1, 0, 4;
    %flag_or 4, 8;
T_3.11;
    %jmp/1 T_3.10, 4;
    %flag_mov 8, 4;
    %load/vec4 v000002631b896110_0;
    %cmpi/e 10, 0, 4;
    %flag_or 4, 8;
T_3.10;
    %jmp/1 T_3.9, 4;
    %flag_mov 8, 4;
    %load/vec4 v000002631b896110_0;
    %cmpi/e 3, 0, 4;
    %flag_or 4, 8;
T_3.9;
    %jmp/1 T_3.8, 4;
    %flag_mov 8, 4;
    %load/vec4 v000002631b896110_0;
    %cmpi/e 5, 0, 4;
    %flag_or 4, 8;
T_3.8;
    %jmp/1 T_3.7, 4;
    %flag_mov 8, 4;
    %load/vec4 v000002631b896110_0;
    %cmpi/e 7, 0, 4;
    %flag_or 4, 8;
T_3.7;
    %jmp/1 T_3.6, 4;
    %flag_mov 8, 4;
    %load/vec4 v000002631b896110_0;
    %cmpi/e 9, 0, 4;
    %flag_or 4, 8;
T_3.6;
    %jmp/1 T_3.5, 4;
    %flag_mov 8, 4;
    %load/vec4 v000002631b896110_0;
    %cmpi/e 12, 0, 4;
    %flag_or 4, 8;
T_3.5;
    %jmp/1 T_3.4, 4;
    %flag_mov 8, 4;
    %load/vec4 v000002631b896110_0;
    %cmpi/e 14, 0, 4;
    %flag_or 4, 8;
T_3.4;
    %jmp/0xz  T_3.2, 4;
    %pushi/vec4 0, 0, 3;
    %assign/vec4 v000002631b8978d0_0, 0;
    %jmp T_3.3;
T_3.2 ;
    %load/vec4 v000002631b8978d0_0;
    %cmpi/e 7, 0, 3;
    %flag_get/vec4 4;
    %jmp/0 T_3.14, 4;
    %load/vec4 v000002631b896610_0;
    %pushi/vec4 3, 0, 2;
    %cmp/e;
    %flag_get/vec4 4;
    %and;
T_3.14;
    %flag_set/vec4 8;
    %jmp/0xz  T_3.12, 8;
    %pushi/vec4 0, 0, 3;
    %assign/vec4 v000002631b8978d0_0, 0;
    %jmp T_3.13;
T_3.12 ;
    %load/vec4 v000002631b896610_0;
    %cmpi/e 3, 0, 2;
    %flag_get/vec4 4;
    %jmp/0 T_3.17, 4;
    %load/vec4 v000002631b896110_0;
    %pushi/vec4 0, 0, 4;
    %cmp/ne;
    %flag_get/vec4 4;
    %and;
T_3.17;
    %flag_set/vec4 8;
    %jmp/0xz  T_3.15, 8;
    %load/vec4 v000002631b8978d0_0;
    %addi 1, 0, 3;
    %assign/vec4 v000002631b8978d0_0, 0;
T_3.15 ;
T_3.13 ;
T_3.3 ;
T_3.1 ;
    %jmp T_3;
    .thread T_3;
    .scope S_000002631b816330;
T_4 ;
    %wait E_000002631b828910;
    %load/vec4 v000002631b897dd0_0;
    %nor/r;
    %flag_set/vec4 8;
    %jmp/0xz  T_4.0, 8;
    %pushi/vec4 0, 0, 4;
    %assign/vec4 v000002631b896110_0, 0;
    %jmp T_4.1;
T_4.0 ;
    %load/vec4 v000002631b896110_0;
    %dup/vec4;
    %pushi/vec4 0, 0, 4;
    %cmp/u;
    %jmp/1 T_4.2, 6;
    %dup/vec4;
    %pushi/vec4 1, 0, 4;
    %cmp/u;
    %jmp/1 T_4.3, 6;
    %dup/vec4;
    %pushi/vec4 2, 0, 4;
    %cmp/u;
    %jmp/1 T_4.4, 6;
    %dup/vec4;
    %pushi/vec4 3, 0, 4;
    %cmp/u;
    %jmp/1 T_4.5, 6;
    %dup/vec4;
    %pushi/vec4 4, 0, 4;
    %cmp/u;
    %jmp/1 T_4.6, 6;
    %dup/vec4;
    %pushi/vec4 5, 0, 4;
    %cmp/u;
    %jmp/1 T_4.7, 6;
    %dup/vec4;
    %pushi/vec4 6, 0, 4;
    %cmp/u;
    %jmp/1 T_4.8, 6;
    %dup/vec4;
    %pushi/vec4 7, 0, 4;
    %cmp/u;
    %jmp/1 T_4.9, 6;
    %dup/vec4;
    %pushi/vec4 8, 0, 4;
    %cmp/u;
    %jmp/1 T_4.10, 6;
    %dup/vec4;
    %pushi/vec4 9, 0, 4;
    %cmp/u;
    %jmp/1 T_4.11, 6;
    %dup/vec4;
    %pushi/vec4 10, 0, 4;
    %cmp/u;
    %jmp/1 T_4.12, 6;
    %dup/vec4;
    %pushi/vec4 11, 0, 4;
    %cmp/u;
    %jmp/1 T_4.13, 6;
    %dup/vec4;
    %pushi/vec4 12, 0, 4;
    %cmp/u;
    %jmp/1 T_4.14, 6;
    %dup/vec4;
    %pushi/vec4 13, 0, 4;
    %cmp/u;
    %jmp/1 T_4.15, 6;
    %dup/vec4;
    %pushi/vec4 14, 0, 4;
    %cmp/u;
    %jmp/1 T_4.16, 6;
    %dup/vec4;
    %pushi/vec4 15, 0, 4;
    %cmp/u;
    %jmp/1 T_4.17, 6;
    %jmp T_4.18;
T_4.2 ;
    %load/vec4 v000002631b896750_0;
    %cmpi/e 1, 0, 1;
    %jmp/0xz  T_4.19, 4;
    %pushi/vec4 1, 0, 4;
    %assign/vec4 v000002631b896110_0, 0;
    %jmp T_4.20;
T_4.19 ;
    %load/vec4 v000002631b896110_0;
    %assign/vec4 v000002631b896110_0, 0;
T_4.20 ;
    %jmp T_4.18;
T_4.3 ;
    %load/vec4 v000002631b896610_0;
    %cmpi/e 3, 0, 2;
    %jmp/0xz  T_4.21, 4;
    %pushi/vec4 2, 0, 4;
    %assign/vec4 v000002631b896110_0, 0;
    %jmp T_4.22;
T_4.21 ;
    %load/vec4 v000002631b896110_0;
    %assign/vec4 v000002631b896110_0, 0;
T_4.22 ;
    %jmp T_4.18;
T_4.4 ;
    %load/vec4 v000002631b8978d0_0;
    %cmpi/e 7, 0, 3;
    %flag_get/vec4 4;
    %jmp/0 T_4.25, 4;
    %load/vec4 v000002631b896610_0;
    %pushi/vec4 3, 0, 2;
    %cmp/e;
    %flag_get/vec4 4;
    %and;
T_4.25;
    %flag_set/vec4 8;
    %jmp/0xz  T_4.23, 8;
    %pushi/vec4 3, 0, 4;
    %assign/vec4 v000002631b896110_0, 0;
    %jmp T_4.24;
T_4.23 ;
    %load/vec4 v000002631b896110_0;
    %assign/vec4 v000002631b896110_0, 0;
T_4.24 ;
    %jmp T_4.18;
T_4.5 ;
    %load/vec4 v000002631b896610_0;
    %cmpi/e 3, 0, 2;
    %flag_get/vec4 4;
    %jmp/0 T_4.28, 4;
    %load/vec4 v000002631b897e70_0;
    %pushi/vec4 0, 0, 1;
    %cmp/e;
    %flag_get/vec4 4;
    %and;
T_4.28;
    %flag_set/vec4 8;
    %jmp/0xz  T_4.26, 8;
    %load/vec4 v000002631b8969d0_0;
    %cmpi/e 1, 0, 1;
    %jmp/0xz  T_4.29, 4;
    %pushi/vec4 4, 0, 4;
    %assign/vec4 v000002631b896110_0, 0;
    %jmp T_4.30;
T_4.29 ;
    %pushi/vec4 6, 0, 4;
    %assign/vec4 v000002631b896110_0, 0;
T_4.30 ;
    %jmp T_4.27;
T_4.26 ;
    %load/vec4 v000002631b896110_0;
    %assign/vec4 v000002631b896110_0, 0;
T_4.27 ;
    %jmp T_4.18;
T_4.6 ;
    %load/vec4 v000002631b8978d0_0;
    %cmpi/e 7, 0, 3;
    %flag_get/vec4 4;
    %jmp/0 T_4.33, 4;
    %load/vec4 v000002631b896610_0;
    %pushi/vec4 3, 0, 2;
    %cmp/e;
    %flag_get/vec4 4;
    %and;
T_4.33;
    %flag_set/vec4 8;
    %jmp/0xz  T_4.31, 8;
    %pushi/vec4 5, 0, 4;
    %assign/vec4 v000002631b896110_0, 0;
    %jmp T_4.32;
T_4.31 ;
    %load/vec4 v000002631b896110_0;
    %assign/vec4 v000002631b896110_0, 0;
T_4.32 ;
    %jmp T_4.18;
T_4.7 ;
    %load/vec4 v000002631b896610_0;
    %pad/u 32;
    %cmpi/e 3, 0, 32;
    %flag_get/vec4 4;
    %jmp/0 T_4.36, 4;
    %load/vec4 v000002631b897e70_0;
    %pushi/vec4 0, 0, 1;
    %cmp/e;
    %flag_get/vec4 4;
    %and;
T_4.36;
    %flag_set/vec4 8;
    %jmp/0xz  T_4.34, 8;
    %pushi/vec4 6, 0, 4;
    %assign/vec4 v000002631b896110_0, 0;
    %jmp T_4.35;
T_4.34 ;
    %load/vec4 v000002631b896110_0;
    %assign/vec4 v000002631b896110_0, 0;
T_4.35 ;
    %jmp T_4.18;
T_4.8 ;
    %load/vec4 v000002631b8978d0_0;
    %cmpi/e 7, 0, 3;
    %flag_get/vec4 4;
    %jmp/0 T_4.39, 4;
    %load/vec4 v000002631b896610_0;
    %pushi/vec4 3, 0, 2;
    %cmp/e;
    %flag_get/vec4 4;
    %and;
T_4.39;
    %flag_set/vec4 8;
    %jmp/0xz  T_4.37, 8;
    %pushi/vec4 7, 0, 4;
    %assign/vec4 v000002631b896110_0, 0;
    %jmp T_4.38;
T_4.37 ;
    %load/vec4 v000002631b896110_0;
    %assign/vec4 v000002631b896110_0, 0;
T_4.38 ;
    %jmp T_4.18;
T_4.9 ;
    %load/vec4 v000002631b896610_0;
    %pad/u 32;
    %cmpi/e 3, 0, 32;
    %flag_get/vec4 4;
    %jmp/0 T_4.42, 4;
    %load/vec4 v000002631b897e70_0;
    %pushi/vec4 0, 0, 1;
    %cmp/e;
    %flag_get/vec4 4;
    %and;
T_4.42;
    %flag_set/vec4 8;
    %jmp/0xz  T_4.40, 8;
    %load/vec4 v000002631b896a70_0;
    %cmpi/e 1, 0, 1;
    %jmp/0xz  T_4.43, 4;
    %pushi/vec4 8, 0, 4;
    %assign/vec4 v000002631b896110_0, 0;
    %jmp T_4.44;
T_4.43 ;
    %load/vec4 v000002631b8970b0_0;
    %cmpi/e 1, 0, 1;
    %jmp/0xz  T_4.45, 4;
    %pushi/vec4 10, 0, 4;
    %assign/vec4 v000002631b896110_0, 0;
    %jmp T_4.46;
T_4.45 ;
    %pushi/vec4 15, 0, 4;
    %assign/vec4 v000002631b896110_0, 0;
T_4.46 ;
T_4.44 ;
    %jmp T_4.41;
T_4.40 ;
    %load/vec4 v000002631b896110_0;
    %assign/vec4 v000002631b896110_0, 0;
T_4.41 ;
    %jmp T_4.18;
T_4.10 ;
    %load/vec4 v000002631b8978d0_0;
    %cmpi/e 7, 0, 3;
    %flag_get/vec4 4;
    %jmp/0 T_4.49, 4;
    %load/vec4 v000002631b896610_0;
    %pushi/vec4 3, 0, 2;
    %cmp/e;
    %flag_get/vec4 4;
    %and;
T_4.49;
    %flag_set/vec4 8;
    %jmp/0xz  T_4.47, 8;
    %pushi/vec4 9, 0, 4;
    %assign/vec4 v000002631b896110_0, 0;
    %jmp T_4.48;
T_4.47 ;
    %load/vec4 v000002631b896110_0;
    %assign/vec4 v000002631b896110_0, 0;
T_4.48 ;
    %jmp T_4.18;
T_4.11 ;
    %load/vec4 v000002631b896610_0;
    %pad/u 32;
    %cmpi/e 3, 0, 32;
    %flag_get/vec4 4;
    %jmp/0 T_4.52, 4;
    %load/vec4 v000002631b897e70_0;
    %pushi/vec4 0, 0, 1;
    %cmp/e;
    %flag_get/vec4 4;
    %and;
T_4.52;
    %flag_set/vec4 8;
    %jmp/0xz  T_4.50, 8;
    %pushi/vec4 15, 0, 4;
    %assign/vec4 v000002631b896110_0, 0;
    %jmp T_4.51;
T_4.50 ;
    %load/vec4 v000002631b896110_0;
    %assign/vec4 v000002631b896110_0, 0;
T_4.51 ;
    %jmp T_4.18;
T_4.12 ;
    %load/vec4 v000002631b896610_0;
    %cmpi/e 3, 0, 2;
    %jmp/0xz  T_4.53, 4;
    %pushi/vec4 11, 0, 4;
    %assign/vec4 v000002631b896110_0, 0;
    %jmp T_4.54;
T_4.53 ;
    %load/vec4 v000002631b896110_0;
    %assign/vec4 v000002631b896110_0, 0;
T_4.54 ;
    %jmp T_4.18;
T_4.13 ;
    %load/vec4 v000002631b8978d0_0;
    %cmpi/e 7, 0, 3;
    %flag_get/vec4 4;
    %jmp/0 T_4.57, 4;
    %load/vec4 v000002631b896610_0;
    %pushi/vec4 3, 0, 2;
    %cmp/e;
    %flag_get/vec4 4;
    %and;
T_4.57;
    %flag_set/vec4 8;
    %jmp/0xz  T_4.55, 8;
    %pushi/vec4 12, 0, 4;
    %assign/vec4 v000002631b896110_0, 0;
    %jmp T_4.56;
T_4.55 ;
    %load/vec4 v000002631b896110_0;
    %assign/vec4 v000002631b896110_0, 0;
T_4.56 ;
    %jmp T_4.18;
T_4.14 ;
    %load/vec4 v000002631b896610_0;
    %cmpi/e 3, 0, 2;
    %flag_get/vec4 4;
    %jmp/0 T_4.60, 4;
    %load/vec4 v000002631b897e70_0;
    %pushi/vec4 0, 0, 1;
    %cmp/e;
    %flag_get/vec4 4;
    %and;
T_4.60;
    %flag_set/vec4 8;
    %jmp/0xz  T_4.58, 8;
    %pushi/vec4 13, 0, 4;
    %assign/vec4 v000002631b896110_0, 0;
    %jmp T_4.59;
T_4.58 ;
    %load/vec4 v000002631b896110_0;
    %assign/vec4 v000002631b896110_0, 0;
T_4.59 ;
    %jmp T_4.18;
T_4.15 ;
    %load/vec4 v000002631b896610_0;
    %cmpi/e 3, 0, 2;
    %flag_get/vec4 4;
    %jmp/0 T_4.63, 4;
    %load/vec4 v000002631b8978d0_0;
    %pushi/vec4 7, 0, 3;
    %cmp/e;
    %flag_get/vec4 4;
    %and;
T_4.63;
    %flag_set/vec4 8;
    %jmp/0xz  T_4.61, 8;
    %pushi/vec4 14, 0, 4;
    %assign/vec4 v000002631b896110_0, 0;
    %jmp T_4.62;
T_4.61 ;
    %load/vec4 v000002631b896110_0;
    %assign/vec4 v000002631b896110_0, 0;
T_4.62 ;
    %jmp T_4.18;
T_4.16 ;
    %load/vec4 v000002631b896610_0;
    %cmpi/e 3, 0, 2;
    %jmp/0xz  T_4.64, 4;
    %pushi/vec4 15, 0, 4;
    %assign/vec4 v000002631b896110_0, 0;
    %jmp T_4.65;
T_4.64 ;
    %load/vec4 v000002631b896110_0;
    %assign/vec4 v000002631b896110_0, 0;
T_4.65 ;
    %jmp T_4.18;
T_4.17 ;
    %load/vec4 v000002631b8978d0_0;
    %cmpi/e 3, 0, 3;
    %flag_get/vec4 4;
    %jmp/0 T_4.68, 4;
    %load/vec4 v000002631b896610_0;
    %pushi/vec4 3, 0, 2;
    %cmp/e;
    %flag_get/vec4 4;
    %and;
T_4.68;
    %flag_set/vec4 8;
    %jmp/0xz  T_4.66, 8;
    %pushi/vec4 0, 0, 4;
    %assign/vec4 v000002631b896110_0, 0;
    %jmp T_4.67;
T_4.66 ;
    %load/vec4 v000002631b896110_0;
    %assign/vec4 v000002631b896110_0, 0;
T_4.67 ;
    %jmp T_4.18;
T_4.18 ;
    %pop/vec4 1;
T_4.1 ;
    %jmp T_4;
    .thread T_4;
    .scope S_000002631b816330;
T_5 ;
    %wait E_000002631b828090;
    %load/vec4 v000002631b896110_0;
    %dup/vec4;
    %pushi/vec4 0, 0, 4;
    %cmp/u;
    %jmp/1 T_5.0, 6;
    %dup/vec4;
    %pushi/vec4 1, 0, 4;
    %cmp/u;
    %jmp/1 T_5.1, 6;
    %dup/vec4;
    %pushi/vec4 2, 0, 4;
    %cmp/u;
    %jmp/1 T_5.2, 6;
    %dup/vec4;
    %pushi/vec4 3, 0, 4;
    %cmp/u;
    %jmp/1 T_5.3, 6;
    %dup/vec4;
    %pushi/vec4 4, 0, 4;
    %cmp/u;
    %jmp/1 T_5.4, 6;
    %dup/vec4;
    %pushi/vec4 5, 0, 4;
    %cmp/u;
    %jmp/1 T_5.5, 6;
    %dup/vec4;
    %pushi/vec4 6, 0, 4;
    %cmp/u;
    %jmp/1 T_5.6, 6;
    %dup/vec4;
    %pushi/vec4 7, 0, 4;
    %cmp/u;
    %jmp/1 T_5.7, 6;
    %dup/vec4;
    %pushi/vec4 8, 0, 4;
    %cmp/u;
    %jmp/1 T_5.8, 6;
    %dup/vec4;
    %pushi/vec4 9, 0, 4;
    %cmp/u;
    %jmp/1 T_5.9, 6;
    %dup/vec4;
    %pushi/vec4 10, 0, 4;
    %cmp/u;
    %jmp/1 T_5.10, 6;
    %dup/vec4;
    %pushi/vec4 11, 0, 4;
    %cmp/u;
    %jmp/1 T_5.11, 6;
    %dup/vec4;
    %pushi/vec4 12, 0, 4;
    %cmp/u;
    %jmp/1 T_5.12, 6;
    %dup/vec4;
    %pushi/vec4 13, 0, 4;
    %cmp/u;
    %jmp/1 T_5.13, 6;
    %dup/vec4;
    %pushi/vec4 14, 0, 4;
    %cmp/u;
    %jmp/1 T_5.14, 6;
    %dup/vec4;
    %pushi/vec4 15, 0, 4;
    %cmp/u;
    %jmp/1 T_5.15, 6;
    %pushi/vec4 1, 0, 1;
    %assign/vec4 v000002631b897970_0, 0;
    %jmp T_5.17;
T_5.0 ;
    %pushi/vec4 1, 0, 1;
    %assign/vec4 v000002631b897970_0, 0;
    %jmp T_5.17;
T_5.1 ;
    %load/vec4 v000002631b896610_0;
    %cmpi/e 3, 0, 2;
    %jmp/0xz  T_5.18, 4;
    %pushi/vec4 0, 0, 1;
    %assign/vec4 v000002631b897970_0, 0;
    %jmp T_5.19;
T_5.18 ;
    %pushi/vec4 1, 0, 1;
    %assign/vec4 v000002631b897970_0, 0;
T_5.19 ;
    %jmp T_5.17;
T_5.2 ;
    %load/vec4 v000002631b896610_0;
    %cmpi/e 1, 0, 2;
    %jmp/1 T_5.22, 4;
    %flag_mov 8, 4;
    %load/vec4 v000002631b896610_0;
    %cmpi/e 2, 0, 2;
    %flag_or 4, 8;
T_5.22;
    %jmp/0xz  T_5.20, 4;
    %pushi/vec4 1, 0, 1;
    %assign/vec4 v000002631b897970_0, 0;
    %jmp T_5.21;
T_5.20 ;
    %pushi/vec4 0, 0, 1;
    %assign/vec4 v000002631b897970_0, 0;
T_5.21 ;
    %jmp T_5.17;
T_5.3 ;
    %load/vec4 v000002631b896610_0;
    %cmpi/e 1, 0, 2;
    %jmp/1 T_5.25, 4;
    %flag_mov 8, 4;
    %load/vec4 v000002631b896610_0;
    %cmpi/e 2, 0, 2;
    %flag_or 4, 8;
T_5.25;
    %jmp/0xz  T_5.23, 4;
    %pushi/vec4 1, 0, 1;
    %assign/vec4 v000002631b897970_0, 0;
    %jmp T_5.24;
T_5.23 ;
    %pushi/vec4 0, 0, 1;
    %assign/vec4 v000002631b897970_0, 0;
T_5.24 ;
    %jmp T_5.17;
T_5.4 ;
    %load/vec4 v000002631b896610_0;
    %cmpi/e 1, 0, 2;
    %jmp/1 T_5.28, 4;
    %flag_mov 8, 4;
    %load/vec4 v000002631b896610_0;
    %cmpi/e 2, 0, 2;
    %flag_or 4, 8;
T_5.28;
    %jmp/0xz  T_5.26, 4;
    %pushi/vec4 1, 0, 1;
    %assign/vec4 v000002631b897970_0, 0;
    %jmp T_5.27;
T_5.26 ;
    %pushi/vec4 0, 0, 1;
    %assign/vec4 v000002631b897970_0, 0;
T_5.27 ;
    %jmp T_5.17;
T_5.5 ;
    %load/vec4 v000002631b896610_0;
    %cmpi/e 1, 0, 2;
    %jmp/1 T_5.31, 4;
    %flag_mov 8, 4;
    %load/vec4 v000002631b896610_0;
    %cmpi/e 2, 0, 2;
    %flag_or 4, 8;
T_5.31;
    %jmp/0xz  T_5.29, 4;
    %pushi/vec4 1, 0, 1;
    %assign/vec4 v000002631b897970_0, 0;
    %jmp T_5.30;
T_5.29 ;
    %pushi/vec4 0, 0, 1;
    %assign/vec4 v000002631b897970_0, 0;
T_5.30 ;
    %jmp T_5.17;
T_5.6 ;
    %load/vec4 v000002631b896610_0;
    %cmpi/e 1, 0, 2;
    %jmp/1 T_5.34, 4;
    %flag_mov 8, 4;
    %load/vec4 v000002631b896610_0;
    %cmpi/e 2, 0, 2;
    %flag_or 4, 8;
T_5.34;
    %jmp/0xz  T_5.32, 4;
    %pushi/vec4 1, 0, 1;
    %assign/vec4 v000002631b897970_0, 0;
    %jmp T_5.33;
T_5.32 ;
    %pushi/vec4 0, 0, 1;
    %assign/vec4 v000002631b897970_0, 0;
T_5.33 ;
    %jmp T_5.17;
T_5.7 ;
    %load/vec4 v000002631b896610_0;
    %cmpi/e 1, 0, 2;
    %jmp/1 T_5.37, 4;
    %flag_mov 8, 4;
    %load/vec4 v000002631b896610_0;
    %cmpi/e 2, 0, 2;
    %flag_or 4, 8;
T_5.37;
    %jmp/0xz  T_5.35, 4;
    %pushi/vec4 1, 0, 1;
    %assign/vec4 v000002631b897970_0, 0;
    %jmp T_5.36;
T_5.35 ;
    %pushi/vec4 0, 0, 1;
    %assign/vec4 v000002631b897970_0, 0;
T_5.36 ;
    %jmp T_5.17;
T_5.8 ;
    %load/vec4 v000002631b896610_0;
    %cmpi/e 1, 0, 2;
    %jmp/1 T_5.40, 4;
    %flag_mov 8, 4;
    %load/vec4 v000002631b896610_0;
    %cmpi/e 2, 0, 2;
    %flag_or 4, 8;
T_5.40;
    %jmp/0xz  T_5.38, 4;
    %pushi/vec4 1, 0, 1;
    %assign/vec4 v000002631b897970_0, 0;
    %jmp T_5.39;
T_5.38 ;
    %pushi/vec4 0, 0, 1;
    %assign/vec4 v000002631b897970_0, 0;
T_5.39 ;
    %jmp T_5.17;
T_5.9 ;
    %load/vec4 v000002631b896610_0;
    %cmpi/e 1, 0, 2;
    %jmp/1 T_5.43, 4;
    %flag_mov 8, 4;
    %load/vec4 v000002631b896610_0;
    %cmpi/e 2, 0, 2;
    %flag_or 4, 8;
T_5.43;
    %jmp/0xz  T_5.41, 4;
    %pushi/vec4 1, 0, 1;
    %assign/vec4 v000002631b897970_0, 0;
    %jmp T_5.42;
T_5.41 ;
    %pushi/vec4 0, 0, 1;
    %assign/vec4 v000002631b897970_0, 0;
T_5.42 ;
    %jmp T_5.17;
T_5.10 ;
    %load/vec4 v000002631b896610_0;
    %cmpi/e 1, 0, 2;
    %jmp/1 T_5.46, 4;
    %flag_mov 8, 4;
    %load/vec4 v000002631b896610_0;
    %cmpi/e 2, 0, 2;
    %flag_or 4, 8;
T_5.46;
    %jmp/0xz  T_5.44, 4;
    %pushi/vec4 1, 0, 1;
    %assign/vec4 v000002631b897970_0, 0;
    %jmp T_5.45;
T_5.44 ;
    %pushi/vec4 0, 0, 1;
    %assign/vec4 v000002631b897970_0, 0;
T_5.45 ;
    %jmp T_5.17;
T_5.11 ;
    %load/vec4 v000002631b896610_0;
    %cmpi/e 1, 0, 2;
    %jmp/1 T_5.49, 4;
    %flag_mov 8, 4;
    %load/vec4 v000002631b896610_0;
    %cmpi/e 2, 0, 2;
    %flag_or 4, 8;
T_5.49;
    %jmp/0xz  T_5.47, 4;
    %pushi/vec4 1, 0, 1;
    %assign/vec4 v000002631b897970_0, 0;
    %jmp T_5.48;
T_5.47 ;
    %pushi/vec4 0, 0, 1;
    %assign/vec4 v000002631b897970_0, 0;
T_5.48 ;
    %jmp T_5.17;
T_5.12 ;
    %load/vec4 v000002631b896610_0;
    %cmpi/e 1, 0, 2;
    %jmp/1 T_5.52, 4;
    %flag_mov 8, 4;
    %load/vec4 v000002631b896610_0;
    %cmpi/e 2, 0, 2;
    %flag_or 4, 8;
T_5.52;
    %jmp/0xz  T_5.50, 4;
    %pushi/vec4 1, 0, 1;
    %assign/vec4 v000002631b897970_0, 0;
    %jmp T_5.51;
T_5.50 ;
    %pushi/vec4 0, 0, 1;
    %assign/vec4 v000002631b897970_0, 0;
T_5.51 ;
    %jmp T_5.17;
T_5.13 ;
    %load/vec4 v000002631b896610_0;
    %cmpi/e 1, 0, 2;
    %jmp/1 T_5.55, 4;
    %flag_mov 8, 4;
    %load/vec4 v000002631b896610_0;
    %cmpi/e 2, 0, 2;
    %flag_or 4, 8;
T_5.55;
    %jmp/0xz  T_5.53, 4;
    %pushi/vec4 1, 0, 1;
    %assign/vec4 v000002631b897970_0, 0;
    %jmp T_5.54;
T_5.53 ;
    %pushi/vec4 0, 0, 1;
    %assign/vec4 v000002631b897970_0, 0;
T_5.54 ;
    %jmp T_5.17;
T_5.14 ;
    %load/vec4 v000002631b896610_0;
    %cmpi/e 1, 0, 2;
    %jmp/1 T_5.58, 4;
    %flag_mov 8, 4;
    %load/vec4 v000002631b896610_0;
    %cmpi/e 2, 0, 2;
    %flag_or 4, 8;
T_5.58;
    %jmp/0xz  T_5.56, 4;
    %pushi/vec4 1, 0, 1;
    %assign/vec4 v000002631b897970_0, 0;
    %jmp T_5.57;
T_5.56 ;
    %pushi/vec4 0, 0, 1;
    %assign/vec4 v000002631b897970_0, 0;
T_5.57 ;
    %jmp T_5.17;
T_5.15 ;
    %load/vec4 v000002631b8978d0_0;
    %cmpi/e 0, 0, 3;
    %flag_get/vec4 4;
    %jmp/0 T_5.61, 4;
    %load/vec4 v000002631b896610_0;
    %pushi/vec4 0, 0, 2;
    %cmp/e;
    %flag_get/vec4 4;
    %and;
T_5.61;
    %flag_set/vec4 8;
    %jmp/0xz  T_5.59, 8;
    %pushi/vec4 0, 0, 1;
    %assign/vec4 v000002631b897970_0, 0;
    %jmp T_5.60;
T_5.59 ;
    %pushi/vec4 1, 0, 1;
    %assign/vec4 v000002631b897970_0, 0;
T_5.60 ;
    %jmp T_5.17;
T_5.17 ;
    %pop/vec4 1;
    %jmp T_5;
    .thread T_5, $push;
    .scope S_000002631b816330;
T_6 ;
    %wait E_000002631b828590;
    %load/vec4 v000002631b896110_0;
    %dup/vec4;
    %pushi/vec4 0, 0, 4;
    %cmp/u;
    %jmp/1 T_6.0, 6;
    %dup/vec4;
    %pushi/vec4 1, 0, 4;
    %cmp/u;
    %jmp/1 T_6.1, 6;
    %dup/vec4;
    %pushi/vec4 2, 0, 4;
    %cmp/u;
    %jmp/1 T_6.2, 6;
    %dup/vec4;
    %pushi/vec4 3, 0, 4;
    %cmp/u;
    %jmp/1 T_6.3, 6;
    %dup/vec4;
    %pushi/vec4 4, 0, 4;
    %cmp/u;
    %jmp/1 T_6.4, 6;
    %dup/vec4;
    %pushi/vec4 5, 0, 4;
    %cmp/u;
    %jmp/1 T_6.5, 6;
    %dup/vec4;
    %pushi/vec4 6, 0, 4;
    %cmp/u;
    %jmp/1 T_6.6, 6;
    %dup/vec4;
    %pushi/vec4 7, 0, 4;
    %cmp/u;
    %jmp/1 T_6.7, 6;
    %dup/vec4;
    %pushi/vec4 8, 0, 4;
    %cmp/u;
    %jmp/1 T_6.8, 6;
    %dup/vec4;
    %pushi/vec4 9, 0, 4;
    %cmp/u;
    %jmp/1 T_6.9, 6;
    %dup/vec4;
    %pushi/vec4 10, 0, 4;
    %cmp/u;
    %jmp/1 T_6.10, 6;
    %dup/vec4;
    %pushi/vec4 11, 0, 4;
    %cmp/u;
    %jmp/1 T_6.11, 6;
    %dup/vec4;
    %pushi/vec4 12, 0, 4;
    %cmp/u;
    %jmp/1 T_6.12, 6;
    %dup/vec4;
    %pushi/vec4 13, 0, 4;
    %cmp/u;
    %jmp/1 T_6.13, 6;
    %dup/vec4;
    %pushi/vec4 14, 0, 4;
    %cmp/u;
    %jmp/1 T_6.14, 6;
    %dup/vec4;
    %pushi/vec4 15, 0, 4;
    %cmp/u;
    %jmp/1 T_6.15, 6;
    %load/vec4 v000002631b897330_0;
    %assign/vec4 v000002631b897330_0, 0;
    %pushi/vec4 1, 0, 1;
    %assign/vec4 v000002631b8962f0_0, 0;
    %jmp T_6.17;
T_6.0 ;
    %pushi/vec4 1, 0, 1;
    %assign/vec4 v000002631b8962f0_0, 0;
    %jmp T_6.17;
T_6.1 ;
    %load/vec4 v000002631b896610_0;
    %cmpi/e 0, 0, 2;
    %jmp/0xz  T_6.18, 4;
    %pushi/vec4 1, 0, 1;
    %assign/vec4 v000002631b8962f0_0, 0;
    %jmp T_6.19;
T_6.18 ;
    %pushi/vec4 0, 0, 1;
    %assign/vec4 v000002631b8962f0_0, 0;
T_6.19 ;
    %jmp T_6.17;
T_6.2 ;
    %load/vec4 v000002631b8978d0_0;
    %cmpi/u 6, 0, 3;
    %flag_or 5, 4;
    %jmp/0xz  T_6.20, 5;
    %pushi/vec4 80, 0, 7;
    %pushi/vec4 6, 0, 32;
    %load/vec4 v000002631b8978d0_0;
    %pad/u 32;
    %sub;
    %part/u 1;
    %assign/vec4 v000002631b8962f0_0, 0;
    %jmp T_6.21;
T_6.20 ;
    %pushi/vec4 0, 0, 1;
    %assign/vec4 v000002631b8962f0_0, 0;
T_6.21 ;
    %jmp T_6.17;
T_6.3 ;
    %pushi/vec4 1, 0, 1;
    %assign/vec4 v000002631b8962f0_0, 0;
    %jmp T_6.17;
T_6.4 ;
    %load/vec4 v000002631b897f10_0;
    %pushi/vec4 15, 0, 32;
    %load/vec4 v000002631b8978d0_0;
    %pad/u 32;
    %sub;
    %part/u 1;
    %assign/vec4 v000002631b8962f0_0, 0;
    %jmp T_6.17;
T_6.5 ;
    %pushi/vec4 1, 0, 1;
    %assign/vec4 v000002631b8962f0_0, 0;
    %jmp T_6.17;
T_6.6 ;
    %load/vec4 v000002631b897f10_0;
    %pushi/vec4 7, 0, 32;
    %load/vec4 v000002631b8978d0_0;
    %pad/u 32;
    %sub;
    %part/u 1;
    %assign/vec4 v000002631b8962f0_0, 0;
    %jmp T_6.17;
T_6.7 ;
    %pushi/vec4 1, 0, 1;
    %assign/vec4 v000002631b8962f0_0, 0;
    %jmp T_6.17;
T_6.8 ;
    %load/vec4 v000002631b8967f0_0;
    %pushi/vec4 7, 0, 32;
    %load/vec4 v000002631b8978d0_0;
    %pad/u 32;
    %sub;
    %part/u 1;
    %assign/vec4 v000002631b8962f0_0, 0;
    %jmp T_6.17;
T_6.9 ;
    %pushi/vec4 1, 0, 1;
    %assign/vec4 v000002631b8962f0_0, 0;
    %jmp T_6.17;
T_6.10 ;
    %load/vec4 v000002631b896610_0;
    %cmpi/e 1, 0, 2;
    %jmp/0xz  T_6.22, 4;
    %pushi/vec4 1, 0, 1;
    %assign/vec4 v000002631b8962f0_0, 0;
    %jmp T_6.23;
T_6.22 ;
    %pushi/vec4 1, 0, 1;
    %assign/vec4 v000002631b8962f0_0, 0;
T_6.23 ;
    %jmp T_6.17;
T_6.11 ;
    %load/vec4 v000002631b8978d0_0;
    %cmpi/u 6, 0, 3;
    %flag_or 5, 4;
    %jmp/0xz  T_6.24, 5;
    %pushi/vec4 80, 0, 7;
    %pushi/vec4 6, 0, 32;
    %load/vec4 v000002631b8978d0_0;
    %pad/u 32;
    %sub;
    %part/u 1;
    %assign/vec4 v000002631b8962f0_0, 0;
    %jmp T_6.25;
T_6.24 ;
    %pushi/vec4 1, 0, 1;
    %assign/vec4 v000002631b8962f0_0, 0;
T_6.25 ;
    %jmp T_6.17;
T_6.12 ;
    %pushi/vec4 1, 0, 1;
    %assign/vec4 v000002631b8962f0_0, 0;
    %jmp T_6.17;
T_6.13 ;
    %load/vec4 v000002631b896610_0;
    %cmpi/e 2, 0, 2;
    %jmp/0xz  T_6.26, 4;
    %load/vec4 v000002631b896430_0;
    %ix/load 5, 0, 0;
    %pushi/vec4 7, 0, 32;
    %load/vec4 v000002631b8978d0_0;
    %pad/u 32;
    %sub;
    %ix/vec4 4;
    %assign/vec4/off/d v000002631b897330_0, 4, 5;
    %jmp T_6.27;
T_6.26 ;
    %load/vec4 v000002631b897330_0;
    %assign/vec4 v000002631b897330_0, 0;
T_6.27 ;
    %jmp T_6.17;
T_6.14 ;
    %pushi/vec4 1, 0, 1;
    %assign/vec4 v000002631b8962f0_0, 0;
    %jmp T_6.17;
T_6.15 ;
    %load/vec4 v000002631b8978d0_0;
    %cmpi/e 0, 0, 3;
    %flag_get/vec4 4;
    %jmp/0 T_6.30, 4;
    %load/vec4 v000002631b896610_0;
    %cmpi/u 3, 0, 2;
    %flag_get/vec4 5;
    %and;
T_6.30;
    %flag_set/vec4 8;
    %jmp/0xz  T_6.28, 8;
    %pushi/vec4 0, 0, 1;
    %assign/vec4 v000002631b8962f0_0, 0;
    %jmp T_6.29;
T_6.28 ;
    %pushi/vec4 1, 0, 1;
    %assign/vec4 v000002631b8962f0_0, 0;
T_6.29 ;
    %jmp T_6.17;
T_6.17 ;
    %pop/vec4 1;
    %jmp T_6;
    .thread T_6, $push;
    .scope S_000002631b816330;
T_7 ;
    %wait E_000002631b828910;
    %load/vec4 v000002631b897dd0_0;
    %nor/r;
    %flag_set/vec4 8;
    %jmp/0xz  T_7.0, 8;
    %pushi/vec4 0, 0, 1;
    %assign/vec4 v000002631b8964d0_0, 0;
    %jmp T_7.1;
T_7.0 ;
    %load/vec4 v000002631b896110_0;
    %cmpi/e 15, 0, 4;
    %flag_get/vec4 4;
    %jmp/0 T_7.5, 4;
    %load/vec4 v000002631b8978d0_0;
    %pushi/vec4 3, 0, 3;
    %cmp/e;
    %flag_get/vec4 4;
    %and;
T_7.5;
    %flag_set/vec4 9;
    %flag_get/vec4 9;
    %jmp/0 T_7.4, 9;
    %load/vec4 v000002631b896610_0;
    %pushi/vec4 3, 0, 2;
    %cmp/e;
    %flag_get/vec4 4;
    %and;
T_7.4;
    %flag_set/vec4 8;
    %jmp/0xz  T_7.2, 8;
    %pushi/vec4 1, 0, 1;
    %assign/vec4 v000002631b8964d0_0, 0;
    %jmp T_7.3;
T_7.2 ;
    %pushi/vec4 0, 0, 1;
    %assign/vec4 v000002631b8964d0_0, 0;
T_7.3 ;
T_7.1 ;
    %jmp T_7;
    .thread T_7;
    .scope S_000002631b816330;
T_8 ;
    %wait E_000002631b828390;
    %load/vec4 v000002631b896110_0;
    %dup/vec4;
    %pushi/vec4 0, 0, 4;
    %cmp/u;
    %jmp/1 T_8.0, 6;
    %dup/vec4;
    %pushi/vec4 1, 0, 4;
    %cmp/u;
    %jmp/1 T_8.1, 6;
    %dup/vec4;
    %pushi/vec4 2, 0, 4;
    %cmp/u;
    %jmp/1 T_8.2, 6;
    %dup/vec4;
    %pushi/vec4 4, 0, 4;
    %cmp/u;
    %jmp/1 T_8.3, 6;
    %dup/vec4;
    %pushi/vec4 6, 0, 4;
    %cmp/u;
    %jmp/1 T_8.4, 6;
    %dup/vec4;
    %pushi/vec4 8, 0, 4;
    %cmp/u;
    %jmp/1 T_8.5, 6;
    %dup/vec4;
    %pushi/vec4 10, 0, 4;
    %cmp/u;
    %jmp/1 T_8.6, 6;
    %dup/vec4;
    %pushi/vec4 11, 0, 4;
    %cmp/u;
    %jmp/1 T_8.7, 6;
    %dup/vec4;
    %pushi/vec4 13, 0, 4;
    %cmp/u;
    %jmp/1 T_8.8, 6;
    %dup/vec4;
    %pushi/vec4 14, 0, 4;
    %cmp/u;
    %jmp/1 T_8.9, 6;
    %dup/vec4;
    %pushi/vec4 3, 0, 4;
    %cmp/u;
    %jmp/1 T_8.10, 6;
    %dup/vec4;
    %pushi/vec4 5, 0, 4;
    %cmp/u;
    %jmp/1 T_8.11, 6;
    %dup/vec4;
    %pushi/vec4 7, 0, 4;
    %cmp/u;
    %jmp/1 T_8.12, 6;
    %dup/vec4;
    %pushi/vec4 9, 0, 4;
    %cmp/u;
    %jmp/1 T_8.13, 6;
    %dup/vec4;
    %pushi/vec4 12, 0, 4;
    %cmp/u;
    %jmp/1 T_8.14, 6;
    %pushi/vec4 1, 0, 1;
    %assign/vec4 v000002631b897e70_0, 0;
    %jmp T_8.16;
T_8.0 ;
    %pushi/vec4 1, 0, 1;
    %assign/vec4 v000002631b897e70_0, 0;
    %jmp T_8.16;
T_8.1 ;
    %pushi/vec4 1, 0, 1;
    %assign/vec4 v000002631b897e70_0, 0;
    %jmp T_8.16;
T_8.2 ;
    %pushi/vec4 1, 0, 1;
    %assign/vec4 v000002631b897e70_0, 0;
    %jmp T_8.16;
T_8.3 ;
    %pushi/vec4 1, 0, 1;
    %assign/vec4 v000002631b897e70_0, 0;
    %jmp T_8.16;
T_8.4 ;
    %pushi/vec4 1, 0, 1;
    %assign/vec4 v000002631b897e70_0, 0;
    %jmp T_8.16;
T_8.5 ;
    %pushi/vec4 1, 0, 1;
    %assign/vec4 v000002631b897e70_0, 0;
    %jmp T_8.16;
T_8.6 ;
    %pushi/vec4 1, 0, 1;
    %assign/vec4 v000002631b897e70_0, 0;
    %jmp T_8.16;
T_8.7 ;
    %pushi/vec4 1, 0, 1;
    %assign/vec4 v000002631b897e70_0, 0;
    %jmp T_8.16;
T_8.8 ;
    %pushi/vec4 1, 0, 1;
    %assign/vec4 v000002631b897e70_0, 0;
    %jmp T_8.16;
T_8.9 ;
    %pushi/vec4 1, 0, 1;
    %assign/vec4 v000002631b897e70_0, 0;
    %jmp T_8.16;
T_8.10 ;
    %load/vec4 v000002631b896610_0;
    %cmpi/e 0, 0, 2;
    %jmp/0xz  T_8.17, 4;
    %load/vec4 v000002631b896430_0;
    %assign/vec4 v000002631b897e70_0, 0;
    %jmp T_8.18;
T_8.17 ;
    %load/vec4 v000002631b897e70_0;
    %assign/vec4 v000002631b897e70_0, 0;
T_8.18 ;
    %jmp T_8.16;
T_8.11 ;
    %load/vec4 v000002631b896610_0;
    %cmpi/e 0, 0, 2;
    %jmp/0xz  T_8.19, 4;
    %load/vec4 v000002631b896430_0;
    %assign/vec4 v000002631b897e70_0, 0;
    %jmp T_8.20;
T_8.19 ;
    %load/vec4 v000002631b897e70_0;
    %assign/vec4 v000002631b897e70_0, 0;
T_8.20 ;
    %jmp T_8.16;
T_8.12 ;
    %load/vec4 v000002631b896610_0;
    %cmpi/e 0, 0, 2;
    %jmp/0xz  T_8.21, 4;
    %load/vec4 v000002631b896430_0;
    %assign/vec4 v000002631b897e70_0, 0;
    %jmp T_8.22;
T_8.21 ;
    %load/vec4 v000002631b897e70_0;
    %assign/vec4 v000002631b897e70_0, 0;
T_8.22 ;
    %jmp T_8.16;
T_8.13 ;
    %load/vec4 v000002631b896610_0;
    %cmpi/e 0, 0, 2;
    %jmp/0xz  T_8.23, 4;
    %load/vec4 v000002631b896430_0;
    %assign/vec4 v000002631b897e70_0, 0;
    %jmp T_8.24;
T_8.23 ;
    %load/vec4 v000002631b897e70_0;
    %assign/vec4 v000002631b897e70_0, 0;
T_8.24 ;
    %jmp T_8.16;
T_8.14 ;
    %load/vec4 v000002631b896610_0;
    %cmpi/e 0, 0, 2;
    %jmp/0xz  T_8.25, 4;
    %load/vec4 v000002631b896430_0;
    %assign/vec4 v000002631b897e70_0, 0;
    %jmp T_8.26;
T_8.25 ;
    %load/vec4 v000002631b897e70_0;
    %assign/vec4 v000002631b897e70_0, 0;
T_8.26 ;
    %jmp T_8.16;
T_8.16 ;
    %pop/vec4 1;
    %jmp T_8;
    .thread T_8, $push;
    .scope S_000002631b83d4b0;
T_9 ;
    %pushi/vec4 0, 0, 1;
    %store/vec4 v000002631b897d30_0, 0, 1;
    %pushi/vec4 0, 0, 1;
    %store/vec4 v000002631b8975b0_0, 0, 1;
    %pushi/vec4 0, 0, 1;
    %store/vec4 v000002631b899700_0, 0, 1;
    %pushi/vec4 0, 0, 1;
    %store/vec4 v000002631b897470_0, 0, 1;
    %pushi/vec4 0, 0, 1;
    %store/vec4 v000002631b897b50_0, 0, 1;
    %pushi/vec4 0, 0, 1;
    %store/vec4 v000002631b897290_0, 0, 1;
    %pushi/vec4 26314, 0, 16;
    %store/vec4 v000002631b897650_0, 0, 16;
    %pushi/vec4 197, 0, 8;
    %store/vec4 v000002631b897c90_0, 0, 8;
    %pushi/vec4 0, 0, 1;
    %store/vec4 v000002631b899480_0, 0, 1;
    %pushi/vec4 0, 0, 1;
    %store/vec4 v000002631b896ed0_0, 0, 1;
    %end;
    .thread T_9;
    .scope S_000002631b83d4b0;
T_10 ;
    %pushi/vec4 0, 0, 1;
    %assign/vec4 v000002631b897290_0, 0;
    %pushi/vec4 0, 0, 1;
    %assign/vec4 v000002631b899700_0, 0;
    %pushi/vec4 0, 0, 1;
    %assign/vec4 v000002631b897470_0, 0;
    %end;
    .thread T_10;
    .scope S_000002631b83d4b0;
T_11 ;
    %delay 20, 0;
    %pushi/vec4 0, 0, 1;
    %store/vec4 v000002631b8975b0_0, 0, 1;
    %delay 20, 0;
    %pushi/vec4 1, 0, 1;
    %store/vec4 v000002631b8975b0_0, 0, 1;
    %delay 460, 0;
    %pushi/vec4 1, 0, 1;
    %store/vec4 v000002631b897b50_0, 0, 1;
    %delay 1000, 0;
    %pushi/vec4 0, 0, 1;
    %store/vec4 v000002631b897b50_0, 0, 1;
    %pushi/vec4 1, 0, 1;
    %store/vec4 v000002631b897470_0, 0, 1;
    %end;
    .thread T_11;
    .scope S_000002631b83d4b0;
T_12 ;
T_12.0 ;
    %delay 10, 0;
    %load/vec4 v000002631b897d30_0;
    %inv;
    %store/vec4 v000002631b897d30_0, 0, 1;
    %jmp T_12.0;
    %end;
    .thread T_12;
    .scope S_000002631b83d4b0;
T_13 ;
T_13.0 ;
    %delay 100, 0;
    %vpi_func 2 99 "$time" 64 {0 0 0};
    %cmpi/u 2000000, 0, 64;
    %flag_inv 5; GE is !LT
    %jmp/0xz  T_13.1, 5;
    %vpi_call 2 99 "$finish" {0 0 0};
T_13.1 ;
    %vpi_func 2 100 "$time" 64 {0 0 0};
    %cmpi/u 37030, 0, 64;
    %flag_inv 5; GE is !LT
    %flag_get/vec4 5;
    %jmp/0 T_13.5, 5;
    %vpi_func 2 100 "$time" 64 {0 0 0};
    %cmpi/u 41030, 0, 64;
    %flag_get/vec4 4;
    %flag_get/vec4 5;
    %or;
    %and;
T_13.5;
    %flag_set/vec4 8;
    %jmp/0xz  T_13.3, 8;
    %pushi/vec4 1, 0, 1;
    %store/vec4 v000002631b899480_0, 0, 1;
    %jmp T_13.4;
T_13.3 ;
    %pushi/vec4 0, 0, 1;
    %store/vec4 v000002631b899480_0, 0, 1;
T_13.4 ;
    %jmp T_13.0;
    %end;
    .thread T_13;
    .scope S_000002631b83d4b0;
T_14 ;
    %vpi_call 2 111 "$dumpfile", "i2c_ctrl.vcd" {0 0 0};
    %vpi_call 2 112 "$dumpvars", 32'sb00000000000000000000000000000000, S_000002631b816330 {0 0 0};
    %vpi_call 2 113 "$dumpvars", 32'sb00000000000000000000000000000000, v000002631b896f70_0, v000002631b897010_0, v000002631b899480_0 {0 0 0};
    %end;
    .thread T_14;
# The file index is used to find the file name in the following table.
:file_names 4;
    "N/A";
    "<interactive>";
    "tb_i2c_ctrl.v";
    "./i2c_ctrl.v";
