#! /c/Source/iverilog-install/bin/vvp
:ivl_version "12.0 (devel)" "(s20150603-1539-g2693dd32b)";
:ivl_delay_selection "TYPICAL";
:vpi_time_precision + 0;
:vpi_module "D:\DAILYA~1\iverilog\lib\ivl\system.vpi";
:vpi_module "D:\DAILYA~1\iverilog\lib\ivl\vhdl_sys.vpi";
:vpi_module "D:\DAILYA~1\iverilog\lib\ivl\vhdl_textio.vpi";
:vpi_module "D:\DAILYA~1\iverilog\lib\ivl\v2005_math.vpi";
:vpi_module "D:\DAILYA~1\iverilog\lib\ivl\va_math.vpi";
S_00000140f0b72620 .scope module, "i2c_ctrl" "i2c_ctrl" 2 1;
 .timescale 0 0;
    .port_info 0 /INPUT 1 "sys_clk";
    .port_info 1 /INPUT 1 "sys_rst_n";
    .port_info 2 /INPUT 1 "wr_en";
    .port_info 3 /INPUT 1 "rd_en";
    .port_info 4 /INPUT 1 "i2c_start";
    .port_info 5 /INPUT 1 "addr_num";
    .port_info 6 /INPUT 16 "byte_addr";
    .port_info 7 /INPUT 8 "i2c_write_data";
    .port_info 8 /OUTPUT 1 "i2c_clk";
    .port_info 9 /OUTPUT 1 "i2c_end";
    .port_info 10 /OUTPUT 8 "i2c_read_data";
    .port_info 11 /OUTPUT 1 "i2c_scl";
    .port_info 12 /INOUT 1 "i2c_sda";
P_00000140f0bec9a0 .param/l "ACK_1" 0 2 38, C4<0011>;
P_00000140f0bec9d8 .param/l "ACK_2" 0 2 40, C4<0101>;
P_00000140f0beca10 .param/l "ACK_3" 0 2 42, C4<0111>;
P_00000140f0beca48 .param/l "ACK_4" 0 2 44, C4<1001>;
P_00000140f0beca80 .param/l "ACK_5" 0 2 47, C4<1100>;
P_00000140f0becab8 .param/l "CNT_CLK_MAX" 0 2 31, C4<00000000000000000000011001>;
P_00000140f0becaf0 .param/l "CNT_START_MAX" 0 2 33, C4<01100100>;
P_00000140f0becb28 .param/l "DEVICE_ADDR" 0 2 2, C4<1010000>;
P_00000140f0becb60 .param/l "IDLE" 0 2 35, C4<0000>;
P_00000140f0becb98 .param/l "N_ACK" 0 2 49, C4<1110>;
P_00000140f0becbd0 .param/l "READ_DATA" 0 2 48, C4<1101>;
P_00000140f0becc08 .param/l "SCL_FREQ" 0 2 4, C4<111101000010010000>;
P_00000140f0becc40 .param/l "SEND_B_ADDR_H" 0 2 39, C4<0100>;
P_00000140f0becc78 .param/l "SEND_B_ADDR_L" 0 2 41, C4<0110>;
P_00000140f0beccb0 .param/l "SEND_DEVICE_ADDR" 0 2 37, C4<0010>;
P_00000140f0becce8 .param/l "SEND_RD_ADDR" 0 2 46, C4<1011>;
P_00000140f0becd20 .param/l "START_1" 0 2 36, C4<0001>;
P_00000140f0becd58 .param/l "START_2" 0 2 45, C4<1010>;
P_00000140f0becd90 .param/l "STOP" 0 2 50, C4<1111>;
P_00000140f0becdc8 .param/l "SYS_CLK_FREQ" 0 2 3, C4<10111110101111000010000000>;
P_00000140f0bece00 .param/l "WR_DATA" 0 2 43, C4<1000>;
L_00000140f0ae9f60 .functor OR 1, L_00000140f0c42f70, L_00000140f0c43b50, C4<0>, C4<0>;
L_00000140f0aea040 .functor OR 1, L_00000140f0ae9f60, L_00000140f0c43e70, C4<0>, C4<0>;
L_00000140f0aea580 .functor OR 1, L_00000140f0aea040, L_00000140f0c42570, C4<0>, C4<0>;
L_00000140f0aea900 .functor OR 1, L_00000140f0aea580, L_00000140f0c43f10, C4<0>, C4<0>;
L_00000140f0aea2e0 .functor OR 1, L_00000140f0aea900, L_00000140f0c421b0, C4<0>, C4<0>;
L_00000140f0fa02c8 .functor BUFT 1, C4<1>, C4<0>, C4<0>, C4<0>;
L_00000140f0aeac10 .functor XNOR 1, L_00000140f0c426b0, L_00000140f0fa02c8, C4<0>, C4<0>;
L_00000140f0aea510 .functor BUFZ 1, L_00000140f0c427f0, C4<0>, C4<0>, C4<0>;
L_00000140f0fa0088 .functor BUFT 1, C4<1101>, C4<0>, C4<0>, C4<0>;
v00000140f0b9f080_0 .net/2u *"_ivl_0", 3 0, L_00000140f0fa0088;  1 drivers
L_00000140f0fa0118 .functor BUFT 1, C4<0101>, C4<0>, C4<0>, C4<0>;
v00000140f0b9e720_0 .net/2u *"_ivl_10", 3 0, L_00000140f0fa0118;  1 drivers
v00000140f0b9efe0_0 .net *"_ivl_12", 0 0, L_00000140f0c43e70;  1 drivers
v00000140f0b9e220_0 .net *"_ivl_15", 0 0, L_00000140f0aea040;  1 drivers
L_00000140f0fa0160 .functor BUFT 1, C4<0111>, C4<0>, C4<0>, C4<0>;
v00000140f0b9e2c0_0 .net/2u *"_ivl_16", 3 0, L_00000140f0fa0160;  1 drivers
v00000140f0b9e7c0_0 .net *"_ivl_18", 0 0, L_00000140f0c42570;  1 drivers
v00000140f0b9eb80_0 .net *"_ivl_2", 0 0, L_00000140f0c42f70;  1 drivers
v00000140f0b9e400_0 .net *"_ivl_21", 0 0, L_00000140f0aea580;  1 drivers
L_00000140f0fa01a8 .functor BUFT 1, C4<1001>, C4<0>, C4<0>, C4<0>;
v00000140f0b9e5e0_0 .net/2u *"_ivl_22", 3 0, L_00000140f0fa01a8;  1 drivers
v00000140f0b9e860_0 .net *"_ivl_24", 0 0, L_00000140f0c43f10;  1 drivers
v00000140f0b9e4a0_0 .net *"_ivl_27", 0 0, L_00000140f0aea900;  1 drivers
L_00000140f0fa01f0 .functor BUFT 1, C4<1100>, C4<0>, C4<0>, C4<0>;
v00000140f0b9e900_0 .net/2u *"_ivl_28", 3 0, L_00000140f0fa01f0;  1 drivers
v00000140f0b9e9a0_0 .net *"_ivl_30", 0 0, L_00000140f0c421b0;  1 drivers
v00000140f0b9ea40_0 .net *"_ivl_33", 0 0, L_00000140f0aea2e0;  1 drivers
L_00000140f0fa0238 .functor BUFT 1, C4<0>, C4<0>, C4<0>, C4<0>;
v00000140f0b9ecc0_0 .net/2u *"_ivl_34", 0 0, L_00000140f0fa0238;  1 drivers
L_00000140f0fa0280 .functor BUFT 1, C4<1>, C4<0>, C4<0>, C4<0>;
v00000140f0b9ed60_0 .net/2u *"_ivl_36", 0 0, L_00000140f0fa0280;  1 drivers
L_00000140f0fa00d0 .functor BUFT 1, C4<0011>, C4<0>, C4<0>, C4<0>;
v00000140f0b9ee00_0 .net/2u *"_ivl_4", 3 0, L_00000140f0fa00d0;  1 drivers
v00000140f0c42b10_0 .net/2u *"_ivl_40", 0 0, L_00000140f0fa02c8;  1 drivers
v00000140f0c43d30_0 .net *"_ivl_42", 0 0, L_00000140f0aeac10;  1 drivers
o00000140f0bed1d8 .functor BUFZ 1, C4<z>; HiZ drive
; Elide local net with no drivers, v00000140f0c438d0_0 name=_ivl_44
v00000140f0c436f0_0 .net *"_ivl_6", 0 0, L_00000140f0c43b50;  1 drivers
v00000140f0c43290_0 .net *"_ivl_9", 0 0, L_00000140f0ae9f60;  1 drivers
v00000140f0c43bf0_0 .var "ack", 0 0;
o00000140f0bed298 .functor BUFZ 1, C4<z>; HiZ drive
v00000140f0c43010_0 .net "addr_num", 0 0, o00000140f0bed298;  0 drivers
o00000140f0bed2c8 .functor BUFZ 16, C4<zzzzzzzzzzzzzzzz>; HiZ drive
v00000140f0c43970_0 .net "byte_addr", 15 0, o00000140f0bed2c8;  0 drivers
v00000140f0c43c90_0 .var "cnt_bit", 2 0;
v00000140f0c42930_0 .var "cnt_i2c_clk", 1 0;
v00000140f0c430b0_0 .var "cnt_i2c_clk_en", 0 0;
v00000140f0c42d90_0 .var "cnt_sys_clk", 7 0;
v00000140f0c43790_0 .var "i2c_clk", 0 0;
v00000140f0c42250_0 .var "i2c_end", 0 0;
v00000140f0c43830_0 .var "i2c_read_data", 7 0;
v00000140f0c43470_0 .var "i2c_scl", 0 0;
v00000140f0c43dd0_0 .net "i2c_sda", 0 0, L_00000140f0c427f0;  1 drivers
v00000140f0c43510_0 .net "i2c_sda_in", 0 0, L_00000140f0aea510;  1 drivers
v00000140f0c424d0_0 .var "i2c_sda_out", 0 0;
o00000140f0bed508 .functor BUFZ 1, C4<z>; HiZ drive
v00000140f0c42890_0 .net "i2c_start", 0 0, o00000140f0bed508;  0 drivers
o00000140f0bed538 .functor BUFZ 8, C4<zzzzzzzz>; HiZ drive
v00000140f0c43a10_0 .net "i2c_write_data", 7 0, o00000140f0bed538;  0 drivers
v00000140f0c43150_0 .var "rd_data_reg", 7 0;
o00000140f0bed598 .functor BUFZ 1, C4<z>; HiZ drive
v00000140f0c42bb0_0 .net "rd_en", 0 0, o00000140f0bed598;  0 drivers
v00000140f0c42610_0 .net "sda_en", 0 0, L_00000140f0c426b0;  1 drivers
v00000140f0c43ab0_0 .var "state", 3 0;
o00000140f0bed628 .functor BUFZ 1, C4<z>; HiZ drive
v00000140f0c42ed0_0 .net "sys_clk", 0 0, o00000140f0bed628;  0 drivers
o00000140f0bed658 .functor BUFZ 1, C4<z>; HiZ drive
v00000140f0c435b0_0 .net "sys_rst_n", 0 0, o00000140f0bed658;  0 drivers
o00000140f0bed688 .functor BUFZ 1, C4<z>; HiZ drive
v00000140f0c42750_0 .net "wr_en", 0 0, o00000140f0bed688;  0 drivers
E_00000140f0be90a0 .event anyedge, v00000140f0c43ab0_0, v00000140f0c42930_0, v00000140f0c43510_0, v00000140f0c43bf0_0;
E_00000140f0be9ca0/0 .event negedge, v00000140f0c435b0_0;
E_00000140f0be9ca0/1 .event posedge, v00000140f0c43790_0;
E_00000140f0be9ca0 .event/or E_00000140f0be9ca0/0, E_00000140f0be9ca0/1;
E_00000140f0be9920/0 .event anyedge, v00000140f0c43ab0_0, v00000140f0c42930_0, v00000140f0c43c90_0, v00000140f0c43970_0;
E_00000140f0be9920/1 .event anyedge, v00000140f0c43a10_0, v00000140f0c43510_0, v00000140f0c43150_0;
E_00000140f0be9920 .event/or E_00000140f0be9920/0, E_00000140f0be9920/1;
E_00000140f0be9c20 .event anyedge, v00000140f0c43ab0_0, v00000140f0c42930_0, v00000140f0c43c90_0;
E_00000140f0be9720/0 .event negedge, v00000140f0c435b0_0;
E_00000140f0be9720/1 .event posedge, v00000140f0c42ed0_0;
E_00000140f0be9720 .event/or E_00000140f0be9720/0, E_00000140f0be9720/1;
L_00000140f0c42f70 .cmp/eq 4, v00000140f0c43ab0_0, L_00000140f0fa0088;
L_00000140f0c43b50 .cmp/eq 4, v00000140f0c43ab0_0, L_00000140f0fa00d0;
L_00000140f0c43e70 .cmp/eq 4, v00000140f0c43ab0_0, L_00000140f0fa0118;
L_00000140f0c42570 .cmp/eq 4, v00000140f0c43ab0_0, L_00000140f0fa0160;
L_00000140f0c43f10 .cmp/eq 4, v00000140f0c43ab0_0, L_00000140f0fa01a8;
L_00000140f0c421b0 .cmp/eq 4, v00000140f0c43ab0_0, L_00000140f0fa01f0;
L_00000140f0c426b0 .functor MUXZ 1, L_00000140f0fa0280, L_00000140f0fa0238, L_00000140f0aea2e0, C4<>;
L_00000140f0c427f0 .functor MUXZ 1, o00000140f0bed1d8, v00000140f0c424d0_0, L_00000140f0aeac10, C4<>;
    .scope S_00000140f0b72620;
T_0 ;
    %wait E_00000140f0be9720;
    %load/vec4 v00000140f0c435b0_0;
    %nor/r;
    %flag_set/vec4 8;
    %jmp/0xz  T_0.0, 8;
    %pushi/vec4 0, 0, 8;
    %assign/vec4 v00000140f0c42d90_0, 0;
    %pushi/vec4 1, 0, 1;
    %assign/vec4 v00000140f0c43790_0, 0;
    %jmp T_0.1;
T_0.0 ;
    %load/vec4 v00000140f0c42d90_0;
    %pad/u 26;
    %cmpi/e 24, 0, 26;
    %jmp/0xz  T_0.2, 4;
    %pushi/vec4 0, 0, 8;
    %assign/vec4 v00000140f0c42d90_0, 0;
    %load/vec4 v00000140f0c43790_0;
    %inv;
    %assign/vec4 v00000140f0c43790_0, 0;
    %jmp T_0.3;
T_0.2 ;
    %load/vec4 v00000140f0c42d90_0;
    %addi 1, 0, 8;
    %assign/vec4 v00000140f0c42d90_0, 0;
    %load/vec4 v00000140f0c43790_0;
    %assign/vec4 v00000140f0c43790_0, 0;
T_0.3 ;
T_0.1 ;
    %jmp T_0;
    .thread T_0;
    .scope S_00000140f0b72620;
T_1 ;
    %wait E_00000140f0be9ca0;
    %load/vec4 v00000140f0c435b0_0;
    %cmpi/e 0, 0, 1;
    %jmp/0xz  T_1.0, 4;
    %pushi/vec4 0, 0, 1;
    %assign/vec4 v00000140f0c430b0_0, 0;
    %jmp T_1.1;
T_1.0 ;
    %load/vec4 v00000140f0c43ab0_0;
    %cmpi/e 15, 0, 4;
    %flag_get/vec4 4;
    %jmp/0 T_1.5, 4;
    %load/vec4 v00000140f0c43c90_0;
    %pushi/vec4 3, 0, 3;
    %cmp/e;
    %flag_get/vec4 4;
    %and;
T_1.5;
    %flag_set/vec4 9;
    %flag_get/vec4 9;
    %jmp/0 T_1.4, 9;
    %load/vec4 v00000140f0c42930_0;
    %pushi/vec4 3, 0, 2;
    %cmp/e;
    %flag_get/vec4 4;
    %and;
T_1.4;
    %flag_set/vec4 8;
    %jmp/0xz  T_1.2, 8;
    %pushi/vec4 0, 0, 1;
    %assign/vec4 v00000140f0c430b0_0, 0;
    %jmp T_1.3;
T_1.2 ;
    %load/vec4 v00000140f0c42890_0;
    %cmpi/e 1, 0, 1;
    %jmp/0xz  T_1.6, 4;
    %pushi/vec4 1, 0, 1;
    %assign/vec4 v00000140f0c430b0_0, 0;
    %jmp T_1.7;
T_1.6 ;
    %load/vec4 v00000140f0c430b0_0;
    %assign/vec4 v00000140f0c430b0_0, 0;
T_1.7 ;
T_1.3 ;
T_1.1 ;
    %jmp T_1;
    .thread T_1;
    .scope S_00000140f0b72620;
T_2 ;
    %wait E_00000140f0be9ca0;
    %load/vec4 v00000140f0c435b0_0;
    %cmpi/e 0, 0, 1;
    %jmp/0xz  T_2.0, 4;
    %pushi/vec4 0, 0, 2;
    %assign/vec4 v00000140f0c42930_0, 0;
    %jmp T_2.1;
T_2.0 ;
    %load/vec4 v00000140f0c430b0_0;
    %cmpi/e 1, 0, 1;
    %jmp/0xz  T_2.2, 4;
    %load/vec4 v00000140f0c42930_0;
    %addi 1, 0, 2;
    %assign/vec4 v00000140f0c42930_0, 0;
    %jmp T_2.3;
T_2.2 ;
    %pushi/vec4 0, 0, 2;
    %assign/vec4 v00000140f0c42930_0, 0;
T_2.3 ;
T_2.1 ;
    %jmp T_2;
    .thread T_2;
    .scope S_00000140f0b72620;
T_3 ;
    %wait E_00000140f0be9ca0;
    %load/vec4 v00000140f0c435b0_0;
    %cmpi/e 0, 0, 1;
    %jmp/0xz  T_3.0, 4;
    %pushi/vec4 0, 0, 3;
    %assign/vec4 v00000140f0c43c90_0, 0;
    %jmp T_3.1;
T_3.0 ;
    %load/vec4 v00000140f0c43ab0_0;
    %cmpi/e 0, 0, 4;
    %jmp/1 T_3.11, 4;
    %flag_mov 8, 4;
    %load/vec4 v00000140f0c43ab0_0;
    %cmpi/e 1, 0, 4;
    %flag_or 4, 8;
T_3.11;
    %jmp/1 T_3.10, 4;
    %flag_mov 8, 4;
    %load/vec4 v00000140f0c43ab0_0;
    %cmpi/e 10, 0, 4;
    %flag_or 4, 8;
T_3.10;
    %jmp/1 T_3.9, 4;
    %flag_mov 8, 4;
    %load/vec4 v00000140f0c43ab0_0;
    %cmpi/e 3, 0, 4;
    %flag_or 4, 8;
T_3.9;
    %jmp/1 T_3.8, 4;
    %flag_mov 8, 4;
    %load/vec4 v00000140f0c43ab0_0;
    %cmpi/e 5, 0, 4;
    %flag_or 4, 8;
T_3.8;
    %jmp/1 T_3.7, 4;
    %flag_mov 8, 4;
    %load/vec4 v00000140f0c43ab0_0;
    %cmpi/e 7, 0, 4;
    %flag_or 4, 8;
T_3.7;
    %jmp/1 T_3.6, 4;
    %flag_mov 8, 4;
    %load/vec4 v00000140f0c43ab0_0;
    %cmpi/e 9, 0, 4;
    %flag_or 4, 8;
T_3.6;
    %jmp/1 T_3.5, 4;
    %flag_mov 8, 4;
    %load/vec4 v00000140f0c43ab0_0;
    %cmpi/e 12, 0, 4;
    %flag_or 4, 8;
T_3.5;
    %jmp/1 T_3.4, 4;
    %flag_mov 8, 4;
    %load/vec4 v00000140f0c43ab0_0;
    %cmpi/e 14, 0, 4;
    %flag_or 4, 8;
T_3.4;
    %jmp/0xz  T_3.2, 4;
    %pushi/vec4 0, 0, 3;
    %assign/vec4 v00000140f0c43c90_0, 0;
    %jmp T_3.3;
T_3.2 ;
    %load/vec4 v00000140f0c43c90_0;
    %cmpi/e 7, 0, 3;
    %flag_get/vec4 4;
    %jmp/0 T_3.14, 4;
    %load/vec4 v00000140f0c42930_0;
    %pushi/vec4 3, 0, 2;
    %cmp/e;
    %flag_get/vec4 4;
    %and;
T_3.14;
    %flag_set/vec4 8;
    %jmp/0xz  T_3.12, 8;
    %pushi/vec4 0, 0, 3;
    %assign/vec4 v00000140f0c43c90_0, 0;
    %jmp T_3.13;
T_3.12 ;
    %load/vec4 v00000140f0c42930_0;
    %cmpi/e 3, 0, 2;
    %flag_get/vec4 4;
    %jmp/0 T_3.17, 4;
    %load/vec4 v00000140f0c43ab0_0;
    %pushi/vec4 0, 0, 4;
    %cmp/ne;
    %flag_get/vec4 4;
    %and;
T_3.17;
    %flag_set/vec4 8;
    %jmp/0xz  T_3.15, 8;
    %load/vec4 v00000140f0c43c90_0;
    %addi 1, 0, 3;
    %assign/vec4 v00000140f0c43c90_0, 0;
T_3.15 ;
T_3.13 ;
T_3.3 ;
T_3.1 ;
    %jmp T_3;
    .thread T_3;
    .scope S_00000140f0b72620;
T_4 ;
    %wait E_00000140f0be9ca0;
    %load/vec4 v00000140f0c435b0_0;
    %nor/r;
    %flag_set/vec4 8;
    %jmp/0xz  T_4.0, 8;
    %pushi/vec4 0, 0, 4;
    %assign/vec4 v00000140f0c43ab0_0, 0;
    %jmp T_4.1;
T_4.0 ;
    %load/vec4 v00000140f0c43ab0_0;
    %dup/vec4;
    %pushi/vec4 0, 0, 4;
    %cmp/u;
    %jmp/1 T_4.2, 6;
    %dup/vec4;
    %pushi/vec4 1, 0, 4;
    %cmp/u;
    %jmp/1 T_4.3, 6;
    %dup/vec4;
    %pushi/vec4 2, 0, 4;
    %cmp/u;
    %jmp/1 T_4.4, 6;
    %dup/vec4;
    %pushi/vec4 3, 0, 4;
    %cmp/u;
    %jmp/1 T_4.5, 6;
    %dup/vec4;
    %pushi/vec4 4, 0, 4;
    %cmp/u;
    %jmp/1 T_4.6, 6;
    %dup/vec4;
    %pushi/vec4 5, 0, 4;
    %cmp/u;
    %jmp/1 T_4.7, 6;
    %dup/vec4;
    %pushi/vec4 6, 0, 4;
    %cmp/u;
    %jmp/1 T_4.8, 6;
    %dup/vec4;
    %pushi/vec4 7, 0, 4;
    %cmp/u;
    %jmp/1 T_4.9, 6;
    %dup/vec4;
    %pushi/vec4 8, 0, 4;
    %cmp/u;
    %jmp/1 T_4.10, 6;
    %dup/vec4;
    %pushi/vec4 9, 0, 4;
    %cmp/u;
    %jmp/1 T_4.11, 6;
    %dup/vec4;
    %pushi/vec4 10, 0, 4;
    %cmp/u;
    %jmp/1 T_4.12, 6;
    %dup/vec4;
    %pushi/vec4 11, 0, 4;
    %cmp/u;
    %jmp/1 T_4.13, 6;
    %dup/vec4;
    %pushi/vec4 12, 0, 4;
    %cmp/u;
    %jmp/1 T_4.14, 6;
    %dup/vec4;
    %pushi/vec4 13, 0, 4;
    %cmp/u;
    %jmp/1 T_4.15, 6;
    %dup/vec4;
    %pushi/vec4 14, 0, 4;
    %cmp/u;
    %jmp/1 T_4.16, 6;
    %dup/vec4;
    %pushi/vec4 15, 0, 4;
    %cmp/u;
    %jmp/1 T_4.17, 6;
    %jmp T_4.18;
T_4.2 ;
    %load/vec4 v00000140f0c42890_0;
    %cmpi/e 1, 0, 1;
    %jmp/0xz  T_4.19, 4;
    %pushi/vec4 1, 0, 4;
    %assign/vec4 v00000140f0c43ab0_0, 0;
    %jmp T_4.20;
T_4.19 ;
    %load/vec4 v00000140f0c43ab0_0;
    %assign/vec4 v00000140f0c43ab0_0, 0;
T_4.20 ;
    %jmp T_4.18;
T_4.3 ;
    %load/vec4 v00000140f0c42930_0;
    %cmpi/e 3, 0, 2;
    %jmp/0xz  T_4.21, 4;
    %pushi/vec4 2, 0, 4;
    %assign/vec4 v00000140f0c43ab0_0, 0;
    %jmp T_4.22;
T_4.21 ;
    %load/vec4 v00000140f0c43ab0_0;
    %assign/vec4 v00000140f0c43ab0_0, 0;
T_4.22 ;
    %jmp T_4.18;
T_4.4 ;
    %load/vec4 v00000140f0c43c90_0;
    %cmpi/e 7, 0, 3;
    %flag_get/vec4 4;
    %jmp/0 T_4.25, 4;
    %load/vec4 v00000140f0c42930_0;
    %pushi/vec4 3, 0, 2;
    %cmp/e;
    %flag_get/vec4 4;
    %and;
T_4.25;
    %flag_set/vec4 8;
    %jmp/0xz  T_4.23, 8;
    %pushi/vec4 3, 0, 4;
    %assign/vec4 v00000140f0c43ab0_0, 0;
    %jmp T_4.24;
T_4.23 ;
    %load/vec4 v00000140f0c43ab0_0;
    %assign/vec4 v00000140f0c43ab0_0, 0;
T_4.24 ;
    %jmp T_4.18;
T_4.5 ;
    %load/vec4 v00000140f0c42930_0;
    %cmpi/e 3, 0, 2;
    %flag_get/vec4 4;
    %jmp/0 T_4.28, 4;
    %load/vec4 v00000140f0c43bf0_0;
    %pushi/vec4 0, 0, 1;
    %cmp/e;
    %flag_get/vec4 4;
    %and;
T_4.28;
    %flag_set/vec4 8;
    %jmp/0xz  T_4.26, 8;
    %load/vec4 v00000140f0c43010_0;
    %cmpi/e 1, 0, 1;
    %jmp/0xz  T_4.29, 4;
    %pushi/vec4 4, 0, 4;
    %assign/vec4 v00000140f0c43ab0_0, 0;
    %jmp T_4.30;
T_4.29 ;
    %pushi/vec4 6, 0, 4;
    %assign/vec4 v00000140f0c43ab0_0, 0;
T_4.30 ;
    %jmp T_4.27;
T_4.26 ;
    %load/vec4 v00000140f0c43ab0_0;
    %assign/vec4 v00000140f0c43ab0_0, 0;
T_4.27 ;
    %jmp T_4.18;
T_4.6 ;
    %load/vec4 v00000140f0c43c90_0;
    %cmpi/e 7, 0, 3;
    %flag_get/vec4 4;
    %jmp/0 T_4.33, 4;
    %load/vec4 v00000140f0c42930_0;
    %pushi/vec4 3, 0, 2;
    %cmp/e;
    %flag_get/vec4 4;
    %and;
T_4.33;
    %flag_set/vec4 8;
    %jmp/0xz  T_4.31, 8;
    %pushi/vec4 5, 0, 4;
    %assign/vec4 v00000140f0c43ab0_0, 0;
    %jmp T_4.32;
T_4.31 ;
    %load/vec4 v00000140f0c43ab0_0;
    %assign/vec4 v00000140f0c43ab0_0, 0;
T_4.32 ;
    %jmp T_4.18;
T_4.7 ;
    %load/vec4 v00000140f0c42930_0;
    %pad/u 32;
    %cmpi/e 3, 0, 32;
    %flag_get/vec4 4;
    %jmp/0 T_4.36, 4;
    %load/vec4 v00000140f0c43bf0_0;
    %pushi/vec4 0, 0, 1;
    %cmp/e;
    %flag_get/vec4 4;
    %and;
T_4.36;
    %flag_set/vec4 8;
    %jmp/0xz  T_4.34, 8;
    %pushi/vec4 6, 0, 4;
    %assign/vec4 v00000140f0c43ab0_0, 0;
    %jmp T_4.35;
T_4.34 ;
    %load/vec4 v00000140f0c43ab0_0;
    %assign/vec4 v00000140f0c43ab0_0, 0;
T_4.35 ;
    %jmp T_4.18;
T_4.8 ;
    %load/vec4 v00000140f0c43c90_0;
    %cmpi/e 7, 0, 3;
    %flag_get/vec4 4;
    %jmp/0 T_4.39, 4;
    %load/vec4 v00000140f0c42930_0;
    %pushi/vec4 3, 0, 2;
    %cmp/e;
    %flag_get/vec4 4;
    %and;
T_4.39;
    %flag_set/vec4 8;
    %jmp/0xz  T_4.37, 8;
    %pushi/vec4 7, 0, 4;
    %assign/vec4 v00000140f0c43ab0_0, 0;
    %jmp T_4.38;
T_4.37 ;
    %load/vec4 v00000140f0c43ab0_0;
    %assign/vec4 v00000140f0c43ab0_0, 0;
T_4.38 ;
    %jmp T_4.18;
T_4.9 ;
    %load/vec4 v00000140f0c42930_0;
    %pad/u 32;
    %cmpi/e 3, 0, 32;
    %flag_get/vec4 4;
    %jmp/0 T_4.42, 4;
    %load/vec4 v00000140f0c43bf0_0;
    %pushi/vec4 0, 0, 1;
    %cmp/e;
    %flag_get/vec4 4;
    %and;
T_4.42;
    %flag_set/vec4 8;
    %jmp/0xz  T_4.40, 8;
    %load/vec4 v00000140f0c42750_0;
    %cmpi/e 1, 0, 1;
    %jmp/0xz  T_4.43, 4;
    %pushi/vec4 8, 0, 4;
    %assign/vec4 v00000140f0c43ab0_0, 0;
    %jmp T_4.44;
T_4.43 ;
    %load/vec4 v00000140f0c42bb0_0;
    %cmpi/e 1, 0, 1;
    %jmp/0xz  T_4.45, 4;
    %pushi/vec4 10, 0, 4;
    %assign/vec4 v00000140f0c43ab0_0, 0;
    %jmp T_4.46;
T_4.45 ;
    %pushi/vec4 15, 0, 4;
    %assign/vec4 v00000140f0c43ab0_0, 0;
T_4.46 ;
T_4.44 ;
    %jmp T_4.41;
T_4.40 ;
    %load/vec4 v00000140f0c43ab0_0;
    %assign/vec4 v00000140f0c43ab0_0, 0;
T_4.41 ;
    %jmp T_4.18;
T_4.10 ;
    %load/vec4 v00000140f0c43c90_0;
    %cmpi/e 7, 0, 3;
    %flag_get/vec4 4;
    %jmp/0 T_4.49, 4;
    %load/vec4 v00000140f0c42930_0;
    %pushi/vec4 3, 0, 2;
    %cmp/e;
    %flag_get/vec4 4;
    %and;
T_4.49;
    %flag_set/vec4 8;
    %jmp/0xz  T_4.47, 8;
    %pushi/vec4 9, 0, 4;
    %assign/vec4 v00000140f0c43ab0_0, 0;
    %jmp T_4.48;
T_4.47 ;
    %load/vec4 v00000140f0c43ab0_0;
    %assign/vec4 v00000140f0c43ab0_0, 0;
T_4.48 ;
    %jmp T_4.18;
T_4.11 ;
    %load/vec4 v00000140f0c42930_0;
    %pad/u 32;
    %cmpi/e 3, 0, 32;
    %flag_get/vec4 4;
    %jmp/0 T_4.52, 4;
    %load/vec4 v00000140f0c43bf0_0;
    %pushi/vec4 0, 0, 1;
    %cmp/e;
    %flag_get/vec4 4;
    %and;
T_4.52;
    %flag_set/vec4 8;
    %jmp/0xz  T_4.50, 8;
    %pushi/vec4 15, 0, 4;
    %assign/vec4 v00000140f0c43ab0_0, 0;
    %jmp T_4.51;
T_4.50 ;
    %load/vec4 v00000140f0c43ab0_0;
    %assign/vec4 v00000140f0c43ab0_0, 0;
T_4.51 ;
    %jmp T_4.18;
T_4.12 ;
    %load/vec4 v00000140f0c42930_0;
    %cmpi/e 3, 0, 2;
    %jmp/0xz  T_4.53, 4;
    %pushi/vec4 11, 0, 4;
    %assign/vec4 v00000140f0c43ab0_0, 0;
    %jmp T_4.54;
T_4.53 ;
    %load/vec4 v00000140f0c43ab0_0;
    %assign/vec4 v00000140f0c43ab0_0, 0;
T_4.54 ;
    %jmp T_4.18;
T_4.13 ;
    %load/vec4 v00000140f0c43c90_0;
    %cmpi/e 7, 0, 3;
    %flag_get/vec4 4;
    %jmp/0 T_4.57, 4;
    %load/vec4 v00000140f0c42930_0;
    %pushi/vec4 3, 0, 2;
    %cmp/e;
    %flag_get/vec4 4;
    %and;
T_4.57;
    %flag_set/vec4 8;
    %jmp/0xz  T_4.55, 8;
    %pushi/vec4 12, 0, 4;
    %assign/vec4 v00000140f0c43ab0_0, 0;
    %jmp T_4.56;
T_4.55 ;
    %load/vec4 v00000140f0c43ab0_0;
    %assign/vec4 v00000140f0c43ab0_0, 0;
T_4.56 ;
    %jmp T_4.18;
T_4.14 ;
    %load/vec4 v00000140f0c42930_0;
    %cmpi/e 3, 0, 2;
    %flag_get/vec4 4;
    %jmp/0 T_4.60, 4;
    %load/vec4 v00000140f0c43bf0_0;
    %pushi/vec4 0, 0, 1;
    %cmp/e;
    %flag_get/vec4 4;
    %and;
T_4.60;
    %flag_set/vec4 8;
    %jmp/0xz  T_4.58, 8;
    %pushi/vec4 13, 0, 4;
    %assign/vec4 v00000140f0c43ab0_0, 0;
    %jmp T_4.59;
T_4.58 ;
    %load/vec4 v00000140f0c43ab0_0;
    %assign/vec4 v00000140f0c43ab0_0, 0;
T_4.59 ;
    %jmp T_4.18;
T_4.15 ;
    %load/vec4 v00000140f0c42930_0;
    %cmpi/e 3, 0, 2;
    %flag_get/vec4 4;
    %jmp/0 T_4.63, 4;
    %load/vec4 v00000140f0c43c90_0;
    %pushi/vec4 7, 0, 3;
    %cmp/e;
    %flag_get/vec4 4;
    %and;
T_4.63;
    %flag_set/vec4 8;
    %jmp/0xz  T_4.61, 8;
    %pushi/vec4 14, 0, 4;
    %assign/vec4 v00000140f0c43ab0_0, 0;
    %jmp T_4.62;
T_4.61 ;
    %load/vec4 v00000140f0c43ab0_0;
    %assign/vec4 v00000140f0c43ab0_0, 0;
T_4.62 ;
    %jmp T_4.18;
T_4.16 ;
    %load/vec4 v00000140f0c42930_0;
    %cmpi/e 3, 0, 2;
    %jmp/0xz  T_4.64, 4;
    %pushi/vec4 15, 0, 4;
    %assign/vec4 v00000140f0c43ab0_0, 0;
    %jmp T_4.65;
T_4.64 ;
    %load/vec4 v00000140f0c43ab0_0;
    %assign/vec4 v00000140f0c43ab0_0, 0;
T_4.65 ;
    %jmp T_4.18;
T_4.17 ;
    %load/vec4 v00000140f0c43c90_0;
    %cmpi/e 3, 0, 3;
    %flag_get/vec4 4;
    %jmp/0 T_4.68, 4;
    %load/vec4 v00000140f0c42930_0;
    %pushi/vec4 3, 0, 2;
    %cmp/e;
    %flag_get/vec4 4;
    %and;
T_4.68;
    %flag_set/vec4 8;
    %jmp/0xz  T_4.66, 8;
    %pushi/vec4 0, 0, 4;
    %assign/vec4 v00000140f0c43ab0_0, 0;
    %jmp T_4.67;
T_4.66 ;
    %load/vec4 v00000140f0c43ab0_0;
    %assign/vec4 v00000140f0c43ab0_0, 0;
T_4.67 ;
    %jmp T_4.18;
T_4.18 ;
    %pop/vec4 1;
T_4.1 ;
    %jmp T_4;
    .thread T_4;
    .scope S_00000140f0b72620;
T_5 ;
    %wait E_00000140f0be9c20;
    %load/vec4 v00000140f0c43ab0_0;
    %dup/vec4;
    %pushi/vec4 0, 0, 4;
    %cmp/u;
    %jmp/1 T_5.0, 6;
    %dup/vec4;
    %pushi/vec4 1, 0, 4;
    %cmp/u;
    %jmp/1 T_5.1, 6;
    %dup/vec4;
    %pushi/vec4 10, 0, 4;
    %cmp/u;
    %jmp/1 T_5.2, 6;
    %dup/vec4;
    %pushi/vec4 2, 0, 4;
    %cmp/u;
    %jmp/1 T_5.3, 6;
    %dup/vec4;
    %pushi/vec4 3, 0, 4;
    %cmp/u;
    %jmp/1 T_5.4, 6;
    %dup/vec4;
    %pushi/vec4 4, 0, 4;
    %cmp/u;
    %jmp/1 T_5.5, 6;
    %dup/vec4;
    %pushi/vec4 5, 0, 4;
    %cmp/u;
    %jmp/1 T_5.6, 6;
    %dup/vec4;
    %pushi/vec4 6, 0, 4;
    %cmp/u;
    %jmp/1 T_5.7, 6;
    %dup/vec4;
    %pushi/vec4 7, 0, 4;
    %cmp/u;
    %jmp/1 T_5.8, 6;
    %dup/vec4;
    %pushi/vec4 8, 0, 4;
    %cmp/u;
    %jmp/1 T_5.9, 6;
    %dup/vec4;
    %pushi/vec4 9, 0, 4;
    %cmp/u;
    %jmp/1 T_5.10, 6;
    %dup/vec4;
    %pushi/vec4 11, 0, 4;
    %cmp/u;
    %jmp/1 T_5.11, 6;
    %dup/vec4;
    %pushi/vec4 12, 0, 4;
    %cmp/u;
    %jmp/1 T_5.12, 6;
    %dup/vec4;
    %pushi/vec4 13, 0, 4;
    %cmp/u;
    %jmp/1 T_5.13, 6;
    %dup/vec4;
    %pushi/vec4 14, 0, 4;
    %cmp/u;
    %jmp/1 T_5.14, 6;
    %dup/vec4;
    %pushi/vec4 15, 0, 4;
    %cmp/u;
    %jmp/1 T_5.15, 6;
    %pushi/vec4 1, 0, 1;
    %assign/vec4 v00000140f0c43470_0, 0;
    %jmp T_5.17;
T_5.0 ;
    %pushi/vec4 1, 0, 1;
    %assign/vec4 v00000140f0c43470_0, 0;
    %jmp T_5.17;
T_5.1 ;
    %load/vec4 v00000140f0c42930_0;
    %cmpi/e 3, 0, 2;
    %jmp/0xz  T_5.18, 4;
    %pushi/vec4 0, 0, 1;
    %assign/vec4 v00000140f0c43470_0, 0;
    %jmp T_5.19;
T_5.18 ;
    %pushi/vec4 1, 0, 1;
    %assign/vec4 v00000140f0c43470_0, 0;
T_5.19 ;
    %jmp T_5.17;
T_5.2 ;
    %load/vec4 v00000140f0c42930_0;
    %cmpi/e 3, 0, 2;
    %jmp/0xz  T_5.20, 4;
    %pushi/vec4 0, 0, 1;
    %assign/vec4 v00000140f0c43470_0, 0;
    %jmp T_5.21;
T_5.20 ;
    %pushi/vec4 1, 0, 1;
    %assign/vec4 v00000140f0c43470_0, 0;
T_5.21 ;
    %jmp T_5.17;
T_5.3 ;
    %load/vec4 v00000140f0c42930_0;
    %cmpi/e 1, 0, 2;
    %jmp/1 T_5.24, 4;
    %flag_mov 8, 4;
    %load/vec4 v00000140f0c42930_0;
    %cmpi/e 2, 0, 2;
    %flag_or 4, 8;
T_5.24;
    %jmp/0xz  T_5.22, 4;
    %pushi/vec4 1, 0, 1;
    %assign/vec4 v00000140f0c43470_0, 0;
    %jmp T_5.23;
T_5.22 ;
    %pushi/vec4 0, 0, 1;
    %assign/vec4 v00000140f0c43470_0, 0;
T_5.23 ;
    %jmp T_5.17;
T_5.4 ;
    %load/vec4 v00000140f0c42930_0;
    %cmpi/e 1, 0, 2;
    %jmp/1 T_5.27, 4;
    %flag_mov 8, 4;
    %load/vec4 v00000140f0c42930_0;
    %cmpi/e 2, 0, 2;
    %flag_or 4, 8;
T_5.27;
    %jmp/0xz  T_5.25, 4;
    %pushi/vec4 1, 0, 1;
    %assign/vec4 v00000140f0c43470_0, 0;
    %jmp T_5.26;
T_5.25 ;
    %pushi/vec4 0, 0, 1;
    %assign/vec4 v00000140f0c43470_0, 0;
T_5.26 ;
    %jmp T_5.17;
T_5.5 ;
    %load/vec4 v00000140f0c42930_0;
    %cmpi/e 1, 0, 2;
    %jmp/1 T_5.30, 4;
    %flag_mov 8, 4;
    %load/vec4 v00000140f0c42930_0;
    %cmpi/e 2, 0, 2;
    %flag_or 4, 8;
T_5.30;
    %jmp/0xz  T_5.28, 4;
    %pushi/vec4 1, 0, 1;
    %assign/vec4 v00000140f0c43470_0, 0;
    %jmp T_5.29;
T_5.28 ;
    %pushi/vec4 0, 0, 1;
    %assign/vec4 v00000140f0c43470_0, 0;
T_5.29 ;
    %jmp T_5.17;
T_5.6 ;
    %load/vec4 v00000140f0c42930_0;
    %cmpi/e 1, 0, 2;
    %jmp/1 T_5.33, 4;
    %flag_mov 8, 4;
    %load/vec4 v00000140f0c42930_0;
    %cmpi/e 2, 0, 2;
    %flag_or 4, 8;
T_5.33;
    %jmp/0xz  T_5.31, 4;
    %pushi/vec4 1, 0, 1;
    %assign/vec4 v00000140f0c43470_0, 0;
    %jmp T_5.32;
T_5.31 ;
    %pushi/vec4 0, 0, 1;
    %assign/vec4 v00000140f0c43470_0, 0;
T_5.32 ;
    %jmp T_5.17;
T_5.7 ;
    %load/vec4 v00000140f0c42930_0;
    %cmpi/e 1, 0, 2;
    %jmp/1 T_5.36, 4;
    %flag_mov 8, 4;
    %load/vec4 v00000140f0c42930_0;
    %cmpi/e 2, 0, 2;
    %flag_or 4, 8;
T_5.36;
    %jmp/0xz  T_5.34, 4;
    %pushi/vec4 1, 0, 1;
    %assign/vec4 v00000140f0c43470_0, 0;
    %jmp T_5.35;
T_5.34 ;
    %pushi/vec4 0, 0, 1;
    %assign/vec4 v00000140f0c43470_0, 0;
T_5.35 ;
    %jmp T_5.17;
T_5.8 ;
    %load/vec4 v00000140f0c42930_0;
    %cmpi/e 1, 0, 2;
    %jmp/1 T_5.39, 4;
    %flag_mov 8, 4;
    %load/vec4 v00000140f0c42930_0;
    %cmpi/e 2, 0, 2;
    %flag_or 4, 8;
T_5.39;
    %jmp/0xz  T_5.37, 4;
    %pushi/vec4 1, 0, 1;
    %assign/vec4 v00000140f0c43470_0, 0;
    %jmp T_5.38;
T_5.37 ;
    %pushi/vec4 0, 0, 1;
    %assign/vec4 v00000140f0c43470_0, 0;
T_5.38 ;
    %jmp T_5.17;
T_5.9 ;
    %load/vec4 v00000140f0c42930_0;
    %cmpi/e 1, 0, 2;
    %jmp/1 T_5.42, 4;
    %flag_mov 8, 4;
    %load/vec4 v00000140f0c42930_0;
    %cmpi/e 2, 0, 2;
    %flag_or 4, 8;
T_5.42;
    %jmp/0xz  T_5.40, 4;
    %pushi/vec4 1, 0, 1;
    %assign/vec4 v00000140f0c43470_0, 0;
    %jmp T_5.41;
T_5.40 ;
    %pushi/vec4 0, 0, 1;
    %assign/vec4 v00000140f0c43470_0, 0;
T_5.41 ;
    %jmp T_5.17;
T_5.10 ;
    %load/vec4 v00000140f0c42930_0;
    %cmpi/e 1, 0, 2;
    %jmp/1 T_5.45, 4;
    %flag_mov 8, 4;
    %load/vec4 v00000140f0c42930_0;
    %cmpi/e 2, 0, 2;
    %flag_or 4, 8;
T_5.45;
    %jmp/0xz  T_5.43, 4;
    %pushi/vec4 1, 0, 1;
    %assign/vec4 v00000140f0c43470_0, 0;
    %jmp T_5.44;
T_5.43 ;
    %pushi/vec4 0, 0, 1;
    %assign/vec4 v00000140f0c43470_0, 0;
T_5.44 ;
    %jmp T_5.17;
T_5.11 ;
    %load/vec4 v00000140f0c42930_0;
    %cmpi/e 1, 0, 2;
    %jmp/1 T_5.48, 4;
    %flag_mov 8, 4;
    %load/vec4 v00000140f0c42930_0;
    %cmpi/e 2, 0, 2;
    %flag_or 4, 8;
T_5.48;
    %jmp/0xz  T_5.46, 4;
    %pushi/vec4 1, 0, 1;
    %assign/vec4 v00000140f0c43470_0, 0;
    %jmp T_5.47;
T_5.46 ;
    %pushi/vec4 0, 0, 1;
    %assign/vec4 v00000140f0c43470_0, 0;
T_5.47 ;
    %jmp T_5.17;
T_5.12 ;
    %load/vec4 v00000140f0c42930_0;
    %cmpi/e 1, 0, 2;
    %jmp/1 T_5.51, 4;
    %flag_mov 8, 4;
    %load/vec4 v00000140f0c42930_0;
    %cmpi/e 2, 0, 2;
    %flag_or 4, 8;
T_5.51;
    %jmp/0xz  T_5.49, 4;
    %pushi/vec4 1, 0, 1;
    %assign/vec4 v00000140f0c43470_0, 0;
    %jmp T_5.50;
T_5.49 ;
    %pushi/vec4 0, 0, 1;
    %assign/vec4 v00000140f0c43470_0, 0;
T_5.50 ;
    %jmp T_5.17;
T_5.13 ;
    %load/vec4 v00000140f0c42930_0;
    %cmpi/e 1, 0, 2;
    %jmp/1 T_5.54, 4;
    %flag_mov 8, 4;
    %load/vec4 v00000140f0c42930_0;
    %cmpi/e 2, 0, 2;
    %flag_or 4, 8;
T_5.54;
    %jmp/0xz  T_5.52, 4;
    %pushi/vec4 1, 0, 1;
    %assign/vec4 v00000140f0c43470_0, 0;
    %jmp T_5.53;
T_5.52 ;
    %pushi/vec4 0, 0, 1;
    %assign/vec4 v00000140f0c43470_0, 0;
T_5.53 ;
    %jmp T_5.17;
T_5.14 ;
    %load/vec4 v00000140f0c42930_0;
    %cmpi/e 1, 0, 2;
    %jmp/1 T_5.57, 4;
    %flag_mov 8, 4;
    %load/vec4 v00000140f0c42930_0;
    %cmpi/e 2, 0, 2;
    %flag_or 4, 8;
T_5.57;
    %jmp/0xz  T_5.55, 4;
    %pushi/vec4 1, 0, 1;
    %assign/vec4 v00000140f0c43470_0, 0;
    %jmp T_5.56;
T_5.55 ;
    %pushi/vec4 0, 0, 1;
    %assign/vec4 v00000140f0c43470_0, 0;
T_5.56 ;
    %jmp T_5.17;
T_5.15 ;
    %load/vec4 v00000140f0c43c90_0;
    %cmpi/e 0, 0, 3;
    %flag_get/vec4 4;
    %jmp/0 T_5.60, 4;
    %load/vec4 v00000140f0c42930_0;
    %pushi/vec4 0, 0, 2;
    %cmp/e;
    %flag_get/vec4 4;
    %and;
T_5.60;
    %flag_set/vec4 8;
    %jmp/0xz  T_5.58, 8;
    %pushi/vec4 0, 0, 1;
    %assign/vec4 v00000140f0c43470_0, 0;
    %jmp T_5.59;
T_5.58 ;
    %pushi/vec4 1, 0, 1;
    %assign/vec4 v00000140f0c43470_0, 0;
T_5.59 ;
    %jmp T_5.17;
T_5.17 ;
    %pop/vec4 1;
    %jmp T_5;
    .thread T_5, $push;
    .scope S_00000140f0b72620;
T_6 ;
    %wait E_00000140f0be9920;
    %load/vec4 v00000140f0c43ab0_0;
    %dup/vec4;
    %pushi/vec4 0, 0, 4;
    %cmp/u;
    %jmp/1 T_6.0, 6;
    %dup/vec4;
    %pushi/vec4 1, 0, 4;
    %cmp/u;
    %jmp/1 T_6.1, 6;
    %dup/vec4;
    %pushi/vec4 2, 0, 4;
    %cmp/u;
    %jmp/1 T_6.2, 6;
    %dup/vec4;
    %pushi/vec4 3, 0, 4;
    %cmp/u;
    %jmp/1 T_6.3, 6;
    %dup/vec4;
    %pushi/vec4 4, 0, 4;
    %cmp/u;
    %jmp/1 T_6.4, 6;
    %dup/vec4;
    %pushi/vec4 5, 0, 4;
    %cmp/u;
    %jmp/1 T_6.5, 6;
    %dup/vec4;
    %pushi/vec4 6, 0, 4;
    %cmp/u;
    %jmp/1 T_6.6, 6;
    %dup/vec4;
    %pushi/vec4 7, 0, 4;
    %cmp/u;
    %jmp/1 T_6.7, 6;
    %dup/vec4;
    %pushi/vec4 8, 0, 4;
    %cmp/u;
    %jmp/1 T_6.8, 6;
    %dup/vec4;
    %pushi/vec4 9, 0, 4;
    %cmp/u;
    %jmp/1 T_6.9, 6;
    %dup/vec4;
    %pushi/vec4 10, 0, 4;
    %cmp/u;
    %jmp/1 T_6.10, 6;
    %dup/vec4;
    %pushi/vec4 11, 0, 4;
    %cmp/u;
    %jmp/1 T_6.11, 6;
    %dup/vec4;
    %pushi/vec4 12, 0, 4;
    %cmp/u;
    %jmp/1 T_6.12, 6;
    %dup/vec4;
    %pushi/vec4 13, 0, 4;
    %cmp/u;
    %jmp/1 T_6.13, 6;
    %dup/vec4;
    %pushi/vec4 14, 0, 4;
    %cmp/u;
    %jmp/1 T_6.14, 6;
    %dup/vec4;
    %pushi/vec4 15, 0, 4;
    %cmp/u;
    %jmp/1 T_6.15, 6;
    %load/vec4 v00000140f0c43150_0;
    %assign/vec4 v00000140f0c43150_0, 0;
    %pushi/vec4 1, 0, 1;
    %assign/vec4 v00000140f0c424d0_0, 0;
    %jmp T_6.17;
T_6.0 ;
    %pushi/vec4 1, 0, 1;
    %assign/vec4 v00000140f0c424d0_0, 0;
    %jmp T_6.17;
T_6.1 ;
    %load/vec4 v00000140f0c42930_0;
    %cmpi/e 0, 0, 2;
    %jmp/0xz  T_6.18, 4;
    %pushi/vec4 1, 0, 1;
    %assign/vec4 v00000140f0c424d0_0, 0;
    %jmp T_6.19;
T_6.18 ;
    %pushi/vec4 0, 0, 1;
    %assign/vec4 v00000140f0c424d0_0, 0;
T_6.19 ;
    %jmp T_6.17;
T_6.2 ;
    %load/vec4 v00000140f0c43c90_0;
    %cmpi/u 6, 0, 3;
    %flag_or 5, 4;
    %jmp/0xz  T_6.20, 5;
    %pushi/vec4 80, 0, 7;
    %pushi/vec4 6, 0, 32;
    %load/vec4 v00000140f0c43c90_0;
    %pad/u 32;
    %sub;
    %part/u 1;
    %assign/vec4 v00000140f0c424d0_0, 0;
    %jmp T_6.21;
T_6.20 ;
    %pushi/vec4 0, 0, 1;
    %assign/vec4 v00000140f0c424d0_0, 0;
T_6.21 ;
    %jmp T_6.17;
T_6.3 ;
    %pushi/vec4 1, 0, 1;
    %assign/vec4 v00000140f0c424d0_0, 0;
    %jmp T_6.17;
T_6.4 ;
    %load/vec4 v00000140f0c43970_0;
    %pushi/vec4 15, 0, 32;
    %load/vec4 v00000140f0c43c90_0;
    %pad/u 32;
    %sub;
    %part/u 1;
    %assign/vec4 v00000140f0c424d0_0, 0;
    %jmp T_6.17;
T_6.5 ;
    %pushi/vec4 1, 0, 1;
    %assign/vec4 v00000140f0c424d0_0, 0;
    %jmp T_6.17;
T_6.6 ;
    %load/vec4 v00000140f0c43970_0;
    %pushi/vec4 7, 0, 32;
    %load/vec4 v00000140f0c43c90_0;
    %pad/u 32;
    %sub;
    %part/u 1;
    %assign/vec4 v00000140f0c424d0_0, 0;
    %jmp T_6.17;
T_6.7 ;
    %pushi/vec4 1, 0, 1;
    %assign/vec4 v00000140f0c424d0_0, 0;
    %jmp T_6.17;
T_6.8 ;
    %load/vec4 v00000140f0c43a10_0;
    %pushi/vec4 7, 0, 32;
    %load/vec4 v00000140f0c43c90_0;
    %pad/u 32;
    %sub;
    %part/u 1;
    %assign/vec4 v00000140f0c424d0_0, 0;
    %jmp T_6.17;
T_6.9 ;
    %pushi/vec4 1, 0, 1;
    %assign/vec4 v00000140f0c424d0_0, 0;
    %jmp T_6.17;
T_6.10 ;
    %load/vec4 v00000140f0c42930_0;
    %cmpi/e 0, 0, 2;
    %jmp/0xz  T_6.22, 4;
    %pushi/vec4 1, 0, 1;
    %assign/vec4 v00000140f0c424d0_0, 0;
    %jmp T_6.23;
T_6.22 ;
    %pushi/vec4 0, 0, 1;
    %assign/vec4 v00000140f0c424d0_0, 0;
T_6.23 ;
    %jmp T_6.17;
T_6.11 ;
    %load/vec4 v00000140f0c43c90_0;
    %cmpi/u 6, 0, 3;
    %flag_or 5, 4;
    %jmp/0xz  T_6.24, 5;
    %pushi/vec4 80, 0, 7;
    %pushi/vec4 6, 0, 32;
    %load/vec4 v00000140f0c43c90_0;
    %pad/u 32;
    %sub;
    %part/u 1;
    %assign/vec4 v00000140f0c424d0_0, 0;
    %jmp T_6.25;
T_6.24 ;
    %pushi/vec4 1, 0, 1;
    %assign/vec4 v00000140f0c424d0_0, 0;
T_6.25 ;
    %jmp T_6.17;
T_6.12 ;
    %pushi/vec4 1, 0, 1;
    %assign/vec4 v00000140f0c424d0_0, 0;
    %jmp T_6.17;
T_6.13 ;
    %load/vec4 v00000140f0c42930_0;
    %cmpi/e 2, 0, 2;
    %jmp/0xz  T_6.26, 4;
    %load/vec4 v00000140f0c43510_0;
    %ix/load 5, 0, 0;
    %pushi/vec4 7, 0, 32;
    %load/vec4 v00000140f0c43c90_0;
    %pad/u 32;
    %sub;
    %ix/vec4 4;
    %assign/vec4/off/d v00000140f0c43150_0, 4, 5;
    %jmp T_6.27;
T_6.26 ;
    %load/vec4 v00000140f0c43150_0;
    %assign/vec4 v00000140f0c43150_0, 0;
T_6.27 ;
    %jmp T_6.17;
T_6.14 ;
    %pushi/vec4 1, 0, 1;
    %assign/vec4 v00000140f0c424d0_0, 0;
    %jmp T_6.17;
T_6.15 ;
    %load/vec4 v00000140f0c43c90_0;
    %cmpi/e 0, 0, 3;
    %flag_get/vec4 4;
    %jmp/0 T_6.30, 4;
    %load/vec4 v00000140f0c42930_0;
    %cmpi/u 3, 0, 2;
    %flag_get/vec4 5;
    %and;
T_6.30;
    %flag_set/vec4 8;
    %jmp/0xz  T_6.28, 8;
    %pushi/vec4 0, 0, 1;
    %assign/vec4 v00000140f0c424d0_0, 0;
    %jmp T_6.29;
T_6.28 ;
    %pushi/vec4 1, 0, 1;
    %assign/vec4 v00000140f0c424d0_0, 0;
T_6.29 ;
    %jmp T_6.17;
T_6.17 ;
    %pop/vec4 1;
    %jmp T_6;
    .thread T_6, $push;
    .scope S_00000140f0b72620;
T_7 ;
    %wait E_00000140f0be9ca0;
    %load/vec4 v00000140f0c435b0_0;
    %nor/r;
    %flag_set/vec4 8;
    %jmp/0xz  T_7.0, 8;
    %pushi/vec4 0, 0, 1;
    %assign/vec4 v00000140f0c42250_0, 0;
    %jmp T_7.1;
T_7.0 ;
    %load/vec4 v00000140f0c43ab0_0;
    %cmpi/e 15, 0, 4;
    %flag_get/vec4 4;
    %jmp/0 T_7.5, 4;
    %load/vec4 v00000140f0c43c90_0;
    %pushi/vec4 3, 0, 3;
    %cmp/e;
    %flag_get/vec4 4;
    %and;
T_7.5;
    %flag_set/vec4 9;
    %flag_get/vec4 9;
    %jmp/0 T_7.4, 9;
    %load/vec4 v00000140f0c42930_0;
    %pushi/vec4 3, 0, 2;
    %cmp/e;
    %flag_get/vec4 4;
    %and;
T_7.4;
    %flag_set/vec4 8;
    %jmp/0xz  T_7.2, 8;
    %pushi/vec4 1, 0, 1;
    %assign/vec4 v00000140f0c42250_0, 0;
    %jmp T_7.3;
T_7.2 ;
    %pushi/vec4 0, 0, 1;
    %assign/vec4 v00000140f0c42250_0, 0;
T_7.3 ;
T_7.1 ;
    %jmp T_7;
    .thread T_7;
    .scope S_00000140f0b72620;
T_8 ;
    %wait E_00000140f0be90a0;
    %load/vec4 v00000140f0c43ab0_0;
    %dup/vec4;
    %pushi/vec4 0, 0, 4;
    %cmp/u;
    %jmp/1 T_8.0, 6;
    %dup/vec4;
    %pushi/vec4 1, 0, 4;
    %cmp/u;
    %jmp/1 T_8.1, 6;
    %dup/vec4;
    %pushi/vec4 2, 0, 4;
    %cmp/u;
    %jmp/1 T_8.2, 6;
    %dup/vec4;
    %pushi/vec4 4, 0, 4;
    %cmp/u;
    %jmp/1 T_8.3, 6;
    %dup/vec4;
    %pushi/vec4 6, 0, 4;
    %cmp/u;
    %jmp/1 T_8.4, 6;
    %dup/vec4;
    %pushi/vec4 8, 0, 4;
    %cmp/u;
    %jmp/1 T_8.5, 6;
    %dup/vec4;
    %pushi/vec4 10, 0, 4;
    %cmp/u;
    %jmp/1 T_8.6, 6;
    %dup/vec4;
    %pushi/vec4 11, 0, 4;
    %cmp/u;
    %jmp/1 T_8.7, 6;
    %dup/vec4;
    %pushi/vec4 13, 0, 4;
    %cmp/u;
    %jmp/1 T_8.8, 6;
    %dup/vec4;
    %pushi/vec4 14, 0, 4;
    %cmp/u;
    %jmp/1 T_8.9, 6;
    %dup/vec4;
    %pushi/vec4 3, 0, 4;
    %cmp/u;
    %jmp/1 T_8.10, 6;
    %dup/vec4;
    %pushi/vec4 5, 0, 4;
    %cmp/u;
    %jmp/1 T_8.11, 6;
    %dup/vec4;
    %pushi/vec4 7, 0, 4;
    %cmp/u;
    %jmp/1 T_8.12, 6;
    %dup/vec4;
    %pushi/vec4 9, 0, 4;
    %cmp/u;
    %jmp/1 T_8.13, 6;
    %dup/vec4;
    %pushi/vec4 12, 0, 4;
    %cmp/u;
    %jmp/1 T_8.14, 6;
    %pushi/vec4 1, 0, 1;
    %assign/vec4 v00000140f0c43bf0_0, 0;
    %jmp T_8.16;
T_8.0 ;
    %pushi/vec4 1, 0, 1;
    %assign/vec4 v00000140f0c43bf0_0, 0;
    %jmp T_8.16;
T_8.1 ;
    %pushi/vec4 1, 0, 1;
    %assign/vec4 v00000140f0c43bf0_0, 0;
    %jmp T_8.16;
T_8.2 ;
    %pushi/vec4 1, 0, 1;
    %assign/vec4 v00000140f0c43bf0_0, 0;
    %jmp T_8.16;
T_8.3 ;
    %pushi/vec4 1, 0, 1;
    %assign/vec4 v00000140f0c43bf0_0, 0;
    %jmp T_8.16;
T_8.4 ;
    %pushi/vec4 1, 0, 1;
    %assign/vec4 v00000140f0c43bf0_0, 0;
    %jmp T_8.16;
T_8.5 ;
    %pushi/vec4 1, 0, 1;
    %assign/vec4 v00000140f0c43bf0_0, 0;
    %jmp T_8.16;
T_8.6 ;
    %pushi/vec4 1, 0, 1;
    %assign/vec4 v00000140f0c43bf0_0, 0;
    %jmp T_8.16;
T_8.7 ;
    %pushi/vec4 1, 0, 1;
    %assign/vec4 v00000140f0c43bf0_0, 0;
    %jmp T_8.16;
T_8.8 ;
    %pushi/vec4 1, 0, 1;
    %assign/vec4 v00000140f0c43bf0_0, 0;
    %jmp T_8.16;
T_8.9 ;
    %pushi/vec4 1, 0, 1;
    %assign/vec4 v00000140f0c43bf0_0, 0;
    %jmp T_8.16;
T_8.10 ;
    %load/vec4 v00000140f0c42930_0;
    %cmpi/e 0, 0, 2;
    %jmp/0xz  T_8.17, 4;
    %load/vec4 v00000140f0c43510_0;
    %assign/vec4 v00000140f0c43bf0_0, 0;
    %jmp T_8.18;
T_8.17 ;
    %load/vec4 v00000140f0c43bf0_0;
    %assign/vec4 v00000140f0c43bf0_0, 0;
T_8.18 ;
    %jmp T_8.16;
T_8.11 ;
    %load/vec4 v00000140f0c42930_0;
    %cmpi/e 0, 0, 2;
    %jmp/0xz  T_8.19, 4;
    %load/vec4 v00000140f0c43510_0;
    %assign/vec4 v00000140f0c43bf0_0, 0;
    %jmp T_8.20;
T_8.19 ;
    %load/vec4 v00000140f0c43bf0_0;
    %assign/vec4 v00000140f0c43bf0_0, 0;
T_8.20 ;
    %jmp T_8.16;
T_8.12 ;
    %load/vec4 v00000140f0c42930_0;
    %cmpi/e 0, 0, 2;
    %jmp/0xz  T_8.21, 4;
    %load/vec4 v00000140f0c43510_0;
    %assign/vec4 v00000140f0c43bf0_0, 0;
    %jmp T_8.22;
T_8.21 ;
    %load/vec4 v00000140f0c43bf0_0;
    %assign/vec4 v00000140f0c43bf0_0, 0;
T_8.22 ;
    %jmp T_8.16;
T_8.13 ;
    %load/vec4 v00000140f0c42930_0;
    %cmpi/e 0, 0, 2;
    %jmp/0xz  T_8.23, 4;
    %load/vec4 v00000140f0c43510_0;
    %assign/vec4 v00000140f0c43bf0_0, 0;
    %jmp T_8.24;
T_8.23 ;
    %load/vec4 v00000140f0c43bf0_0;
    %assign/vec4 v00000140f0c43bf0_0, 0;
T_8.24 ;
    %jmp T_8.16;
T_8.14 ;
    %load/vec4 v00000140f0c42930_0;
    %cmpi/e 0, 0, 2;
    %jmp/0xz  T_8.25, 4;
    %load/vec4 v00000140f0c43510_0;
    %assign/vec4 v00000140f0c43bf0_0, 0;
    %jmp T_8.26;
T_8.25 ;
    %load/vec4 v00000140f0c43bf0_0;
    %assign/vec4 v00000140f0c43bf0_0, 0;
T_8.26 ;
    %jmp T_8.16;
T_8.16 ;
    %pop/vec4 1;
    %jmp T_8;
    .thread T_8, $push;
# The file index is used to find the file name in the following table.
:file_names 3;
    "N/A";
    "<interactive>";
    "i2c_ctrl.v";
